#
# There is insufficient memory for the Java Runtime Environment to continue.
# Native memory allocation (malloc) failed to allocate 32744 bytes for Chunk::new
# Possible reasons:
#   The system is out of physical RAM or swap space
#   The process is running with CompressedOops enabled, and the Java Heap may be blocking the growth of the native heap
# Possible solutions:
#   Reduce memory load on the system
#   Increase physical memory or swap space
#   Check if swap backing store is full
#   Decrease Java heap size (-Xmx/-Xms)
#   Decrease number of Java threads
#   Decrease Java thread stack sizes (-Xss)
#   Set larger code cache with -XX:ReservedCodeCacheSize=
#   JVM is running with Unscaled Compressed Oops mode in which the Java heap is
#     placed in the first 4GB address space. The Java Heap base address is the
#     maximum limit for the native heap growth. Please use -XX:HeapBaseMinAddress
#     to set the Java Heap base and to place the Java Heap above 4GB virtual address.
# This output file may be truncated or incomplete.
#
#  Out of Memory Error (arena.cpp:184), pid=21732, tid=25404
#
# JRE version: Java(TM) SE Runtime Environment (20.0.2+9) (build 20.0.2+9-78)
# Java VM: Java HotSpot(TM) 64-Bit Server VM (20.0.2+9-78, mixed mode, sharing, tiered, compressed oops, compressed class ptrs, g1 gc, windows-amd64)
# No core dump will be written. Minidumps are not enabled by default on client versions of Windows
#

---------------  S U M M A R Y ------------

Command Line: --add-opens=java.base/java.util=ALL-UNNAMED --add-opens=java.base/java.lang=ALL-UNNAMED --add-opens=java.base/java.lang.invoke=ALL-UNNAMED --add-opens=java.prefs/java.util.prefs=ALL-UNNAMED --add-opens=java.base/java.nio.charset=ALL-UNNAMED --add-opens=java.base/java.net=ALL-UNNAMED --add-opens=java.base/java.util.concurrent.atomic=ALL-UNNAMED -Xmx2048m -Dfile.encoding=UTF-8 -Duser.country=US -Duser.language=en -Duser.variant org.gradle.launcher.daemon.bootstrap.GradleDaemon 8.0

Host: AMD Ryzen 7 4800H with Radeon Graphics         , 16 cores, 15G,  Windows 11 , 64 bit Build 22621 (10.0.22621.2428)
Time: Mon Nov  6 17:05:44 2023 SE Asia Standard Time elapsed time: 28.062757 seconds (0d 0h 0m 28s)

---------------  T H R E A D  ---------------

Current thread (0x0000012d80f932e0):  JavaThread "C2 CompilerThread2" daemon [_thread_in_native, id=25404, stack(0x0000002ca0d00000,0x0000002ca0e00000)]


Current CompileTask:
C2:  28062 19442       4       java.lang.invoke.MethodHandleImpl::makePairwiseConvertByEditor (617 bytes)

Stack: [0x0000002ca0d00000,0x0000002ca0e00000]
Native frames: (J=compiled Java code, j=interpreted, Vv=VM code, C=native code)
V  [jvm.dll+0x6bc25a]
V  [jvm.dll+0x84971a]
V  [jvm.dll+0x84b315]
V  [jvm.dll+0x84ba13]
V  [jvm.dll+0x280e4f]
V  [jvm.dll+0xc2ab1]
V  [jvm.dll+0xc2dd5]
V  [jvm.dll+0x6988e0]
V  [jvm.dll+0x69841e]
V  [jvm.dll+0x654b80]
V  [jvm.dll+0x39efa5]
V  [jvm.dll+0x39f44a]
V  [jvm.dll+0x1d146f]
V  [jvm.dll+0x2f534c]
V  [jvm.dll+0x6d4522]
V  [jvm.dll+0x6cc5a6]
V  [jvm.dll+0x6cbbf1]
V  [jvm.dll+0x6c9de4]
V  [jvm.dll+0x1d196c]
V  [jvm.dll+0x2f534c]
V  [jvm.dll+0x6d4522]
V  [jvm.dll+0x6cc5a6]
V  [jvm.dll+0x6cbbf1]
V  [jvm.dll+0x6c9de4]
V  [jvm.dll+0x1d196c]
V  [jvm.dll+0x24a4d3]
V  [jvm.dll+0x1ce761]
V  [jvm.dll+0x25a0eb]
V  [jvm.dll+0x2587c0]
V  [jvm.dll+0x3f2dd5]
V  [jvm.dll+0x7f5c76]
V  [jvm.dll+0x6baecb]
C  [ucrtbase.dll+0x29363]
C  [KERNEL32.DLL+0x1257d]
C  [ntdll.dll+0x5aa78]


---------------  P R O C E S S  ---------------

Threads class SMR info:
_java_thread_list=0x0000012d818297c0, length=50, elements={
0x0000012d89acb370, 0x0000012da7021d40, 0x0000012da7022b40, 0x0000012da70299b0,
0x0000012da702d5b0, 0x0000012da702e360, 0x0000012de8482bc0, 0x0000012de8486d50,
0x0000012de84992a0, 0x0000012de84850f0, 0x0000012de8483110, 0x0000012de8484100,
0x0000012de8482670, 0x0000012de8484ba0, 0x0000012ded9cfe20, 0x0000012ded9d2350,
0x0000012ded9d28a0, 0x0000012ded9d3340, 0x0000012ded9cde40, 0x0000012ded9cb910,
0x0000012ded9ce8e0, 0x0000012ded9cf8d0, 0x0000012ded9d1e00, 0x0000012ded9d08c0,
0x0000012ded9cd8f0, 0x0000012df0cce580, 0x0000012df0cd1550, 0x0000012df0ccab10,
0x0000012df0ccd040, 0x0000012df1308b00, 0x0000012df1309af0, 0x0000012df1309050,
0x0000012df130c020, 0x0000012df130dab0, 0x0000012df130cac0, 0x0000012df130f540,
0x0000012df13095a0, 0x0000012df130d010, 0x0000012df130e000, 0x0000012df130eaa0,
0x0000012df130a590, 0x0000012d8053aaf0, 0x0000012d816556f0, 0x0000012d81656190,
0x0000012d81657180, 0x0000012d81657c20, 0x0000012d8165a6a0, 0x0000012d80f95440,
0x0000012d80f932e0, 0x0000012d80f93e00
}

Java Threads: ( => current thread )
  0x0000012d89acb370 JavaThread "main" [_thread_blocked, id=25432, stack(0x0000002c9ec00000,0x0000002c9ed00000)]
  0x0000012da7021d40 JavaThread "Reference Handler" daemon [_thread_blocked, id=22924, stack(0x0000002c9f300000,0x0000002c9f400000)]
  0x0000012da7022b40 JavaThread "Finalizer" daemon [_thread_blocked, id=18484, stack(0x0000002c9f400000,0x0000002c9f500000)]
  0x0000012da70299b0 JavaThread "Signal Dispatcher" daemon [_thread_blocked, id=24836, stack(0x0000002c9f500000,0x0000002c9f600000)]
  0x0000012da702d5b0 JavaThread "Attach Listener" daemon [_thread_blocked, id=13604, stack(0x0000002c9f600000,0x0000002c9f700000)]
  0x0000012da702e360 JavaThread "Service Thread" daemon [_thread_blocked, id=3832, stack(0x0000002c9f700000,0x0000002c9f800000)]
  0x0000012de8482bc0 JavaThread "Monitor Deflation Thread" daemon [_thread_blocked, id=20148, stack(0x0000002c9f800000,0x0000002c9f900000)]
  0x0000012de8486d50 JavaThread "C2 CompilerThread0" daemon [_thread_blocked, id=17040, stack(0x0000002c9f900000,0x0000002c9fa00000)]
  0x0000012de84992a0 JavaThread "C1 CompilerThread0" daemon [_thread_blocked, id=1868, stack(0x0000002c9fa00000,0x0000002c9fb00000)]
  0x0000012de84850f0 JavaThread "Common-Cleaner" daemon [_thread_blocked, id=16684, stack(0x0000002c9fc00000,0x0000002c9fd00000)]
  0x0000012de8483110 JavaThread "Notification Thread" daemon [_thread_blocked, id=3764, stack(0x0000002c9fd00000,0x0000002c9fe00000)]
  0x0000012de8484100 JavaThread "Daemon health stats" [_thread_blocked, id=8116, stack(0x0000002c9ff00000,0x0000002ca0000000)]
  0x0000012de8482670 JavaThread "Incoming local TCP Connector on port 32161" [_thread_in_native, id=15508, stack(0x0000002ca0600000,0x0000002ca0700000)]
  0x0000012de8484ba0 JavaThread "Daemon periodic checks" [_thread_blocked, id=4548, stack(0x0000002ca0700000,0x0000002ca0800000)]
  0x0000012ded9cfe20 JavaThread "Daemon" [_thread_blocked, id=3612, stack(0x0000002ca0800000,0x0000002ca0900000)]
  0x0000012ded9d2350 JavaThread "Daemon worker" [_thread_in_vm, id=7244, stack(0x0000002ca0b00000,0x0000002ca0c00000)]
  0x0000012ded9d28a0 JavaThread "Cache worker for journal cache (C:\Users\ASUS\.gradle\caches\journal-1)" [_thread_blocked, id=25280, stack(0x0000002ca0f00000,0x0000002ca1000000)]
  0x0000012ded9d3340 JavaThread "File lock request listener" [_thread_in_native, id=4336, stack(0x0000002ca1000000,0x0000002ca1100000)]
  0x0000012ded9cde40 JavaThread "Cache worker for file hash cache (C:\Users\ASUS\.gradle\caches\8.0\fileHashes)" [_thread_blocked, id=24860, stack(0x0000002ca1200000,0x0000002ca1300000)]
  0x0000012ded9cb910 JavaThread "File watcher server" daemon [_thread_in_native, id=9336, stack(0x0000002ca1500000,0x0000002ca1600000)]
  0x0000012ded9ce8e0 JavaThread "File watcher consumer" daemon [_thread_blocked, id=184, stack(0x0000002ca1600000,0x0000002ca1700000)]
  0x0000012ded9cf8d0 JavaThread "Cache worker for file content cache (C:\Users\ASUS\.gradle\caches\8.0\fileContent)" [_thread_blocked, id=10712, stack(0x0000002ca2300000,0x0000002ca2400000)]
  0x0000012ded9d1e00 JavaThread "Cache worker for execution history cache (C:\Users\ASUS\.gradle\caches\8.0\executionHistory)" [_thread_blocked, id=12892, stack(0x0000002ca2600000,0x0000002ca2700000)]
  0x0000012ded9d08c0 JavaThread "jar transforms" [_thread_blocked, id=2604, stack(0x0000002ca2700000,0x0000002ca2800000)]
  0x0000012ded9cd8f0 JavaThread "jar transforms Thread 2" [_thread_blocked, id=1616, stack(0x0000002ca2800000,0x0000002ca2900000)]
  0x0000012df0cce580 JavaThread "Cache worker for kotlin-dsl (C:\Users\ASUS\.gradle\caches\8.0\kotlin-dsl)" [_thread_blocked, id=6604, stack(0x0000002ca2a00000,0x0000002ca2b00000)]
  0x0000012df0cd1550 JavaThread "jar transforms Thread 3" [_thread_blocked, id=26104, stack(0x0000002ca1100000,0x0000002ca1200000)]
  0x0000012df0ccab10 JavaThread "jar transforms Thread 4" [_thread_blocked, id=24980, stack(0x0000002ca2c00000,0x0000002ca2d00000)]
  0x0000012df0ccd040 JavaThread "jar transforms Thread 5" [_thread_blocked, id=21856, stack(0x0000002ca2f00000,0x0000002ca3000000)]
  0x0000012df1308b00 JavaThread "jar transforms Thread 6" [_thread_blocked, id=21588, stack(0x0000002caab00000,0x0000002caac00000)]
  0x0000012df1309af0 JavaThread "jar transforms Thread 7" [_thread_blocked, id=20188, stack(0x0000002caac00000,0x0000002caad00000)]
  0x0000012df1309050 JavaThread "jar transforms Thread 8" [_thread_blocked, id=13960, stack(0x0000002caad00000,0x0000002caae00000)]
  0x0000012df130c020 JavaThread "jar transforms Thread 9" [_thread_blocked, id=2928, stack(0x0000002caae00000,0x0000002caaf00000)]
  0x0000012df130dab0 JavaThread "jar transforms Thread 10" [_thread_blocked, id=8184, stack(0x0000002caaf00000,0x0000002cab000000)]
  0x0000012df130cac0 JavaThread "jar transforms Thread 11" [_thread_blocked, id=26492, stack(0x0000002cab000000,0x0000002cab100000)]
  0x0000012df130f540 JavaThread "jar transforms Thread 12" [_thread_blocked, id=25548, stack(0x0000002cab100000,0x0000002cab200000)]
  0x0000012df13095a0 JavaThread "jar transforms Thread 13" [_thread_blocked, id=21644, stack(0x0000002cab200000,0x0000002cab300000)]
  0x0000012df130d010 JavaThread "jar transforms Thread 14" [_thread_blocked, id=5884, stack(0x0000002cab300000,0x0000002cab400000)]
  0x0000012df130e000 JavaThread "jar transforms Thread 15" [_thread_blocked, id=21096, stack(0x0000002cab400000,0x0000002cab500000)]
  0x0000012df130eaa0 JavaThread "jar transforms Thread 16" [_thread_blocked, id=14052, stack(0x0000002cab500000,0x0000002cab600000)]
  0x0000012df130a590 JavaThread "Memory manager" [_thread_blocked, id=22888, stack(0x0000002cab700000,0x0000002cab800000)]
  0x0000012d8053aaf0 JavaThread "included builds" [_thread_blocked, id=25808, stack(0x0000002cab900000,0x0000002caba00000)]
  0x0000012d816556f0 JavaThread "Handler for socket connection from /127.0.0.1:32161 to /127.0.0.1:32230" [_thread_in_native, id=2000, stack(0x0000002c9fb00000,0x0000002c9fc00000)]
  0x0000012d81656190 JavaThread "Cancel handler" [_thread_blocked, id=25504, stack(0x0000002ca0000000,0x0000002ca0100000)]
  0x0000012d81657180 JavaThread "Asynchronous log dispatcher for DefaultDaemonConnection: socket connection from /127.0.0.1:32161 to /127.0.0.1:32230" [_thread_blocked, id=26460, stack(0x0000002ca0100000,0x0000002ca0200000)]
  0x0000012d81657c20 JavaThread "Stdin handler" [_thread_blocked, id=23220, stack(0x0000002ca0900000,0x0000002ca0a00000)]
  0x0000012d8165a6a0 JavaThread "Daemon client event forwarder" [_thread_blocked, id=6908, stack(0x0000002ca0a00000,0x0000002ca0b00000)]
  0x0000012d80f95440 JavaThread "C2 CompilerThread1" daemon [_thread_blocked, id=24488, stack(0x0000002ca0c00000,0x0000002ca0d00000)]
=>0x0000012d80f932e0 JavaThread "C2 CompilerThread2" daemon [_thread_in_native, id=25404, stack(0x0000002ca0d00000,0x0000002ca0e00000)]
  0x0000012d80f93e00 JavaThread "C2 CompilerThread3" daemon [_thread_blocked, id=3052, stack(0x0000002ca0e00000,0x0000002ca0f00000)]

Other Threads:
  0x0000012da7001010 VMThread "VM Thread" [stack: 0x0000002c9f200000,0x0000002c9f300000] [id=9904]
  0x0000012de8618280 WatcherThread "VM Periodic Task Thread" [stack: 0x0000002c9fe00000,0x0000002c9ff00000] [id=14940]
  0x0000012d89b2c5f0 WorkerThread "GC Thread#0" [stack: 0x0000002c9ed00000,0x0000002c9ee00000] [id=17088]
  0x0000012de86adf20 WorkerThread "GC Thread#1" [stack: 0x0000002ca0200000,0x0000002ca0300000] [id=17948]
  0x0000012de86ac300 WorkerThread "GC Thread#2" [stack: 0x0000002ca0300000,0x0000002ca0400000] [id=4492]
  0x0000012de86ac5d0 WorkerThread "GC Thread#3" [stack: 0x0000002ca0400000,0x0000002ca0500000] [id=14764]
  0x0000012de86ac8a0 WorkerThread "GC Thread#4" [stack: 0x0000002ca0500000,0x0000002ca0600000] [id=6044]
  0x0000012dee30a970 WorkerThread "GC Thread#5" [stack: 0x0000002ca1700000,0x0000002ca1800000] [id=10312]
  0x0000012dee306e60 WorkerThread "GC Thread#6" [stack: 0x0000002ca1800000,0x0000002ca1900000] [id=13420]
  0x0000012dee309e30 WorkerThread "GC Thread#7" [stack: 0x0000002ca1900000,0x0000002ca1a00000] [id=25760]
  0x0000012dee3076d0 WorkerThread "GC Thread#8" [stack: 0x0000002ca1a00000,0x0000002ca1b00000] [id=4304]
  0x0000012dee307c70 WorkerThread "GC Thread#9" [stack: 0x0000002ca1b00000,0x0000002ca1c00000] [id=24600]
  0x0000012dee308d50 WorkerThread "GC Thread#10" [stack: 0x0000002ca1c00000,0x0000002ca1d00000] [id=12296]
  0x0000012dee309020 WorkerThread "GC Thread#11" [stack: 0x0000002ca1d00000,0x0000002ca1e00000] [id=8284]
  0x0000012dee30a100 WorkerThread "GC Thread#12" [stack: 0x0000002ca1e00000,0x0000002ca1f00000] [id=2108]
  0x0000012d89b3d500 ConcurrentGCThread "G1 Main Marker" [stack: 0x0000002c9ee00000,0x0000002c9ef00000] [id=11476]
  0x0000012d89b3e0d0 WorkerThread "G1 Conc#0" [stack: 0x0000002c9ef00000,0x0000002c9f000000] [id=6596]
  0x0000012dee3092f0 WorkerThread "G1 Conc#1" [stack: 0x0000002ca1f00000,0x0000002ca2000000] [id=17152]
  0x0000012dee3095c0 WorkerThread "G1 Conc#2" [stack: 0x0000002ca2000000,0x0000002ca2100000] [id=24180]
  0x0000012da6f04250 ConcurrentGCThread "G1 Refine#0" [stack: 0x0000002c9f000000,0x0000002c9f100000] [id=18056]
  0x0000012da6f04c00 ConcurrentGCThread "G1 Service" [stack: 0x0000002c9f100000,0x0000002c9f200000] [id=14752]

Threads with active compile tasks:
C2 CompilerThread2    28111 19442       4       java.lang.invoke.MethodHandleImpl::makePairwiseConvertByEditor (617 bytes)

VM state: not at safepoint (normal execution)

VM Mutex/Monitor currently owned by a thread: None

Heap address: 0x0000000080000000, size: 2048 MB, Compressed Oops mode: 32-bit

CDS archive(s) mapped at: [0x0000012da7400000-0x0000012da8060000-0x0000012da8060000), size 12976128, SharedBaseAddress: 0x0000012da7400000, ArchiveRelocationMode: 1.
Compressed class space mapped at: 0x0000012da8400000-0x0000012de8400000, reserved size: 1073741824
Narrow klass base: 0x0000012da7400000, Narrow klass shift: 0, Narrow klass range: 0x100000000

GC Precious Log:
 CardTable entry size: 512
 Card Set container configuration: InlinePtr #cards 5 size 8 Array Of Cards #cards 12 size 40 Howl #buckets 4 coarsen threshold 1843 Howl Bitmap #cards 512 size 80 coarsen threshold 460 Card regions per heap region 1 cards per card region 2048
 CPUs: 16 total, 16 available
 Memory: 15791M
 Large Page Support: Disabled
 NUMA Support: Disabled
 Compressed Oops: Enabled (32-bit)
 Heap Region Size: 1M
 Heap Min Capacity: 8M
 Heap Initial Capacity: 248M
 Heap Max Capacity: 2G
 Pre-touch: Disabled
 Parallel Workers: 13
 Concurrent Workers: 3
 Concurrent Refinement Workers: 13
 Periodic GC: Disabled

Heap:
 garbage-first heap   total 229376K, used 210811K [0x0000000080000000, 0x0000000100000000)
  region size 1024K, 57 young (58368K), 5 survivors (5120K)
 Metaspace       used 142015K, committed 144640K, reserved 1179648K
  class space    used 18433K, committed 19776K, reserved 1048576K

Heap Regions: E=young(eden), S=young(survivor), O=old, HS=humongous(starts), HC=humongous(continues), CS=collection set, F=free, OA=open archive, CA=closed archive, TAMS=top-at-mark-start, PB=parsable bottom
|   0|0x0000000080000000, 0x0000000080100000, 0x0000000080100000|100%|HS|  |TAMS 0x0000000080000000| PB 0x0000000080000000| Complete 
|   1|0x0000000080100000, 0x0000000080200000, 0x0000000080200000|100%|HC|  |TAMS 0x0000000080100000| PB 0x0000000080100000| Complete 
|   2|0x0000000080200000, 0x0000000080300000, 0x0000000080300000|100%|HC|  |TAMS 0x0000000080200000| PB 0x0000000080200000| Complete 
|   3|0x0000000080300000, 0x0000000080400000, 0x0000000080400000|100%|HC|  |TAMS 0x0000000080300000| PB 0x0000000080300000| Complete 
|   4|0x0000000080400000, 0x0000000080500000, 0x0000000080500000|100%| O|  |TAMS 0x0000000080400000| PB 0x0000000080400000| Untracked 
|   5|0x0000000080500000, 0x0000000080600000, 0x0000000080600000|100%| O|  |TAMS 0x0000000080500000| PB 0x0000000080500000| Untracked 
|   6|0x0000000080600000, 0x0000000080700000, 0x0000000080700000|100%| O|  |TAMS 0x0000000080600000| PB 0x0000000080600000| Untracked 
|   7|0x0000000080700000, 0x0000000080800000, 0x0000000080800000|100%| O|  |TAMS 0x0000000080700000| PB 0x0000000080700000| Untracked 
|   8|0x0000000080800000, 0x0000000080900000, 0x0000000080900000|100%| O|  |TAMS 0x0000000080800000| PB 0x0000000080800000| Untracked 
|   9|0x0000000080900000, 0x0000000080a00000, 0x0000000080a00000|100%| O|  |TAMS 0x0000000080900000| PB 0x0000000080900000| Untracked 
|  10|0x0000000080a00000, 0x0000000080b00000, 0x0000000080b00000|100%| O|  |TAMS 0x0000000080a00000| PB 0x0000000080a00000| Untracked 
|  11|0x0000000080b00000, 0x0000000080c00000, 0x0000000080c00000|100%| O|  |TAMS 0x0000000080b00000| PB 0x0000000080b00000| Untracked 
|  12|0x0000000080c00000, 0x0000000080d00000, 0x0000000080d00000|100%| O|  |TAMS 0x0000000080c00000| PB 0x0000000080c00000| Untracked 
|  13|0x0000000080d00000, 0x0000000080e00000, 0x0000000080e00000|100%| O|  |TAMS 0x0000000080d00000| PB 0x0000000080d00000| Untracked 
|  14|0x0000000080e00000, 0x0000000080f00000, 0x0000000080f00000|100%| O|  |TAMS 0x0000000080e00000| PB 0x0000000080e00000| Untracked 
|  15|0x0000000080f00000, 0x0000000081000000, 0x0000000081000000|100%| O|  |TAMS 0x0000000080f00000| PB 0x0000000080f00000| Untracked 
|  16|0x0000000081000000, 0x0000000081100000, 0x0000000081100000|100%| O|  |TAMS 0x0000000081000000| PB 0x0000000081000000| Untracked 
|  17|0x0000000081100000, 0x0000000081200000, 0x0000000081200000|100%| O|  |TAMS 0x0000000081100000| PB 0x0000000081100000| Untracked 
|  18|0x0000000081200000, 0x0000000081300000, 0x0000000081300000|100%| O|  |TAMS 0x0000000081200000| PB 0x0000000081200000| Untracked 
|  19|0x0000000081300000, 0x0000000081400000, 0x0000000081400000|100%| O|  |TAMS 0x0000000081300000| PB 0x0000000081300000| Untracked 
|  20|0x0000000081400000, 0x0000000081500000, 0x0000000081500000|100%| O|  |TAMS 0x0000000081400000| PB 0x0000000081400000| Untracked 
|  21|0x0000000081500000, 0x0000000081600000, 0x0000000081600000|100%| O|  |TAMS 0x0000000081500000| PB 0x0000000081500000| Untracked 
|  22|0x0000000081600000, 0x0000000081700000, 0x0000000081700000|100%| O|  |TAMS 0x0000000081600000| PB 0x0000000081600000| Untracked 
|  23|0x0000000081700000, 0x0000000081800000, 0x0000000081800000|100%| O|  |TAMS 0x0000000081700000| PB 0x0000000081700000| Untracked 
|  24|0x0000000081800000, 0x0000000081900000, 0x0000000081900000|100%| O|  |TAMS 0x0000000081800000| PB 0x0000000081800000| Untracked 
|  25|0x0000000081900000, 0x0000000081a00000, 0x0000000081a00000|100%| O|  |TAMS 0x0000000081900000| PB 0x0000000081900000| Untracked 
|  26|0x0000000081a00000, 0x0000000081b00000, 0x0000000081b00000|100%|HS|  |TAMS 0x0000000081a00000| PB 0x0000000081a00000| Complete 
|  27|0x0000000081b00000, 0x0000000081c00000, 0x0000000081c00000|100%|HC|  |TAMS 0x0000000081b00000| PB 0x0000000081b00000| Complete 
|  28|0x0000000081c00000, 0x0000000081d00000, 0x0000000081d00000|100%|HC|  |TAMS 0x0000000081c00000| PB 0x0000000081c00000| Complete 
|  29|0x0000000081d00000, 0x0000000081e00000, 0x0000000081e00000|100%|HC|  |TAMS 0x0000000081d00000| PB 0x0000000081d00000| Complete 
|  30|0x0000000081e00000, 0x0000000081f00000, 0x0000000081f00000|100%| O|  |TAMS 0x0000000081e00000| PB 0x0000000081e00000| Untracked 
|  31|0x0000000081f00000, 0x0000000082000000, 0x0000000082000000|100%| O|  |TAMS 0x0000000081f00000| PB 0x0000000081f00000| Untracked 
|  32|0x0000000082000000, 0x0000000082100000, 0x0000000082100000|100%| O|  |TAMS 0x0000000082000000| PB 0x0000000082000000| Untracked 
|  33|0x0000000082100000, 0x0000000082200000, 0x0000000082200000|100%| O|  |TAMS 0x0000000082100000| PB 0x0000000082100000| Untracked 
|  34|0x0000000082200000, 0x0000000082300000, 0x0000000082300000|100%| O|  |TAMS 0x0000000082200000| PB 0x0000000082200000| Untracked 
|  35|0x0000000082300000, 0x0000000082400000, 0x0000000082400000|100%| O|  |TAMS 0x0000000082300000| PB 0x0000000082300000| Untracked 
|  36|0x0000000082400000, 0x0000000082500000, 0x0000000082500000|100%| O|  |TAMS 0x0000000082400000| PB 0x0000000082400000| Untracked 
|  37|0x0000000082500000, 0x0000000082600000, 0x0000000082600000|100%| O|  |TAMS 0x0000000082500000| PB 0x0000000082500000| Untracked 
|  38|0x0000000082600000, 0x0000000082700000, 0x0000000082700000|100%| O|  |TAMS 0x0000000082600000| PB 0x0000000082600000| Untracked 
|  39|0x0000000082700000, 0x0000000082800000, 0x0000000082800000|100%| O|  |TAMS 0x0000000082700000| PB 0x0000000082700000| Complete 
|  40|0x0000000082800000, 0x0000000082900000, 0x0000000082900000|100%| O|  |TAMS 0x0000000082800000| PB 0x0000000082800000| Untracked 
|  41|0x0000000082900000, 0x0000000082a00000, 0x0000000082a00000|100%| O|  |TAMS 0x0000000082900000| PB 0x0000000082900000| Untracked 
|  42|0x0000000082a00000, 0x0000000082b00000, 0x0000000082b00000|100%| O|  |TAMS 0x0000000082a00000| PB 0x0000000082a00000| Untracked 
|  43|0x0000000082b00000, 0x0000000082c00000, 0x0000000082c00000|100%| O|  |TAMS 0x0000000082b00000| PB 0x0000000082b00000| Untracked 
|  44|0x0000000082c00000, 0x0000000082d00000, 0x0000000082d00000|100%| O|  |TAMS 0x0000000082c00000| PB 0x0000000082c00000| Untracked 
|  45|0x0000000082d00000, 0x0000000082e00000, 0x0000000082e00000|100%| O|  |TAMS 0x0000000082d00000| PB 0x0000000082d00000| Untracked 
|  46|0x0000000082e00000, 0x0000000082f00000, 0x0000000082f00000|100%| O|  |TAMS 0x0000000082e00000| PB 0x0000000082e00000| Untracked 
|  47|0x0000000082f00000, 0x0000000083000000, 0x0000000083000000|100%| O|  |TAMS 0x0000000082f00000| PB 0x0000000082f00000| Untracked 
|  48|0x0000000083000000, 0x0000000083100000, 0x0000000083100000|100%| O|  |TAMS 0x0000000083000000| PB 0x0000000083000000| Untracked 
|  49|0x0000000083100000, 0x0000000083200000, 0x0000000083200000|100%| O|  |TAMS 0x0000000083100000| PB 0x0000000083100000| Untracked 
|  50|0x0000000083200000, 0x0000000083300000, 0x0000000083300000|100%| O|  |TAMS 0x0000000083200000| PB 0x0000000083200000| Untracked 
|  51|0x0000000083300000, 0x0000000083400000, 0x0000000083400000|100%| O|  |TAMS 0x0000000083300000| PB 0x0000000083300000| Untracked 
|  52|0x0000000083400000, 0x0000000083500000, 0x0000000083500000|100%| O|  |TAMS 0x0000000083400000| PB 0x0000000083400000| Untracked 
|  53|0x0000000083500000, 0x0000000083600000, 0x0000000083600000|100%| O|  |TAMS 0x0000000083500000| PB 0x0000000083500000| Untracked 
|  54|0x0000000083600000, 0x0000000083700000, 0x0000000083700000|100%| O|  |TAMS 0x0000000083600000| PB 0x0000000083600000| Untracked 
|  55|0x0000000083700000, 0x0000000083800000, 0x0000000083800000|100%| O|  |TAMS 0x0000000083700000| PB 0x0000000083700000| Untracked 
|  56|0x0000000083800000, 0x0000000083900000, 0x0000000083900000|100%| O|  |TAMS 0x0000000083800000| PB 0x0000000083800000| Untracked 
|  57|0x0000000083900000, 0x0000000083a00000, 0x0000000083a00000|100%| O|  |TAMS 0x0000000083900000| PB 0x0000000083900000| Untracked 
|  58|0x0000000083a00000, 0x0000000083b00000, 0x0000000083b00000|100%| O|  |TAMS 0x0000000083a00000| PB 0x0000000083a00000| Untracked 
|  59|0x0000000083b00000, 0x0000000083c00000, 0x0000000083c00000|100%| O|  |TAMS 0x0000000083b00000| PB 0x0000000083b00000| Untracked 
|  60|0x0000000083c00000, 0x0000000083d00000, 0x0000000083d00000|100%| O|  |TAMS 0x0000000083c00000| PB 0x0000000083c00000| Untracked 
|  61|0x0000000083d00000, 0x0000000083e00000, 0x0000000083e00000|100%| O|  |TAMS 0x0000000083d00000| PB 0x0000000083d00000| Untracked 
|  62|0x0000000083e00000, 0x0000000083f00000, 0x0000000083f00000|100%| O|  |TAMS 0x0000000083e00000| PB 0x0000000083e00000| Untracked 
|  63|0x0000000083f00000, 0x0000000084000000, 0x0000000084000000|100%| O|  |TAMS 0x0000000083f00000| PB 0x0000000083f00000| Untracked 
|  64|0x0000000084000000, 0x0000000084100000, 0x0000000084100000|100%| O|  |TAMS 0x0000000084000000| PB 0x0000000084000000| Untracked 
|  65|0x0000000084100000, 0x0000000084200000, 0x0000000084200000|100%| O|  |TAMS 0x0000000084100000| PB 0x0000000084100000| Untracked 
|  66|0x0000000084200000, 0x0000000084300000, 0x0000000084300000|100%| O|  |TAMS 0x0000000084200000| PB 0x0000000084200000| Untracked 
|  67|0x0000000084300000, 0x0000000084400000, 0x0000000084400000|100%| O|  |TAMS 0x0000000084300000| PB 0x0000000084300000| Untracked 
|  68|0x0000000084400000, 0x0000000084500000, 0x0000000084500000|100%| O|  |TAMS 0x0000000084400000| PB 0x0000000084400000| Untracked 
|  69|0x0000000084500000, 0x0000000084600000, 0x0000000084600000|100%| O|  |TAMS 0x0000000084500000| PB 0x0000000084500000| Untracked 
|  70|0x0000000084600000, 0x0000000084700000, 0x0000000084700000|100%| O|  |TAMS 0x0000000084600000| PB 0x0000000084600000| Untracked 
|  71|0x0000000084700000, 0x0000000084800000, 0x0000000084800000|100%| O|  |TAMS 0x0000000084700000| PB 0x0000000084700000| Untracked 
|  72|0x0000000084800000, 0x0000000084900000, 0x0000000084900000|100%| O|  |TAMS 0x0000000084800000| PB 0x0000000084800000| Untracked 
|  73|0x0000000084900000, 0x0000000084a00000, 0x0000000084a00000|100%| O|  |TAMS 0x0000000084900000| PB 0x0000000084900000| Untracked 
|  74|0x0000000084a00000, 0x0000000084b00000, 0x0000000084b00000|100%| O|  |TAMS 0x0000000084a00000| PB 0x0000000084a00000| Untracked 
|  75|0x0000000084b00000, 0x0000000084c00000, 0x0000000084c00000|100%|HS|  |TAMS 0x0000000084b00000| PB 0x0000000084b00000| Complete 
|  76|0x0000000084c00000, 0x0000000084d00000, 0x0000000084d00000|100%| O|  |TAMS 0x0000000084c00000| PB 0x0000000084c00000| Untracked 
|  77|0x0000000084d00000, 0x0000000084e00000, 0x0000000084e00000|100%| O|  |TAMS 0x0000000084d00000| PB 0x0000000084d00000| Untracked 
|  78|0x0000000084e00000, 0x0000000084f00000, 0x0000000084f00000|100%| O|  |TAMS 0x0000000084e00000| PB 0x0000000084e00000| Untracked 
|  79|0x0000000084f00000, 0x0000000085000000, 0x0000000085000000|100%|HS|  |TAMS 0x0000000084f00000| PB 0x0000000084f00000| Complete 
|  80|0x0000000085000000, 0x0000000085100000, 0x0000000085100000|100%|HS|  |TAMS 0x0000000085000000| PB 0x0000000085000000| Complete 
|  81|0x0000000085100000, 0x0000000085200000, 0x0000000085200000|100%| O|  |TAMS 0x0000000085100000| PB 0x0000000085100000| Untracked 
|  82|0x0000000085200000, 0x0000000085300000, 0x0000000085300000|100%| O|  |TAMS 0x0000000085200000| PB 0x0000000085200000| Untracked 
|  83|0x0000000085300000, 0x0000000085400000, 0x0000000085400000|100%| O|  |TAMS 0x0000000085300000| PB 0x0000000085300000| Untracked 
|  84|0x0000000085400000, 0x0000000085500000, 0x0000000085500000|100%| O|  |TAMS 0x0000000085400000| PB 0x0000000085400000| Untracked 
|  85|0x0000000085500000, 0x0000000085600000, 0x0000000085600000|100%| O|  |TAMS 0x0000000085500000| PB 0x0000000085500000| Untracked 
|  86|0x0000000085600000, 0x0000000085700000, 0x0000000085700000|100%| O|  |TAMS 0x0000000085600000| PB 0x0000000085600000| Untracked 
|  87|0x0000000085700000, 0x0000000085800000, 0x0000000085800000|100%| O|  |TAMS 0x0000000085700000| PB 0x0000000085700000| Untracked 
|  88|0x0000000085800000, 0x0000000085900000, 0x0000000085900000|100%| O|  |TAMS 0x0000000085800000| PB 0x0000000085800000| Untracked 
|  89|0x0000000085900000, 0x0000000085a00000, 0x0000000085a00000|100%| O|  |TAMS 0x0000000085900000| PB 0x0000000085900000| Untracked 
|  90|0x0000000085a00000, 0x0000000085b00000, 0x0000000085b00000|100%| O|  |TAMS 0x0000000085a00000| PB 0x0000000085a00000| Untracked 
|  91|0x0000000085b00000, 0x0000000085c00000, 0x0000000085c00000|100%| O|  |TAMS 0x0000000085b00000| PB 0x0000000085b00000| Untracked 
|  92|0x0000000085c00000, 0x0000000085d00000, 0x0000000085d00000|100%| O|  |TAMS 0x0000000085c00000| PB 0x0000000085c00000| Untracked 
|  93|0x0000000085d00000, 0x0000000085e00000, 0x0000000085e00000|100%| O|  |TAMS 0x0000000085d00000| PB 0x0000000085d00000| Untracked 
|  94|0x0000000085e00000, 0x0000000085f00000, 0x0000000085f00000|100%| O|  |TAMS 0x0000000085e00000| PB 0x0000000085e00000| Untracked 
|  95|0x0000000085f00000, 0x0000000086000000, 0x0000000086000000|100%| O|  |TAMS 0x0000000085f00000| PB 0x0000000085f00000| Untracked 
|  96|0x0000000086000000, 0x0000000086100000, 0x0000000086100000|100%| O|  |TAMS 0x0000000086000000| PB 0x0000000086000000| Untracked 
|  97|0x0000000086100000, 0x0000000086200000, 0x0000000086200000|100%| O|  |TAMS 0x0000000086100000| PB 0x0000000086100000| Untracked 
|  98|0x0000000086200000, 0x0000000086300000, 0x0000000086300000|100%| O|  |TAMS 0x0000000086200000| PB 0x0000000086200000| Complete 
|  99|0x0000000086300000, 0x0000000086400000, 0x0000000086400000|100%| O|  |TAMS 0x0000000086300000| PB 0x0000000086300000| Untracked 
| 100|0x0000000086400000, 0x0000000086500000, 0x0000000086500000|100%| O|  |TAMS 0x0000000086400000| PB 0x0000000086400000| Untracked 
| 101|0x0000000086500000, 0x0000000086600000, 0x0000000086600000|100%| O|  |TAMS 0x0000000086500000| PB 0x0000000086500000| Untracked 
| 102|0x0000000086600000, 0x0000000086700000, 0x0000000086700000|100%| O|  |TAMS 0x0000000086600000| PB 0x0000000086600000| Untracked 
| 103|0x0000000086700000, 0x0000000086800000, 0x0000000086800000|100%| O|  |TAMS 0x0000000086700000| PB 0x0000000086700000| Complete 
| 104|0x0000000086800000, 0x0000000086900000, 0x0000000086900000|100%| O|  |TAMS 0x0000000086800000| PB 0x0000000086800000| Untracked 
| 105|0x0000000086900000, 0x0000000086a00000, 0x0000000086a00000|100%| O|  |TAMS 0x0000000086900000| PB 0x0000000086900000| Complete 
| 106|0x0000000086a00000, 0x0000000086b00000, 0x0000000086b00000|100%| O|  |TAMS 0x0000000086a00000| PB 0x0000000086a00000| Complete 
| 107|0x0000000086b00000, 0x0000000086c00000, 0x0000000086c00000|100%| O|  |TAMS 0x0000000086b00000| PB 0x0000000086b00000| Complete 
| 108|0x0000000086c00000, 0x0000000086d00000, 0x0000000086d00000|100%| O|  |TAMS 0x0000000086c00000| PB 0x0000000086c00000| Complete 
| 109|0x0000000086d00000, 0x0000000086e00000, 0x0000000086e00000|100%| O|  |TAMS 0x0000000086d00000| PB 0x0000000086d00000| Complete 
| 110|0x0000000086e00000, 0x0000000086f00000, 0x0000000086f00000|100%| O|  |TAMS 0x0000000086e00000| PB 0x0000000086e00000| Complete 
| 111|0x0000000086f00000, 0x0000000087000000, 0x0000000087000000|100%| O|  |TAMS 0x0000000086f00000| PB 0x0000000086f00000| Complete 
| 112|0x0000000087000000, 0x0000000087100000, 0x0000000087100000|100%| O|  |TAMS 0x0000000087000000| PB 0x0000000087000000| Untracked 
| 113|0x0000000087100000, 0x0000000087200000, 0x0000000087200000|100%| O|  |TAMS 0x0000000087100000| PB 0x0000000087100000| Untracked 
| 114|0x0000000087200000, 0x0000000087300000, 0x0000000087300000|100%| O|  |TAMS 0x0000000087200000| PB 0x0000000087200000| Untracked 
| 115|0x0000000087300000, 0x0000000087400000, 0x0000000087400000|100%| O|  |TAMS 0x0000000087300000| PB 0x0000000087300000| Untracked 
| 116|0x0000000087400000, 0x0000000087400000, 0x0000000087500000|  0%| F|  |TAMS 0x0000000087400000| PB 0x0000000087400000| Untracked 
| 117|0x0000000087500000, 0x000000008759e200, 0x0000000087600000| 61%| O|  |TAMS 0x0000000087500000| PB 0x0000000087500000| Untracked 
| 118|0x0000000087600000, 0x0000000087700000, 0x0000000087700000|100%|HS|  |TAMS 0x0000000087600000| PB 0x0000000087600000| Complete 
| 119|0x0000000087700000, 0x0000000087800000, 0x0000000087800000|100%|HC|  |TAMS 0x0000000087700000| PB 0x0000000087700000| Complete 
| 120|0x0000000087800000, 0x0000000087900000, 0x0000000087900000|100%|HS|  |TAMS 0x0000000087800000| PB 0x0000000087800000| Complete 
| 121|0x0000000087900000, 0x0000000087a00000, 0x0000000087a00000|100%|HC|  |TAMS 0x0000000087900000| PB 0x0000000087900000| Complete 
| 122|0x0000000087a00000, 0x0000000087b00000, 0x0000000087b00000|100%|HC|  |TAMS 0x0000000087a00000| PB 0x0000000087a00000| Complete 
| 123|0x0000000087b00000, 0x0000000087c00000, 0x0000000087c00000|100%|HS|  |TAMS 0x0000000087b00000| PB 0x0000000087b00000| Complete 
| 124|0x0000000087c00000, 0x0000000087d00000, 0x0000000087d00000|100%|HC|  |TAMS 0x0000000087c00000| PB 0x0000000087c00000| Complete 
| 125|0x0000000087d00000, 0x0000000087e00000, 0x0000000087e00000|100%| O|  |TAMS 0x0000000087d00000| PB 0x0000000087d00000| Untracked 
| 126|0x0000000087e00000, 0x0000000087f00000, 0x0000000087f00000|100%| O|  |TAMS 0x0000000087e00000| PB 0x0000000087e00000| Untracked 
| 127|0x0000000087f00000, 0x0000000088000000, 0x0000000088000000|100%| O|  |TAMS 0x0000000087f00000| PB 0x0000000087f00000| Untracked 
| 128|0x0000000088000000, 0x0000000088100000, 0x0000000088100000|100%| O|  |TAMS 0x0000000088000000| PB 0x0000000088000000| Untracked 
| 129|0x0000000088100000, 0x0000000088200000, 0x0000000088200000|100%|HS|  |TAMS 0x0000000088100000| PB 0x0000000088100000| Complete 
| 130|0x0000000088200000, 0x0000000088300000, 0x0000000088300000|100%|HC|  |TAMS 0x0000000088200000| PB 0x0000000088200000| Complete 
| 131|0x0000000088300000, 0x0000000088400000, 0x0000000088400000|100%|HC|  |TAMS 0x0000000088300000| PB 0x0000000088300000| Complete 
| 132|0x0000000088400000, 0x0000000088500000, 0x0000000088500000|100%|HS|  |TAMS 0x0000000088400000| PB 0x0000000088400000| Complete 
| 133|0x0000000088500000, 0x0000000088600000, 0x0000000088600000|100%|HC|  |TAMS 0x0000000088500000| PB 0x0000000088500000| Complete 
| 134|0x0000000088600000, 0x0000000088700000, 0x0000000088700000|100%|HC|  |TAMS 0x0000000088600000| PB 0x0000000088600000| Complete 
| 135|0x0000000088700000, 0x0000000088800000, 0x0000000088800000|100%|HC|  |TAMS 0x0000000088700000| PB 0x0000000088700000| Complete 
| 136|0x0000000088800000, 0x0000000088900000, 0x0000000088900000|100%|HC|  |TAMS 0x0000000088800000| PB 0x0000000088800000| Complete 
| 137|0x0000000088900000, 0x0000000088a00000, 0x0000000088a00000|100%|HC|  |TAMS 0x0000000088900000| PB 0x0000000088900000| Complete 
| 138|0x0000000088a00000, 0x0000000088b00000, 0x0000000088b00000|100%|HC|  |TAMS 0x0000000088a00000| PB 0x0000000088a00000| Complete 
| 139|0x0000000088b00000, 0x0000000088c00000, 0x0000000088c00000|100%|HC|  |TAMS 0x0000000088b00000| PB 0x0000000088b00000| Complete 
| 140|0x0000000088c00000, 0x0000000088d00000, 0x0000000088d00000|100%|HC|  |TAMS 0x0000000088c00000| PB 0x0000000088c00000| Complete 
| 141|0x0000000088d00000, 0x0000000088e00000, 0x0000000088e00000|100%|HC|  |TAMS 0x0000000088d00000| PB 0x0000000088d00000| Complete 
| 142|0x0000000088e00000, 0x0000000088f00000, 0x0000000088f00000|100%|HC|  |TAMS 0x0000000088e00000| PB 0x0000000088e00000| Complete 
| 143|0x0000000088f00000, 0x0000000089000000, 0x0000000089000000|100%|HC|  |TAMS 0x0000000088f00000| PB 0x0000000088f00000| Complete 
| 144|0x0000000089000000, 0x0000000089000000, 0x0000000089100000|  0%| F|  |TAMS 0x0000000089000000| PB 0x0000000089000000| Untracked 
| 145|0x0000000089100000, 0x0000000089100000, 0x0000000089200000|  0%| F|  |TAMS 0x0000000089100000| PB 0x0000000089100000| Untracked 
| 146|0x0000000089200000, 0x0000000089200000, 0x0000000089300000|  0%| F|  |TAMS 0x0000000089200000| PB 0x0000000089200000| Untracked 
| 147|0x0000000089300000, 0x0000000089300000, 0x0000000089400000|  0%| F|  |TAMS 0x0000000089300000| PB 0x0000000089300000| Untracked 
| 148|0x0000000089400000, 0x0000000089400000, 0x0000000089500000|  0%| F|  |TAMS 0x0000000089400000| PB 0x0000000089400000| Untracked 
| 149|0x0000000089500000, 0x0000000089500000, 0x0000000089600000|  0%| F|  |TAMS 0x0000000089500000| PB 0x0000000089500000| Untracked 
| 150|0x0000000089600000, 0x0000000089600000, 0x0000000089700000|  0%| F|  |TAMS 0x0000000089600000| PB 0x0000000089600000| Untracked 
| 151|0x0000000089700000, 0x0000000089700000, 0x0000000089800000|  0%| F|  |TAMS 0x0000000089700000| PB 0x0000000089700000| Untracked 
| 152|0x0000000089800000, 0x0000000089800000, 0x0000000089900000|  0%| F|  |TAMS 0x0000000089800000| PB 0x0000000089800000| Untracked 
| 153|0x0000000089900000, 0x0000000089900000, 0x0000000089a00000|  0%| F|  |TAMS 0x0000000089900000| PB 0x0000000089900000| Untracked 
| 154|0x0000000089a00000, 0x0000000089a00000, 0x0000000089b00000|  0%| F|  |TAMS 0x0000000089a00000| PB 0x0000000089a00000| Untracked 
| 155|0x0000000089b00000, 0x0000000089b00000, 0x0000000089c00000|  0%| F|  |TAMS 0x0000000089b00000| PB 0x0000000089b00000| Untracked 
| 156|0x0000000089c00000, 0x0000000089c40c88, 0x0000000089d00000| 25%| S|CS|TAMS 0x0000000089c00000| PB 0x0000000089c00000| Complete 
| 157|0x0000000089d00000, 0x0000000089e00000, 0x0000000089e00000|100%| S|CS|TAMS 0x0000000089d00000| PB 0x0000000089d00000| Complete 
| 158|0x0000000089e00000, 0x0000000089f00000, 0x0000000089f00000|100%| S|CS|TAMS 0x0000000089e00000| PB 0x0000000089e00000| Complete 
| 159|0x0000000089f00000, 0x000000008a000000, 0x000000008a000000|100%| S|CS|TAMS 0x0000000089f00000| PB 0x0000000089f00000| Complete 
| 160|0x000000008a000000, 0x000000008a100000, 0x000000008a100000|100%| S|CS|TAMS 0x000000008a000000| PB 0x000000008a000000| Complete 
| 161|0x000000008a100000, 0x000000008a100000, 0x000000008a200000|  0%| F|  |TAMS 0x000000008a100000| PB 0x000000008a100000| Untracked 
| 162|0x000000008a200000, 0x000000008a200000, 0x000000008a300000|  0%| F|  |TAMS 0x000000008a200000| PB 0x000000008a200000| Untracked 
| 163|0x000000008a300000, 0x000000008a400000, 0x000000008a400000|100%| E|  |TAMS 0x000000008a300000| PB 0x000000008a300000| Complete 
| 164|0x000000008a400000, 0x000000008a500000, 0x000000008a500000|100%| E|CS|TAMS 0x000000008a400000| PB 0x000000008a400000| Complete 
| 165|0x000000008a500000, 0x000000008a600000, 0x000000008a600000|100%| E|CS|TAMS 0x000000008a500000| PB 0x000000008a500000| Complete 
| 166|0x000000008a600000, 0x000000008a700000, 0x000000008a700000|100%| E|CS|TAMS 0x000000008a600000| PB 0x000000008a600000| Complete 
| 167|0x000000008a700000, 0x000000008a800000, 0x000000008a800000|100%| E|CS|TAMS 0x000000008a700000| PB 0x000000008a700000| Complete 
| 168|0x000000008a800000, 0x000000008a900000, 0x000000008a900000|100%| E|CS|TAMS 0x000000008a800000| PB 0x000000008a800000| Complete 
| 169|0x000000008a900000, 0x000000008aa00000, 0x000000008aa00000|100%| E|CS|TAMS 0x000000008a900000| PB 0x000000008a900000| Complete 
| 170|0x000000008aa00000, 0x000000008ab00000, 0x000000008ab00000|100%| E|CS|TAMS 0x000000008aa00000| PB 0x000000008aa00000| Complete 
| 171|0x000000008ab00000, 0x000000008ac00000, 0x000000008ac00000|100%| E|CS|TAMS 0x000000008ab00000| PB 0x000000008ab00000| Complete 
| 172|0x000000008ac00000, 0x000000008ad00000, 0x000000008ad00000|100%| E|CS|TAMS 0x000000008ac00000| PB 0x000000008ac00000| Complete 
| 173|0x000000008ad00000, 0x000000008ae00000, 0x000000008ae00000|100%| E|CS|TAMS 0x000000008ad00000| PB 0x000000008ad00000| Complete 
| 174|0x000000008ae00000, 0x000000008af00000, 0x000000008af00000|100%| E|CS|TAMS 0x000000008ae00000| PB 0x000000008ae00000| Complete 
| 175|0x000000008af00000, 0x000000008b000000, 0x000000008b000000|100%| E|CS|TAMS 0x000000008af00000| PB 0x000000008af00000| Complete 
| 176|0x000000008b000000, 0x000000008b100000, 0x000000008b100000|100%| E|CS|TAMS 0x000000008b000000| PB 0x000000008b000000| Complete 
| 177|0x000000008b100000, 0x000000008b200000, 0x000000008b200000|100%| E|CS|TAMS 0x000000008b100000| PB 0x000000008b100000| Complete 
| 178|0x000000008b200000, 0x000000008b300000, 0x000000008b300000|100%| E|CS|TAMS 0x000000008b200000| PB 0x000000008b200000| Complete 
| 179|0x000000008b300000, 0x000000008b400000, 0x000000008b400000|100%| E|CS|TAMS 0x000000008b300000| PB 0x000000008b300000| Complete 
| 180|0x000000008b400000, 0x000000008b500000, 0x000000008b500000|100%| E|CS|TAMS 0x000000008b400000| PB 0x000000008b400000| Complete 
| 181|0x000000008b500000, 0x000000008b600000, 0x000000008b600000|100%| E|CS|TAMS 0x000000008b500000| PB 0x000000008b500000| Complete 
| 182|0x000000008b600000, 0x000000008b700000, 0x000000008b700000|100%| E|CS|TAMS 0x000000008b600000| PB 0x000000008b600000| Complete 
| 183|0x000000008b700000, 0x000000008b800000, 0x000000008b800000|100%| E|CS|TAMS 0x000000008b700000| PB 0x000000008b700000| Complete 
| 184|0x000000008b800000, 0x000000008b900000, 0x000000008b900000|100%| E|CS|TAMS 0x000000008b800000| PB 0x000000008b800000| Complete 
| 185|0x000000008b900000, 0x000000008ba00000, 0x000000008ba00000|100%| E|CS|TAMS 0x000000008b900000| PB 0x000000008b900000| Complete 
| 186|0x000000008ba00000, 0x000000008bb00000, 0x000000008bb00000|100%| E|CS|TAMS 0x000000008ba00000| PB 0x000000008ba00000| Complete 
| 187|0x000000008bb00000, 0x000000008bc00000, 0x000000008bc00000|100%| E|CS|TAMS 0x000000008bb00000| PB 0x000000008bb00000| Complete 
| 188|0x000000008bc00000, 0x000000008bd00000, 0x000000008bd00000|100%| E|CS|TAMS 0x000000008bc00000| PB 0x000000008bc00000| Complete 
| 189|0x000000008bd00000, 0x000000008be00000, 0x000000008be00000|100%| E|CS|TAMS 0x000000008bd00000| PB 0x000000008bd00000| Complete 
| 190|0x000000008be00000, 0x000000008bf00000, 0x000000008bf00000|100%| E|CS|TAMS 0x000000008be00000| PB 0x000000008be00000| Complete 
| 191|0x000000008bf00000, 0x000000008bfffff8, 0x000000008c000000| 99%| E|  |TAMS 0x000000008bf00000| PB 0x000000008bf00000| Complete 
| 192|0x000000008c000000, 0x000000008c100000, 0x000000008c100000|100%| E|CS|TAMS 0x000000008c000000| PB 0x000000008c000000| Complete 
| 193|0x000000008c100000, 0x000000008c200000, 0x000000008c200000|100%| E|CS|TAMS 0x000000008c100000| PB 0x000000008c100000| Complete 
| 194|0x000000008c200000, 0x000000008c300000, 0x000000008c300000|100%| E|CS|TAMS 0x000000008c200000| PB 0x000000008c200000| Complete 
| 195|0x000000008c300000, 0x000000008c400000, 0x000000008c400000|100%| E|CS|TAMS 0x000000008c300000| PB 0x000000008c300000| Complete 
| 196|0x000000008c400000, 0x000000008c500000, 0x000000008c500000|100%| E|CS|TAMS 0x000000008c400000| PB 0x000000008c400000| Complete 
| 197|0x000000008c500000, 0x000000008c600000, 0x000000008c600000|100%| E|CS|TAMS 0x000000008c500000| PB 0x000000008c500000| Complete 
| 198|0x000000008c600000, 0x000000008c700000, 0x000000008c700000|100%| E|CS|TAMS 0x000000008c600000| PB 0x000000008c600000| Complete 
| 199|0x000000008c700000, 0x000000008c800000, 0x000000008c800000|100%| E|CS|TAMS 0x000000008c700000| PB 0x000000008c700000| Complete 
| 200|0x000000008c800000, 0x000000008c900000, 0x000000008c900000|100%| E|CS|TAMS 0x000000008c800000| PB 0x000000008c800000| Complete 
| 201|0x000000008c900000, 0x000000008ca00000, 0x000000008ca00000|100%| E|CS|TAMS 0x000000008c900000| PB 0x000000008c900000| Complete 
| 202|0x000000008ca00000, 0x000000008cb00000, 0x000000008cb00000|100%| E|CS|TAMS 0x000000008ca00000| PB 0x000000008ca00000| Complete 
| 203|0x000000008cb00000, 0x000000008cc00000, 0x000000008cc00000|100%| E|CS|TAMS 0x000000008cb00000| PB 0x000000008cb00000| Complete 
| 204|0x000000008cc00000, 0x000000008cd00000, 0x000000008cd00000|100%| E|CS|TAMS 0x000000008cc00000| PB 0x000000008cc00000| Complete 
| 205|0x000000008cd00000, 0x000000008ce00000, 0x000000008ce00000|100%| E|CS|TAMS 0x000000008cd00000| PB 0x000000008cd00000| Complete 
| 206|0x000000008ce00000, 0x000000008cf00000, 0x000000008cf00000|100%| E|CS|TAMS 0x000000008ce00000| PB 0x000000008ce00000| Complete 
| 207|0x000000008cf00000, 0x000000008d000000, 0x000000008d000000|100%| E|CS|TAMS 0x000000008cf00000| PB 0x000000008cf00000| Complete 
| 208|0x000000008d000000, 0x000000008d100000, 0x000000008d100000|100%| E|CS|TAMS 0x000000008d000000| PB 0x000000008d000000| Complete 
| 209|0x000000008d100000, 0x000000008d200000, 0x000000008d200000|100%| E|CS|TAMS 0x000000008d100000| PB 0x000000008d100000| Complete 
| 210|0x000000008d200000, 0x000000008d300000, 0x000000008d300000|100%| E|CS|TAMS 0x000000008d200000| PB 0x000000008d200000| Complete 
| 211|0x000000008d300000, 0x000000008d400000, 0x000000008d400000|100%| E|CS|TAMS 0x000000008d300000| PB 0x000000008d300000| Complete 
| 212|0x000000008d400000, 0x000000008d500000, 0x000000008d500000|100%| E|CS|TAMS 0x000000008d400000| PB 0x000000008d400000| Complete 
| 246|0x000000008f600000, 0x000000008f700000, 0x000000008f700000|100%| E|CS|TAMS 0x000000008f600000| PB 0x000000008f600000| Complete 
| 247|0x000000008f700000, 0x000000008f800000, 0x000000008f800000|100%| E|CS|TAMS 0x000000008f700000| PB 0x000000008f700000| Complete 
|2039|0x00000000ff700000, 0x00000000ff800000, 0x00000000ff800000|100%| O|  |TAMS 0x00000000ff700000| PB 0x00000000ff700000| Untracked 
|2040|0x00000000ff800000, 0x00000000ff900000, 0x00000000ff900000|100%| O|  |TAMS 0x00000000ff800000| PB 0x00000000ff800000| Untracked 
|2041|0x00000000ff900000, 0x00000000ffa00000, 0x00000000ffa00000|100%| O|  |TAMS 0x00000000ff900000| PB 0x00000000ff900000| Untracked 
|2042|0x00000000ffa00000, 0x00000000ffb00000, 0x00000000ffb00000|100%| O|  |TAMS 0x00000000ffa00000| PB 0x00000000ffa00000| Untracked 
|2043|0x00000000ffb00000, 0x00000000ffc00000, 0x00000000ffc00000|100%| O|  |TAMS 0x00000000ffb00000| PB 0x00000000ffb00000| Untracked 
|2044|0x00000000ffc00000, 0x00000000ffd00000, 0x00000000ffd00000|100%| O|  |TAMS 0x00000000ffc00000| PB 0x00000000ffc00000| Untracked 
|2045|0x00000000ffd00000, 0x00000000ffe00000, 0x00000000ffe00000|100%| O|  |TAMS 0x00000000ffd00000| PB 0x00000000ffd00000| Untracked 
|2046|0x00000000ffe00000, 0x00000000fff00000, 0x00000000fff00000|100%| O|  |TAMS 0x00000000ffe00000| PB 0x00000000ffe00000| Untracked 
|2047|0x00000000fff00000, 0x0000000100000000, 0x0000000100000000|100%| O|  |TAMS 0x00000000fff00000| PB 0x00000000fff00000| Untracked 

Card table byte_map: [0x0000012da1850000,0x0000012da1c50000] _byte_map_base: 0x0000012da1450000

Marking Bits: (CMBitMap*) 0x0000012d89b2cc20
 Bits: [0x0000012da2050000, 0x0000012da4050000)

Polling page: 0x0000012d87aa0000

Metaspace:

Usage:
  Non-class:    120.69 MB used.
      Class:     18.00 MB used.
       Both:    138.69 MB used.

Virtual space:
  Non-class space:      128.00 MB reserved,     121.94 MB ( 95%) committed,  2 nodes.
      Class space:        1.00 GB reserved,      19.31 MB (  2%) committed,  1 nodes.
             Both:        1.12 GB reserved,     141.25 MB ( 12%) committed. 

Chunk freelists:
   Non-Class:  1.34 MB
       Class:  673.00 KB
        Both:  2.00 MB

MaxMetaspaceSize: unlimited
CompressedClassSpaceSize: 1.00 GB
Initial GC threshold: 21.00 MB
Current GC threshold: 231.19 MB
CDS: on
MetaspaceReclaimPolicy: balanced
 - commit_granule_bytes: 65536.
 - commit_granule_words: 8192.
 - virtual_space_node_default_size: 8388608.
 - enlarge_chunks_in_place: 1.
 - new_chunks_are_fully_committed: 0.
 - uncommit_free_chunks: 1.
 - use_allocation_guard: 0.


Internal statistics:

num_allocs_failed_limit: 12.
num_arena_births: 4700.
num_arena_deaths: 0.
num_vsnodes_births: 3.
num_vsnodes_deaths: 0.
num_space_committed: 2255.
num_space_uncommitted: 0.
num_chunks_returned_to_freelist: 12.
num_chunks_taken_from_freelist: 10609.
num_chunk_merges: 12.
num_chunk_splits: 7410.
num_chunks_enlarged: 5068.
num_inconsistent_stats: 0.

CodeHeap 'non-profiled nmethods': size=119168Kb used=9417Kb max_used=9417Kb free=109750Kb
 bounds [0x0000012d99740000, 0x0000012d9a080000, 0x0000012da0ba0000]
CodeHeap 'profiled nmethods': size=119104Kb used=37561Kb max_used=37561Kb free=81542Kb
 bounds [0x0000012d91ba0000, 0x0000012d94050000, 0x0000012d98ff0000]
CodeHeap 'non-nmethods': size=7488Kb used=3135Kb max_used=4887Kb free=4352Kb
 bounds [0x0000012d98ff0000, 0x0000012d994c0000, 0x0000012d99740000]
 total_blobs=18361 nmethods=17237 adapters=1031
 compilation: enabled
              stopped_count=0, restarted_count=0
 full_count=0

Compilation events (20 events):
Event: 28.022 Thread 0x0000012de84992a0 19439   !   3       java.io.ObjectStreamClass::getPrivateMethod (56 bytes)
Event: 28.022 Thread 0x0000012de84992a0 nmethod 19439 0x0000012d94037190 code [0x0000012d940373a0, 0x0000012d94037a28]
Event: 28.023 Thread 0x0000012d80f93e00 nmethod 19435 0x0000012d9a06b910 code [0x0000012d9a06bac0, 0x0000012d9a06bef0]
Event: 28.037 Thread 0x0000012de84992a0 19440       3       java.util.zip.ZipFile$Source::initCEN (612 bytes)
Event: 28.037 Thread 0x0000012d80f932e0 19441       4       java.util.zip.ZipFile$Source::checkExtraFields (137 bytes)
Event: 28.039 Thread 0x0000012de84992a0 nmethod 19440 0x0000012d94037d10 code [0x0000012d94038200, 0x0000012d9403b110]
Event: 28.039 Thread 0x0000012d80f932e0 nmethod 19441 0x0000012d9a06c390 code [0x0000012d9a06c500, 0x0000012d9a06c708]
Event: 28.049 Thread 0x0000012d80f932e0 19442       4       java.lang.invoke.MethodHandleImpl::makePairwiseConvertByEditor (617 bytes)
Event: 28.049 Thread 0x0000012d80f93e00 19443       4       java.io.DataOutputStream::writeUTF (411 bytes)
Event: 28.053 Thread 0x0000012de84992a0 19444       3       org.gradle.internal.io.StreamByteBuffer$StreamByteBufferInputStream::readImpl (150 bytes)
Event: 28.053 Thread 0x0000012de84992a0 nmethod 19444 0x0000012d9403c210 code [0x0000012d9403c440, 0x0000012d9403cc18]
Event: 28.053 Thread 0x0000012de84992a0 19447       3       org.gradle.internal.io.StreamByteBuffer$StreamByteBufferInputStream::read (8 bytes)
Event: 28.053 Thread 0x0000012de84992a0 nmethod 19447 0x0000012d9403cf90 code [0x0000012d9403d120, 0x0000012d9403d260]
Event: 28.053 Thread 0x0000012de84992a0 19445       3       java.io.ObjectStreamClass::getMethodSignature (61 bytes)
Event: 28.054 Thread 0x0000012de84992a0 nmethod 19445 0x0000012d9403d310 code [0x0000012d9403d560, 0x0000012d9403dc58]
Event: 28.054 Thread 0x0000012de84992a0 19446       3       java.util.Collections::reverse (125 bytes)
Event: 28.054 Thread 0x0000012de84992a0 nmethod 19446 0x0000012d9403e010 code [0x0000012d9403e240, 0x0000012d9403ecb0]
Event: 28.054 Thread 0x0000012de84992a0 19448       3       java.lang.LinkageError::<init> (6 bytes)
Event: 28.054 Thread 0x0000012de84992a0 nmethod 19448 0x0000012d9403ef90 code [0x0000012d9403f120, 0x0000012d9403f2b0]
Event: 28.057 Thread 0x0000012d80f93e00 nmethod 19443 0x0000012d9a06c990 code [0x0000012d9a06cb40, 0x0000012d9a06d478]

GC Heap History (20 events):
Event: 13.234 GC heap before
{Heap before GC invocations=27 (full 0):
 garbage-first heap   total 157696K, used 120377K [0x0000000080000000, 0x0000000100000000)
  region size 1024K, 25 young (25600K), 2 survivors (2048K)
 Metaspace       used 115963K, committed 118208K, reserved 1179648K
  class space    used 14886K, committed 16000K, reserved 1048576K
}
Event: 13.237 GC heap after
{Heap after GC invocations=28 (full 0):
 garbage-first heap   total 157696K, used 100139K [0x0000000080000000, 0x0000000100000000)
  region size 1024K, 4 young (4096K), 4 survivors (4096K)
 Metaspace       used 115963K, committed 118208K, reserved 1179648K
  class space    used 14886K, committed 16000K, reserved 1048576K
}
Event: 13.669 GC heap before
{Heap before GC invocations=29 (full 0):
 garbage-first heap   total 196608K, used 148267K [0x0000000080000000, 0x0000000100000000)
  region size 1024K, 45 young (46080K), 4 survivors (4096K)
 Metaspace       used 118867K, committed 121152K, reserved 1179648K
  class space    used 15252K, committed 16384K, reserved 1048576K
}
Event: 13.673 GC heap after
{Heap after GC invocations=30 (full 0):
 garbage-first heap   total 196608K, used 103827K [0x0000000080000000, 0x0000000100000000)
  region size 1024K, 6 young (6144K), 6 survivors (6144K)
 Metaspace       used 118867K, committed 121152K, reserved 1179648K
  class space    used 15252K, committed 16384K, reserved 1048576K
}
Event: 14.311 GC heap before
{Heap before GC invocations=30 (full 0):
 garbage-first heap   total 196608K, used 167315K [0x0000000080000000, 0x0000000100000000)
  region size 1024K, 68 young (69632K), 6 survivors (6144K)
 Metaspace       used 120305K, committed 122624K, reserved 1179648K
  class space    used 15408K, committed 16576K, reserved 1048576K
}
Event: 14.319 GC heap after
{Heap after GC invocations=31 (full 0):
 garbage-first heap   total 196608K, used 108247K [0x0000000080000000, 0x0000000100000000)
  region size 1024K, 9 young (9216K), 9 survivors (9216K)
 Metaspace       used 120305K, committed 122624K, reserved 1179648K
  class space    used 15408K, committed 16576K, reserved 1048576K
}
Event: 14.734 GC heap before
{Heap before GC invocations=31 (full 0):
 garbage-first heap   total 196608K, used 167639K [0x0000000080000000, 0x0000000100000000)
  region size 1024K, 66 young (67584K), 9 survivors (9216K)
 Metaspace       used 120448K, committed 122752K, reserved 1179648K
  class space    used 15408K, committed 16576K, reserved 1048576K
}
Event: 14.740 GC heap after
{Heap after GC invocations=32 (full 0):
 garbage-first heap   total 196608K, used 115400K [0x0000000080000000, 0x0000000100000000)
  region size 1024K, 7 young (7168K), 7 survivors (7168K)
 Metaspace       used 120448K, committed 122752K, reserved 1179648K
  class space    used 15408K, committed 16576K, reserved 1048576K
}
Event: 15.657 GC heap before
{Heap before GC invocations=32 (full 0):
 garbage-first heap   total 196608K, used 170696K [0x0000000080000000, 0x0000000100000000)
  region size 1024K, 61 young (62464K), 7 survivors (7168K)
 Metaspace       used 121893K, committed 124224K, reserved 1179648K
  class space    used 15462K, committed 16640K, reserved 1048576K
}
Event: 15.662 GC heap after
{Heap after GC invocations=33 (full 0):
 garbage-first heap   total 196608K, used 122715K [0x0000000080000000, 0x0000000100000000)
  region size 1024K, 8 young (8192K), 8 survivors (8192K)
 Metaspace       used 121893K, committed 124224K, reserved 1179648K
  class space    used 15462K, committed 16640K, reserved 1048576K
}
Event: 16.429 GC heap before
{Heap before GC invocations=34 (full 0):
 garbage-first heap   total 209920K, used 173915K [0x0000000080000000, 0x0000000100000000)
  region size 1024K, 58 young (59392K), 8 survivors (8192K)
 Metaspace       used 127808K, committed 130176K, reserved 1179648K
  class space    used 16435K, committed 17600K, reserved 1048576K
}
Event: 16.433 GC heap after
{Heap after GC invocations=35 (full 0):
 garbage-first heap   total 209920K, used 126249K [0x0000000080000000, 0x0000000100000000)
  region size 1024K, 4 young (4096K), 4 survivors (4096K)
 Metaspace       used 127808K, committed 130176K, reserved 1179648K
  class space    used 16435K, committed 17600K, reserved 1048576K
}
Event: 17.305 GC heap before
{Heap before GC invocations=35 (full 0):
 garbage-first heap   total 209920K, used 185641K [0x0000000080000000, 0x0000000100000000)
  region size 1024K, 62 young (63488K), 4 survivors (4096K)
 Metaspace       used 134456K, committed 136896K, reserved 1179648K
  class space    used 17375K, committed 18624K, reserved 1048576K
}
Event: 17.312 GC heap after
{Heap after GC invocations=36 (full 0):
 garbage-first heap   total 209920K, used 121963K [0x0000000080000000, 0x0000000100000000)
  region size 1024K, 8 young (8192K), 8 survivors (8192K)
 Metaspace       used 134456K, committed 136896K, reserved 1179648K
  class space    used 17375K, committed 18624K, reserved 1048576K
}
Event: 17.919 GC heap before
{Heap before GC invocations=36 (full 0):
 garbage-first heap   total 209920K, used 186475K [0x0000000080000000, 0x0000000100000000)
  region size 1024K, 71 young (72704K), 8 survivors (8192K)
 Metaspace       used 136458K, committed 138880K, reserved 1179648K
  class space    used 17627K, committed 18816K, reserved 1048576K
}
Event: 17.926 GC heap after
{Heap after GC invocations=37 (full 0):
 garbage-first heap   total 209920K, used 131072K [0x0000000080000000, 0x0000000100000000)
  region size 1024K, 9 young (9216K), 9 survivors (9216K)
 Metaspace       used 136458K, committed 138880K, reserved 1179648K
  class space    used 17627K, committed 18816K, reserved 1048576K
}
Event: 18.533 GC heap before
{Heap before GC invocations=37 (full 0):
 garbage-first heap   total 209920K, used 188416K [0x0000000080000000, 0x0000000100000000)
  region size 1024K, 66 young (67584K), 9 survivors (9216K)
 Metaspace       used 138811K, committed 141312K, reserved 1179648K
  class space    used 18072K, committed 19328K, reserved 1048576K
}
Event: 18.540 GC heap after
{Heap after GC invocations=38 (full 0):
 garbage-first heap   total 209920K, used 137044K [0x0000000080000000, 0x0000000100000000)
  region size 1024K, 5 young (5120K), 5 survivors (5120K)
 Metaspace       used 138811K, committed 141312K, reserved 1179648K
  class space    used 18072K, committed 19328K, reserved 1048576K
}
Event: 19.141 GC heap before
{Heap before GC invocations=39 (full 0):
 garbage-first heap   total 229376K, used 188244K [0x0000000080000000, 0x0000000100000000)
  region size 1024K, 59 young (60416K), 5 survivors (5120K)
 Metaspace       used 140536K, committed 143104K, reserved 1179648K
  class space    used 18200K, committed 19456K, reserved 1048576K
}
Event: 19.147 GC heap after
{Heap after GC invocations=40 (full 0):
 garbage-first heap   total 229376K, used 137083K [0x0000000080000000, 0x0000000100000000)
  region size 1024K, 5 young (5120K), 5 survivors (5120K)
 Metaspace       used 140536K, committed 143104K, reserved 1179648K
  class space    used 18200K, committed 19456K, reserved 1048576K
}

Dll operation events (13 events):
Event: 0.010 Loaded shared library C:\Program Files\Java\jdk-20\bin\java.dll
Event: 0.024 Loaded shared library C:\Program Files\Java\jdk-20\bin\jsvml.dll
Event: 0.113 Loaded shared library C:\Program Files\Java\jdk-20\bin\net.dll
Event: 0.257 Loaded shared library C:\Program Files\Java\jdk-20\bin\nio.dll
Event: 0.441 Loaded shared library C:\Program Files\Java\jdk-20\bin\zip.dll
Event: 0.622 Loaded shared library C:\Program Files\Java\jdk-20\bin\jimage.dll
Event: 0.700 Loaded shared library C:\Program Files\Java\jdk-20\bin\verify.dll
Event: 0.853 Loaded shared library C:\Users\ASUS\.gradle\native\68d5fa5c4cc2d200863cafc0d521ce42e7d3e7ee720ec0a83991735586a16f82\windows-amd64\native-platform.dll
Event: 0.858 Loaded shared library C:\Users\ASUS\.gradle\native\e376f236ea51e6404a007f0833ffe2c6e607c4080706a723a18a27aeea778392\windows-amd64\native-platform-file-events.dll
Event: 1.613 Loaded shared library C:\Program Files\Java\jdk-20\bin\management.dll
Event: 1.764 Loaded shared library C:\Program Files\Java\jdk-20\bin\management_ext.dll
Event: 2.021 Loaded shared library C:\Program Files\Java\jdk-20\bin\extnet.dll
Event: 2.472 Loaded shared library C:\Program Files\Java\jdk-20\bin\sunmscapi.dll

Deoptimization events (20 events):
Event: 27.983 Thread 0x0000012ded9d2350 Uncommon trap: trap_request=0xffffffc6 fr.pc=0x0000012d99cc0b9c relative=0x0000000000004b7c
Event: 27.983 Thread 0x0000012ded9d2350 Uncommon trap: reason=bimorphic_or_optimized_type_check action=maybe_recompile pc=0x0000012d99cc0b9c method=jdk.internal.loader.Resource.getBytes()[B @ 117 c2
Event: 27.983 Thread 0x0000012ded9d2350 DEOPT PACKING pc=0x0000012d99cc0b9c sp=0x0000002ca0bfb8e0
Event: 27.983 Thread 0x0000012ded9d2350 DEOPT UNPACKING pc=0x0000012d99059d22 sp=0x0000002ca0bfb880 mode 2
Event: 27.984 Thread 0x0000012ded9d2350 Uncommon trap: trap_request=0xffffffc6 fr.pc=0x0000012d99cc0b9c relative=0x0000000000004b7c
Event: 27.984 Thread 0x0000012ded9d2350 Uncommon trap: reason=bimorphic_or_optimized_type_check action=maybe_recompile pc=0x0000012d99cc0b9c method=jdk.internal.loader.Resource.getBytes()[B @ 117 c2
Event: 27.984 Thread 0x0000012ded9d2350 DEOPT PACKING pc=0x0000012d99cc0b9c sp=0x0000002ca0bf7da0
Event: 27.984 Thread 0x0000012ded9d2350 DEOPT UNPACKING pc=0x0000012d99059d22 sp=0x0000002ca0bf7d40 mode 2
Event: 27.984 Thread 0x0000012ded9d2350 Uncommon trap: trap_request=0xffffffc6 fr.pc=0x0000012d99cc0b9c relative=0x0000000000004b7c
Event: 27.984 Thread 0x0000012ded9d2350 Uncommon trap: reason=bimorphic_or_optimized_type_check action=maybe_recompile pc=0x0000012d99cc0b9c method=jdk.internal.loader.Resource.getBytes()[B @ 117 c2
Event: 27.984 Thread 0x0000012ded9d2350 DEOPT PACKING pc=0x0000012d99cc0b9c sp=0x0000002ca0bf7da0
Event: 27.984 Thread 0x0000012ded9d2350 DEOPT UNPACKING pc=0x0000012d99059d22 sp=0x0000002ca0bf7d40 mode 2
Event: 28.037 Thread 0x0000012ded9d2350 Uncommon trap: trap_request=0xffffff45 fr.pc=0x0000012d99c3d7c0 relative=0x00000000000029a0
Event: 28.037 Thread 0x0000012ded9d2350 Uncommon trap: reason=unstable_if action=reinterpret pc=0x0000012d99c3d7c0 method=java.util.zip.ZipFile$Source.getMetaVersion(II)I @ 53 c2
Event: 28.037 Thread 0x0000012ded9d2350 DEOPT PACKING pc=0x0000012d99c3d7c0 sp=0x0000002ca0bf9520
Event: 28.037 Thread 0x0000012ded9d2350 DEOPT UNPACKING pc=0x0000012d99059d22 sp=0x0000002ca0bf9460 mode 2
Event: 28.049 Thread 0x0000012ded9d2350 DEOPT PACKING pc=0x0000012d92e970ba sp=0x0000002ca0bfb420
Event: 28.049 Thread 0x0000012ded9d2350 DEOPT UNPACKING pc=0x0000012d9905a4c2 sp=0x0000002ca0bfa908 mode 0
Event: 28.058 Thread 0x0000012ded9d2350 DEOPT PACKING pc=0x0000012d9403abd8 sp=0x0000002ca0bf9480
Event: 28.058 Thread 0x0000012ded9d2350 DEOPT UNPACKING pc=0x0000012d9905a4c2 sp=0x0000002ca0bf89f0 mode 0

Classes loaded (20 events):
Event: 19.460 Loading class com/sun/jmx/mbeanserver/StandardMBeanSupport
Event: 19.460 Loading class com/sun/jmx/mbeanserver/StandardMBeanSupport done
Event: 19.460 Loading class com/sun/jmx/mbeanserver/StandardMBeanIntrospector
Event: 19.461 Loading class com/sun/jmx/mbeanserver/StandardMBeanIntrospector done
Event: 19.585 Loading class java/util/Collections$EmptyListIterator
Event: 19.585 Loading class java/util/Collections$EmptyListIterator done
Event: 19.631 Loading class java/util/Locale$1
Event: 19.632 Loading class java/util/Locale$1 done
Event: 19.643 Loading class java/net/UrlDeserializedState
Event: 19.643 Loading class java/net/UrlDeserializedState done
Event: 27.919 Loading class java/util/HashMap$UnsafeHolder
Event: 27.919 Loading class java/util/HashMap$UnsafeHolder done
Event: 27.932 Loading class jdk/internal/math/FormattedFloatingDecimal$Form
Event: 27.932 Loading class jdk/internal/math/FormattedFloatingDecimal$Form done
Event: 27.932 Loading class jdk/internal/math/FormattedFloatingDecimal
Event: 27.933 Loading class jdk/internal/math/FormattedFloatingDecimal done
Event: 27.933 Loading class jdk/internal/math/FormattedFloatingDecimal$1
Event: 27.933 Loading class jdk/internal/math/FormattedFloatingDecimal$1 done
Event: 27.933 Loading class jdk/internal/math/FormattedFloatingDecimal$2
Event: 27.933 Loading class jdk/internal/math/FormattedFloatingDecimal$2 done

Classes unloaded (0 events):
No events

Classes redefined (0 events):
No events

Internal exceptions (20 events):
Event: 19.643 Thread 0x0000012ded9cfe20 Exception <a 'java/lang/NoSuchMethodError'{0x000000008ad649f0}: static Lorg/gradle/internal/classloader/VisitableURLClassLoader$Spec;.<clinit>()V> (0x000000008ad649f0) 
thrown [s\open\src\hotspot\share\prims\jni.cpp, line 1105]
Event: 19.644 Thread 0x0000012ded9cfe20 Exception <a 'java/lang/NoSuchMethodError'{0x000000008ad76508}: static [Ljava/net/URL;.<clinit>()V> (0x000000008ad76508) 
thrown [s\open\src\hotspot\share\prims\jni.cpp, line 1105]
Event: 27.920 Thread 0x0000012d816556f0 Exception <a 'java/lang/NoSuchMethodError'{0x000000008ac114f0}: static Lorg/gradle/tooling/internal/provider/serialization/ClientOwnedClassLoaderSpec;.<clinit>()V> (0x000000008ac114f0) 
thrown [s\open\src\hotspot\share\prims\jni.cpp, line 1105]
Event: 27.983 Thread 0x0000012ded9d2350 Exception <a 'java/lang/NoSuchMethodError'{0x000000008aae0bd0}: static Lorg/gradle/tooling/internal/consumer/connection/InternalPhasedActionAdapter;.<clinit>()V> (0x000000008aae0bd0) 
thrown [s\open\src\hotspot\share\prims\jni.cpp, line 1105]
Event: 27.987 Thread 0x0000012ded9d2350 Exception <a 'java/lang/NoSuchMethodError'{0x000000008a906f58}: static Lorg/gradle/tooling/internal/consumer/connection/InternalBuildActionAdapter;.<clinit>()V> (0x000000008a906f58) 
thrown [s\open\src\hotspot\share\prims\jni.cpp, line 1105]
Event: 28.003 Thread 0x0000012ded9d2350 Exception <a 'java/lang/NoSuchMethodError'{0x000000008a9cf8a0}: static Ljava/lang/Object;.<clinit>()V> (0x000000008a9cf8a0) 
thrown [s\open\src\hotspot\share\prims\jni.cpp, line 1105]
Event: 28.003 Thread 0x0000012ded9d2350 Exception <a 'java/lang/NoSuchMethodError'{0x000000008a9d74d8}: static Lorg/jetbrains/plugins/gradle/model/ProjectImportActionWithCustomSerializer;.<clinit>()V> (0x000000008a9d74d8) 
thrown [s\open\src\hotspot\share\prims\jni.cpp, line 1105]
Event: 28.006 Thread 0x0000012ded9d2350 Exception <a 'java/lang/NoSuchMethodError'{0x000000008a9f19c8}: static Lorg/jetbrains/kotlin/idea/gradleTooling/KotlinDslScriptModelProvider;.<clinit>()V> (0x000000008a9f19c8) 
thrown [s\open\src\hotspot\share\prims\jni.cpp, line 1105]
Event: 28.014 Thread 0x0000012ded9d2350 Exception <a 'java/lang/NoSuchMethodError'{0x000000008a8ab710}: static Lorg/jetbrains/plugins/gradle/model/ClassSetProjectImportModelProvider;.<clinit>()V> (0x000000008a8ab710) 
thrown [s\open\src\hotspot\share\prims\jni.cpp, line 1105]
Event: 28.019 Thread 0x0000012ded9d2350 Exception <a 'java/lang/NoSuchMethodError'{0x000000008a704458}: static Ljava/lang/Object;.<clinit>()V> (0x000000008a704458) 
thrown [s\open\src\hotspot\share\prims\jni.cpp, line 1105]
Event: 28.020 Thread 0x0000012ded9d2350 Exception <a 'java/lang/NoSuchMethodError'{0x000000008a711c50}: static Lorg/jetbrains/kotlin/idea/gradleTooling/KotlinGradleModel;.<clinit>()V> (0x000000008a711c50) 
thrown [s\open\src\hotspot\share\prims\jni.cpp, line 1105]
Event: 28.022 Thread 0x0000012ded9d2350 Exception <a 'java/lang/NoSuchMethodError'{0x000000008a723d00}: static Lorg/jetbrains/plugins/gradle/model/AnnotationProcessingModel;.<clinit>()V> (0x000000008a723d00) 
thrown [s\open\src\hotspot\share\prims\jni.cpp, line 1105]
Event: 28.022 Thread 0x0000012ded9d2350 Exception <a 'java/lang/NoSuchMethodError'{0x000000008a730f98}: static Lorg/jetbrains/plugins/gradle/model/RepositoriesModel;.<clinit>()V> (0x000000008a730f98) 
thrown [s\open\src\hotspot\share\prims\jni.cpp, line 1105]
Event: 28.047 Thread 0x0000012ded9d2350 Exception <a 'java/lang/NoSuchMethodError'{0x000000008a601ee0}: static Lorg/jetbrains/kotlin/android/synthetic/idea/AndroidExtensionsGradleModel;.<clinit>()V> (0x000000008a601ee0) 
thrown [s\open\src\hotspot\share\prims\jni.cpp, line 1105]
Event: 28.049 Thread 0x0000012ded9d2350 Exception <a 'java/lang/NoSuchMethodError'{0x000000008a633038}: static Lcom/android/tools/idea/gradle/project/sync/AndroidExtraModelProvider;.<clinit>()V> (0x000000008a633038) 
thrown [s\open\src\hotspot\share\prims\jni.cpp, line 1105]
Event: 28.053 Thread 0x0000012ded9d2350 Exception <a 'java/lang/NoSuchMethodError'{0x000000008a678f40}: static Lcom/android/tools/idea/gradle/project/sync/SyncActionOptions;.<clinit>()V> (0x000000008a678f40) 
thrown [s\open\src\hotspot\share\prims\jni.cpp, line 1105]
Event: 28.053 Thread 0x0000012ded9d2350 Exception <a 'java/lang/NoSuchMethodError'{0x000000008a67ba60}: static Lcom/android/tools/idea/gradle/project/sync/SyncProjectActionOptions;.<clinit>()V> (0x000000008a67ba60) 
thrown [s\open\src\hotspot\share\prims\jni.cpp, line 1105]
Event: 28.053 Thread 0x0000012ded9d2350 Exception <a 'java/lang/NoSuchMethodError'{0x000000008a67e300}: static Lcom/android/tools/idea/gradle/project/sync/AllVariantsSyncActionOptions;.<clinit>()V> (0x000000008a67e300) 
thrown [s\open\src\hotspot\share\prims\jni.cpp, line 1105]
Event: 28.054 Thread 0x0000012ded9d2350 Exception <a 'java/lang/NoSuchMethodError'{0x000000008a68f5f8}: static Lcom/android/tools/idea/gradle/project/sync/GradleSyncStudioFlags;.<clinit>()V> (0x000000008a68f5f8) 
thrown [s\open\src\hotspot\share\prims\jni.cpp, line 1105]
Event: 28.055 Thread 0x0000012ded9d2350 Exception <a 'java/lang/NoSuchMethodError'{0x000000008a6a16c8}: static Lcom/android/tools/idea/gradle/project/sync/AdditionalClassifierArtifactsActionOptions;.<clinit>()V> (0x000000008a6a16c8) 
thrown [s\open\src\hotspot\share\prims\jni.cpp, line 1105]

VM Operations (20 events):
Event: 19.448 Executing VM operation: HandshakeAllThreads
Event: 19.448 Executing VM operation: HandshakeAllThreads done
Event: 19.487 Executing VM operation: HandshakeAllThreads
Event: 19.487 Executing VM operation: HandshakeAllThreads done
Event: 19.559 Executing VM operation: HandshakeAllThreads
Event: 19.560 Executing VM operation: HandshakeAllThreads done
Event: 19.562 Executing VM operation: HandshakeAllThreads
Event: 19.562 Executing VM operation: HandshakeAllThreads done
Event: 19.575 Executing VM operation: HandshakeAllThreads
Event: 19.576 Executing VM operation: HandshakeAllThreads done
Event: 20.579 Executing VM operation: Cleanup
Event: 20.580 Executing VM operation: Cleanup done
Event: 21.588 Executing VM operation: Cleanup
Event: 21.588 Executing VM operation: Cleanup done
Event: 22.601 Executing VM operation: Cleanup
Event: 22.601 Executing VM operation: Cleanup done
Event: 27.955 Executing VM operation: HandshakeAllThreads
Event: 27.955 Executing VM operation: HandshakeAllThreads done
Event: 27.955 Executing VM operation: Cleanup
Event: 27.955 Executing VM operation: Cleanup done

Events (20 events):
Event: 19.602 Thread 0x0000012d8165a150 Thread exited: 0x0000012d8165a150
Event: 19.615 Thread 0x0000012ded9cf380 Thread exited: 0x0000012ded9cf380
Event: 19.615 Thread 0x0000012ded9cc3b0 Thread exited: 0x0000012ded9cc3b0
Event: 19.630 Thread 0x0000012ded9d2df0 Thread exited: 0x0000012ded9d2df0
Event: 19.645 Thread 0x0000012ded9cc900 Thread exited: 0x0000012ded9cc900
Event: 19.651 Thread 0x0000012ded9cee30 Thread exited: 0x0000012ded9cee30
Event: 21.806 Thread 0x0000012dff3a6b60 Thread exited: 0x0000012dff3a6b60
Event: 21.806 Thread 0x0000012deca9c520 Thread exited: 0x0000012deca9c520
Event: 21.806 Thread 0x0000012decfbaa70 Thread exited: 0x0000012decfbaa70
Event: 23.802 Thread 0x0000012decc0afd0 Thread exited: 0x0000012decc0afd0
Event: 23.802 Thread 0x0000012dff3a7680 Thread exited: 0x0000012dff3a7680
Event: 23.802 Thread 0x0000012de85dd400 Thread exited: 0x0000012de85dd400
Event: 27.917 Thread 0x0000012d816556f0 Thread added: 0x0000012d816556f0
Event: 27.923 Thread 0x0000012d81656190 Thread added: 0x0000012d81656190
Event: 27.931 Thread 0x0000012d81657180 Thread added: 0x0000012d81657180
Event: 27.934 Thread 0x0000012d81657c20 Thread added: 0x0000012d81657c20
Event: 27.934 Thread 0x0000012d8165a6a0 Thread added: 0x0000012d8165a6a0
Event: 27.949 Thread 0x0000012d80f95440 Thread added: 0x0000012d80f95440
Event: 27.949 Thread 0x0000012d80f932e0 Thread added: 0x0000012d80f932e0
Event: 27.955 Thread 0x0000012d80f93e00 Thread added: 0x0000012d80f93e00


Dynamic libraries:
0x00007ff721f10000 - 0x00007ff721f20000 	C:\Program Files\Java\jdk-20\bin\java.exe
0x00007ffb4e270000 - 0x00007ffb4e487000 	C:\WINDOWS\SYSTEM32\ntdll.dll
0x00007ffb4d960000 - 0x00007ffb4da24000 	C:\WINDOWS\System32\KERNEL32.DLL
0x00007ffb4b910000 - 0x00007ffb4bcb6000 	C:\WINDOWS\System32\KERNELBASE.dll
0x00007ffb4be80000 - 0x00007ffb4bf91000 	C:\WINDOWS\System32\ucrtbase.dll
0x00007ffb41c80000 - 0x00007ffb41c99000 	C:\Program Files\Java\jdk-20\bin\jli.dll
0x00007ffb3e420000 - 0x00007ffb3e43b000 	C:\Program Files\Java\jdk-20\bin\VCRUNTIME140.dll
0x00007ffb4d340000 - 0x00007ffb4d3f0000 	C:\WINDOWS\System32\ADVAPI32.dll
0x00007ffb4c0d0000 - 0x00007ffb4c177000 	C:\WINDOWS\System32\msvcrt.dll
0x00007ffb4c5a0000 - 0x00007ffb4c646000 	C:\WINDOWS\System32\sechost.dll
0x00007ffb4bfa0000 - 0x00007ffb4c0b7000 	C:\WINDOWS\System32\RPCRT4.dll
0x00007ffb4d180000 - 0x00007ffb4d32d000 	C:\WINDOWS\System32\USER32.dll
0x00007ffb4b5c0000 - 0x00007ffb4b5e6000 	C:\WINDOWS\System32\win32u.dll
0x00007ffb4e030000 - 0x00007ffb4e059000 	C:\WINDOWS\System32\GDI32.dll
0x00007ffb4bcc0000 - 0x00007ffb4bdd8000 	C:\WINDOWS\System32\gdi32full.dll
0x00007ffb39b20000 - 0x00007ffb39db3000 	C:\WINDOWS\WinSxS\amd64_microsoft.windows.common-controls_6595b64144ccf1df_6.0.22621.2361_none_2712ced57382f843\COMCTL32.dll
0x00007ffb4bde0000 - 0x00007ffb4be7a000 	C:\WINDOWS\System32\msvcp_win.dll
0x00007ffb42330000 - 0x00007ffb4233a000 	C:\WINDOWS\SYSTEM32\VERSION.dll
0x00007ffb4df60000 - 0x00007ffb4df91000 	C:\WINDOWS\System32\IMM32.DLL
0x00007ffb46570000 - 0x00007ffb4657c000 	C:\Program Files\Java\jdk-20\bin\vcruntime140_1.dll
0x00007ffb15ba0000 - 0x00007ffb15c2e000 	C:\Program Files\Java\jdk-20\bin\msvcp140.dll
0x00007ffb0be90000 - 0x00007ffb0cb28000 	C:\Program Files\Java\jdk-20\bin\server\jvm.dll
0x00007ffb3ab40000 - 0x00007ffb3ab49000 	C:\WINDOWS\SYSTEM32\WSOCK32.dll
0x00007ffb4dfb0000 - 0x00007ffb4e021000 	C:\WINDOWS\System32\WS2_32.dll
0x00007ffb41010000 - 0x00007ffb41044000 	C:\WINDOWS\SYSTEM32\WINMM.dll
0x00007ffb4a600000 - 0x00007ffb4a618000 	C:\WINDOWS\SYSTEM32\kernel.appcore.dll
0x00007ffb3c860000 - 0x00007ffb3c86a000 	C:\Program Files\Java\jdk-20\bin\jimage.dll
0x00007ffb48f60000 - 0x00007ffb4918e000 	C:\WINDOWS\SYSTEM32\DBGHELP.DLL
0x00007ffb4d480000 - 0x00007ffb4d80a000 	C:\WINDOWS\System32\combase.dll
0x00007ffb4c6b0000 - 0x00007ffb4c787000 	C:\WINDOWS\System32\OLEAUT32.dll
0x00007ffafab00000 - 0x00007ffafab32000 	C:\WINDOWS\SYSTEM32\dbgcore.DLL
0x00007ffb4b890000 - 0x00007ffb4b90a000 	C:\WINDOWS\System32\bcryptPrimitives.dll
0x00007ffb32fb0000 - 0x00007ffb32fd6000 	C:\Program Files\Java\jdk-20\bin\java.dll
0x00007ffb142c0000 - 0x00007ffb14397000 	C:\Program Files\Java\jdk-20\bin\jsvml.dll
0x00007ffb4c810000 - 0x00007ffb4d068000 	C:\WINDOWS\System32\SHELL32.dll
0x00007ffb49520000 - 0x00007ffb49e12000 	C:\WINDOWS\SYSTEM32\windows.storage.dll
0x00007ffb493e0000 - 0x00007ffb4951e000 	C:\WINDOWS\SYSTEM32\wintypes.dll
0x00007ffb4c1e0000 - 0x00007ffb4c2d3000 	C:\WINDOWS\System32\SHCORE.dll
0x00007ffb4c650000 - 0x00007ffb4c6ae000 	C:\WINDOWS\System32\shlwapi.dll
0x00007ffb4b4f0000 - 0x00007ffb4b516000 	C:\WINDOWS\SYSTEM32\profapi.dll
0x00007ffb32570000 - 0x00007ffb32583000 	C:\Program Files\Java\jdk-20\bin\net.dll
0x00007ffb45570000 - 0x00007ffb456a7000 	C:\WINDOWS\SYSTEM32\WINHTTP.dll
0x00007ffb4aa80000 - 0x00007ffb4aae9000 	C:\WINDOWS\system32\mswsock.dll
0x00007ffb31850000 - 0x00007ffb31866000 	C:\Program Files\Java\jdk-20\bin\nio.dll
0x00007ffb31190000 - 0x00007ffb311a8000 	C:\Program Files\Java\jdk-20\bin\zip.dll
0x00007ffb3c3c0000 - 0x00007ffb3c3d0000 	C:\Program Files\Java\jdk-20\bin\verify.dll
0x00007ffb35270000 - 0x00007ffb35297000 	C:\Users\ASUS\.gradle\native\68d5fa5c4cc2d200863cafc0d521ce42e7d3e7ee720ec0a83991735586a16f82\windows-amd64\native-platform.dll
0x00007ffb35120000 - 0x00007ffb35264000 	C:\Users\ASUS\.gradle\native\e376f236ea51e6404a007f0833ffe2c6e607c4080706a723a18a27aeea778392\windows-amd64\native-platform-file-events.dll
0x00007ffb3b8c0000 - 0x00007ffb3b8ca000 	C:\Program Files\Java\jdk-20\bin\management.dll
0x00007ffb3ae50000 - 0x00007ffb3ae5b000 	C:\Program Files\Java\jdk-20\bin\management_ext.dll
0x00007ffb4dfa0000 - 0x00007ffb4dfa8000 	C:\WINDOWS\System32\PSAPI.DLL
0x00007ffb4ad40000 - 0x00007ffb4ad5b000 	C:\WINDOWS\SYSTEM32\CRYPTSP.dll
0x00007ffb4a560000 - 0x00007ffb4a595000 	C:\WINDOWS\system32\rsaenh.dll
0x00007ffb4abe0000 - 0x00007ffb4ac0c000 	C:\WINDOWS\SYSTEM32\USERENV.dll
0x00007ffb4aee0000 - 0x00007ffb4af08000 	C:\WINDOWS\SYSTEM32\bcrypt.dll
0x00007ffb4ae60000 - 0x00007ffb4ae6c000 	C:\WINDOWS\SYSTEM32\CRYPTBASE.dll
0x00007ffb4a080000 - 0x00007ffb4a0ad000 	C:\WINDOWS\SYSTEM32\IPHLPAPI.DLL
0x00007ffb4d330000 - 0x00007ffb4d339000 	C:\WINDOWS\System32\NSI.dll
0x00007ffb44470000 - 0x00007ffb44489000 	C:\WINDOWS\SYSTEM32\dhcpcsvc6.DLL
0x00007ffb44450000 - 0x00007ffb4446f000 	C:\WINDOWS\SYSTEM32\dhcpcsvc.DLL
0x00007ffb4a0f0000 - 0x00007ffb4a1e9000 	C:\WINDOWS\SYSTEM32\DNSAPI.dll
0x00007ffb3ab50000 - 0x00007ffb3ab57000 	C:\Program Files\Java\jdk-20\bin\extnet.dll
0x00007ffb3a9e0000 - 0x00007ffb3a9ee000 	C:\Program Files\Java\jdk-20\bin\sunmscapi.dll
0x00007ffb4b660000 - 0x00007ffb4b7c6000 	C:\WINDOWS\System32\CRYPT32.dll
0x00007ffb4aeb0000 - 0x00007ffb4aedd000 	C:\WINDOWS\SYSTEM32\ncrypt.dll
0x00007ffb4ae70000 - 0x00007ffb4aea7000 	C:\WINDOWS\SYSTEM32\NTASN1.dll
0x00007ffb2eaa0000 - 0x00007ffb2eaa8000 	C:\WINDOWS\system32\wshunix.dll

dbghelp: loaded successfully - version: 4.0.5 - missing functions: none
symbol engine: initialized successfully - sym options: 0x614 - pdb path: .;C:\Program Files\Java\jdk-20\bin;C:\WINDOWS\SYSTEM32;C:\WINDOWS\WinSxS\amd64_microsoft.windows.common-controls_6595b64144ccf1df_6.0.22621.2361_none_2712ced57382f843;C:\Program Files\Java\jdk-20\bin\server;C:\Users\ASUS\.gradle\native\68d5fa5c4cc2d200863cafc0d521ce42e7d3e7ee720ec0a83991735586a16f82\windows-amd64;C:\Users\ASUS\.gradle\native\e376f236ea51e6404a007f0833ffe2c6e607c4080706a723a18a27aeea778392\windows-amd64

VM Arguments:
jvm_args: --add-opens=java.base/java.util=ALL-UNNAMED --add-opens=java.base/java.lang=ALL-UNNAMED --add-opens=java.base/java.lang.invoke=ALL-UNNAMED --add-opens=java.prefs/java.util.prefs=ALL-UNNAMED --add-opens=java.base/java.nio.charset=ALL-UNNAMED --add-opens=java.base/java.net=ALL-UNNAMED --add-opens=java.base/java.util.concurrent.atomic=ALL-UNNAMED -Xmx2048m -Dfile.encoding=UTF-8 -Duser.country=US -Duser.language=en -Duser.variant 
java_command: org.gradle.launcher.daemon.bootstrap.GradleDaemon 8.0
java_class_path (initial): C:\Users\ASUS\.gradle\wrapper\dists\gradle-8.0-bin\ca5e32bp14vu59qr306oxotwh\gradle-8.0\lib\gradle-launcher-8.0.jar
Launcher Type: SUN_STANDARD

[Global flags]
     intx CICompilerCount                          = 12                                        {product} {ergonomic}
     uint ConcGCThreads                            = 3                                         {product} {ergonomic}
     uint G1ConcRefinementThreads                  = 13                                        {product} {ergonomic}
   size_t G1HeapRegionSize                         = 1048576                                   {product} {ergonomic}
    uintx GCDrainStackTargetSize                   = 64                                        {product} {ergonomic}
   size_t InitialHeapSize                          = 260046848                                 {product} {ergonomic}
   size_t MarkStackSize                            = 4194304                                   {product} {ergonomic}
   size_t MaxHeapSize                              = 2147483648                                {product} {command line}
   size_t MaxNewSize                               = 1287651328                                {product} {ergonomic}
   size_t MinHeapDeltaBytes                        = 1048576                                   {product} {ergonomic}
   size_t MinHeapSize                              = 8388608                                   {product} {ergonomic}
    uintx NonNMethodCodeHeapSize                   = 7602480                                {pd product} {ergonomic}
    uintx NonProfiledCodeHeapSize                  = 122027880                              {pd product} {ergonomic}
    uintx ProfiledCodeHeapSize                     = 122027880                              {pd product} {ergonomic}
    uintx ReservedCodeCacheSize                    = 251658240                              {pd product} {ergonomic}
     bool SegmentedCodeCache                       = true                                      {product} {ergonomic}
   size_t SoftMaxHeapSize                          = 2147483648                             {manageable} {ergonomic}
     bool UseCompressedClassPointers               = true                           {product lp64_product} {ergonomic}
     bool UseCompressedOops                        = true                           {product lp64_product} {ergonomic}
     bool UseG1GC                                  = true                                      {product} {ergonomic}
     bool UseLargePagesIndividualAllocation        = false                                  {pd product} {ergonomic}

Logging:
Log output configuration:
 #0: stdout all=warning uptime,level,tags foldmultilines=false
 #1: stderr all=off uptime,level,tags foldmultilines=false

Environment Variables:
PATH=C:\Program Files\Common Files\Oracle\Java\javapath;C:\Program Files (x86)\Common Files\Oracle\Java\javapath;C:\Program Files\ImageMagick-7.1.1-Q16-HDRI;C:\Windows\system32;C:\Windows;C:\Windows\System32\Wbem;C:\Windows\System32\WindowsPowerShell\v1.0\;C:\Windows\System32\OpenSSH\;C:\Program Files (x86)\NVIDIA Corporation\PhysX\Common;C:\msys64\mingw64\bin;C:\Program Files\dotnet\;C:\Program Files\NVIDIA Corporation\NVIDIA NvDLISR;C:\WINDOWS\system32;C:\WINDOWS;C:\WINDOWS\System32\Wbem;C:\WINDOWS\System32\WindowsPowerShell\v1.0\;C:\WINDOWS\System32\OpenSSH\;C:\Program Files (x86)\dotnet\;C:\Program Files\nodejs\;C:\Program Files\Java\jdk-20\bin;C:\Program Files (x86)\Java\jre-1.8\bin;C:\Program Files (x86)\Microsoft SQL Server\160\DTS\Binn\;C:\Program Files\Azure Data Studio\bin;C:\Program Files\Microsoft SQL Server\150\Tools\Binn\;C:\Program Files\Microsoft SQL Server\MSSQL16.MSSQLSGVT\MSSQL\Binn;C:\Program Files (x86)\Microsoft SQL Server\160\Tools\Binn\;C:\Program Files\Microsoft SQL Server\160\Tools\Binn\;C:\Program Files\Microsoft SQL Server\Client SDK\ODBC\170\Tools\Binn\;C:\Program Files\Microsoft SQL Server\160\DTS\Binn\;C:\Program Files\Microsoft SQL Server\130\Tools\Binn\;C:\Program Files\Git\cmd;C:\Users\ASUS\AppData\Local\Microsoft\WindowsApps;C:\Users\ASUS\AppData\Local\Programs\Microsoft VS Code\bin;C:\Program Files\Azure Data Studio\bin;C:\Users\ASUS\AppData\Roaming\npm;C:\Users\ASUS\AppData\Local\GitHubDesktop\bin;C:\Users\ASUS\AppData\Local\Programs\oh-my-posh\bin;C:\Program Files\Azure Data Studio\bin
USERNAME=ASUS
OS=Windows_NT
PROCESSOR_IDENTIFIER=AMD64 Family 23 Model 96 Stepping 1, AuthenticAMD
TMP=C:\Users\ASUS\AppData\Local\Temp
TEMP=C:\Users\ASUS\AppData\Local\Temp




---------------  S Y S T E M  ---------------

OS:
 Windows 11 , 64 bit Build 22621 (10.0.22621.2428)
OS uptime: 2 days 19:59 hours

CPU: total 16 (initial active 16) (16 cores per cpu, 2 threads per core) family 23 model 96 stepping 1 microcode 0x0, cx8, cmov, fxsr, ht, mmx, 3dnowpref, sse, sse2, sse3, ssse3, sse4a, sse4.1, sse4.2, popcnt, lzcnt, tsc, tscinvbit, avx, avx2, aes, clmul, bmi1, bmi2, adx, sha, fma, vzeroupper, clflush, clflushopt, rdtscp, rdpid, f16c

Memory: 4k page, system-wide physical 15791M (2918M free)
TotalPageFile size 18660M (AvailPageFile size 0M)
current process WorkingSet (physical memory assigned to process): 566M, peak: 604M
current process commit charge ("private bytes"): 622M, peak: 660M

vm_info: Java HotSpot(TM) 64-Bit Server VM (20.0.2+9-78) for windows-amd64 JRE (20.0.2+9-78), built on 2023-06-14T10:08:48Z by "mach5one" with MS VC++ 17.1 (VS2022)

END.
