JvmtiExport can_access_local_variables 0
JvmtiExport can_hotswap_or_post_breakpoint 0
JvmtiExport can_post_on_exceptions 0
# 196 ciObject found
instanceKlass org/gradle/internal/serialize/NestedExceptionPlaceholder
instanceKlass org/gradle/internal/serialize/ExceptionPlaceholder$2
instanceKlass org/gradle/internal/serialize/StackTraceElementPlaceholder
instanceKlass org/gradle/internal/serialize/ExceptionReplacingObjectOutputStream$2
instanceKlass org/gradle/internal/serialize/PlaceholderExceptionSupport
instanceKlass org/gradle/internal/serialize/ExceptionPlaceholder
instanceKlass org/gradle/tooling/internal/provider/serialization/WellKnownClassLoaderRegistry$1
instanceKlass org/gradle/tooling/internal/provider/serialization/DefaultPayloadClassLoaderRegistry$1
instanceKlass org/gradle/internal/buildevents/BuildExceptionReporter$$Lambda$6082
instanceKlass org/gradle/internal/logging/text/BufferingStyledTextOutput$ChangeStyleAction
instanceKlass org/gradle/internal/buildevents/BuildExceptionReporter$$Lambda$6081
instanceKlass org/gradle/internal/buildevents/BuildExceptionReporter$ContextImpl
instanceKlass org/gradle/internal/logging/text/BufferingStyledTextOutput$1
instanceKlass org/gradle/internal/buildevents/BuildExceptionReporter$FailureDetails
instanceKlass java/util/logging/LogRecord
instanceKlass org/codehaus/groovy/runtime/StackTraceUtils
instanceKlass org/gradle/internal/exceptions/Contextual
instanceKlass java/lang/Throwable$PrintStreamOrWriter
instanceKlass org/gradle/internal/build/event/types/DefaultFailure
instanceKlass org/gradle/tooling/internal/protocol/InternalFailure
instanceKlass org/gradle/internal/watch/vfs/impl/WatchingVirtualFileSystem$$Lambda$6080
instanceKlass org/gradle/internal/remote/internal/inet/SocketConnection$1
instanceKlass org/gradle/internal/work/DefaultWorkerLeaseService$1
instanceKlass org/gradle/cache/internal/DefaultCleanupProgressMonitor
instanceKlass org/gradle/cache/internal/VersionSpecificCacheCleanupAction
instanceKlass org/gradle/internal/session/BuildSessionState$$Lambda$6079
instanceKlass org/gradle/launcher/exec/BuildActionResult
instanceKlass org/gradle/tooling/internal/provider/serialization/SerializedPayload
instanceKlass org/gradle/workers/internal/WorkerDaemonClientsManager$StopSessionScopedWorkers$$Lambda$6078
instanceKlass org/gradle/workers/internal/WorkerDaemonClient
instanceKlass org/gradle/execution/PassThruCancellableOperationManager
instanceKlass org/gradle/cache/internal/DefaultMultiProcessSafePersistentIndexedCache$$Lambda$6077
instanceKlass org/gradle/internal/watch/vfs/impl/WatchingVirtualFileSystem$2$1
instanceKlass org/gradle/internal/watch/vfs/BuildFinishedFileSystemWatchingBuildOperationType$Result
instanceKlass org/gradle/internal/watch/vfs/impl/DefaultFileSystemWatchingStatistics$VirtualFileSystemStatistics
instanceKlass org/gradle/internal/watch/vfs/impl/DefaultFileSystemWatchingStatistics$$Lambda$6076
instanceKlass org/gradle/internal/watch/vfs/impl/DefaultFileSystemWatchingStatistics$$Lambda$6075
instanceKlass org/gradle/internal/watch/vfs/impl/DefaultFileSystemWatchingStatistics
instanceKlass org/gradle/internal/snapshot/SnapshotHierarchy$NodeDiffListener$1
instanceKlass org/gradle/internal/watch/registry/impl/WatchableHierarchies$$Lambda$6074
instanceKlass org/gradle/internal/watch/registry/impl/WatchableHierarchies$RemoveUnwatchedFiles
instanceKlass org/gradle/internal/watch/registry/impl/WatchableHierarchies$$Lambda$6073
instanceKlass org/gradle/internal/watch/registry/impl/WatchableHierarchies$$Lambda$6072
instanceKlass org/gradle/internal/watch/registry/impl/AbstractFileWatcherUpdater$$Lambda$6071
instanceKlass org/gradle/internal/watch/vfs/impl/WatchingVirtualFileSystem$2$$Lambda$6070
instanceKlass org/gradle/internal/watch/registry/impl/DefaultFileWatcherRegistry$2
instanceKlass org/gradle/internal/watch/registry/impl/DefaultFileWatcherRegistry$$Lambda$6069
instanceKlass org/gradle/internal/watch/vfs/BuildFinishedFileSystemWatchingBuildOperationType$Details$1
instanceKlass org/gradle/internal/watch/vfs/BuildFinishedFileSystemWatchingBuildOperationType$Details
instanceKlass org/gradle/internal/watch/vfs/impl/WatchingVirtualFileSystem$2
instanceKlass org/gradle/internal/watch/vfs/impl/WatchingVirtualFileSystem$$Lambda$6068
instanceKlass java/lang/invoke/LambdaForm$DMH
instanceKlass org/gradle/api/internal/tasks/execution/statistics/TaskExecutionStatistics
instanceKlass org/gradle/internal/buildevents/TaskExecutionStatisticsReporter
instanceKlass org/gradle/internal/logging/text/AbstractStyledTextOutput$StyleOverrideTextOutput
instanceKlass org/gradle/internal/buildtree/ProblemReportingBuildActionRunner$$Lambda$6067
instanceKlass org/gradle/api/internal/artifacts/DependencyManagementBuildScopeServices$1$$Lambda$6066
instanceKlass com/google/common/io/Closeables
instanceKlass com/android/builder/internal/aapt/v2/Aapt2DaemonImpl$AllowShutdown
instanceKlass com/android/build/gradle/internal/attribution/BuildAttributionService$Companion$saveAttributionData$1
instanceKlass com/android/builder/utils/ExceptionFunction
instanceKlass com/android/utils/concurrency/ReadWriteProcessLock$$Lambda$6065
instanceKlass com/android/utils/concurrency/ReadWriteProcessLock$$Lambda$6064
instanceKlass com/android/utils/concurrency/ReadWriteProcessLock$$Lambda$6063
instanceKlass com/android/utils/concurrency/ReadWriteProcessLock$$Lambda$6062
instanceKlass com/android/utils/JvmWideVariable$$Lambda$6061
instanceKlass com/android/utils/JvmWideVariable$$Lambda$6060
instanceKlass com/android/utils/JvmWideVariable$$Lambda$6059
instanceKlass com/android/utils/JvmWideVariable$$Lambda$6058
instanceKlass com/google/common/reflect/Types$ClassOwnership$1LocalClass
instanceKlass com/google/common/reflect/Types$ParameterizedTypeImpl
instanceKlass com/google/common/reflect/Reflection
instanceKlass com/google/common/reflect/Types$TypeVariableInvocationHandler
instanceKlass com/google/common/reflect/Types$TypeVariableImpl
instanceKlass com/google/common/reflect/Types$1
instanceKlass com/google/common/reflect/Types
instanceKlass com/google/common/reflect/Types$NativeTypeVariableEquals
instanceKlass com/google/common/reflect/TypeResolver$TypeVariableKey
instanceKlass com/google/common/reflect/TypeResolver$TypeTable
instanceKlass com/google/common/reflect/TypeResolver
instanceKlass com/android/utils/JvmWideVariable$ValueWrapper
instanceKlass com/android/utils/JvmWideVariable$ValueWrapperMBean
instanceKlass com/android/utils/JvmWideVariable$$Lambda$6057
instanceKlass com/android/utils/JvmWideVariable
instanceKlass com/android/utils/concurrency/ReadWriteProcessLock$$Lambda$6056
instanceKlass com/google/common/base/Verify
instanceKlass com/android/utils/concurrency/ReadWriteProcessLock$WriteLock
instanceKlass com/android/utils/concurrency/ReadWriteProcessLock$ReadLock
instanceKlass com/google/common/reflect/TypeCapture
instanceKlass com/android/utils/concurrency/ReadWriteProcessLock$Lock
instanceKlass com/android/utils/concurrency/ReadWriteProcessLock
instanceKlass com/android/builder/utils/SynchronizedFile
instanceKlass com/android/ide/common/attribution/AndroidGradlePluginAttributionData$Companion
instanceKlass com/android/ide/common/attribution/AndroidGradlePluginAttributionData
instanceKlass org/gradle/api/services/internal/BuildServiceProvider$$Lambda$6055
instanceKlass org/gradle/api/internal/artifacts/DependencyManagementGradleUserHomeScopeServices$2$$Lambda$6054
instanceKlass org/gradle/internal/model/StateTransitionController$$Lambda$6053
instanceKlass org/gradle/internal/build/DefaultBuildLifecycleController$$Lambda$6052
instanceKlass org/gradle/composite/internal/DefaultIncludedBuildRegistry$$Lambda$6051
instanceKlass org/gradle/internal/buildtree/DefaultBuildTreeFinishExecutor$$Lambda$6050
instanceKlass java/util/concurrent/ConcurrentLinkedQueue$$Lambda$6049
instanceKlass com/google/common/cache/LocalCache$WriteThroughEntry
instanceKlass com/google/common/cache/LocalCache$HashIterator
instanceKlass org/gradle/execution/plan/DefaultPlanExecutor$$Lambda$6048
instanceKlass org/gradle/execution/plan/DefaultPlanExecutor$ExecutorWorker$$Lambda$6047
instanceKlass org/gradle/execution/plan/DefaultPlanExecutor$ExecutorWorker$$Lambda$6046
instanceKlass org/gradle/execution/plan/DefaultPlanExecutor$ExecutorWorker$$Lambda$6045
instanceKlass org/gradle/execution/plan/DefaultPlanExecutor$ExecutorWorker$$Lambda$6044
instanceKlass org/gradle/execution/plan/DefaultPlanExecutor$ExecutorWorker$$Lambda$6043
instanceKlass org/gradle/execution/plan/DefaultPlanExecutor$ExecutorWorker$$Lambda$6042
instanceKlass org/gradle/execution/plan/DefaultPlanExecutor$ExecutorWorker$$Lambda$6034
instanceKlass org/gradle/execution/plan/DefaultPlanExecutor$ExecutorWorker$$Lambda$6040
instanceKlass org/gradle/execution/plan/DefaultPlanExecutor$ExecutorWorker$$Lambda$6033
instanceKlass org/gradle/execution/plan/DefaultPlanExecutor$ExecutorWorker$$Lambda$6035
instanceKlass org/gradle/execution/plan/DefaultPlanExecutor$ExecutorWorker$$Lambda$6038
instanceKlass org/gradle/execution/plan/DefaultPlanExecutor$ExecutorWorker$$Lambda$6036
instanceKlass org/gradle/execution/plan/DefaultPlanExecutor$ExecutorWorker$$Lambda$6032
instanceKlass org/gradle/execution/plan/DefaultPlanExecutor$ExecutorWorker$$Lambda$6041
instanceKlass org/gradle/execution/plan/DefaultPlanExecutor$ExecutorWorker$$Lambda$6037
instanceKlass org/gradle/execution/plan/DefaultPlanExecutor$ExecutorWorker$$Lambda$6039
instanceKlass com/google/wireless/android/sdk/stats/GradleBuildProjectMetricsOrBuilder
instanceKlass com/android/build/gradle/tasks/PackageAndroidArtifact$IncrementalSplitterRunnable$$Lambda$6031
instanceKlass com/google/common/collect/CollectSpliterators$1WithCharacteristics$$Lambda$6030
instanceKlass com/android/build/gradle/tasks/PackageAndroidArtifact$$Lambda$6029
instanceKlass java/util/stream/DistinctOps
instanceKlass com/android/build/gradle/tasks/PackageAndroidArtifact$$Lambda$6028
instanceKlass com/android/build/gradle/tasks/PackageAndroidArtifact$$Lambda$6027
instanceKlass com/google/common/collect/CollectSpliterators$1WithCharacteristics
instanceKlass com/google/common/collect/IndexedImmutableSet$$Lambda$6026
instanceKlass java/lang/invoke/LambdaForm$DMH
instanceKlass com/android/signflinger/ApkSigningBlock
instanceKlass com/android/signflinger/SigningBlockUtils
instanceKlass com/android/apksig/DefaultApkSignerEngine$OutputApkSigningBlockRequestImpl
instanceKlass sun/security/rsa/RSACore$BlindingRandomPair
instanceKlass sun/security/rsa/RSACore$BlindingParameters
instanceKlass com/android/apksig/internal/apk/v2/V2SchemeSigner$V2SignatureSchemeBlock$Signer
instanceKlass com/android/apksig/internal/apk/v2/V2SchemeSigner$V2SignatureSchemeBlock$SignedData
instanceKlass com/android/apksig/internal/util/ByteBufferUtils
instanceKlass com/android/apksig/internal/x509/RSAPublicKey
instanceKlass com/android/apksig/internal/asn1/Asn1OpaqueObject
instanceKlass com/android/apksig/internal/asn1/Asn1BerParser$BerToJavaConverter
instanceKlass com/android/apksig/internal/asn1/Asn1BerParser$$Lambda$6025
instanceKlass com/android/apksig/internal/asn1/Asn1BerParser$AnnotatedField
instanceKlass com/android/apksig/internal/asn1/Asn1Field
instanceKlass com/android/apksig/internal/pkcs7/AlgorithmIdentifier
instanceKlass com/android/apksig/internal/asn1/ber/BerEncoding$1
instanceKlass com/android/apksig/internal/asn1/Asn1BerParser$1
instanceKlass com/android/apksig/internal/asn1/Asn1Class
instanceKlass com/android/apksig/internal/asn1/ber/BerDataValue
instanceKlass com/android/apksig/internal/asn1/ber/BerEncoding
instanceKlass com/android/apksig/internal/asn1/ber/ByteBufferBerDataValueReader
instanceKlass com/android/apksig/internal/asn1/ber/BerDataValueReader
instanceKlass com/android/apksig/internal/asn1/Asn1BerParser
instanceKlass com/android/apksig/internal/x509/SubjectPublicKeyInfo
instanceKlass com/android/apksig/internal/apk/ApkSigningBlockUtils$SigningSchemeBlockAndDigests
instanceKlass com/android/apksig/internal/apk/ApkSigningBlockUtils$ChunkSupplier$Chunk
instanceKlass com/android/apksig/internal/util/MessageDigestSink
instanceKlass com/android/apksig/util/ReadableDataSink
instanceKlass com/android/apksig/util/DataSink
instanceKlass com/android/apksig/util/DataSinks
instanceKlass com/android/apksig/internal/apk/ApkSigningBlockUtils$ChunkDigester
instanceKlass com/android/apksig/internal/apk/ApkSigningBlockUtils$$Lambda$6024
instanceKlass com/android/apksig/internal/apk/ApkSigningBlockUtils$ChunkSupplier
instanceKlass com/android/apksig/internal/apk/ApkSigningBlockUtils$ChunkDigests
instanceKlass com/android/apksig/internal/apk/v2/V2SchemeSigner
instanceKlass com/android/apksig/internal/apk/ApkSigningBlockUtils$SignerConfig
instanceKlass com/android/apksig/internal/util/ByteBufferDataSource
instanceKlass com/android/apksig/internal/zip/ZipUtils
instanceKlass com/android/apksig/internal/util/Pair
instanceKlass com/android/apksig/internal/apk/ApkSigningBlockUtils
instanceKlass com/android/apksig/internal/util/FileChannelDataSource
instanceKlass com/android/apksig/util/DataSources
instanceKlass com/google/common/collect/HashBiMap$Itr
instanceKlass sun/nio/ch/Util$4
instanceKlass sun/nio/ch/FileChannelImpl$Unmapper
instanceKlass java/nio/channels/FileChannel$MapMode
instanceKlass com/android/zipflinger/Entry
instanceKlass com/android/zipflinger/Zip64Locator
instanceKlass com/android/zipflinger/ZipMap
instanceKlass com/android/zipflinger/ZipSource
instanceKlass com/android/builder/internal/packaging/IncrementalPackager$$Lambda$6023
instanceKlass com/android/builder/internal/packaging/IncrementalPackager$$Lambda$6022
instanceKlass com/android/zipflinger/Compressor
instanceKlass com/android/builder/internal/packaging/IncrementalPackager$$Lambda$6021
instanceKlass com/android/zipflinger/Crc32
instanceKlass com/android/builder/internal/packaging/IncrementalPackager$$Lambda$6020
instanceKlass com/android/builder/internal/packaging/IncrementalPackager$$Lambda$6019
instanceKlass java/util/concurrent/ForkJoinPool$DefaultForkJoinWorkerThreadFactory$1
instanceKlass com/android/builder/internal/packaging/ApkFlinger$writeFile$1
instanceKlass com/android/zipflinger/SynchronizedArchive
instanceKlass com/android/apksig/util/RunnablesExecutor$1
instanceKlass com/android/apksig/util/RunnablesExecutor$$Lambda$6018
instanceKlass com/android/apksig/ApkSignerEngine$OutputApkSigningBlockRequest2
instanceKlass com/android/apksig/ApkSignerEngine$OutputJarSignatureRequest
instanceKlass com/android/apksig/ApkSignerEngine$OutputApkSigningBlockRequest
instanceKlass com/android/apksig/ApkSignerEngine$InspectJarEntryRequest
instanceKlass com/android/apksig/DefaultApkSignerEngine
instanceKlass com/android/apksig/DefaultApkSignerEngine$Builder
instanceKlass com/android/apksig/DefaultApkSignerEngine$SignerConfig
instanceKlass com/android/apksig/DefaultApkSignerEngine$SignerConfig$Builder
instanceKlass com/android/apksig/ApkSignerEngine
instanceKlass com/android/apksig/util/DataSource
instanceKlass com/android/signflinger/SignedApk
instanceKlass com/android/signflinger/SignedApkOptions
instanceKlass com/android/signflinger/SignedApkOptions$Builder
instanceKlass com/android/builder/internal/packaging/ApkFlinger$3
instanceKlass com/android/builder/internal/packaging/ApkFlinger$2
instanceKlass com/android/builder/internal/packaging/ApkFlinger$WhenMappings
instanceKlass com/android/builder/internal/packaging/ApkFlinger
instanceKlass com/android/builder/internal/packaging/IncrementalPackager$1
instanceKlass com/android/builder/internal/packaging/IncrementalPackager$$Lambda$6017
instanceKlass com/android/builder/internal/packaging/IncrementalPackager$$Lambda$6016
instanceKlass com/android/builder/internal/packaging/IncrementalPackager$$Lambda$6015
instanceKlass com/android/builder/internal/packaging/IncrementalPackager$$Lambda$6014
instanceKlass com/android/builder/internal/packaging/IncrementalPackager$$Lambda$6013
instanceKlass com/android/builder/internal/packaging/IncrementalPackager$$Lambda$6012
instanceKlass com/android/builder/internal/packaging/IncrementalPackager$$Lambda$6011
instanceKlass com/android/builder/internal/packaging/IncrementalPackager$$Lambda$6010
instanceKlass com/android/builder/internal/packaging/IncrementalPackager$$Lambda$6009
instanceKlass com/android/builder/internal/packaging/IncrementalPackager$$Lambda$6008
instanceKlass kotlin/io/FilePathComponents
instanceKlass com/android/builder/internal/packaging/IncrementalPackager$$Lambda$6007
instanceKlass com/android/builder/internal/packaging/IncrementalPackager$$Lambda$6006
instanceKlass com/android/builder/internal/packaging/PackagedFileUpdates
instanceKlass com/google/common/base/Predicates$CompositionPredicate
instanceKlass com/google/common/base/Predicates
instanceKlass com/android/builder/internal/packaging/IncrementalPackager$$Lambda$6005
instanceKlass com/android/builder/internal/packaging/DexIncrementalRenameManager$1
instanceKlass com/android/builder/internal/packaging/DexIncrementalRenameManager$$Lambda$6004
instanceKlass com/android/builder/internal/packaging/DexIncrementalRenameManager$$Lambda$6003
instanceKlass com/android/builder/internal/packaging/PackagedFileUpdate
instanceKlass com/android/builder/internal/packaging/DexIncrementalRenameManager$$Lambda$6002
instanceKlass com/android/builder/internal/packaging/DexIncrementalRenameManager$Bucket
instanceKlass com/android/builder/internal/packaging/DexIncrementalRenameManager$$Lambda$6001
instanceKlass com/android/builder/packaging/DexFileNameSupplier
instanceKlass com/android/builder/internal/packaging/DexIncrementalRenameManager$$Lambda$6000
instanceKlass com/android/builder/internal/packaging/DexIncrementalRenameManager$DexFileComparator
instanceKlass com/android/builder/internal/packaging/DexIncrementalRenameManager$$Lambda$5999
instanceKlass com/android/builder/internal/packaging/DexIncrementalRenameManager$$Lambda$5998
instanceKlass com/android/builder/files/NativeLibraryAbiPredicate
instanceKlass com/android/builder/internal/packaging/DexIncrementalRenameManager
instanceKlass com/android/tools/build/apkzlib/zfile/ApkZFileCreatorFactory
instanceKlass com/android/tools/build/apkzlib/zfile/ApkCreatorFactory
instanceKlass com/android/tools/build/apkzlib/zip/ZFileOptions$$Lambda$5997
instanceKlass com/android/tools/build/apkzlib/zip/VerifyLog
instanceKlass com/android/tools/build/apkzlib/zip/VerifyLogs
instanceKlass com/android/tools/build/apkzlib/zip/AlignmentRules$$Lambda$5996
instanceKlass com/android/tools/build/apkzlib/zip/AlignmentRules
instanceKlass com/android/tools/build/apkzlib/zip/AlignmentRule
instanceKlass com/android/tools/build/apkzlib/zip/ZFileOptions$$Lambda$5995
instanceKlass com/android/tools/build/apkzlib/zip/compress/ExecutorCompressor
