#
# There is insufficient memory for the Java Runtime Environment to continue.
# Native memory allocation (mmap) failed to map 34603008 bytes for G1 virtual space
# Possible reasons:
#   The system is out of physical RAM or swap space
#   The process is running with CompressedOops enabled, and the Java Heap may be blocking the growth of the native heap
# Possible solutions:
#   Reduce memory load on the system
#   Increase physical memory or swap space
#   Check if swap backing store is full
#   Decrease Java heap size (-Xmx/-Xms)
#   Decrease number of Java threads
#   Decrease Java thread stack sizes (-Xss)
#   Set larger code cache with -XX:ReservedCodeCacheSize=
#   JVM is running with Unscaled Compressed Oops mode in which the Java heap is
#     placed in the first 4GB address space. The Java Heap base address is the
#     maximum limit for the native heap growth. Please use -XX:HeapBaseMinAddress
#     to set the Java Heap base and to place the Java Heap above 4GB virtual address.
# This output file may be truncated or incomplete.
#
#  Out of Memory Error (os_windows.cpp:3769), pid=4304, tid=24696
#
# JRE version: OpenJDK Runtime Environment (17.0.6) (build 17.0.6+0-b2043.56-10027231)
# Java VM: OpenJDK 64-Bit Server VM (17.0.6+0-b2043.56-10027231, mixed mode, tiered, compressed oops, compressed class ptrs, g1 gc, windows-amd64)
# No core dump will be written. Minidumps are not enabled by default on client versions of Windows
#

---------------  S U M M A R Y ------------

Command Line: --add-opens=java.base/java.util=ALL-UNNAMED --add-opens=java.base/java.lang=ALL-UNNAMED --add-opens=java.base/java.lang.invoke=ALL-UNNAMED --add-opens=java.prefs/java.util.prefs=ALL-UNNAMED --add-opens=java.base/java.nio.charset=ALL-UNNAMED --add-opens=java.base/java.net=ALL-UNNAMED --add-opens=java.base/java.util.concurrent.atomic=ALL-UNNAMED -Xmx2048m -Dfile.encoding=UTF-8 -Duser.country=US -Duser.language=en -Duser.variant org.gradle.launcher.daemon.bootstrap.GradleDaemon 8.0

Host: AMD Ryzen 7 4800H with Radeon Graphics         , 16 cores, 15G,  Windows 11 , 64 bit Build 22621 (10.0.22621.2428)
Time: Wed Nov  8 22:01:28 2023 SE Asia Standard Time elapsed time: 13.234556 seconds (0d 0h 0m 13s)

---------------  T H R E A D  ---------------

Current thread (0x000001c83e7c1b30):  VMThread "VM Thread" [stack: 0x0000003177e00000,0x0000003177f00000] [id=24696]

Stack: [0x0000003177e00000,0x0000003177f00000]
Native frames: (J=compiled Java code, j=interpreted, Vv=VM code, C=native code)
V  [jvm.dll+0x683c9a]
V  [jvm.dll+0x8427a4]
V  [jvm.dll+0x843f9e]
V  [jvm.dll+0x844603]
V  [jvm.dll+0x249b75]
V  [jvm.dll+0x680b69]
V  [jvm.dll+0x67505a]
V  [jvm.dll+0x309acb]
V  [jvm.dll+0x310f86]
V  [jvm.dll+0x3608ee]
V  [jvm.dll+0x360b1f]
V  [jvm.dll+0x2dfbf8]
V  [jvm.dll+0x2e2ce6]
V  [jvm.dll+0x2ed478]
V  [jvm.dll+0x322150]
V  [jvm.dll+0x848ccb]
V  [jvm.dll+0x849a04]
V  [jvm.dll+0x849f1d]
V  [jvm.dll+0x84a2f4]
V  [jvm.dll+0x84a3c0]
V  [jvm.dll+0x7f274a]
V  [jvm.dll+0x682ad5]
C  [ucrtbase.dll+0x29363]
C  [KERNEL32.DLL+0x1257d]
C  [ntdll.dll+0x5aa78]

VM_Operation (0x0000003177aff980): G1Concurrent, mode: safepoint, requested by thread 0x000001c823e6e600


---------------  P R O C E S S  ---------------

Threads class SMR info:
_java_thread_list=0x000001c84006f520, length=185, elements={
0x000001c823dfbf30, 0x000001c83e2dc680, 0x000001c83e2dcf00, 0x000001c83e2bf990,
0x000001c83e2c0f60, 0x000001c83e2c1520, 0x000001c83e2c1ae0, 0x000001c83e7e6010,
0x000001c83e7e8540, 0x000001c83e7ebaa0, 0x000001c83e9bbd70, 0x000001c83e9bc450,
0x000001c84252ed60, 0x000001c841acd340, 0x000001c84058c770, 0x000001c8418f0860,
0x000001c840954e30, 0x000001c841803ec0, 0x000001c841809510, 0x000001c840a1aa20,
0x000001c840a1da40, 0x000001c840a1d570, 0x000001c840a1aef0, 0x000001c840a1c700,
0x000001c840a1b3c0, 0x000001c840a1b890, 0x000001c840a1bd60, 0x000001c840a1d0a0,
0x000001c840a1a550, 0x000001c840a1cbd0, 0x000001c840a1a080, 0x000001c842d8d8b0,
0x000001c842d8f590, 0x000001c842d8b230, 0x000001c842d8bbd0, 0x000001c842d8c570,
0x000001c842d8ad60, 0x000001c842d908d0, 0x000001c842d8e250, 0x000001c842d8e720,
0x000001c842d8cf10, 0x000001c842d8ebf0, 0x000001c842d90400, 0x000001c845acd6d0,
0x000001c842d8d3e0, 0x000001c842d8dd80, 0x000001c842d8f0c0, 0x000001c842d8fa60,
0x000001c842d8ff30, 0x000001c842d90da0, 0x000001c8438df440, 0x000001c8438de000,
0x000001c8438e0d90, 0x000001c83fb0da50, 0x000001c83fb0a560, 0x000001c83fb0af00,
0x000001c83fb07ee0, 0x000001c83fb0df20, 0x000001c83fb07070, 0x000001c83fb07540,
0x000001c83fb0b8a0, 0x000001c83fb07a10, 0x000001c83fb0bd70, 0x000001c83fb083b0,
0x000001c83fb0c710, 0x000001c83fb08880, 0x000001c83fb08d50, 0x000001c83fb096f0,
0x000001c83fb09bc0, 0x000001c83fb0cbe0, 0x000001c83fb0a090, 0x000001c83fb0d0b0,
0x000001c83fb0d580, 0x000001c848d44160, 0x000001c848d44630, 0x000001c848d402d0,
0x000001c848d44b00, 0x000001c848d44fd0, 0x000001c848d454a0, 0x000001c848d42480,
0x000001c848d47180, 0x000001c848d42e20, 0x000001c848d407a0, 0x000001c848d41fb0,
0x000001c848d467e0, 0x000001c848d47650, 0x000001c848d42950, 0x000001c848d432f0,
0x000001c848d46310, 0x000001c848d41140, 0x000001c848d437c0, 0x000001c848d41ae0,
0x000001c848d45970, 0x000001c848d45e40, 0x000001c848d46cb0, 0x000001c848d3fe00,
0x000001c848d40c70, 0x000001c848d41610, 0x000001c848d43c90, 0x000001c8431386e0,
0x000001c8431373a0, 0x000001c843136060, 0x000001c843137870, 0x000001c843138210,
0x000001c843137d40, 0x000001c843136530, 0x000001c843136a00, 0x000001c843136ed0,
0x000001c843138bb0, 0x000001c843139080, 0x000001c843139550, 0x000001c843139a20,
0x000001c845127ee0, 0x000001c845125d30, 0x000001c84512b8a0, 0x000001c845126ba0,
0x000001c845126200, 0x000001c84512c240, 0x000001c84512cbe0, 0x000001c84512c710,
0x000001c84512aa30, 0x000001c84512d0b0, 0x000001c845129bc0, 0x000001c845127540,
0x000001c84512af00, 0x000001c845125860, 0x000001c8451266d0, 0x000001c845127070,
0x000001c845127a10, 0x000001c845128880, 0x000001c8451296f0, 0x000001c8451283b0,
0x000001c845128d50, 0x000001c845129220, 0x000001c84512a090, 0x000001c84512a560,
0x000001c84512b3d0, 0x000001c84512bd70, 0x000001c8456c5ef0, 0x000001c8456c4bb0,
0x000001c8456c2060, 0x000001c8456c4210, 0x000001c8456c46e0, 0x000001c8456c33a0,
0x000001c8456c5a20, 0x000001c8456c8f10, 0x000001c8456c93e0, 0x000001c8456c80a0,
0x000001c8456c63c0, 0x000001c8456c2a00, 0x000001c8456c2ed0, 0x000001c8456c7700,
0x000001c8456c3870, 0x000001c8456c6890, 0x000001c8456c8570, 0x000001c8456c8a40,
0x000001c8456c98b0, 0x000001c8456c3d40, 0x000001c8456c5080, 0x000001c8456c6d60,
0x000001c8456c7230, 0x000001c8456c5550, 0x000001c8456c7bd0, 0x000001c8456c2530,
0x000001c843561aa0, 0x000001c843561f70, 0x000001c843563c50, 0x000001c843561100,
0x000001c84355e5b0, 0x000001c84355ea80, 0x000001c84355f420, 0x000001c84355f8f0,
0x000001c84355fdc0, 0x000001c84355dc10, 0x000001c843560c30, 0x000001c84355ef50,
0x000001c8435615d0, 0x000001c843562440, 0x000001c843560290, 0x000001c843562910,
0x000001c843560760, 0x000001c84355d270, 0x000001c843562de0, 0x000001c8435632b0,
0x000001c845fae260
}

Java Threads: ( => current thread )
  0x000001c823dfbf30 JavaThread "main" [_thread_blocked, id=25456, stack(0x0000003177800000,0x0000003177900000)]
  0x000001c83e2dc680 JavaThread "Reference Handler" daemon [_thread_blocked, id=19796, stack(0x0000003177f00000,0x0000003178000000)]
  0x000001c83e2dcf00 JavaThread "Finalizer" daemon [_thread_blocked, id=13572, stack(0x0000003178000000,0x0000003178100000)]
  0x000001c83e2bf990 JavaThread "Signal Dispatcher" daemon [_thread_blocked, id=22304, stack(0x0000003178100000,0x0000003178200000)]
  0x000001c83e2c0f60 JavaThread "Attach Listener" daemon [_thread_blocked, id=3948, stack(0x0000003178200000,0x0000003178300000)]
  0x000001c83e2c1520 JavaThread "Service Thread" daemon [_thread_blocked, id=22448, stack(0x0000003178300000,0x0000003178400000)]
  0x000001c83e2c1ae0 JavaThread "Monitor Deflation Thread" daemon [_thread_blocked, id=24720, stack(0x0000003178400000,0x0000003178500000)]
  0x000001c83e7e6010 JavaThread "C2 CompilerThread0" daemon [_thread_blocked, id=14952, stack(0x0000003178500000,0x0000003178600000)]
  0x000001c83e7e8540 JavaThread "C1 CompilerThread0" daemon [_thread_blocked, id=24716, stack(0x0000003178600000,0x0000003178700000)]
  0x000001c83e7ebaa0 JavaThread "Sweeper thread" daemon [_thread_blocked, id=7480, stack(0x0000003178700000,0x0000003178800000)]
  0x000001c83e9bbd70 JavaThread "Common-Cleaner" daemon [_thread_blocked, id=24688, stack(0x0000003178900000,0x0000003178a00000)]
  0x000001c83e9bc450 JavaThread "Notification Thread" daemon [_thread_blocked, id=25560, stack(0x0000003178a00000,0x0000003178b00000)]
  0x000001c84252ed60 JavaThread "Daemon health stats" [_thread_blocked, id=25208, stack(0x0000003179400000,0x0000003179500000)]
  0x000001c841acd340 JavaThread "Incoming local TCP Connector on port 59894" [_thread_in_native, id=25552, stack(0x0000003178c00000,0x0000003178d00000)]
  0x000001c84058c770 JavaThread "Daemon periodic checks" [_thread_blocked, id=25492, stack(0x0000003179300000,0x0000003179400000)]
  0x000001c8418f0860 JavaThread "Daemon" [_thread_blocked, id=19148, stack(0x0000003179500000,0x0000003179600000)]
  0x000001c840954e30 JavaThread "Handler for socket connection from /127.0.0.1:59894 to /127.0.0.1:59895" [_thread_in_native, id=2408, stack(0x0000003179600000,0x0000003179700000)]
  0x000001c841803ec0 JavaThread "Cancel handler" [_thread_blocked, id=12916, stack(0x0000003179700000,0x0000003179800000)]
  0x000001c841809510 JavaThread "Daemon worker" [_thread_blocked, id=15732, stack(0x0000003179800000,0x0000003179900000)]
  0x000001c840a1aa20 JavaThread "Asynchronous log dispatcher for DefaultDaemonConnection: socket connection from /127.0.0.1:59894 to /127.0.0.1:59895" [_thread_blocked, id=25764, stack(0x0000003179900000,0x0000003179a00000)]
  0x000001c840a1da40 JavaThread "Stdin handler" [_thread_blocked, id=23752, stack(0x0000003179a00000,0x0000003179b00000)]
  0x000001c840a1d570 JavaThread "Daemon client event forwarder" [_thread_blocked, id=15280, stack(0x0000003179b00000,0x0000003179c00000)]
  0x000001c840a1aef0 JavaThread "Cache worker for journal cache (C:\Users\ASUS\.gradle\caches\journal-1)" [_thread_blocked, id=10228, stack(0x000000317a600000,0x000000317a700000)]
  0x000001c840a1c700 JavaThread "File lock request listener" [_thread_in_native, id=23632, stack(0x000000317a700000,0x000000317a800000)]
  0x000001c840a1b3c0 JavaThread "Cache worker for file hash cache (C:\Users\ASUS\.gradle\caches\8.0\fileHashes)" [_thread_blocked, id=6596, stack(0x000000317a900000,0x000000317aa00000)]
  0x000001c840a1b890 JavaThread "File watcher server" daemon [_thread_in_native, id=24772, stack(0x000000317ab00000,0x000000317ac00000)]
  0x000001c840a1bd60 JavaThread "File watcher consumer" daemon [_thread_blocked, id=24660, stack(0x000000317ac00000,0x000000317ad00000)]
  0x000001c840a1d0a0 JavaThread "jar transforms" [_thread_blocked, id=16312, stack(0x000000317ad00000,0x000000317ae00000)]
  0x000001c840a1a550 JavaThread "jar transforms Thread 2" [_thread_blocked, id=16020, stack(0x000000317ae00000,0x000000317af00000)]
  0x000001c840a1cbd0 JavaThread "jar transforms Thread 3" [_thread_blocked, id=21600, stack(0x000000317af00000,0x000000317b000000)]
  0x000001c840a1a080 JavaThread "jar transforms Thread 4" [_thread_blocked, id=6300, stack(0x000000317b000000,0x000000317b100000)]
  0x000001c842d8d8b0 JavaThread "jar transforms Thread 5" [_thread_blocked, id=23436, stack(0x000000317b100000,0x000000317b200000)]
  0x000001c842d8f590 JavaThread "jar transforms Thread 6" [_thread_blocked, id=20208, stack(0x000000317b200000,0x000000317b300000)]
  0x000001c842d8b230 JavaThread "jar transforms Thread 7" [_thread_blocked, id=6188, stack(0x000000317b300000,0x000000317b400000)]
  0x000001c842d8bbd0 JavaThread "jar transforms Thread 8" [_thread_blocked, id=11212, stack(0x000000317b400000,0x000000317b500000)]
  0x000001c842d8c570 JavaThread "jar transforms Thread 9" [_thread_blocked, id=19292, stack(0x000000317b500000,0x000000317b600000)]
  0x000001c842d8ad60 JavaThread "jar transforms Thread 10" [_thread_blocked, id=2096, stack(0x000000317b600000,0x000000317b700000)]
  0x000001c842d908d0 JavaThread "jar transforms Thread 11" [_thread_blocked, id=19760, stack(0x000000317b700000,0x000000317b800000)]
  0x000001c842d8e250 JavaThread "jar transforms Thread 12" [_thread_blocked, id=24028, stack(0x000000317b800000,0x000000317b900000)]
  0x000001c842d8e720 JavaThread "jar transforms Thread 13" [_thread_blocked, id=12224, stack(0x000000317b900000,0x000000317ba00000)]
  0x000001c842d8cf10 JavaThread "jar transforms Thread 14" [_thread_blocked, id=14048, stack(0x000000317ba00000,0x000000317bb00000)]
  0x000001c842d8ebf0 JavaThread "jar transforms Thread 15" [_thread_blocked, id=6232, stack(0x000000317bb00000,0x000000317bc00000)]
  0x000001c842d90400 JavaThread "jar transforms Thread 16" [_thread_blocked, id=25516, stack(0x000000317bc00000,0x000000317bd00000)]
  0x000001c845acd6d0 JavaThread "C2 CompilerThread1" daemon [_thread_in_native, id=24584, stack(0x000000317a800000,0x000000317a900000)]
  0x000001c842d8d3e0 JavaThread "Cache worker for checksums cache (D:\BTLT\63CLC2-MobiDev\ViecCanLam\.gradle\8.0\checksums)" [_thread_blocked, id=18248, stack(0x000000317bd00000,0x000000317be00000)]
  0x000001c842d8dd80 JavaThread "Cache worker for cache directory md-rule (C:\Users\ASUS\.gradle\caches\8.0\md-rule)" [_thread_blocked, id=24676, stack(0x000000317be00000,0x000000317bf00000)]
  0x000001c842d8f0c0 JavaThread "Cache worker for file content cache (C:\Users\ASUS\.gradle\caches\8.0\fileContent)" [_thread_blocked, id=24896, stack(0x000000317bf00000,0x000000317c000000)]
  0x000001c842d8fa60 JavaThread "Cache worker for file hash cache (D:\BTLT\63CLC2-MobiDev\ViecCanLam\.gradle\8.0\fileHashes)" [_thread_blocked, id=9384, stack(0x000000317c000000,0x000000317c100000)]
  0x000001c842d8ff30 JavaThread "Cache worker for cache directory md-supplier (C:\Users\ASUS\.gradle\caches\8.0\md-supplier)" [_thread_blocked, id=23924, stack(0x000000317c100000,0x000000317c200000)]
  0x000001c842d90da0 JavaThread "Cache worker for execution history cache (C:\Users\ASUS\.gradle\caches\8.0\executionHistory)" [_thread_blocked, id=23532, stack(0x000000317c200000,0x000000317c300000)]
  0x000001c8438df440 JavaThread "C1 CompilerThread1" daemon [_thread_blocked, id=20228, stack(0x0000003178800000,0x0000003178900000)]
  0x000001c8438de000 JavaThread "C1 CompilerThread2" daemon [_thread_blocked, id=9468, stack(0x0000003178d00000,0x0000003178e00000)]
  0x000001c8438e0d90 JavaThread "C1 CompilerThread3" daemon [_thread_blocked, id=24700, stack(0x0000003178e00000,0x0000003178f00000)]
  0x000001c83fb0da50 JavaThread "Cache worker for kotlin-dsl (C:\Users\ASUS\.gradle\caches\8.0\kotlin-dsl)" [_thread_blocked, id=24596, stack(0x000000317c300000,0x000000317c400000)]
  0x000001c83fb0a560 JavaThread "Cache worker for dependencies-accessors (D:\BTLT\63CLC2-MobiDev\ViecCanLam\.gradle\8.0\dependencies-accessors)" [_thread_blocked, id=18952, stack(0x000000317c500000,0x000000317c600000)]
  0x000001c83fb0af00 JavaThread "Cache worker for Build Output Cleanup Cache (D:\BTLT\63CLC2-MobiDev\ViecCanLam\.gradle\buildOutputCleanup)" [_thread_blocked, id=8264, stack(0x000000317c600000,0x000000317c700000)]
  0x000001c83fb07ee0 JavaThread "Unconstrained build operations" [_thread_blocked, id=22396, stack(0x000000317c400000,0x000000317c500000)]
  0x000001c83fb0df20 JavaThread "Unconstrained build operations Thread 2" [_thread_blocked, id=16780, stack(0x000000317c700000,0x000000317c800000)]
  0x000001c83fb07070 JavaThread "Unconstrained build operations Thread 3" [_thread_blocked, id=25268, stack(0x000000317c800000,0x000000317c900000)]
  0x000001c83fb07540 JavaThread "Unconstrained build operations Thread 4" [_thread_blocked, id=25476, stack(0x000000317c900000,0x000000317ca00000)]
  0x000001c83fb0b8a0 JavaThread "Unconstrained build operations Thread 5" [_thread_blocked, id=17552, stack(0x000000317ca00000,0x000000317cb00000)]
  0x000001c83fb07a10 JavaThread "Unconstrained build operations Thread 6" [_thread_blocked, id=12680, stack(0x000000317cb00000,0x000000317cc00000)]
  0x000001c83fb0bd70 JavaThread "Unconstrained build operations Thread 7" [_thread_blocked, id=18128, stack(0x000000317cc00000,0x000000317cd00000)]
  0x000001c83fb083b0 JavaThread "Unconstrained build operations Thread 8" [_thread_blocked, id=1436, stack(0x000000317cd00000,0x000000317ce00000)]
  0x000001c83fb0c710 JavaThread "Unconstrained build operations Thread 9" [_thread_blocked, id=6400, stack(0x000000317ce00000,0x000000317cf00000)]
  0x000001c83fb08880 JavaThread "Unconstrained build operations Thread 10" [_thread_blocked, id=11640, stack(0x000000317cf00000,0x000000317d000000)]
  0x000001c83fb08d50 JavaThread "Unconstrained build operations Thread 11" [_thread_blocked, id=17168, stack(0x000000317d000000,0x000000317d100000)]
  0x000001c83fb096f0 JavaThread "Unconstrained build operations Thread 12" [_thread_blocked, id=19088, stack(0x000000317d100000,0x000000317d200000)]
  0x000001c83fb09bc0 JavaThread "Unconstrained build operations Thread 13" [_thread_blocked, id=19756, stack(0x000000317d200000,0x000000317d300000)]
  0x000001c83fb0cbe0 JavaThread "Unconstrained build operations Thread 14" [_thread_blocked, id=22332, stack(0x000000317d300000,0x000000317d400000)]
  0x000001c83fb0a090 JavaThread "Unconstrained build operations Thread 15" [_thread_blocked, id=23728, stack(0x000000317d400000,0x000000317d500000)]
  0x000001c83fb0d0b0 JavaThread "Unconstrained build operations Thread 16" [_thread_blocked, id=15676, stack(0x000000317d500000,0x000000317d600000)]
  0x000001c83fb0d580 JavaThread "Unconstrained build operations Thread 17" [_thread_blocked, id=17632, stack(0x000000317d600000,0x000000317d700000)]
  0x000001c848d44160 JavaThread "Unconstrained build operations Thread 18" [_thread_blocked, id=16232, stack(0x000000317d700000,0x000000317d800000)]
  0x000001c848d44630 JavaThread "Unconstrained build operations Thread 19" [_thread_blocked, id=15728, stack(0x000000317d800000,0x000000317d900000)]
  0x000001c848d402d0 JavaThread "Unconstrained build operations Thread 20" [_thread_blocked, id=26612, stack(0x000000317d900000,0x000000317da00000)]
  0x000001c848d44b00 JavaThread "Unconstrained build operations Thread 21" [_thread_blocked, id=14236, stack(0x000000317da00000,0x000000317db00000)]
  0x000001c848d44fd0 JavaThread "Unconstrained build operations Thread 22" [_thread_blocked, id=4668, stack(0x000000317db00000,0x000000317dc00000)]
  0x000001c848d454a0 JavaThread "Unconstrained build operations Thread 23" [_thread_blocked, id=18028, stack(0x000000317dc00000,0x000000317dd00000)]
  0x000001c848d42480 JavaThread "Unconstrained build operations Thread 24" [_thread_blocked, id=26448, stack(0x000000317dd00000,0x000000317de00000)]
  0x000001c848d47180 JavaThread "Unconstrained build operations Thread 25" [_thread_blocked, id=9116, stack(0x000000317de00000,0x000000317df00000)]
  0x000001c848d42e20 JavaThread "Unconstrained build operations Thread 26" [_thread_blocked, id=25648, stack(0x000000317df00000,0x000000317e000000)]
  0x000001c848d407a0 JavaThread "Unconstrained build operations Thread 27" [_thread_blocked, id=25632, stack(0x000000317e000000,0x000000317e100000)]
  0x000001c848d41fb0 JavaThread "Unconstrained build operations Thread 28" [_thread_blocked, id=2764, stack(0x000000317e100000,0x000000317e200000)]
  0x000001c848d467e0 JavaThread "Unconstrained build operations Thread 29" [_thread_blocked, id=4600, stack(0x000000317e200000,0x000000317e300000)]
  0x000001c848d47650 JavaThread "Unconstrained build operations Thread 30" [_thread_blocked, id=25612, stack(0x000000317e300000,0x000000317e400000)]
  0x000001c848d42950 JavaThread "Unconstrained build operations Thread 31" [_thread_blocked, id=8936, stack(0x000000317e400000,0x000000317e500000)]
  0x000001c848d432f0 JavaThread "Unconstrained build operations Thread 32" [_thread_blocked, id=13908, stack(0x000000317e500000,0x000000317e600000)]
  0x000001c848d46310 JavaThread "Unconstrained build operations Thread 33" [_thread_blocked, id=14436, stack(0x000000317e600000,0x000000317e700000)]
  0x000001c848d41140 JavaThread "Unconstrained build operations Thread 34" [_thread_blocked, id=11752, stack(0x000000317e700000,0x000000317e800000)]
  0x000001c848d437c0 JavaThread "Unconstrained build operations Thread 35" [_thread_blocked, id=25376, stack(0x000000317e800000,0x000000317e900000)]
  0x000001c848d41ae0 JavaThread "Unconstrained build operations Thread 36" [_thread_blocked, id=15012, stack(0x000000317e900000,0x000000317ea00000)]
  0x000001c848d45970 JavaThread "Unconstrained build operations Thread 37" [_thread_blocked, id=25776, stack(0x000000317ea00000,0x000000317eb00000)]
  0x000001c848d45e40 JavaThread "Unconstrained build operations Thread 38" [_thread_blocked, id=23440, stack(0x000000317eb00000,0x000000317ec00000)]
  0x000001c848d46cb0 JavaThread "Unconstrained build operations Thread 39" [_thread_blocked, id=25656, stack(0x000000317ec00000,0x000000317ed00000)]
  0x000001c848d3fe00 JavaThread "Unconstrained build operations Thread 40" [_thread_blocked, id=5780, stack(0x000000317ed00000,0x000000317ee00000)]
  0x000001c848d40c70 JavaThread "Unconstrained build operations Thread 41" [_thread_blocked, id=25636, stack(0x000000317ee00000,0x000000317ef00000)]
  0x000001c848d41610 JavaThread "Unconstrained build operations Thread 42" [_thread_blocked, id=25668, stack(0x000000317ef00000,0x000000317f000000)]
  0x000001c848d43c90 JavaThread "Unconstrained build operations Thread 43" [_thread_blocked, id=24824, stack(0x000000317f000000,0x000000317f100000)]
  0x000001c8431386e0 JavaThread "Unconstrained build operations Thread 44" [_thread_blocked, id=15740, stack(0x000000317f100000,0x000000317f200000)]
  0x000001c8431373a0 JavaThread "Unconstrained build operations Thread 45" [_thread_blocked, id=24192, stack(0x000000317f200000,0x000000317f300000)]
  0x000001c843136060 JavaThread "Unconstrained build operations Thread 46" [_thread_blocked, id=15212, stack(0x000000317f300000,0x000000317f400000)]
  0x000001c843137870 JavaThread "Unconstrained build operations Thread 47" [_thread_blocked, id=20340, stack(0x000000317f400000,0x000000317f500000)]
  0x000001c843138210 JavaThread "Unconstrained build operations Thread 48" [_thread_blocked, id=11256, stack(0x000000317f500000,0x000000317f600000)]
  0x000001c843137d40 JavaThread "Unconstrained build operations Thread 49" [_thread_blocked, id=14412, stack(0x000000317f600000,0x000000317f700000)]
  0x000001c843136530 JavaThread "Unconstrained build operations Thread 50" [_thread_blocked, id=25628, stack(0x000000317f700000,0x000000317f800000)]
  0x000001c843136a00 JavaThread "Unconstrained build operations Thread 51" [_thread_blocked, id=5072, stack(0x000000317f800000,0x000000317f900000)]
  0x000001c843136ed0 JavaThread "Unconstrained build operations Thread 52" [_thread_blocked, id=25672, stack(0x000000317f900000,0x000000317fa00000)]
  0x000001c843138bb0 JavaThread "Unconstrained build operations Thread 53" [_thread_blocked, id=25692, stack(0x000000317fa00000,0x000000317fb00000)]
  0x000001c843139080 JavaThread "Unconstrained build operations Thread 54" [_thread_blocked, id=14976, stack(0x000000317fb00000,0x000000317fc00000)]
  0x000001c843139550 JavaThread "Unconstrained build operations Thread 55" [_thread_blocked, id=24724, stack(0x000000317fc00000,0x000000317fd00000)]
  0x000001c843139a20 JavaThread "Unconstrained build operations Thread 56" [_thread_blocked, id=8172, stack(0x000000317fd00000,0x000000317fe00000)]
  0x000001c845127ee0 JavaThread "Unconstrained build operations Thread 57" [_thread_blocked, id=8284, stack(0x000000317fe00000,0x000000317ff00000)]
  0x000001c845125d30 JavaThread "Unconstrained build operations Thread 58" [_thread_blocked, id=2388, stack(0x000000317ff00000,0x0000003180000000)]
  0x000001c84512b8a0 JavaThread "Unconstrained build operations Thread 59" [_thread_blocked, id=25608, stack(0x0000003100000000,0x0000003100100000)]
  0x000001c845126ba0 JavaThread "Unconstrained build operations Thread 60" [_thread_blocked, id=25716, stack(0x0000003100100000,0x0000003100200000)]
  0x000001c845126200 JavaThread "Unconstrained build operations Thread 61" [_thread_blocked, id=25652, stack(0x0000003100200000,0x0000003100300000)]
  0x000001c84512c240 JavaThread "Unconstrained build operations Thread 62" [_thread_blocked, id=21452, stack(0x0000003100300000,0x0000003100400000)]
  0x000001c84512cbe0 JavaThread "Unconstrained build operations Thread 63" [_thread_blocked, id=25172, stack(0x0000003100400000,0x0000003100500000)]
  0x000001c84512c710 JavaThread "Unconstrained build operations Thread 64" [_thread_blocked, id=5296, stack(0x0000003100500000,0x0000003100600000)]
  0x000001c84512aa30 JavaThread "Unconstrained build operations Thread 65" [_thread_blocked, id=13752, stack(0x0000003100600000,0x0000003100700000)]
  0x000001c84512d0b0 JavaThread "Unconstrained build operations Thread 66" [_thread_blocked, id=22672, stack(0x0000003100700000,0x0000003100800000)]
  0x000001c845129bc0 JavaThread "Unconstrained build operations Thread 67" [_thread_blocked, id=18520, stack(0x0000003100800000,0x0000003100900000)]
  0x000001c845127540 JavaThread "Unconstrained build operations Thread 68" [_thread_blocked, id=18756, stack(0x0000003100900000,0x0000003100a00000)]
  0x000001c84512af00 JavaThread "Unconstrained build operations Thread 69" [_thread_blocked, id=11988, stack(0x0000003100a00000,0x0000003100b00000)]
  0x000001c845125860 JavaThread "Unconstrained build operations Thread 70" [_thread_blocked, id=1568, stack(0x0000003100b00000,0x0000003100c00000)]
  0x000001c8451266d0 JavaThread "Unconstrained build operations Thread 71" [_thread_blocked, id=7980, stack(0x0000003100c00000,0x0000003100d00000)]
  0x000001c845127070 JavaThread "Unconstrained build operations Thread 72" [_thread_blocked, id=15876, stack(0x0000003100d00000,0x0000003100e00000)]
  0x000001c845127a10 JavaThread "Unconstrained build operations Thread 73" [_thread_blocked, id=23592, stack(0x0000003100e00000,0x0000003100f00000)]
  0x000001c845128880 JavaThread "Unconstrained build operations Thread 74" [_thread_blocked, id=12664, stack(0x0000003100f00000,0x0000003101000000)]
  0x000001c8451296f0 JavaThread "Unconstrained build operations Thread 75" [_thread_blocked, id=19832, stack(0x0000003101000000,0x0000003101100000)]
  0x000001c8451283b0 JavaThread "Unconstrained build operations Thread 76" [_thread_blocked, id=8272, stack(0x0000003101100000,0x0000003101200000)]
  0x000001c845128d50 JavaThread "Unconstrained build operations Thread 77" [_thread_blocked, id=25660, stack(0x0000003101200000,0x0000003101300000)]
  0x000001c845129220 JavaThread "Unconstrained build operations Thread 78" [_thread_blocked, id=25000, stack(0x0000003101300000,0x0000003101400000)]
  0x000001c84512a090 JavaThread "Unconstrained build operations Thread 79" [_thread_blocked, id=25696, stack(0x0000003101400000,0x0000003101500000)]
  0x000001c84512a560 JavaThread "Unconstrained build operations Thread 80" [_thread_blocked, id=25196, stack(0x0000003101500000,0x0000003101600000)]
  0x000001c84512b3d0 JavaThread "Unconstrained build operations Thread 81" [_thread_blocked, id=15624, stack(0x0000003101600000,0x0000003101700000)]
  0x000001c84512bd70 JavaThread "Unconstrained build operations Thread 82" [_thread_blocked, id=25664, stack(0x0000003101700000,0x0000003101800000)]
  0x000001c8456c5ef0 JavaThread "Unconstrained build operations Thread 83" [_thread_blocked, id=3144, stack(0x0000003101800000,0x0000003101900000)]
  0x000001c8456c4bb0 JavaThread "Unconstrained build operations Thread 84" [_thread_blocked, id=3980, stack(0x0000003101900000,0x0000003101a00000)]
  0x000001c8456c2060 JavaThread "Unconstrained build operations Thread 85" [_thread_blocked, id=25604, stack(0x0000003101a00000,0x0000003101b00000)]
  0x000001c8456c4210 JavaThread "Unconstrained build operations Thread 86" [_thread_blocked, id=8204, stack(0x0000003101b00000,0x0000003101c00000)]
  0x000001c8456c46e0 JavaThread "Unconstrained build operations Thread 87" [_thread_blocked, id=16084, stack(0x0000003101c00000,0x0000003101d00000)]
  0x000001c8456c33a0 JavaThread "Unconstrained build operations Thread 88" [_thread_blocked, id=18892, stack(0x0000003101d00000,0x0000003101e00000)]
  0x000001c8456c5a20 JavaThread "Unconstrained build operations Thread 89" [_thread_blocked, id=26184, stack(0x0000003101e00000,0x0000003101f00000)]
  0x000001c8456c8f10 JavaThread "Unconstrained build operations Thread 90" [_thread_blocked, id=26144, stack(0x0000003101f00000,0x0000003102000000)]
  0x000001c8456c93e0 JavaThread "Unconstrained build operations Thread 91" [_thread_blocked, id=25080, stack(0x0000003102000000,0x0000003102100000)]
  0x000001c8456c80a0 JavaThread "Unconstrained build operations Thread 92" [_thread_blocked, id=26212, stack(0x0000003102100000,0x0000003102200000)]
  0x000001c8456c63c0 JavaThread "Unconstrained build operations Thread 93" [_thread_blocked, id=26188, stack(0x0000003102200000,0x0000003102300000)]
  0x000001c8456c2a00 JavaThread "Unconstrained build operations Thread 94" [_thread_blocked, id=26156, stack(0x0000003102300000,0x0000003102400000)]
  0x000001c8456c2ed0 JavaThread "Unconstrained build operations Thread 95" [_thread_blocked, id=25028, stack(0x0000003102400000,0x0000003102500000)]
  0x000001c8456c7700 JavaThread "Unconstrained build operations Thread 96" [_thread_blocked, id=25056, stack(0x0000003102500000,0x0000003102600000)]
  0x000001c8456c3870 JavaThread "Unconstrained build operations Thread 97" [_thread_blocked, id=25084, stack(0x0000003102600000,0x0000003102700000)]
  0x000001c8456c6890 JavaThread "Unconstrained build operations Thread 98" [_thread_blocked, id=25228, stack(0x0000003102700000,0x0000003102800000)]
  0x000001c8456c8570 JavaThread "Unconstrained build operations Thread 99" [_thread_blocked, id=26132, stack(0x0000003102800000,0x0000003102900000)]
  0x000001c8456c8a40 JavaThread "Unconstrained build operations Thread 100" [_thread_blocked, id=26108, stack(0x0000003102900000,0x0000003102a00000)]
  0x000001c8456c98b0 JavaThread "Unconstrained build operations Thread 101" [_thread_blocked, id=26100, stack(0x0000003102a00000,0x0000003102b00000)]
  0x000001c8456c3d40 JavaThread "Unconstrained build operations Thread 102" [_thread_blocked, id=25976, stack(0x0000003102b00000,0x0000003102c00000)]
  0x000001c8456c5080 JavaThread "Unconstrained build operations Thread 103" [_thread_blocked, id=25036, stack(0x0000003102c00000,0x0000003102d00000)]
  0x000001c8456c6d60 JavaThread "Unconstrained build operations Thread 104" [_thread_blocked, id=25284, stack(0x0000003102d00000,0x0000003102e00000)]
  0x000001c8456c7230 JavaThread "Unconstrained build operations Thread 105" [_thread_blocked, id=25972, stack(0x0000003102e00000,0x0000003102f00000)]
  0x000001c8456c5550 JavaThread "Unconstrained build operations Thread 106" [_thread_blocked, id=25288, stack(0x0000003102f00000,0x0000003103000000)]
  0x000001c8456c7bd0 JavaThread "Unconstrained build operations Thread 107" [_thread_blocked, id=26116, stack(0x0000003103000000,0x0000003103100000)]
  0x000001c8456c2530 JavaThread "Unconstrained build operations Thread 108" [_thread_blocked, id=26092, stack(0x0000003103100000,0x0000003103200000)]
  0x000001c843561aa0 JavaThread "Unconstrained build operations Thread 109" [_thread_blocked, id=25808, stack(0x0000003103200000,0x0000003103300000)]
  0x000001c843561f70 JavaThread "Unconstrained build operations Thread 110" [_thread_blocked, id=26096, stack(0x0000003103300000,0x0000003103400000)]
  0x000001c843563c50 JavaThread "Unconstrained build operations Thread 111" [_thread_blocked, id=26124, stack(0x0000003103400000,0x0000003103500000)]
  0x000001c843561100 JavaThread "Unconstrained build operations Thread 112" [_thread_blocked, id=11220, stack(0x0000003103500000,0x0000003103600000)]
  0x000001c84355e5b0 JavaThread "Unconstrained build operations Thread 113" [_thread_blocked, id=26216, stack(0x0000003103600000,0x0000003103700000)]
  0x000001c84355ea80 JavaThread "Unconstrained build operations Thread 114" [_thread_blocked, id=25072, stack(0x0000003103700000,0x0000003103800000)]
  0x000001c84355f420 JavaThread "Unconstrained build operations Thread 115" [_thread_blocked, id=24324, stack(0x0000003103800000,0x0000003103900000)]
  0x000001c84355f8f0 JavaThread "Unconstrained build operations Thread 116" [_thread_blocked, id=26176, stack(0x0000003103900000,0x0000003103a00000)]
  0x000001c84355fdc0 JavaThread "Unconstrained build operations Thread 117" [_thread_blocked, id=25292, stack(0x0000003103a00000,0x0000003103b00000)]
  0x000001c84355dc10 JavaThread "Unconstrained build operations Thread 118" [_thread_blocked, id=26120, stack(0x0000003103b00000,0x0000003103c00000)]
  0x000001c843560c30 JavaThread "Unconstrained build operations Thread 119" [_thread_blocked, id=25024, stack(0x0000003103c00000,0x0000003103d00000)]
  0x000001c84355ef50 JavaThread "Unconstrained build operations Thread 120" [_thread_blocked, id=25804, stack(0x0000003103d00000,0x0000003103e00000)]
  0x000001c8435615d0 JavaThread "Unconstrained build operations Thread 121" [_thread_blocked, id=25276, stack(0x0000003103e00000,0x0000003103f00000)]
  0x000001c843562440 JavaThread "Unconstrained build operations Thread 122" [_thread_blocked, id=14616, stack(0x0000003103f00000,0x0000003104000000)]
  0x000001c843560290 JavaThread "Unconstrained build operations Thread 123" [_thread_blocked, id=16484, stack(0x0000003104000000,0x0000003104100000)]
  0x000001c843562910 JavaThread "Unconstrained build operations Thread 124" [_thread_blocked, id=5600, stack(0x0000003104100000,0x0000003104200000)]
  0x000001c843560760 JavaThread "Unconstrained build operations Thread 125" [_thread_blocked, id=18584, stack(0x0000003104200000,0x0000003104300000)]
  0x000001c84355d270 JavaThread "Unconstrained build operations Thread 126" [_thread_blocked, id=16948, stack(0x0000003104300000,0x0000003104400000)]
  0x000001c843562de0 JavaThread "Unconstrained build operations Thread 127" [_thread_blocked, id=26200, stack(0x0000003104400000,0x0000003104500000)]
  0x000001c8435632b0 JavaThread "Memory manager" [_thread_blocked, id=26164, stack(0x0000003104700000,0x0000003104800000)]
  0x000001c845fae260 JavaThread "C2 CompilerThread2" daemon [_thread_blocked, id=26104, stack(0x0000003104500000,0x0000003104600000)]

Other Threads:
=>0x000001c83e7c1b30 VMThread "VM Thread" [stack: 0x0000003177e00000,0x0000003177f00000] [id=24696]
  0x000001c83e9de3d0 WatcherThread [stack: 0x0000003178b00000,0x0000003178c00000] [id=14996]
  0x000001c823e5d7c0 GCTaskThread "GC Thread#0" [stack: 0x0000003177900000,0x0000003177a00000] [id=25464]
  0x000001c8404dff40 GCTaskThread "GC Thread#1" [stack: 0x0000003178f00000,0x0000003179000000] [id=19304]
  0x000001c8404e01f0 GCTaskThread "GC Thread#2" [stack: 0x0000003179000000,0x0000003179100000] [id=20672]
  0x000001c840022ba0 GCTaskThread "GC Thread#3" [stack: 0x0000003179100000,0x0000003179200000] [id=24112]
  0x000001c840022e50 GCTaskThread "GC Thread#4" [stack: 0x0000003179200000,0x0000003179300000] [id=24668]
  0x000001c841c14780 GCTaskThread "GC Thread#5" [stack: 0x0000003179c00000,0x0000003179d00000] [id=6884]
  0x000001c8419c76d0 GCTaskThread "GC Thread#6" [stack: 0x0000003179d00000,0x0000003179e00000] [id=19068]
  0x000001c842a84c50 GCTaskThread "GC Thread#7" [stack: 0x0000003179e00000,0x0000003179f00000] [id=17372]
  0x000001c842051530 GCTaskThread "GC Thread#8" [stack: 0x0000003179f00000,0x000000317a000000] [id=21804]
  0x000001c841f5bdb0 GCTaskThread "GC Thread#9" [stack: 0x000000317a000000,0x000000317a100000] [id=23696]
  0x000001c841f5cdd0 GCTaskThread "GC Thread#10" [stack: 0x000000317a100000,0x000000317a200000] [id=10212]
  0x000001c841f5bb00 GCTaskThread "GC Thread#11" [stack: 0x000000317a200000,0x000000317a300000] [id=23080]
  0x000001c841f5c5c0 GCTaskThread "GC Thread#12" [stack: 0x000000317a300000,0x000000317a400000] [id=24228]
  0x000001c823e6e600 ConcurrentGCThread "G1 Main Marker" [stack: 0x0000003177a00000,0x0000003177b00000] [id=25488]
  0x000001c823e6ef10 ConcurrentGCThread "G1 Conc#0" [stack: 0x0000003177b00000,0x0000003177c00000] [id=25452]
  0x000001c841f5c060 ConcurrentGCThread "G1 Conc#1" [stack: 0x000000317a400000,0x000000317a500000] [id=652]
  0x000001c841f5d330 ConcurrentGCThread "G1 Conc#2" [stack: 0x000000317a500000,0x000000317a600000] [id=15680]
  0x000001c823ebe990 ConcurrentGCThread "G1 Refine#0" [stack: 0x0000003177c00000,0x0000003177d00000] [id=24652]
  0x000001c83e1b50b0 ConcurrentGCThread "G1 Service" [stack: 0x0000003177d00000,0x0000003177e00000] [id=24764]

Threads with active compile tasks:
C2 CompilerThread0    13275 9126       4       org.gradle.internal.serialize.kryo.StringDeduplicatingKryoBackedEncoder::writeNullableString (114 bytes)
C2 CompilerThread1    13275 8803       4       org.gradle.internal.instantiation.generator.AbstractClassGenerator::inspectType (560 bytes)
C2 CompilerThread2    13275 9127       4       org.gradle.internal.serialize.kryo.StringDeduplicatingKryoBackedEncoder::writeString (20 bytes)

VM state: at safepoint (normal execution)

VM Mutex/Monitor currently owned by a thread:  ([mutex/lock_event])
[0x000001c823df4fc0] Threads_lock - owner thread: 0x000001c83e7c1b30
[0x000001c823df5cb0] Heap_lock - owner thread: 0x000001c823e6e600

Heap address: 0x0000000080000000, size: 2048 MB, Compressed Oops mode: 32-bit

CDS archive(s) not mapped
Compressed class space mapped at: 0x0000000100000000-0x0000000140000000, reserved size: 1073741824
Narrow klass base: 0x0000000000000000, Narrow klass shift: 3, Narrow klass range: 0x140000000

GC Precious Log:
 CPUs: 16 total, 16 available
 Memory: 15791M
 Large Page Support: Disabled
 NUMA Support: Disabled
 Compressed Oops: Enabled (32-bit)
 Heap Region Size: 1M
 Heap Min Capacity: 8M
 Heap Initial Capacity: 248M
 Heap Max Capacity: 2G
 Pre-touch: Disabled
 Parallel Workers: 13
 Concurrent Workers: 3
 Concurrent Refinement Workers: 13
 Periodic GC: Disabled

Heap:
 garbage-first heap   total 167936K, used 118369K [0x0000000080000000, 0x0000000100000000)
  region size 1024K, 7 young (7168K), 4 survivors (4096K)
 Metaspace       used 84085K, committed 84800K, reserved 1122304K
  class space    used 11426K, committed 11776K, reserved 1048576K

Heap Regions: E=young(eden), S=young(survivor), O=old, HS=humongous(starts), HC=humongous(continues), CS=collection set, F=free, OA=open archive, CA=closed archive, TAMS=top-at-mark-start (previous, next)
|   0|0x0000000080000000, 0x0000000080100000, 0x0000000080100000|100%|HS|  |TAMS 0x0000000080100000, 0x0000000080000000| Complete 
|   1|0x0000000080100000, 0x0000000080200000, 0x0000000080200000|100%|HC|  |TAMS 0x0000000080200000, 0x0000000080100000| Complete 
|   2|0x0000000080200000, 0x0000000080300000, 0x0000000080300000|100%|HC|  |TAMS 0x0000000080300000, 0x0000000080200000| Complete 
|   3|0x0000000080300000, 0x0000000080400000, 0x0000000080400000|100%|HC|  |TAMS 0x0000000080400000, 0x0000000080300000| Complete 
|   4|0x0000000080400000, 0x0000000080500000, 0x0000000080500000|100%| O|  |TAMS 0x0000000080500000, 0x0000000080400000| Untracked 
|   5|0x0000000080500000, 0x0000000080600000, 0x0000000080600000|100%| O|  |TAMS 0x0000000080600000, 0x0000000080500000| Untracked 
|   6|0x0000000080600000, 0x0000000080700000, 0x0000000080700000|100%| O|  |TAMS 0x0000000080700000, 0x0000000080600000| Untracked 
|   7|0x0000000080700000, 0x0000000080800000, 0x0000000080800000|100%| O|  |TAMS 0x0000000080800000, 0x0000000080700000| Updating 
|   8|0x0000000080800000, 0x0000000080900000, 0x0000000080900000|100%| O|  |TAMS 0x0000000080900000, 0x0000000080800000| Untracked 
|   9|0x0000000080900000, 0x0000000080a00000, 0x0000000080a00000|100%| O|  |TAMS 0x0000000080a00000, 0x0000000080900000| Untracked 
|  10|0x0000000080a00000, 0x0000000080afa200, 0x0000000080b00000| 97%| O|  |TAMS 0x0000000080afa200, 0x0000000080a00000| Untracked 
|  11|0x0000000080b00000, 0x0000000080c00000, 0x0000000080c00000|100%| O|  |TAMS 0x0000000080c00000, 0x0000000080b00000| Untracked 
|  12|0x0000000080c00000, 0x0000000080d00000, 0x0000000080d00000|100%| O|  |TAMS 0x0000000080d00000, 0x0000000080c00000| Untracked 
|  13|0x0000000080d00000, 0x0000000080e00000, 0x0000000080e00000|100%| O|  |TAMS 0x0000000080e00000, 0x0000000080d00000| Untracked 
|  14|0x0000000080e00000, 0x0000000080f00000, 0x0000000080f00000|100%| O|  |TAMS 0x0000000080f00000, 0x0000000080e00000| Untracked 
|  15|0x0000000080f00000, 0x0000000081000000, 0x0000000081000000|100%| O|  |TAMS 0x0000000081000000, 0x0000000080f00000| Untracked 
|  16|0x0000000081000000, 0x0000000081100000, 0x0000000081100000|100%| O|  |TAMS 0x0000000081100000, 0x0000000081000000| Untracked 
|  17|0x0000000081100000, 0x0000000081200000, 0x0000000081200000|100%| O|  |TAMS 0x0000000081200000, 0x0000000081100000| Untracked 
|  18|0x0000000081200000, 0x0000000081300000, 0x0000000081300000|100%| O|  |TAMS 0x0000000081300000, 0x0000000081200000| Untracked 
|  19|0x0000000081300000, 0x0000000081400000, 0x0000000081400000|100%| O|  |TAMS 0x0000000081400000, 0x0000000081300000| Untracked 
|  20|0x0000000081400000, 0x0000000081500000, 0x0000000081500000|100%| O|  |TAMS 0x0000000081500000, 0x0000000081400000| Updating 
|  21|0x0000000081500000, 0x0000000081600000, 0x0000000081600000|100%| O|  |TAMS 0x0000000081600000, 0x0000000081500000| Untracked 
|  22|0x0000000081600000, 0x0000000081700000, 0x0000000081700000|100%|HS|  |TAMS 0x0000000081700000, 0x0000000081600000| Complete 
|  23|0x0000000081700000, 0x0000000081800000, 0x0000000081800000|100%|HC|  |TAMS 0x0000000081800000, 0x0000000081700000| Complete 
|  24|0x0000000081800000, 0x0000000081900000, 0x0000000081900000|100%|HS|  |TAMS 0x0000000081900000, 0x0000000081800000| Complete 
|  25|0x0000000081900000, 0x0000000081a00000, 0x0000000081a00000|100%|HC|  |TAMS 0x0000000081a00000, 0x0000000081900000| Complete 
|  26|0x0000000081a00000, 0x0000000081b00000, 0x0000000081b00000|100%|HC|  |TAMS 0x0000000081b00000, 0x0000000081a00000| Complete 
|  27|0x0000000081b00000, 0x0000000081c00000, 0x0000000081c00000|100%|HS|  |TAMS 0x0000000081c00000, 0x0000000081b00000| Complete 
|  28|0x0000000081c00000, 0x0000000081d00000, 0x0000000081d00000|100%|HC|  |TAMS 0x0000000081d00000, 0x0000000081c00000| Complete 
|  29|0x0000000081d00000, 0x0000000081e00000, 0x0000000081e00000|100%|HC|  |TAMS 0x0000000081e00000, 0x0000000081d00000| Complete 
|  30|0x0000000081e00000, 0x0000000081f00000, 0x0000000081f00000|100%| O|  |TAMS 0x0000000081f00000, 0x0000000081e00000| Updating 
|  31|0x0000000081f00000, 0x0000000082000000, 0x0000000082000000|100%| O|  |TAMS 0x0000000082000000, 0x0000000081f00000| Untracked 
|  32|0x0000000082000000, 0x0000000082100000, 0x0000000082100000|100%| O|  |TAMS 0x0000000082100000, 0x0000000082000000| Untracked 
|  33|0x0000000082100000, 0x0000000082200000, 0x0000000082200000|100%|HS|  |TAMS 0x0000000082200000, 0x0000000082100000| Complete 
|  34|0x0000000082200000, 0x0000000082300000, 0x0000000082300000|100%|HC|  |TAMS 0x0000000082300000, 0x0000000082200000| Complete 
|  35|0x0000000082300000, 0x0000000082400000, 0x0000000082400000|100%| O|  |TAMS 0x0000000082400000, 0x0000000082300000| Updating 
|  36|0x0000000082400000, 0x0000000082500000, 0x0000000082500000|100%| O|  |TAMS 0x0000000082500000, 0x0000000082400000| Updating 
|  37|0x0000000082500000, 0x0000000082600000, 0x0000000082600000|100%|HS|  |TAMS 0x0000000082600000, 0x0000000082500000| Complete 
|  38|0x0000000082600000, 0x0000000082700000, 0x0000000082700000|100%|HC|  |TAMS 0x0000000082700000, 0x0000000082600000| Complete 
|  39|0x0000000082700000, 0x0000000082800000, 0x0000000082800000|100%|HC|  |TAMS 0x0000000082800000, 0x0000000082700000| Complete 
|  40|0x0000000082800000, 0x0000000082900000, 0x0000000082900000|100%| O|  |TAMS 0x0000000082900000, 0x0000000082800000| Untracked 
|  41|0x0000000082900000, 0x0000000082a00000, 0x0000000082a00000|100%| O|  |TAMS 0x0000000082a00000, 0x0000000082900000| Untracked 
|  42|0x0000000082a00000, 0x0000000082b00000, 0x0000000082b00000|100%| O|  |TAMS 0x0000000082b00000, 0x0000000082a00000| Untracked 
|  43|0x0000000082b00000, 0x0000000082c00000, 0x0000000082c00000|100%|HS|  |TAMS 0x0000000082c00000, 0x0000000082b00000| Complete 
|  44|0x0000000082c00000, 0x0000000082d00000, 0x0000000082d00000|100%|HC|  |TAMS 0x0000000082d00000, 0x0000000082c00000| Complete 
|  45|0x0000000082d00000, 0x0000000082e00000, 0x0000000082e00000|100%|HC|  |TAMS 0x0000000082e00000, 0x0000000082d00000| Complete 
|  46|0x0000000082e00000, 0x0000000082f00000, 0x0000000082f00000|100%|HC|  |TAMS 0x0000000082f00000, 0x0000000082e00000| Complete 
|  47|0x0000000082f00000, 0x0000000083000000, 0x0000000083000000|100%|HC|  |TAMS 0x0000000083000000, 0x0000000082f00000| Complete 
|  48|0x0000000083000000, 0x0000000083100000, 0x0000000083100000|100%|HC|  |TAMS 0x0000000083100000, 0x0000000083000000| Complete 
|  49|0x0000000083100000, 0x0000000083200000, 0x0000000083200000|100%|HC|  |TAMS 0x0000000083200000, 0x0000000083100000| Complete 
|  50|0x0000000083200000, 0x0000000083300000, 0x0000000083300000|100%|HC|  |TAMS 0x0000000083300000, 0x0000000083200000| Complete 
|  51|0x0000000083300000, 0x0000000083400000, 0x0000000083400000|100%|HC|  |TAMS 0x0000000083400000, 0x0000000083300000| Complete 
|  52|0x0000000083400000, 0x0000000083500000, 0x0000000083500000|100%|HC|  |TAMS 0x0000000083500000, 0x0000000083400000| Complete 
|  53|0x0000000083500000, 0x0000000083600000, 0x0000000083600000|100%|HC|  |TAMS 0x0000000083600000, 0x0000000083500000| Complete 
|  54|0x0000000083600000, 0x0000000083700000, 0x0000000083700000|100%|HC|  |TAMS 0x0000000083700000, 0x0000000083600000| Complete 
|  55|0x0000000083700000, 0x0000000083800000, 0x0000000083800000|100%| O|  |TAMS 0x0000000083800000, 0x0000000083700000| Untracked 
|  56|0x0000000083800000, 0x0000000083900000, 0x0000000083900000|100%| O|  |TAMS 0x0000000083900000, 0x0000000083800000| Untracked 
|  57|0x0000000083900000, 0x0000000083a00000, 0x0000000083a00000|100%| O|  |TAMS 0x0000000083a00000, 0x0000000083900000| Untracked 
|  58|0x0000000083a00000, 0x0000000083b00000, 0x0000000083b00000|100%| O|  |TAMS 0x0000000083b00000, 0x0000000083a00000| Untracked 
|  59|0x0000000083b00000, 0x0000000083c00000, 0x0000000083c00000|100%| O|  |TAMS 0x0000000083c00000, 0x0000000083b00000| Untracked 
|  60|0x0000000083c00000, 0x0000000083d00000, 0x0000000083d00000|100%| O|  |TAMS 0x0000000083d00000, 0x0000000083c00000| Updating 
|  61|0x0000000083d00000, 0x0000000083e00000, 0x0000000083e00000|100%|HS|  |TAMS 0x0000000083e00000, 0x0000000083d00000| Complete 
|  62|0x0000000083e00000, 0x0000000083f00000, 0x0000000083f00000|100%|HC|  |TAMS 0x0000000083f00000, 0x0000000083e00000| Complete 
|  63|0x0000000083f00000, 0x0000000084000000, 0x0000000084000000|100%|HC|  |TAMS 0x0000000084000000, 0x0000000083f00000| Complete 
|  64|0x0000000084000000, 0x0000000084100000, 0x0000000084100000|100%| O|  |TAMS 0x0000000084100000, 0x0000000084000000| Untracked 
|  65|0x0000000084100000, 0x0000000084200000, 0x0000000084200000|100%| O|  |TAMS 0x0000000084200000, 0x0000000084100000| Untracked 
|  66|0x0000000084200000, 0x0000000084300000, 0x0000000084300000|100%| O|  |TAMS 0x0000000084300000, 0x0000000084200000| Untracked 
|  67|0x0000000084300000, 0x0000000084400000, 0x0000000084400000|100%| O|  |TAMS 0x0000000084400000, 0x0000000084300000| Untracked 
|  68|0x0000000084400000, 0x0000000084500000, 0x0000000084500000|100%| O|  |TAMS 0x0000000084500000, 0x0000000084400000| Untracked 
|  69|0x0000000084500000, 0x0000000084600000, 0x0000000084600000|100%| O|  |TAMS 0x0000000084600000, 0x0000000084500000| Untracked 
|  70|0x0000000084600000, 0x0000000084700000, 0x0000000084700000|100%|HS|  |TAMS 0x0000000084700000, 0x0000000084600000| Complete 
|  71|0x0000000084700000, 0x0000000084800000, 0x0000000084800000|100%|HS|  |TAMS 0x0000000084800000, 0x0000000084700000| Complete 
|  72|0x0000000084800000, 0x0000000084900000, 0x0000000084900000|100%|HS|  |TAMS 0x0000000084900000, 0x0000000084800000| Complete 
|  73|0x0000000084900000, 0x0000000084a00000, 0x0000000084a00000|100%| O|  |TAMS 0x0000000084a00000, 0x0000000084900000| Untracked 
|  74|0x0000000084a00000, 0x0000000084b00000, 0x0000000084b00000|100%| O|  |TAMS 0x0000000084b00000, 0x0000000084a00000| Untracked 
|  75|0x0000000084b00000, 0x0000000084c00000, 0x0000000084c00000|100%| O|  |TAMS 0x0000000084c00000, 0x0000000084b00000| Updating 
|  76|0x0000000084c00000, 0x0000000084d00000, 0x0000000084d00000|100%| O|  |TAMS 0x0000000084d00000, 0x0000000084c00000| Untracked 
|  77|0x0000000084d00000, 0x0000000084e00000, 0x0000000084e00000|100%| O|  |TAMS 0x0000000084e00000, 0x0000000084d00000| Updating 
|  78|0x0000000084e00000, 0x0000000084f00000, 0x0000000084f00000|100%| O|  |TAMS 0x0000000084f00000, 0x0000000084e00000| Untracked 
|  79|0x0000000084f00000, 0x0000000085000000, 0x0000000085000000|100%| O|  |TAMS 0x0000000085000000, 0x0000000084f00000| Untracked 
|  80|0x0000000085000000, 0x0000000085100000, 0x0000000085100000|100%| O|  |TAMS 0x0000000085100000, 0x0000000085000000| Untracked 
|  81|0x0000000085100000, 0x0000000085200000, 0x0000000085200000|100%| O|  |TAMS 0x0000000085200000, 0x0000000085100000| Untracked 
|  82|0x0000000085200000, 0x0000000085300000, 0x0000000085300000|100%| O|  |TAMS 0x0000000085300000, 0x0000000085200000| Untracked 
|  83|0x0000000085300000, 0x0000000085400000, 0x0000000085400000|100%| O|  |TAMS 0x0000000085400000, 0x0000000085300000| Untracked 
|  84|0x0000000085400000, 0x0000000085500000, 0x0000000085500000|100%| O|  |TAMS 0x0000000085500000, 0x0000000085400000| Untracked 
|  85|0x0000000085500000, 0x0000000085600000, 0x0000000085600000|100%| O|  |TAMS 0x0000000085600000, 0x0000000085500000| Untracked 
|  86|0x0000000085600000, 0x0000000085700000, 0x0000000085700000|100%| O|  |TAMS 0x0000000085700000, 0x0000000085600000| Untracked 
|  87|0x0000000085700000, 0x0000000085800000, 0x0000000085800000|100%| O|  |TAMS 0x0000000085800000, 0x0000000085700000| Untracked 
|  88|0x0000000085800000, 0x0000000085900000, 0x0000000085900000|100%| O|  |TAMS 0x0000000085900000, 0x0000000085800000| Untracked 
|  89|0x0000000085900000, 0x0000000085900000, 0x0000000085a00000|  0%| F|  |TAMS 0x0000000085900000, 0x0000000085900000| Untracked 
|  90|0x0000000085a00000, 0x0000000085b00000, 0x0000000085b00000|100%| O|  |TAMS 0x0000000085b00000, 0x0000000085a00000| Untracked 
|  91|0x0000000085b00000, 0x0000000085bd4600, 0x0000000085c00000| 82%| O|  |TAMS 0x0000000085bd4600, 0x0000000085b00000| Updating 
|  92|0x0000000085c00000, 0x0000000085d00000, 0x0000000085d00000|100%|HS|  |TAMS 0x0000000085c00000, 0x0000000085c00000| Complete 
|  93|0x0000000085d00000, 0x0000000085e00000, 0x0000000085e00000|100%|HC|  |TAMS 0x0000000085d00000, 0x0000000085d00000| Complete 
|  94|0x0000000085e00000, 0x0000000085f00000, 0x0000000085f00000|100%|HS|  |TAMS 0x0000000085e00000, 0x0000000085e00000| Complete 
|  95|0x0000000085f00000, 0x0000000086000000, 0x0000000086000000|100%|HC|  |TAMS 0x0000000085f00000, 0x0000000085f00000| Complete 
|  96|0x0000000086000000, 0x0000000086100000, 0x0000000086100000|100%|HC|  |TAMS 0x0000000086000000, 0x0000000086000000| Complete 
|  97|0x0000000086100000, 0x0000000086200000, 0x0000000086200000|100%|HS|  |TAMS 0x0000000086100000, 0x0000000086100000| Complete 
|  98|0x0000000086200000, 0x0000000086300000, 0x0000000086300000|100%|HC|  |TAMS 0x0000000086200000, 0x0000000086200000| Complete 
|  99|0x0000000086300000, 0x0000000086400000, 0x0000000086400000|100%|HC|  |TAMS 0x0000000086300000, 0x0000000086300000| Complete 
| 100|0x0000000086400000, 0x0000000086500000, 0x0000000086500000|100%|HS|  |TAMS 0x0000000086400000, 0x0000000086400000| Complete 
| 101|0x0000000086500000, 0x0000000086600000, 0x0000000086600000|100%|HC|  |TAMS 0x0000000086500000, 0x0000000086500000| Complete 
| 102|0x0000000086600000, 0x0000000086700000, 0x0000000086700000|100%|HC|  |TAMS 0x0000000086600000, 0x0000000086600000| Complete 
| 103|0x0000000086700000, 0x0000000086800000, 0x0000000086800000|100%|HC|  |TAMS 0x0000000086700000, 0x0000000086700000| Complete 
| 104|0x0000000086800000, 0x0000000086900000, 0x0000000086900000|100%|HC|  |TAMS 0x0000000086800000, 0x0000000086800000| Complete 
| 105|0x0000000086900000, 0x0000000086a00000, 0x0000000086a00000|100%|HC|  |TAMS 0x0000000086900000, 0x0000000086900000| Complete 
| 106|0x0000000086a00000, 0x0000000086b00000, 0x0000000086b00000|100%|HC|  |TAMS 0x0000000086a00000, 0x0000000086a00000| Complete 
| 107|0x0000000086b00000, 0x0000000086c00000, 0x0000000086c00000|100%|HC|  |TAMS 0x0000000086b00000, 0x0000000086b00000| Complete 
| 108|0x0000000086c00000, 0x0000000086d00000, 0x0000000086d00000|100%|HC|  |TAMS 0x0000000086c00000, 0x0000000086c00000| Complete 
| 109|0x0000000086d00000, 0x0000000086e00000, 0x0000000086e00000|100%|HC|  |TAMS 0x0000000086d00000, 0x0000000086d00000| Complete 
| 110|0x0000000086e00000, 0x0000000086f00000, 0x0000000086f00000|100%|HC|  |TAMS 0x0000000086e00000, 0x0000000086e00000| Complete 
| 111|0x0000000086f00000, 0x0000000087000000, 0x0000000087000000|100%|HC|  |TAMS 0x0000000086f00000, 0x0000000086f00000| Complete 
| 112|0x0000000087000000, 0x0000000087000000, 0x0000000087100000|  0%| F|  |TAMS 0x0000000087000000, 0x0000000087000000| Untracked 
| 113|0x0000000087100000, 0x0000000087100000, 0x0000000087200000|  0%| F|  |TAMS 0x0000000087100000, 0x0000000087100000| Untracked 
| 114|0x0000000087200000, 0x0000000087200000, 0x0000000087300000|  0%| F|  |TAMS 0x0000000087200000, 0x0000000087200000| Untracked 
| 115|0x0000000087300000, 0x0000000087300000, 0x0000000087400000|  0%| F|  |TAMS 0x0000000087300000, 0x0000000087300000| Untracked 
| 116|0x0000000087400000, 0x0000000087400000, 0x0000000087500000|  0%| F|  |TAMS 0x0000000087400000, 0x0000000087400000| Untracked 
| 117|0x0000000087500000, 0x0000000087500000, 0x0000000087600000|  0%| F|  |TAMS 0x0000000087500000, 0x0000000087500000| Untracked 
| 118|0x0000000087600000, 0x0000000087600000, 0x0000000087700000|  0%| F|  |TAMS 0x0000000087600000, 0x0000000087600000| Untracked 
| 119|0x0000000087700000, 0x0000000087700000, 0x0000000087800000|  0%| F|  |TAMS 0x0000000087700000, 0x0000000087700000| Untracked 
| 120|0x0000000087800000, 0x0000000087800000, 0x0000000087900000|  0%| F|  |TAMS 0x0000000087800000, 0x0000000087800000| Untracked 
| 121|0x0000000087900000, 0x0000000087900000, 0x0000000087a00000|  0%| F|  |TAMS 0x0000000087900000, 0x0000000087900000| Untracked 
| 122|0x0000000087a00000, 0x0000000087a00000, 0x0000000087b00000|  0%| F|  |TAMS 0x0000000087a00000, 0x0000000087a00000| Untracked 
| 123|0x0000000087b00000, 0x0000000087b00000, 0x0000000087c00000|  0%| F|  |TAMS 0x0000000087b00000, 0x0000000087b00000| Untracked 
| 124|0x0000000087c00000, 0x0000000087c00000, 0x0000000087d00000|  0%| F|  |TAMS 0x0000000087c00000, 0x0000000087c00000| Untracked 
| 125|0x0000000087d00000, 0x0000000087d00000, 0x0000000087e00000|  0%| F|  |TAMS 0x0000000087d00000, 0x0000000087d00000| Untracked 
| 126|0x0000000087e00000, 0x0000000087e00000, 0x0000000087f00000|  0%| F|  |TAMS 0x0000000087e00000, 0x0000000087e00000| Untracked 
| 127|0x0000000087f00000, 0x0000000087f00000, 0x0000000088000000|  0%| F|  |TAMS 0x0000000087f00000, 0x0000000087f00000| Untracked 
| 128|0x0000000088000000, 0x0000000088000000, 0x0000000088100000|  0%| F|  |TAMS 0x0000000088000000, 0x0000000088000000| Untracked 
| 129|0x0000000088100000, 0x0000000088100000, 0x0000000088200000|  0%| F|  |TAMS 0x0000000088100000, 0x0000000088100000| Untracked 
| 130|0x0000000088200000, 0x0000000088200000, 0x0000000088300000|  0%| F|  |TAMS 0x0000000088200000, 0x0000000088200000| Untracked 
| 131|0x0000000088300000, 0x0000000088300000, 0x0000000088400000|  0%| F|  |TAMS 0x0000000088300000, 0x0000000088300000| Untracked 
| 132|0x0000000088400000, 0x0000000088400000, 0x0000000088500000|  0%| F|  |TAMS 0x0000000088400000, 0x0000000088400000| Untracked 
| 133|0x0000000088500000, 0x0000000088500000, 0x0000000088600000|  0%| F|  |TAMS 0x0000000088500000, 0x0000000088500000| Untracked 
| 134|0x0000000088600000, 0x0000000088600000, 0x0000000088700000|  0%| F|  |TAMS 0x0000000088600000, 0x0000000088600000| Untracked 
| 135|0x0000000088700000, 0x0000000088700000, 0x0000000088800000|  0%| F|  |TAMS 0x0000000088700000, 0x0000000088700000| Untracked 
| 136|0x0000000088800000, 0x0000000088800000, 0x0000000088900000|  0%| F|  |TAMS 0x0000000088800000, 0x0000000088800000| Untracked 
| 137|0x0000000088900000, 0x0000000088900000, 0x0000000088a00000|  0%| F|  |TAMS 0x0000000088900000, 0x0000000088900000| Untracked 
| 138|0x0000000088a00000, 0x0000000088a00000, 0x0000000088b00000|  0%| F|  |TAMS 0x0000000088a00000, 0x0000000088a00000| Untracked 
| 139|0x0000000088b00000, 0x0000000088b00000, 0x0000000088c00000|  0%| F|  |TAMS 0x0000000088b00000, 0x0000000088b00000| Untracked 
| 140|0x0000000088c00000, 0x0000000088c00000, 0x0000000088d00000|  0%| F|  |TAMS 0x0000000088c00000, 0x0000000088c00000| Untracked 
| 141|0x0000000088d00000, 0x0000000088d00000, 0x0000000088e00000|  0%| F|  |TAMS 0x0000000088d00000, 0x0000000088d00000| Untracked 
| 142|0x0000000088e00000, 0x0000000088e00000, 0x0000000088f00000|  0%| F|  |TAMS 0x0000000088e00000, 0x0000000088e00000| Untracked 
| 143|0x0000000088f00000, 0x0000000088f00000, 0x0000000089000000|  0%| F|  |TAMS 0x0000000088f00000, 0x0000000088f00000| Untracked 
| 144|0x0000000089000000, 0x0000000089000000, 0x0000000089100000|  0%| F|  |TAMS 0x0000000089000000, 0x0000000089000000| Untracked 
| 145|0x0000000089100000, 0x00000000891c9f40, 0x0000000089200000| 78%| S|CS|TAMS 0x0000000089100000, 0x0000000089100000| Complete 
| 146|0x0000000089200000, 0x0000000089300000, 0x0000000089300000|100%| S|CS|TAMS 0x0000000089200000, 0x0000000089200000| Complete 
| 147|0x0000000089300000, 0x0000000089400000, 0x0000000089400000|100%| S|CS|TAMS 0x0000000089300000, 0x0000000089300000| Complete 
| 148|0x0000000089400000, 0x0000000089500000, 0x0000000089500000|100%| S|CS|TAMS 0x0000000089400000, 0x0000000089400000| Complete 
| 149|0x0000000089500000, 0x0000000089500000, 0x0000000089600000|  0%| F|  |TAMS 0x0000000089500000, 0x0000000089500000| Untracked 
| 150|0x0000000089600000, 0x0000000089600000, 0x0000000089700000|  0%| F|  |TAMS 0x0000000089600000, 0x0000000089600000| Untracked 
| 151|0x0000000089700000, 0x0000000089700000, 0x0000000089800000|  0%| F|  |TAMS 0x0000000089700000, 0x0000000089700000| Untracked 
| 152|0x0000000089800000, 0x0000000089800000, 0x0000000089900000|  0%| F|  |TAMS 0x0000000089800000, 0x0000000089800000| Untracked 
| 153|0x0000000089900000, 0x0000000089900000, 0x0000000089a00000|  0%| F|  |TAMS 0x0000000089900000, 0x0000000089900000| Untracked 
| 197|0x000000008c500000, 0x000000008c500000, 0x000000008c600000|  0%| F|  |TAMS 0x000000008c500000, 0x000000008c500000| Untracked 
| 198|0x000000008c600000, 0x000000008c600000, 0x000000008c700000|  0%| F|  |TAMS 0x000000008c600000, 0x000000008c600000| Untracked 
| 199|0x000000008c700000, 0x000000008c700000, 0x000000008c800000|  0%| F|  |TAMS 0x000000008c700000, 0x000000008c700000| Untracked 
| 200|0x000000008c800000, 0x000000008c800000, 0x000000008c900000|  0%| F|  |TAMS 0x000000008c800000, 0x000000008c800000| Untracked 
| 201|0x000000008c900000, 0x000000008c900000, 0x000000008ca00000|  0%| F|  |TAMS 0x000000008c900000, 0x000000008c900000| Untracked 
| 202|0x000000008ca00000, 0x000000008ca00000, 0x000000008cb00000|  0%| F|  |TAMS 0x000000008ca00000, 0x000000008ca00000| Untracked 
| 203|0x000000008cb00000, 0x000000008cb00000, 0x000000008cc00000|  0%| F|  |TAMS 0x000000008cb00000, 0x000000008cb00000| Untracked 
| 204|0x000000008cc00000, 0x000000008cc7a370, 0x000000008cd00000| 47%| E|  |TAMS 0x000000008cc00000, 0x000000008cc00000| Complete 
| 205|0x000000008cd00000, 0x000000008cdc13e8, 0x000000008ce00000| 75%| E|  |TAMS 0x000000008cd00000, 0x000000008cd00000| Complete 
| 247|0x000000008f700000, 0x000000008f800000, 0x000000008f800000|100%| E|CS|TAMS 0x000000008f700000, 0x000000008f700000| Complete 

Card table byte_map: [0x000001c836f50000,0x000001c837350000] _byte_map_base: 0x000001c836b50000

Marking Bits (Prev, Next): (CMBitMap*) 0x000001c823e5dd10, (CMBitMap*) 0x000001c823e5dcd0
 Prev Bits: [0x000001c839750000, 0x000001c83b750000)
 Next Bits: [0x000001c837750000, 0x000001c839750000)

Polling page: 0x000001c821d60000

Metaspace:

Usage:
  Non-class:     70.96 MB used.
      Class:     11.16 MB used.
       Both:     82.11 MB used.

Virtual space:
  Non-class space:       72.00 MB reserved,      71.31 MB (>99%) committed,  9 nodes.
      Class space:        1.00 GB reserved,      11.50 MB (  1%) committed,  1 nodes.
             Both:        1.07 GB reserved,      82.81 MB (  8%) committed. 

Chunk freelists:
   Non-Class:  640.00 KB
       Class:  496.00 KB
        Both:  1.11 MB

MaxMetaspaceSize: unlimited
CompressedClassSpaceSize: 1.00 GB
Initial GC threshold: 21.00 MB
Current GC threshold: 127.50 MB
CDS: off
MetaspaceReclaimPolicy: balanced
 - commit_granule_bytes: 65536.
 - commit_granule_words: 8192.
 - virtual_space_node_default_size: 1048576.
 - enlarge_chunks_in_place: 1.
 - new_chunks_are_fully_committed: 0.
 - uncommit_free_chunks: 1.
 - use_allocation_guard: 0.
 - handle_deallocations: 1.


Internal statistics:

num_allocs_failed_limit: 3.
num_arena_births: 856.
num_arena_deaths: 0.
num_vsnodes_births: 10.
num_vsnodes_deaths: 0.
num_space_committed: 1325.
num_space_uncommitted: 0.
num_chunks_returned_to_freelist: 3.
num_chunks_taken_from_freelist: 3835.
num_chunk_merges: 3.
num_chunk_splits: 2578.
num_chunks_enlarged: 1797.
num_purges: 0.
num_inconsistent_stats: 0.

CodeHeap 'non-profiled nmethods': size=119168Kb used=4590Kb max_used=4590Kb free=114577Kb
 bounds [0x000001c82ee60000, 0x000001c82f2e0000, 0x000001c8362c0000]
CodeHeap 'profiled nmethods': size=119104Kb used=17162Kb max_used=17162Kb free=101941Kb
 bounds [0x000001c8272c0000, 0x000001c828390000, 0x000001c82e710000]
CodeHeap 'non-nmethods': size=7488Kb used=4071Kb max_used=4128Kb free=3416Kb
 bounds [0x000001c82e710000, 0x000001c82eb20000, 0x000001c82ee60000]
 total_blobs=9443 nmethods=8523 adapters=827
 compilation: enabled
              stopped_count=0, restarted_count=0
 full_count=0

Compilation events (20 events):
Event: 13.125 Thread 0x000001c8438df440 9240       1       java.util.concurrent.locks.ReentrantReadWriteLock::writeLock (5 bytes)
Event: 13.126 Thread 0x000001c8438df440 nmethod 9240 0x000001c82f2d8710 code [0x000001c82f2d88a0, 0x000001c82f2d8978]
Event: 13.129 Thread 0x000001c8438df440 9241       3       org.gradle.internal.serialize.kryo.KryoBackedEncoder::writeSmallInt (11 bytes)
Event: 13.129 Thread 0x000001c8438df440 nmethod 9241 0x000001c828380610 code [0x000001c8283807c0, 0x000001c828380988]
Event: 13.140 Thread 0x000001c8438df440 9242       3       java.lang.AbstractStringBuilder::append (55 bytes)
Event: 13.140 Thread 0x000001c8438df440 nmethod 9242 0x000001c828380a90 code [0x000001c828380c60, 0x000001c828380f98]
Event: 13.140 Thread 0x000001c845fae260 nmethod 9198 0x000001c82f2d8a10 code [0x000001c82f2d8c60, 0x000001c82f2da4b0]
Event: 13.141 Thread 0x000001c845fae260 9227       4       java.util.Collections$UnmodifiableCollection::<init> (22 bytes)
Event: 13.141 Thread 0x000001c845fae260 nmethod 9227 0x000001c82f2db390 code [0x000001c82f2db500, 0x000001c82f2db658]
Event: 13.141 Thread 0x000001c845fae260 9235       4       org.gradle.internal.Actions$NullAction::execute (1 bytes)
Event: 13.142 Thread 0x000001c845fae260 nmethod 9235 0x000001c82f2db710 code [0x000001c82f2db880, 0x000001c82f2db8f8]
Event: 13.142 Thread 0x000001c845fae260 9127       4       org.gradle.internal.serialize.kryo.StringDeduplicatingKryoBackedEncoder::writeString (20 bytes)
Event: 13.147 Thread 0x000001c83e7e8540 9243       3       java.lang.Integer::getChars (131 bytes)
Event: 13.147 Thread 0x000001c83e7e8540 nmethod 9243 0x000001c828381110 code [0x000001c8283812e0, 0x000001c828381718]
Event: 13.148 Thread 0x000001c83e7e8540 9244       3       java.lang.Integer::stringSize (47 bytes)
Event: 13.148 Thread 0x000001c83e7e8540 nmethod 9244 0x000001c828381990 code [0x000001c828381b40, 0x000001c828381d98]
Event: 13.160 Thread 0x000001c8438e0d90 9246   !   3       java.security.AccessController::doPrivileged (22 bytes)
Event: 13.161 Thread 0x000001c8438e0d90 nmethod 9246 0x000001c828381e90 code [0x000001c828382080, 0x000001c8283824e8]
Event: 13.223 Thread 0x000001c8438e0d90 9247       3       sun.net.www.protocol.jar.JarURLConnection::getUseCaches (8 bytes)
Event: 13.223 Thread 0x000001c8438e0d90 nmethod 9247 0x000001c828382710 code [0x000001c8283828c0, 0x000001c828382a88]

GC Heap History (20 events):
Event: 9.895 GC heap before
{Heap before GC invocations=28 (full 0):
 garbage-first heap   total 149504K, used 82488K [0x0000000080000000, 0x0000000100000000)
  region size 1024K, 11 young (11264K), 5 survivors (5120K)
 Metaspace       used 57107K, committed 57728K, reserved 1105920K
  class space    used 7648K, committed 7936K, reserved 1048576K
}
Event: 9.898 GC heap after
{Heap after GC invocations=29 (full 0):
 garbage-first heap   total 149504K, used 81054K [0x0000000080000000, 0x0000000100000000)
  region size 1024K, 5 young (5120K), 5 survivors (5120K)
 Metaspace       used 57107K, committed 57728K, reserved 1105920K
  class space    used 7648K, committed 7936K, reserved 1048576K
}
Event: 10.242 GC heap before
{Heap before GC invocations=30 (full 0):
 garbage-first heap   total 149504K, used 107678K [0x0000000080000000, 0x0000000100000000)
  region size 1024K, 30 young (30720K), 5 survivors (5120K)
 Metaspace       used 60228K, committed 60864K, reserved 1105920K
  class space    used 8079K, committed 8384K, reserved 1048576K
}
Event: 10.244 GC heap after
{Heap after GC invocations=31 (full 0):
 garbage-first heap   total 149504K, used 83141K [0x0000000080000000, 0x0000000100000000)
  region size 1024K, 3 young (3072K), 3 survivors (3072K)
 Metaspace       used 60228K, committed 60864K, reserved 1105920K
  class space    used 8079K, committed 8384K, reserved 1048576K
}
Event: 10.760 GC heap before
{Heap before GC invocations=31 (full 0):
 garbage-first heap   total 149504K, used 108741K [0x0000000080000000, 0x0000000100000000)
  region size 1024K, 29 young (29696K), 3 survivors (3072K)
 Metaspace       used 65022K, committed 65728K, reserved 1105920K
  class space    used 8684K, committed 9024K, reserved 1048576K
}
Event: 10.763 GC heap after
{Heap after GC invocations=32 (full 0):
 garbage-first heap   total 149504K, used 84321K [0x0000000080000000, 0x0000000100000000)
  region size 1024K, 4 young (4096K), 4 survivors (4096K)
 Metaspace       used 65022K, committed 65728K, reserved 1105920K
  class space    used 8684K, committed 9024K, reserved 1048576K
}
Event: 10.925 GC heap before
{Heap before GC invocations=33 (full 0):
 garbage-first heap   total 149504K, used 92513K [0x0000000080000000, 0x0000000100000000)
  region size 1024K, 13 young (13312K), 4 survivors (4096K)
 Metaspace       used 66874K, committed 67584K, reserved 1114112K
  class space    used 8909K, committed 9216K, reserved 1048576K
}
Event: 10.928 GC heap after
{Heap after GC invocations=34 (full 0):
 garbage-first heap   total 149504K, used 85792K [0x0000000080000000, 0x0000000100000000)
  region size 1024K, 3 young (3072K), 3 survivors (3072K)
 Metaspace       used 66874K, committed 67584K, reserved 1114112K
  class space    used 8909K, committed 9216K, reserved 1048576K
}
Event: 11.182 GC heap before
{Heap before GC invocations=35 (full 0):
 garbage-first heap   total 167936K, used 120608K [0x0000000080000000, 0x0000000100000000)
  region size 1024K, 31 young (31744K), 3 survivors (3072K)
 Metaspace       used 68729K, committed 69440K, reserved 1114112K
  class space    used 9156K, committed 9472K, reserved 1048576K
}
Event: 11.185 GC heap after
{Heap after GC invocations=36 (full 0):
 garbage-first heap   total 167936K, used 88343K [0x0000000080000000, 0x0000000100000000)
  region size 1024K, 4 young (4096K), 4 survivors (4096K)
 Metaspace       used 68729K, committed 69440K, reserved 1114112K
  class space    used 9156K, committed 9472K, reserved 1048576K
}
Event: 11.684 GC heap before
{Heap before GC invocations=36 (full 0):
 garbage-first heap   total 167936K, used 125207K [0x0000000080000000, 0x0000000100000000)
  region size 1024K, 40 young (40960K), 4 survivors (4096K)
 Metaspace       used 72896K, committed 73536K, reserved 1114112K
  class space    used 9733K, committed 10048K, reserved 1048576K
}
Event: 11.687 GC heap after
{Heap after GC invocations=37 (full 0):
 garbage-first heap   total 167936K, used 90524K [0x0000000080000000, 0x0000000100000000)
  region size 1024K, 3 young (3072K), 3 survivors (3072K)
 Metaspace       used 72896K, committed 73536K, reserved 1114112K
  class space    used 9733K, committed 10048K, reserved 1048576K
}
Event: 12.180 GC heap before
{Heap before GC invocations=38 (full 0):
 garbage-first heap   total 167936K, used 126364K [0x0000000080000000, 0x0000000100000000)
  region size 1024K, 39 young (39936K), 3 survivors (3072K)
 Metaspace       used 76491K, committed 77184K, reserved 1122304K
  class space    used 10184K, committed 10496K, reserved 1048576K
}
Event: 12.183 GC heap after
{Heap after GC invocations=39 (full 0):
 garbage-first heap   total 167936K, used 93289K [0x0000000080000000, 0x0000000100000000)
  region size 1024K, 5 young (5120K), 5 survivors (5120K)
 Metaspace       used 76491K, committed 77184K, reserved 1122304K
  class space    used 10184K, committed 10496K, reserved 1048576K
}
Event: 12.315 GC heap before
{Heap before GC invocations=39 (full 0):
 garbage-first heap   total 167936K, used 102505K [0x0000000080000000, 0x0000000100000000)
  region size 1024K, 15 young (15360K), 5 survivors (5120K)
 Metaspace       used 77499K, committed 78144K, reserved 1122304K
  class space    used 10337K, committed 10624K, reserved 1048576K
}
Event: 12.318 GC heap after
{Heap after GC invocations=40 (full 0):
 garbage-first heap   total 167936K, used 93862K [0x0000000080000000, 0x0000000100000000)
  region size 1024K, 4 young (4096K), 4 survivors (4096K)
 Metaspace       used 77499K, committed 78144K, reserved 1122304K
  class space    used 10337K, committed 10624K, reserved 1048576K
}
Event: 12.934 GC heap before
{Heap before GC invocations=41 (full 0):
 garbage-first heap   total 167936K, used 133798K [0x0000000080000000, 0x0000000100000000)
  region size 1024K, 42 young (43008K), 4 survivors (4096K)
 Metaspace       used 82098K, committed 82752K, reserved 1122304K
  class space    used 11164K, committed 11456K, reserved 1048576K
}
Event: 12.939 GC heap after
{Heap after GC invocations=42 (full 0):
 garbage-first heap   total 167936K, used 95843K [0x0000000080000000, 0x0000000100000000)
  region size 1024K, 3 young (3072K), 3 survivors (3072K)
 Metaspace       used 82098K, committed 82752K, reserved 1122304K
  class space    used 11164K, committed 11456K, reserved 1048576K
}
Event: 13.195 GC heap before
{Heap before GC invocations=42 (full 0):
 garbage-first heap   total 167936K, used 110179K [0x0000000080000000, 0x0000000100000000)
  region size 1024K, 18 young (18432K), 3 survivors (3072K)
 Metaspace       used 84084K, committed 84800K, reserved 1122304K
  class space    used 11426K, committed 11776K, reserved 1048576K
}
Event: 13.198 GC heap after
{Heap after GC invocations=43 (full 0):
 garbage-first heap   total 167936K, used 96865K [0x0000000080000000, 0x0000000100000000)
  region size 1024K, 4 young (4096K), 4 survivors (4096K)
 Metaspace       used 84084K, committed 84800K, reserved 1122304K
  class space    used 11426K, committed 11776K, reserved 1048576K
}

Dll operation events (2 events):
Event: 0.011 Loaded shared library D:\Android\Android Studio\jbr\bin\java.dll
Event: 0.407 Loaded shared library D:\Android\Android Studio\jbr\bin\verify.dll

Deoptimization events (20 events):
Event: 13.109 Thread 0x000001c841809510 Uncommon trap: trap_request=0xffffff45 fr.pc=0x000001c82f24ba70 relative=0x0000000000000070
Event: 13.109 Thread 0x000001c841809510 Uncommon trap: reason=unstable_if action=reinterpret pc=0x000001c82f24ba70 method=com.google.common.cache.LocalCache.isExpired(Lcom/google/common/cache/ReferenceEntry;J)Z @ 9 c2
Event: 13.109 Thread 0x000001c841809510 DEOPT PACKING pc=0x000001c82f24ba70 sp=0x00000031798f88e0
Event: 13.109 Thread 0x000001c841809510 DEOPT UNPACKING pc=0x000001c82e7669a3 sp=0x00000031798f8870 mode 2
Event: 13.126 Thread 0x000001c841809510 Uncommon trap: trap_request=0xffffff45 fr.pc=0x000001c82ef844e4 relative=0x00000000000007a4
Event: 13.126 Thread 0x000001c841809510 Uncommon trap: reason=unstable_if action=reinterpret pc=0x000001c82ef844e4 method=java.lang.Integer.stringSize(I)I @ 3 c2
Event: 13.126 Thread 0x000001c841809510 DEOPT PACKING pc=0x000001c82ef844e4 sp=0x00000031798fc770
Event: 13.126 Thread 0x000001c841809510 DEOPT UNPACKING pc=0x000001c82e7669a3 sp=0x00000031798fc6c0 mode 2
Event: 13.126 Thread 0x000001c841809510 Uncommon trap: trap_request=0xffffff45 fr.pc=0x000001c82ef8552c relative=0x000000000000028c
Event: 13.126 Thread 0x000001c841809510 Uncommon trap: reason=unstable_if action=reinterpret pc=0x000001c82ef8552c method=java.lang.Integer.getChars(II[B)I @ 4 c2
Event: 13.126 Thread 0x000001c841809510 DEOPT PACKING pc=0x000001c82ef8552c sp=0x00000031798fc710
Event: 13.126 Thread 0x000001c841809510 DEOPT UNPACKING pc=0x000001c82e7669a3 sp=0x00000031798fc6a0 mode 2
Event: 13.128 Thread 0x000001c841809510 Uncommon trap: trap_request=0xffffff45 fr.pc=0x000001c82ef85018 relative=0x0000000000000098
Event: 13.128 Thread 0x000001c841809510 Uncommon trap: reason=unstable_if action=reinterpret pc=0x000001c82ef85018 method=java.lang.Integer.stringSize(I)I @ 3 c2
Event: 13.128 Thread 0x000001c841809510 DEOPT PACKING pc=0x000001c82ef85018 sp=0x00000031798fc680
Event: 13.128 Thread 0x000001c841809510 DEOPT UNPACKING pc=0x000001c82e7669a3 sp=0x00000031798fc608 mode 2
Event: 13.158 Thread 0x000001c841809510 Uncommon trap: trap_request=0xffffff45 fr.pc=0x000001c82efbb210 relative=0x00000000000005f0
Event: 13.158 Thread 0x000001c841809510 Uncommon trap: reason=unstable_if action=reinterpret pc=0x000001c82efbb210 method=jdk.internal.org.objectweb.asm.Frame.getAbstractTypeFromDescriptor(Ljdk/internal/org/objectweb/asm/SymbolTable;Ljava/lang/String;I)I @ 189 c2
Event: 13.158 Thread 0x000001c841809510 DEOPT PACKING pc=0x000001c82efbb210 sp=0x00000031798fbdd0
Event: 13.158 Thread 0x000001c841809510 DEOPT UNPACKING pc=0x000001c82e7669a3 sp=0x00000031798fbd90 mode 2

Classes unloaded (0 events):
No events

Classes redefined (0 events):
No events

Internal exceptions (20 events):
Event: 9.427 Thread 0x000001c841809510 Implicit null exception at 0x000001c82efd5e6f to 0x000001c82efd60b0
Event: 9.774 Thread 0x000001c841809510 Implicit null exception at 0x000001c82efd338f to 0x000001c82efd3a98
Event: 10.040 Thread 0x000001c841809510 Exception <a 'java/lang/NoSuchMethodError'{0x00000000887dcef8}: 'java.lang.Object java.lang.invoke.DirectMethodHandle$Holder.newInvokeSpecial(java.lang.Object, java.lang.Object, java.lang.Object, java.lang.Object, int)'> (0x00000000887dcef8) 
thrown [s\src\hotspot\share\interpreter\linkResolver.cpp, line 771]
Event: 10.041 Thread 0x000001c841809510 Exception <a 'java/lang/NoSuchMethodError'{0x00000000887e2340}: 'java.lang.Object java.lang.invoke.DirectMethodHandle$Holder.invokeSpecial(java.lang.Object, java.lang.Object, java.lang.Object, java.lang.Object, java.lang.Object, int)'> (0x00000000887e2340) 
thrown [s\src\hotspot\share\interpreter\linkResolver.cpp, line 771]
Event: 10.041 Thread 0x000001c841809510 Exception <a 'java/lang/NoSuchMethodError'{0x00000000887e70c0}: 'java.lang.Object java.lang.invoke.Invokers$Holder.linkToTargetMethod(java.lang.Object, java.lang.Object, java.lang.Object, int, java.lang.Object)'> (0x00000000887e70c0) 
thrown [s\src\hotspot\share\interpreter\linkResolver.cpp, line 771]
Event: 10.216 Thread 0x000001c841809510 Exception <a 'java/lang/NoSuchMethodError'{0x0000000087552550}: 'int java.lang.invoke.DirectMethodHandle$Holder.invokeInterface(java.lang.Object, java.lang.Object, java.lang.Object, java.lang.Object)'> (0x0000000087552550) 
thrown [s\src\hotspot\share\interpreter\linkResolver.cpp, line 771]
Event: 10.641 Thread 0x000001c841809510 Exception <a 'java/lang/IncompatibleClassChangeError'{0x0000000087b25e40}: Found class java.lang.Object, but interface was expected> (0x0000000087b25e40) 
thrown [s\src\hotspot\share\interpreter\linkResolver.cpp, line 838]
Event: 10.709 Thread 0x000001c841809510 Implicit null exception at 0x000001c82f0d0c54 to 0x000001c82f0d0dfc
Event: 10.709 Thread 0x000001c841809510 Implicit null exception at 0x000001c82f0cf3f9 to 0x000001c82f0cfb2c
Event: 10.883 Thread 0x000001c841809510 Implicit null exception at 0x000001c82f07a80c to 0x000001c82f07a93e
Event: 10.989 Thread 0x000001c841809510 Exception <a 'sun/nio/fs/WindowsException'{0x00000000897c8ea0}> (0x00000000897c8ea0) 
thrown [s\src\hotspot\share\prims\jni.cpp, line 517]
Event: 11.411 Thread 0x000001c841809510 Implicit null exception at 0x000001c82f1fa248 to 0x000001c82f1fa308
Event: 12.719 Thread 0x000001c841809510 Exception <a 'java/lang/NoSuchMethodError'{0x00000000887fbc70}: 'int java.lang.invoke.DirectMethodHandle$Holder.invokeSpecialIFC(java.lang.Object, java.lang.Object, java.lang.Object, java.lang.Object, java.lang.Object)'> (0x00000000887fbc70) 
thrown [s\src\hotspot\share\interpreter\linkResolver.cpp, line 771]
Event: 12.944 Thread 0x000001c841809510 Exception <a 'java/lang/ClassNotFoundException'{0x000000008f74d978}: com/android/build/gradle/internal/api/ApkVariantOutputImpl_DecoratedBeanInfo> (0x000000008f74d978) 
thrown [s\src\hotspot\share\classfile\systemDictionary.cpp, line 256]
Event: 12.944 Thread 0x000001c841809510 Exception <a 'java/lang/ClassNotFoundException'{0x000000008f75b358}: com/android/build/gradle/internal/api/ApkVariantOutputImplBeanInfo> (0x000000008f75b358) 
thrown [s\src\hotspot\share\classfile\systemDictionary.cpp, line 256]
Event: 12.945 Thread 0x000001c841809510 Exception <a 'java/lang/ClassNotFoundException'{0x000000008f768d48}: com/android/build/gradle/internal/api/BaseVariantOutputImplBeanInfo> (0x000000008f768d48) 
thrown [s\src\hotspot\share\classfile\systemDictionary.cpp, line 256]
Event: 12.945 Thread 0x000001c841809510 Exception <a 'java/lang/ClassNotFoundException'{0x000000008f776710}: com/android/build/gradle/internal/api/BaseVariantOutputImplCustomizer> (0x000000008f776710) 
thrown [s\src\hotspot\share\classfile\systemDictionary.cpp, line 256]
Event: 12.947 Thread 0x000001c841809510 Exception <a 'java/lang/ClassNotFoundException'{0x000000008f797ca0}: com/android/build/gradle/internal/api/ApkVariantOutputImplCustomizer> (0x000000008f797ca0) 
thrown [s\src\hotspot\share\classfile\systemDictionary.cpp, line 256]
Event: 12.948 Thread 0x000001c841809510 Exception <a 'java/lang/ClassNotFoundException'{0x000000008f7b35b0}: com/android/build/gradle/internal/api/ApkVariantOutputImpl_DecoratedCustomizer> (0x000000008f7b35b0) 
thrown [s\src\hotspot\share\classfile\systemDictionary.cpp, line 256]
Event: 12.959 Thread 0x000001c841809510 Exception <a 'java/lang/NoClassDefFoundError'{0x000000008cd997d0}: org/jetbrains/kotlin/gradle/plugin/KotlinBasePluginWrapper> (0x000000008cd997d0) 
thrown [s\src\hotspot\share\classfile\systemDictionary.cpp, line 245]

VM Operations (20 events):
Event: 12.183 Executing VM operation: G1CollectForAllocation done
Event: 12.279 Executing VM operation: HandshakeAllThreads
Event: 12.279 Executing VM operation: HandshakeAllThreads done
Event: 12.281 Executing VM operation: HandshakeAllThreads
Event: 12.281 Executing VM operation: HandshakeAllThreads done
Event: 12.315 Executing VM operation: G1TryInitiateConcMark
Event: 12.318 Executing VM operation: G1TryInitiateConcMark done
Event: 12.341 Executing VM operation: G1Concurrent
Event: 12.344 Executing VM operation: G1Concurrent done
Event: 12.355 Executing VM operation: G1Concurrent
Event: 12.356 Executing VM operation: G1Concurrent done
Event: 12.934 Executing VM operation: G1CollectForAllocation
Event: 12.939 Executing VM operation: G1CollectForAllocation done
Event: 13.011 Executing VM operation: HandshakeAllThreads
Event: 13.012 Executing VM operation: HandshakeAllThreads done
Event: 13.092 Executing VM operation: ICBufferFull
Event: 13.092 Executing VM operation: ICBufferFull done
Event: 13.195 Executing VM operation: G1TryInitiateConcMark
Event: 13.198 Executing VM operation: G1TryInitiateConcMark done
Event: 13.229 Executing VM operation: G1Concurrent

Events (20 events):
Event: 12.002 loading class jdk/internal/loader/URLClassPath$FileLoader
Event: 12.002 loading class jdk/internal/loader/URLClassPath$FileLoader done
Event: 12.004 loading class jdk/internal/loader/URLClassPath$FileLoader$1
Event: 12.004 loading class jdk/internal/loader/URLClassPath$FileLoader$1 done
Event: 12.268 loading class java/util/concurrent/LinkedBlockingDeque$Itr
Event: 12.268 loading class java/util/concurrent/LinkedBlockingDeque$AbstractItr
Event: 12.268 loading class java/util/concurrent/LinkedBlockingDeque$AbstractItr done
Event: 12.268 loading class java/util/concurrent/LinkedBlockingDeque$Itr done
Event: 12.325 loading class sun/reflect/generics/repository/FieldRepository
Event: 12.325 loading class sun/reflect/generics/repository/FieldRepository done
Event: 12.395 loading class java/util/regex/Pattern$Caret
Event: 12.395 loading class java/util/regex/Pattern$Caret done
Event: 13.012 loading class java/util/Stack
Event: 13.013 loading class java/util/Stack done
Event: 13.043 loading class java/lang/AbstractMethodError
Event: 13.043 loading class java/lang/AbstractMethodError done
Event: 13.058 Thread 0x000001c8438e0370 Thread exited: 0x000001c8438e0370
Event: 13.107 Thread 0x000001c845fae260 Thread added: 0x000001c845fae260
Event: 13.134 loading class java/io/NotSerializableException
Event: 13.134 loading class java/io/NotSerializableException done


Dynamic libraries:
0x00007ff606a50000 - 0x00007ff606a5a000 	D:\Android\Android Studio\jbr\bin\java.exe
0x00007ffd61450000 - 0x00007ffd61667000 	C:\WINDOWS\SYSTEM32\ntdll.dll
0x00007ffd60330000 - 0x00007ffd603f4000 	C:\WINDOWS\System32\KERNEL32.DLL
0x00007ffd5e7a0000 - 0x00007ffd5eb46000 	C:\WINDOWS\System32\KERNELBASE.dll
0x00007ffd5f060000 - 0x00007ffd5f171000 	C:\WINDOWS\System32\ucrtbase.dll
0x00007ffd4c3a0000 - 0x00007ffd4c3b7000 	D:\Android\Android Studio\jbr\bin\jli.dll
0x00007ffd4b250000 - 0x00007ffd4b26b000 	D:\Android\Android Studio\jbr\bin\VCRUNTIME140.dll
0x00007ffd5f350000 - 0x00007ffd5f4fd000 	C:\WINDOWS\System32\USER32.dll
0x00007ffd5efb0000 - 0x00007ffd5efd6000 	C:\WINDOWS\System32\win32u.dll
0x00007ffd604f0000 - 0x00007ffd60519000 	C:\WINDOWS\System32\GDI32.dll
0x00007ffd5ebc0000 - 0x00007ffd5ecd8000 	C:\WINDOWS\System32\gdi32full.dll
0x00007ffd5ece0000 - 0x00007ffd5ed7a000 	C:\WINDOWS\System32\msvcp_win.dll
0x00007ffd4d200000 - 0x00007ffd4d493000 	C:\WINDOWS\WinSxS\amd64_microsoft.windows.common-controls_6595b64144ccf1df_6.0.22621.2361_none_2712ced57382f843\COMCTL32.dll
0x00007ffd60170000 - 0x00007ffd60217000 	C:\WINDOWS\System32\msvcrt.dll
0x00007ffd60130000 - 0x00007ffd60161000 	C:\WINDOWS\System32\IMM32.DLL
0x00007ffd48120000 - 0x00007ffd4812c000 	D:\Android\Android Studio\jbr\bin\vcruntime140_1.dll
0x00007ffd29fc0000 - 0x00007ffd2a04d000 	D:\Android\Android Studio\jbr\bin\msvcp140.dll
0x00007ffd09740000 - 0x00007ffd0a3ae000 	D:\Android\Android Studio\jbr\bin\server\jvm.dll
0x00007ffd5f510000 - 0x00007ffd5f5c0000 	C:\WINDOWS\System32\ADVAPI32.dll
0x00007ffd5fa40000 - 0x00007ffd5fae6000 	C:\WINDOWS\System32\sechost.dll
0x00007ffd60530000 - 0x00007ffd60647000 	C:\WINDOWS\System32\RPCRT4.dll
0x00007ffd53060000 - 0x00007ffd53094000 	C:\WINDOWS\SYSTEM32\WINMM.dll
0x00007ffd57390000 - 0x00007ffd5739a000 	C:\WINDOWS\SYSTEM32\VERSION.dll
0x00007ffd5af20000 - 0x00007ffd5af29000 	C:\WINDOWS\SYSTEM32\WSOCK32.dll
0x00007ffd5f180000 - 0x00007ffd5f1f1000 	C:\WINDOWS\System32\WS2_32.dll
0x00007ffd5d7e0000 - 0x00007ffd5d7f8000 	C:\WINDOWS\SYSTEM32\kernel.appcore.dll
0x00007ffd59b60000 - 0x00007ffd59b6a000 	D:\Android\Android Studio\jbr\bin\jimage.dll
0x00007ffd5bb50000 - 0x00007ffd5bd7e000 	C:\WINDOWS\SYSTEM32\DBGHELP.DLL
0x00007ffd5fb80000 - 0x00007ffd5ff0a000 	C:\WINDOWS\System32\combase.dll
0x00007ffd5ff80000 - 0x00007ffd60057000 	C:\WINDOWS\System32\OLEAUT32.dll
0x00007ffd3a360000 - 0x00007ffd3a392000 	C:\WINDOWS\SYSTEM32\dbgcore.DLL
0x00007ffd5efe0000 - 0x00007ffd5f05a000 	C:\WINDOWS\System32\bcryptPrimitives.dll
0x00007ffd4d730000 - 0x00007ffd4d755000 	D:\Android\Android Studio\jbr\bin\java.dll
0x00007ffd55550000 - 0x00007ffd55568000 	D:\Android\Android Studio\jbr\bin\zip.dll
0x00007ffd609c0000 - 0x00007ffd61218000 	C:\WINDOWS\System32\SHELL32.dll
0x00007ffd5c700000 - 0x00007ffd5cff2000 	C:\WINDOWS\SYSTEM32\windows.storage.dll
0x00007ffd5c5c0000 - 0x00007ffd5c6fe000 	C:\WINDOWS\SYSTEM32\wintypes.dll
0x00007ffd60700000 - 0x00007ffd607f3000 	C:\WINDOWS\System32\SHCORE.dll
0x00007ffd60410000 - 0x00007ffd6046e000 	C:\WINDOWS\System32\shlwapi.dll
0x00007ffd5e6d0000 - 0x00007ffd5e6f6000 	C:\WINDOWS\SYSTEM32\profapi.dll
0x00007ffd4d6d0000 - 0x00007ffd4d6e9000 	D:\Android\Android Studio\jbr\bin\net.dll
0x00007ffd58720000 - 0x00007ffd58857000 	C:\WINDOWS\SYSTEM32\WINHTTP.dll
0x00007ffd5dc60000 - 0x00007ffd5dcc9000 	C:\WINDOWS\system32\mswsock.dll
0x00007ffd4c400000 - 0x00007ffd4c416000 	D:\Android\Android Studio\jbr\bin\nio.dll
0x00007ffd59730000 - 0x00007ffd59740000 	D:\Android\Android Studio\jbr\bin\verify.dll
0x00007ffd4bee0000 - 0x00007ffd4bf07000 	C:\Users\ASUS\.gradle\native\68d5fa5c4cc2d200863cafc0d521ce42e7d3e7ee720ec0a83991735586a16f82\windows-amd64\native-platform.dll
0x00007ffd25e70000 - 0x00007ffd25fb4000 	C:\Users\ASUS\.gradle\native\e376f236ea51e6404a007f0833ffe2c6e607c4080706a723a18a27aeea778392\windows-amd64\native-platform-file-events.dll
0x00007ffd553c0000 - 0x00007ffd553c9000 	D:\Android\Android Studio\jbr\bin\management.dll
0x00007ffd54360000 - 0x00007ffd5436b000 	D:\Android\Android Studio\jbr\bin\management_ext.dll
0x00007ffd5f500000 - 0x00007ffd5f508000 	C:\WINDOWS\System32\PSAPI.DLL
0x00007ffd5deb0000 - 0x00007ffd5decb000 	C:\WINDOWS\SYSTEM32\CRYPTSP.dll
0x00007ffd5d740000 - 0x00007ffd5d775000 	C:\WINDOWS\system32\rsaenh.dll
0x00007ffd5dd50000 - 0x00007ffd5dd7c000 	C:\WINDOWS\SYSTEM32\USERENV.dll
0x00007ffd5e0c0000 - 0x00007ffd5e0e8000 	C:\WINDOWS\SYSTEM32\bcrypt.dll
0x00007ffd5ded0000 - 0x00007ffd5dedc000 	C:\WINDOWS\SYSTEM32\CRYPTBASE.dll
0x00007ffd5d250000 - 0x00007ffd5d27d000 	C:\WINDOWS\SYSTEM32\IPHLPAPI.DLL
0x00007ffd60320000 - 0x00007ffd60329000 	C:\WINDOWS\System32\NSI.dll
0x00007ffd57920000 - 0x00007ffd57939000 	C:\WINDOWS\SYSTEM32\dhcpcsvc6.DLL
0x00007ffd57420000 - 0x00007ffd5743f000 	C:\WINDOWS\SYSTEM32\dhcpcsvc.DLL
0x00007ffd5d280000 - 0x00007ffd5d379000 	C:\WINDOWS\SYSTEM32\DNSAPI.dll
0x00007ffd3aef0000 - 0x00007ffd3aef8000 	C:\WINDOWS\system32\wshunix.dll

dbghelp: loaded successfully - version: 4.0.5 - missing functions: none
symbol engine: initialized successfully - sym options: 0x614 - pdb path: .;D:\Android\Android Studio\jbr\bin;C:\WINDOWS\SYSTEM32;C:\WINDOWS\WinSxS\amd64_microsoft.windows.common-controls_6595b64144ccf1df_6.0.22621.2361_none_2712ced57382f843;D:\Android\Android Studio\jbr\bin\server;C:\Users\ASUS\.gradle\native\68d5fa5c4cc2d200863cafc0d521ce42e7d3e7ee720ec0a83991735586a16f82\windows-amd64;C:\Users\ASUS\.gradle\native\e376f236ea51e6404a007f0833ffe2c6e607c4080706a723a18a27aeea778392\windows-amd64

VM Arguments:
jvm_args: --add-opens=java.base/java.util=ALL-UNNAMED --add-opens=java.base/java.lang=ALL-UNNAMED --add-opens=java.base/java.lang.invoke=ALL-UNNAMED --add-opens=java.prefs/java.util.prefs=ALL-UNNAMED --add-opens=java.base/java.nio.charset=ALL-UNNAMED --add-opens=java.base/java.net=ALL-UNNAMED --add-opens=java.base/java.util.concurrent.atomic=ALL-UNNAMED -Xmx2048m -Dfile.encoding=UTF-8 -Duser.country=US -Duser.language=en -Duser.variant 
java_command: org.gradle.launcher.daemon.bootstrap.GradleDaemon 8.0
java_class_path (initial): C:\Users\ASUS\.gradle\wrapper\dists\gradle-8.0-bin\ca5e32bp14vu59qr306oxotwh\gradle-8.0\lib\gradle-launcher-8.0.jar
Launcher Type: SUN_STANDARD

[Global flags]
     intx CICompilerCount                          = 12                                        {product} {ergonomic}
     uint ConcGCThreads                            = 3                                         {product} {ergonomic}
     uint G1ConcRefinementThreads                  = 13                                        {product} {ergonomic}
   size_t G1HeapRegionSize                         = 1048576                                   {product} {ergonomic}
    uintx GCDrainStackTargetSize                   = 64                                        {product} {ergonomic}
   size_t InitialHeapSize                          = 260046848                                 {product} {ergonomic}
   size_t MarkStackSize                            = 4194304                                   {product} {ergonomic}
   size_t MaxHeapSize                              = 2147483648                                {product} {command line}
   size_t MaxNewSize                               = 1287651328                                {product} {ergonomic}
   size_t MinHeapDeltaBytes                        = 1048576                                   {product} {ergonomic}
   size_t MinHeapSize                              = 8388608                                   {product} {ergonomic}
    uintx NonNMethodCodeHeapSize                   = 7602480                                {pd product} {ergonomic}
    uintx NonProfiledCodeHeapSize                  = 122027880                              {pd product} {ergonomic}
    uintx ProfiledCodeHeapSize                     = 122027880                              {pd product} {ergonomic}
    uintx ReservedCodeCacheSize                    = 251658240                              {pd product} {ergonomic}
     bool SegmentedCodeCache                       = true                                      {product} {ergonomic}
   size_t SoftMaxHeapSize                          = 2147483648                             {manageable} {ergonomic}
     bool UseCompressedClassPointers               = true                           {product lp64_product} {ergonomic}
     bool UseCompressedOops                        = true                           {product lp64_product} {ergonomic}
     bool UseG1GC                                  = true                                      {product} {ergonomic}
     bool UseLargePagesIndividualAllocation        = false                                  {pd product} {ergonomic}

Logging:
Log output configuration:
 #0: stdout all=warning uptime,level,tags
 #1: stderr all=off uptime,level,tags

Environment Variables:
PATH=C:\Program Files\Common Files\Oracle\Java\javapath;C:\Program Files (x86)\Common Files\Oracle\Java\javapath;C:\Program Files\ImageMagick-7.1.1-Q16-HDRI;C:\Windows\system32;C:\Windows;C:\Windows\System32\Wbem;C:\Windows\System32\WindowsPowerShell\v1.0\;C:\Windows\System32\OpenSSH\;C:\Program Files (x86)\NVIDIA Corporation\PhysX\Common;C:\msys64\mingw64\bin;C:\Program Files\dotnet\;C:\Program Files\NVIDIA Corporation\NVIDIA NvDLISR;C:\WINDOWS\system32;C:\WINDOWS;C:\WINDOWS\System32\Wbem;C:\WINDOWS\System32\WindowsPowerShell\v1.0\;C:\WINDOWS\System32\OpenSSH\;C:\Program Files (x86)\dotnet\;C:\Program Files\nodejs\;C:\Program Files\Java\jdk-20\bin;C:\Program Files (x86)\Java\jre-1.8\bin;C:\Program Files (x86)\Microsoft SQL Server\160\DTS\Binn\;C:\Program Files\Azure Data Studio\bin;C:\Program Files\Microsoft SQL Server\150\Tools\Binn\;C:\Program Files\Microsoft SQL Server\MSSQL16.MSSQLSGVT\MSSQL\Binn;C:\Program Files (x86)\Microsoft SQL Server\160\Tools\Binn\;C:\Program Files\Microsoft SQL Server\160\Tools\Binn\;C:\Program Files\Microsoft SQL Server\Client SDK\ODBC\170\Tools\Binn\;C:\Program Files\Microsoft SQL Server\160\DTS\Binn\;C:\Program Files\Microsoft SQL Server\130\Tools\Binn\;C:\Program Files\Git\cmd;C:\Users\ASUS\AppData\Local\Microsoft\WindowsApps;C:\Users\ASUS\AppData\Local\Programs\Microsoft VS Code\bin;C:\Program Files\Azure Data Studio\bin;C:\Users\ASUS\AppData\Roaming\npm;C:\Users\ASUS\AppData\Local\GitHubDesktop\bin;C:\Users\ASUS\AppData\Local\Programs\oh-my-posh\bin;C:\Program Files\Azure Data Studio\bin
USERNAME=ASUS
OS=Windows_NT
PROCESSOR_IDENTIFIER=AMD64 Family 23 Model 96 Stepping 1, AuthenticAMD
TMP=C:\Users\ASUS\AppData\Local\Temp
TEMP=C:\Users\ASUS\AppData\Local\Temp


JNI global refs:
JNI global refs: 36, weak refs: 0

JNI global refs memory usage: 843, weak refs: 841


---------------  S Y S T E M  ---------------

OS:
 Windows 11 , 64 bit Build 22621 (10.0.22621.2428)
OS uptime: 0 days 5:16 hours

CPU: total 16 (initial active 16) (16 cores per cpu, 2 threads per core) family 23 model 96 stepping 1 microcode 0x0, cx8, cmov, fxsr, ht, mmx, 3dnowpref, sse, sse2, sse3, ssse3, sse4a, sse4.1, sse4.2, popcnt, lzcnt, tsc, tscinvbit, avx, avx2, aes, clmul, bmi1, bmi2, adx, sha, fma, vzeroupper, clflush, clflushopt

Memory: 4k page, system-wide physical 15791M (3742M free)
TotalPageFile size 18660M (AvailPageFile size 28M)
current process WorkingSet (physical memory assigned to process): 416M, peak: 416M
current process commit charge ("private bytes"): 467M, peak: 500M

vm_info: OpenJDK 64-Bit Server VM (17.0.6+0-b2043.56-10027231) for windows-amd64 JRE (17.0.6+0-b2043.56-10027231), built on Apr 28 2023 00:43:19 by "androidbuild" with MS VC++ 16.10 / 16.11 (VS2019)

END.
