#
# There is insufficient memory for the Java Runtime Environment to continue.
# Native memory allocation (malloc) failed to allocate 33264 bytes for Chunk::new
# Possible reasons:
#   The system is out of physical RAM or swap space
#   The process is running with CompressedOops enabled, and the Java Heap may be blocking the growth of the native heap
# Possible solutions:
#   Reduce memory load on the system
#   Increase physical memory or swap space
#   Check if swap backing store is full
#   Decrease Java heap size (-Xmx/-Xms)
#   Decrease number of Java threads
#   Decrease Java thread stack sizes (-Xss)
#   Set larger code cache with -XX:ReservedCodeCacheSize=
#   JVM is running with Unscaled Compressed Oops mode in which the Java heap is
#     placed in the first 4GB address space. The Java Heap base address is the
#     maximum limit for the native heap growth. Please use -XX:HeapBaseMinAddress
#     to set the Java Heap base and to place the Java Heap above 4GB virtual address.
# This output file may be truncated or incomplete.
#
#  Out of Memory Error (arena.cpp:189), pid=11040, tid=13576
#
# JRE version: OpenJDK Runtime Environment (17.0.6) (build 17.0.6+0-b2043.56-10027231)
# Java VM: OpenJDK 64-Bit Server VM (17.0.6+0-b2043.56-10027231, mixed mode, tiered, compressed oops, compressed class ptrs, g1 gc, windows-amd64)
# No core dump will be written. Minidumps are not enabled by default on client versions of Windows
#

---------------  S U M M A R Y ------------

Command Line: --add-opens=java.base/java.util=ALL-UNNAMED --add-opens=java.base/java.lang=ALL-UNNAMED --add-opens=java.base/java.lang.invoke=ALL-UNNAMED --add-opens=java.prefs/java.util.prefs=ALL-UNNAMED --add-opens=java.base/java.nio.charset=ALL-UNNAMED --add-opens=java.base/java.net=ALL-UNNAMED --add-opens=java.base/java.util.concurrent.atomic=ALL-UNNAMED -Xmx2048m -Dfile.encoding=UTF-8 -Duser.country=US -Duser.language=en -Duser.variant org.gradle.launcher.daemon.bootstrap.GradleDaemon 8.0

Host: AMD Ryzen 7 4800H with Radeon Graphics         , 16 cores, 15G,  Windows 11 , 64 bit Build 22621 (10.0.22621.2428)
Time: Wed Nov 22 22:48:38 2023 SE Asia Standard Time elapsed time: 823.310567 seconds (0d 0h 13m 43s)

---------------  T H R E A D  ---------------

Current thread (0x000002758f897da0):  JavaThread "C2 CompilerThread0" daemon [_thread_in_native, id=13576, stack(0x000000fae8b00000,0x000000fae8c00000)]


Current CompileTask:
C2: 823310 18850       4       jdk.internal.jimage.ImageStringsReader::hashCode (33 bytes)

Stack: [0x000000fae8b00000,0x000000fae8c00000]
Native frames: (J=compiled Java code, j=interpreted, Vv=VM code, C=native code)
V  [jvm.dll+0x683c9a]
V  [jvm.dll+0x8427a4]
V  [jvm.dll+0x843f9e]
V  [jvm.dll+0x844603]
V  [jvm.dll+0x249b75]
V  [jvm.dll+0xabcac]
V  [jvm.dll+0xac27c]
V  [jvm.dll+0x11f257]
V  [jvm.dll+0x60fc92]
V  [jvm.dll+0x6140bc]
V  [jvm.dll+0x21c078]
V  [jvm.dll+0x21b621]
V  [jvm.dll+0x1a4fdd]
V  [jvm.dll+0x22b098]
V  [jvm.dll+0x229159]
V  [jvm.dll+0x7f81ec]
V  [jvm.dll+0x7f274a]
V  [jvm.dll+0x682ad5]
C  [ucrtbase.dll+0x29363]
C  [KERNEL32.DLL+0x1257d]
C  [ntdll.dll+0x5aa78]


---------------  P R O C E S S  ---------------

Threads class SMR info:
_java_thread_list=0x0000027596bcb380, length=264, elements={
0x00000275f42387a0, 0x000002758f84bab0, 0x000002758f84c920, 0x000002758f8913b0,
0x000002758f892f70, 0x000002758f896250, 0x000002758f896c00, 0x000002758f897da0,
0x000002758f8a1280, 0x000002758f8a91a0, 0x000002758fa25a10, 0x000002758fa2c0b0,
0x00000275922261b0, 0x0000027592226680, 0x0000027592226b50, 0x0000027592228d00,
0x00000275922291d0, 0x00000275922296a0, 0x00000275930e2130, 0x00000275930e3470,
0x00000275930e3e10, 0x00000275930e47b0, 0x00000275930e4c80, 0x00000275930e1790,
0x0000027592c408a0, 0x0000027592c3ca10, 0x0000027592c3cee0, 0x0000027592c403d0,
0x0000027596391ee0, 0x00000275963936f0, 0x0000027596392880, 0x0000027596394a30,
0x0000027596393220, 0x0000027596394f00, 0x00000275963953d0, 0x000002759638e050,
0x000002759638f390, 0x000002759638f860, 0x000002759638fd30, 0x0000027593317700,
0x000002759331ba60, 0x00000275902907d0, 0x0000027590290ca0, 0x0000027590291640,
0x000002759b74ae20, 0x000002759b74b2f0, 0x000002759b74b7c0, 0x000002759b74bc90,
0x000002759b74a480, 0x000002759b74a950, 0x000002759230ebc0, 0x000002759230f090,
0x000002759d92a990, 0x000002759d92ae60, 0x000002759d92b330, 0x000002759d92a4c0,
0x000002759d929ff0, 0x000002759b4d5e70, 0x000002759b4d6340, 0x000002759b4d6810,
0x000002759b4d6ce0, 0x000002759b4d71b0, 0x000002759b4d59a0, 0x000002758fc72af0,
0x000002758fc72fc0, 0x000002758fc73490, 0x000002758fc73e30, 0x000002759230b5f0,
0x000002759230b120, 0x000002759230a780, 0x000002759230bac0, 0x000002759230a2b0,
0x000002758fc73960, 0x000002758fc72620, 0x000002759d242fa0, 0x000002759d243e10,
0x000002759d2412c0, 0x000002759d243470, 0x000002759d242600, 0x000002759d241790,
0x000002759d242ad0, 0x000002759d243940, 0x000002759d2442e0, 0x000002759d242130,
0x000002759d2447b0, 0x000002759d244c80, 0x000002759d241c60, 0x00000275969949f0,
0x0000027596994050, 0x00000275969966d0, 0x00000275969936b0, 0x0000027596993b80,
0x0000027596994ec0, 0x0000027596996ba0, 0x0000027596994520, 0x0000027596995390,
0x0000027596995860, 0x0000027596995d30, 0x0000027596996200, 0x00000275969931e0,
0x0000027595b5b440, 0x0000027595b5aaa0, 0x0000027595b5bde0, 0x0000027595b5af70,
0x0000027595b5d5f0, 0x0000027595c3e0c0, 0x0000027595c3e590, 0x0000027595c3d720,
0x0000027595c3d250, 0x0000027595c3ba40, 0x0000027595c3bf10, 0x0000027595c3ef30,
0x0000027595c3dbf0, 0x0000027595c3b570, 0x0000027595c3cd80, 0x0000027595b5c780,
0x0000027595b5cc50, 0x0000027595b5b910, 0x0000027595b5c2b0, 0x000002759dbcdff0,
0x000002759dbce4c0, 0x000002759dbcdb20, 0x0000027595676fa0, 0x00000275956782e0,
0x0000027595676130, 0x0000027595677470, 0x000002759230ac50, 0x00000275924f4600,
0x00000275924f4ad0, 0x00000275924f2df0, 0x000002759b9e7080, 0x000002759b9e5870,
0x000002759b9e5d40, 0x000002759b9e6210, 0x000002759b9e66e0, 0x000002759b9e6bb0,
0x000002759bbf38d0, 0x000002759bbf55b0, 0x000002759bbf3400, 0x000002759bbf3da0,
0x000002759bbf5a80, 0x0000027590291b10, 0x0000027590291fe0, 0x0000027590293cc0,
0x0000027590291170, 0x0000027590292980, 0x00000275902924b0, 0x0000027595c3c3e0,
0x0000027595c3c8b0, 0x0000027595c3ea60, 0x000002759bd0ff50, 0x000002759bd10dc0,
0x000002759bd11760, 0x000002759bd12aa0, 0x0000027595b5d120, 0x0000027595b59c30,
0x0000027595b5a100, 0x00000275924f5470, 0x00000275924f1ab0, 0x00000275924f3790,
0x00000275924f32c0, 0x00000275924f1f80, 0x000002759b7f2de0, 0x000002759b7f2440,
0x000002759b7f2910, 0x000002759bbd3160, 0x000002759bbd0610, 0x000002759bbd2c90,
0x00000275924f2920, 0x00000275924f2450, 0x00000275924f3c60, 0x00000275924f4130,
0x00000275924f4fa0, 0x000002759d67a210, 0x000002759d678530, 0x000002759d6793a0,
0x000002759d679870, 0x000002759d67a6e0, 0x000002759029e1e0, 0x000002759029d840,
0x0000027595887f90, 0x000002759b7fbe90, 0x0000027595888460, 0x0000027595676ad0,
0x00000275956787b0, 0x0000027595678c80, 0x0000027595679150, 0x0000027595675c60,
0x0000027595679620, 0x0000027595677940, 0x0000027595677e10, 0x0000027595676600,
0x000002759310ac70, 0x0000027593108f90, 0x0000027593109460, 0x0000027593107c50,
0x0000027593108120, 0x0000027593108ac0, 0x000002759bd10420, 0x000002759d679d40,
0x000002759d676d20, 0x000002759d6771f0, 0x000002759d6776c0, 0x000002759d677b90,
0x000002759d678a00, 0x000002759d678ed0, 0x000002759d678060, 0x00000275999ac600,
0x00000275999acad0, 0x00000275999ac130, 0x00000275999a9ab0, 0x00000275999a9f80,
0x00000275999ab2c0, 0x00000275999abc60, 0x00000275999aa920, 0x00000275999acfa0,
0x00000275999aadf0, 0x00000275999ad470, 0x00000275999ab790, 0x00000275999aa450,
0x000002759ea0df60, 0x000002759ea0c750, 0x000002759ea0af40, 0x000002759ea0cc20,
0x000002759ea0b8e0, 0x000002759ea0e430, 0x000002759ea0b410, 0x000002759ea0da90,
0x000002759ea0aa70, 0x000002759ea0bdb0, 0x000002759ea0c280, 0x000002759ea0d0f0,
0x0000027590292e50, 0x0000027590290300, 0x000002759bbf4270, 0x0000027590293320,
0x00000275933180a0, 0x000002759331dc10, 0x000002759331e0e0, 0x0000027594f90e40,
0x000002759b7f77b0, 0x000002759b7f86e0, 0x000002759b7f6370, 0x000002759b7f9100,
0x000002759b7f6880, 0x000002759b7fb980, 0x000002759230f560, 0x000002759230fa30,
0x00000275923103d0, 0x000002759230ff00, 0x000002759c2a2640, 0x000002759c2a0960,
0x000002759c2a1300, 0x000002759695e4a0, 0x000002759695ee40, 0x000002759695dfd0,
0x000002759695e970, 0x000002759695d630, 0x000002759ee8ade0, 0x000002759ee8a910,
0x000002759ee8c5f0, 0x000002759ee89f70, 0x000002759ee8b2b0, 0x000002759b7fa030
}

Java Threads: ( => current thread )
  0x00000275f42387a0 JavaThread "main" [_thread_blocked, id=17764, stack(0x000000fae7e00000,0x000000fae7f00000)]
  0x00000275a16035c0 
[error occurred during error reporting (printing all threads), id 0xc0000005, EXCEPTION_ACCESS_VIOLATION (0xc0000005) at pc=0x0000027592c403d0]

VM state: not at safepoint (normal execution)

VM Mutex/Monitor currently owned by a thread: None

OutOfMemory and StackOverflow Exception counts:
OutOfMemoryError java_heap_errors=1
LinkageErrors=179

Heap address: 0x0000000080000000, size: 2048 MB, Compressed Oops mode: 32-bit

CDS archive(s) not mapped
Compressed class space mapped at: 0x0000000100000000-0x0000000140000000, reserved size: 1073741824
Narrow klass base: 0x0000000000000000, Narrow klass shift: 3, Narrow klass range: 0x140000000

GC Precious Log:
 CPUs: 16 total, 16 available
 Memory: 15791M
 Large Page Support: Disabled
 NUMA Support: Disabled
 Compressed Oops: Enabled (32-bit)
 Heap Region Size: 1M
 Heap Min Capacity: 8M
 Heap Initial Capacity: 248M
 Heap Max Capacity: 2G
 Pre-touch: Disabled
 Parallel Workers: 13
 Concurrent Workers: 3
 Concurrent Refinement Workers: 13
 Periodic GC: Disabled

Heap:
 garbage-first heap   total 310272K, used 182384K [0x0000000080000000, 0x0000000100000000)
  region size 1024K, 80 young (81920K), 6 survivors (6144K)
 Metaspace       used 112018K, committed 112832K, reserved 1146880K
  class space    used 14803K, committed 15232K, reserved 1048576K

Heap Regions: E=young(eden), S=young(survivor), O=old, HS=humongous(starts), HC=humongous(continues), CS=collection set, F=free, OA=open archive, CA=closed archive, TAMS=top-at-mark-start (previous, next)
|   0|0x0000000080000000, 0x0000000080100000, 0x0000000080100000|100%|HS|  |TAMS 0x0000000080100000, 0x0000000080000000| Complete 
|   1|0x0000000080100000, 0x0000000080200000, 0x0000000080200000|100%|HC|  |TAMS 0x0000000080200000, 0x0000000080100000| Complete 
|   2|0x0000000080200000, 0x0000000080300000, 0x0000000080300000|100%|HC|  |TAMS 0x0000000080300000, 0x0000000080200000| Complete 
|   3|0x0000000080300000, 0x0000000080400000, 0x0000000080400000|100%|HC|  |TAMS 0x0000000080400000, 0x0000000080300000| Complete 
|   4|0x0000000080400000, 0x0000000080500000, 0x0000000080500000|100%| O|  |TAMS 0x0000000080500000, 0x0000000080400000| Untracked 
|   5|0x0000000080500000, 0x0000000080600000, 0x0000000080600000|100%| O|  |TAMS 0x0000000080600000, 0x0000000080500000| Untracked 
|   6|0x0000000080600000, 0x0000000080700000, 0x0000000080700000|100%| O|  |TAMS 0x0000000080700000, 0x0000000080600000| Untracked 
|   7|0x0000000080700000, 0x0000000080800000, 0x0000000080800000|100%| O|  |TAMS 0x0000000080800000, 0x0000000080700000| Untracked 
|   8|0x0000000080800000, 0x0000000080900000, 0x0000000080900000|100%| O|  |TAMS 0x0000000080900000, 0x0000000080800000| Untracked 
|   9|0x0000000080900000, 0x0000000080a00000, 0x0000000080a00000|100%| O|  |TAMS 0x0000000080a00000, 0x0000000080900000| Untracked 
|  10|0x0000000080a00000, 0x0000000080aff400, 0x0000000080b00000| 99%| O|  |TAMS 0x0000000080aff400, 0x0000000080a00000| Untracked 
|  11|0x0000000080b00000, 0x0000000080c00000, 0x0000000080c00000|100%| O|  |TAMS 0x0000000080c00000, 0x0000000080b00000| Untracked 
|  12|0x0000000080c00000, 0x0000000080c00000, 0x0000000080d00000|  0%| F|  |TAMS 0x0000000080c00000, 0x0000000080c00000| Untracked 
|  13|0x0000000080d00000, 0x0000000080e00000, 0x0000000080e00000|100%| O|  |TAMS 0x0000000080e00000, 0x0000000080d00000| Untracked 
|  14|0x0000000080e00000, 0x0000000080f00000, 0x0000000080f00000|100%| O|  |TAMS 0x0000000080f00000, 0x0000000080e00000| Untracked 
|  15|0x0000000080f00000, 0x0000000081000000, 0x0000000081000000|100%| O|  |TAMS 0x0000000081000000, 0x0000000080f00000| Untracked 
|  16|0x0000000081000000, 0x0000000081100000, 0x0000000081100000|100%| O|  |TAMS 0x0000000081100000, 0x0000000081000000| Untracked 
|  17|0x0000000081100000, 0x0000000081200000, 0x0000000081200000|100%| O|  |TAMS 0x0000000081200000, 0x0000000081100000| Untracked 
|  18|0x0000000081200000, 0x0000000081300000, 0x0000000081300000|100%| O|  |TAMS 0x0000000081300000, 0x0000000081200000| Untracked 
|  19|0x0000000081300000, 0x0000000081400000, 0x0000000081400000|100%| O|  |TAMS 0x0000000081400000, 0x0000000081300000| Untracked 
|  20|0x0000000081400000, 0x0000000081500000, 0x0000000081500000|100%| O|  |TAMS 0x0000000081500000, 0x0000000081400000| Untracked 
|  21|0x0000000081500000, 0x0000000081600000, 0x0000000081600000|100%| O|  |TAMS 0x0000000081600000, 0x0000000081500000| Untracked 
|  22|0x0000000081600000, 0x0000000081700000, 0x0000000081700000|100%| O|  |TAMS 0x0000000081700000, 0x0000000081600000| Complete 
|  23|0x0000000081700000, 0x0000000081800000, 0x0000000081800000|100%| O|  |TAMS 0x0000000081800000, 0x0000000081700000| Untracked 
|  24|0x0000000081800000, 0x0000000081900000, 0x0000000081900000|100%| O|  |TAMS 0x0000000081900000, 0x0000000081800000| Untracked 
|  25|0x0000000081900000, 0x0000000081a00000, 0x0000000081a00000|100%| O|  |TAMS 0x0000000081a00000, 0x0000000081900000| Untracked 
|  26|0x0000000081a00000, 0x0000000081b00000, 0x0000000081b00000|100%|HS|  |TAMS 0x0000000081b00000, 0x0000000081a00000| Complete 
|  27|0x0000000081b00000, 0x0000000081c00000, 0x0000000081c00000|100%| O|  |TAMS 0x0000000081c00000, 0x0000000081b00000| Untracked 
|  28|0x0000000081c00000, 0x0000000081d00000, 0x0000000081d00000|100%| O|  |TAMS 0x0000000081d00000, 0x0000000081c00000| Untracked 
|  29|0x0000000081d00000, 0x0000000081e00000, 0x0000000081e00000|100%| O|  |TAMS 0x0000000081e00000, 0x0000000081d00000| Untracked 
|  30|0x0000000081e00000, 0x0000000081f00000, 0x0000000081f00000|100%|HS|  |TAMS 0x0000000081f00000, 0x0000000081e00000| Complete 
|  31|0x0000000081f00000, 0x0000000082000000, 0x0000000082000000|100%|HS|  |TAMS 0x0000000082000000, 0x0000000081f00000| Complete 
|  32|0x0000000082000000, 0x0000000082100000, 0x0000000082100000|100%| O|  |TAMS 0x0000000082100000, 0x0000000082000000| Untracked 
|  33|0x0000000082100000, 0x0000000082200000, 0x0000000082200000|100%| O|  |TAMS 0x0000000082200000, 0x0000000082100000| Untracked 
|  34|0x0000000082200000, 0x0000000082300000, 0x0000000082300000|100%| O|  |TAMS 0x0000000082300000, 0x0000000082200000| Untracked 
|  35|0x0000000082300000, 0x0000000082400000, 0x0000000082400000|100%| O|  |TAMS 0x0000000082400000, 0x0000000082300000| Untracked 
|  36|0x0000000082400000, 0x0000000082500000, 0x0000000082500000|100%| O|  |TAMS 0x0000000082500000, 0x0000000082400000| Untracked 
|  37|0x0000000082500000, 0x0000000082500000, 0x0000000082600000|  0%| F|  |TAMS 0x0000000082500000, 0x0000000082500000| Untracked 
|  38|0x0000000082600000, 0x0000000082700000, 0x0000000082700000|100%| O|  |TAMS 0x0000000082700000, 0x0000000082600000| Untracked 
|  39|0x0000000082700000, 0x0000000082800000, 0x0000000082800000|100%| O|  |TAMS 0x0000000082800000, 0x0000000082700000| Untracked 
|  40|0x0000000082800000, 0x0000000082900000, 0x0000000082900000|100%| O|  |TAMS 0x0000000082900000, 0x0000000082800000| Untracked 
|  41|0x0000000082900000, 0x0000000082a00000, 0x0000000082a00000|100%| O|  |TAMS 0x0000000082a00000, 0x0000000082900000| Untracked 
|  42|0x0000000082a00000, 0x0000000082b00000, 0x0000000082b00000|100%| O|  |TAMS 0x0000000082b00000, 0x0000000082a00000| Untracked 
|  43|0x0000000082b00000, 0x0000000082c00000, 0x0000000082c00000|100%| O|  |TAMS 0x0000000082c00000, 0x0000000082b00000| Untracked 
|  44|0x0000000082c00000, 0x0000000082d00000, 0x0000000082d00000|100%| O|  |TAMS 0x0000000082d00000, 0x0000000082c00000| Untracked 
|  45|0x0000000082d00000, 0x0000000082e00000, 0x0000000082e00000|100%| O|  |TAMS 0x0000000082e00000, 0x0000000082d00000| Untracked 
|  46|0x0000000082e00000, 0x0000000082f00000, 0x0000000082f00000|100%| O|  |TAMS 0x0000000082f00000, 0x0000000082e00000| Untracked 
|  47|0x0000000082f00000, 0x0000000083000000, 0x0000000083000000|100%| O|  |TAMS 0x0000000083000000, 0x0000000082f00000| Untracked 
|  48|0x0000000083000000, 0x0000000083100000, 0x0000000083100000|100%| O|  |TAMS 0x0000000083100000, 0x0000000083000000| Untracked 
|  49|0x0000000083100000, 0x0000000083200000, 0x0000000083200000|100%| O|  |TAMS 0x0000000083200000, 0x0000000083100000| Untracked 
|  50|0x0000000083200000, 0x0000000083300000, 0x0000000083300000|100%| O|  |TAMS 0x0000000083300000, 0x0000000083200000| Untracked 
|  51|0x0000000083300000, 0x0000000083400000, 0x0000000083400000|100%| O|  |TAMS 0x0000000083400000, 0x0000000083300000| Untracked 
|  52|0x0000000083400000, 0x0000000083500000, 0x0000000083500000|100%| O|  |TAMS 0x0000000083500000, 0x0000000083400000| Untracked 
|  53|0x0000000083500000, 0x0000000083600000, 0x0000000083600000|100%| O|  |TAMS 0x0000000083600000, 0x0000000083500000| Untracked 
|  54|0x0000000083600000, 0x0000000083700000, 0x0000000083700000|100%| O|  |TAMS 0x0000000083700000, 0x0000000083600000| Untracked 
|  55|0x0000000083700000, 0x0000000083800000, 0x0000000083800000|100%| O|  |TAMS 0x0000000083800000, 0x0000000083700000| Untracked 
|  56|0x0000000083800000, 0x0000000083900000, 0x0000000083900000|100%| O|  |TAMS 0x0000000083900000, 0x0000000083800000| Untracked 
|  57|0x0000000083900000, 0x0000000083a00000, 0x0000000083a00000|100%| O|  |TAMS 0x0000000083a00000, 0x0000000083900000| Complete 
|  58|0x0000000083a00000, 0x0000000083b00000, 0x0000000083b00000|100%| O|  |TAMS 0x0000000083b00000, 0x0000000083a00000| Untracked 
|  59|0x0000000083b00000, 0x0000000083c00000, 0x0000000083c00000|100%| O|  |TAMS 0x0000000083c00000, 0x0000000083b00000| Untracked 
|  60|0x0000000083c00000, 0x0000000083d00000, 0x0000000083d00000|100%| O|  |TAMS 0x0000000083d00000, 0x0000000083c00000| Untracked 
|  61|0x0000000083d00000, 0x0000000083e00000, 0x0000000083e00000|100%| O|  |TAMS 0x0000000083e00000, 0x0000000083d00000| Untracked 
|  62|0x0000000083e00000, 0x0000000083f00000, 0x0000000083f00000|100%| O|  |TAMS 0x0000000083f00000, 0x0000000083e00000| Untracked 
|  63|0x0000000083f00000, 0x0000000084000000, 0x0000000084000000|100%| O|  |TAMS 0x0000000084000000, 0x0000000083f00000| Untracked 
|  64|0x0000000084000000, 0x0000000084100000, 0x0000000084100000|100%| O|  |TAMS 0x0000000084100000, 0x0000000084000000| Untracked 
|  65|0x0000000084100000, 0x0000000084200000, 0x0000000084200000|100%| O|  |TAMS 0x0000000084200000, 0x0000000084100000| Untracked 
|  66|0x0000000084200000, 0x0000000084300000, 0x0000000084300000|100%| O|  |TAMS 0x0000000084300000, 0x0000000084200000| Untracked 
|  67|0x0000000084300000, 0x0000000084300000, 0x0000000084400000|  0%| F|  |TAMS 0x0000000084300000, 0x0000000084300000| Untracked 
|  68|0x0000000084400000, 0x0000000084500000, 0x0000000084500000|100%| O|  |TAMS 0x0000000084500000, 0x0000000084400000| Untracked 
|  69|0x0000000084500000, 0x0000000084600000, 0x0000000084600000|100%| O|  |TAMS 0x0000000084600000, 0x0000000084500000| Complete 
|  70|0x0000000084600000, 0x0000000084700000, 0x0000000084700000|100%| O|  |TAMS 0x0000000084700000, 0x0000000084600000| Untracked 
|  71|0x0000000084700000, 0x0000000084800000, 0x0000000084800000|100%| O|  |TAMS 0x0000000084800000, 0x0000000084700000| Untracked 
|  72|0x0000000084800000, 0x0000000084900000, 0x0000000084900000|100%| O|  |TAMS 0x0000000084900000, 0x0000000084800000| Untracked 
|  73|0x0000000084900000, 0x0000000084a00000, 0x0000000084a00000|100%| O|  |TAMS 0x0000000084a00000, 0x0000000084900000| Untracked 
|  74|0x0000000084a00000, 0x0000000084b00000, 0x0000000084b00000|100%| O|  |TAMS 0x0000000084b00000, 0x0000000084a00000| Untracked 
|  75|0x0000000084b00000, 0x0000000084c00000, 0x0000000084c00000|100%| O|  |TAMS 0x0000000084c00000, 0x0000000084b00000| Untracked 
|  76|0x0000000084c00000, 0x0000000084d00000, 0x0000000084d00000|100%| O|  |TAMS 0x0000000084d00000, 0x0000000084c00000| Untracked 
|  77|0x0000000084d00000, 0x0000000084e00000, 0x0000000084e00000|100%| O|  |TAMS 0x0000000084e00000, 0x0000000084d00000| Untracked 
|  78|0x0000000084e00000, 0x0000000084f00000, 0x0000000084f00000|100%| O|  |TAMS 0x0000000084f00000, 0x0000000084e00000| Untracked 
|  79|0x0000000084f00000, 0x0000000085000000, 0x0000000085000000|100%| O|  |TAMS 0x0000000085000000, 0x0000000084f00000| Untracked 
|  80|0x0000000085000000, 0x0000000085100000, 0x0000000085100000|100%| O|  |TAMS 0x0000000085100000, 0x0000000085000000| Untracked 
|  81|0x0000000085100000, 0x0000000085200000, 0x0000000085200000|100%| O|  |TAMS 0x0000000085200000, 0x0000000085100000| Untracked 
|  82|0x0000000085200000, 0x0000000085200000, 0x0000000085300000|  0%| F|  |TAMS 0x0000000085200000, 0x0000000085200000| Untracked 
|  83|0x0000000085300000, 0x0000000085300000, 0x0000000085400000|  0%| F|  |TAMS 0x0000000085300000, 0x0000000085300000| Untracked 
|  84|0x0000000085400000, 0x0000000085400000, 0x0000000085500000|  0%| F|  |TAMS 0x0000000085400000, 0x0000000085400000| Untracked 
|  85|0x0000000085500000, 0x0000000085600000, 0x0000000085600000|100%| O|  |TAMS 0x0000000085600000, 0x0000000085500000| Untracked 
|  86|0x0000000085600000, 0x0000000085700000, 0x0000000085700000|100%| O|  |TAMS 0x0000000085700000, 0x0000000085600000| Untracked 
|  87|0x0000000085700000, 0x0000000085800000, 0x0000000085800000|100%| O|  |TAMS 0x0000000085800000, 0x0000000085700000| Untracked 
|  88|0x0000000085800000, 0x0000000085900000, 0x0000000085900000|100%| O|  |TAMS 0x0000000085900000, 0x0000000085800000| Untracked 
|  89|0x0000000085900000, 0x0000000085a00000, 0x0000000085a00000|100%| O|  |TAMS 0x0000000085a00000, 0x0000000085900000| Untracked 
|  90|0x0000000085a00000, 0x0000000085b00000, 0x0000000085b00000|100%| O|  |TAMS 0x0000000085b00000, 0x0000000085a00000| Untracked 
|  91|0x0000000085b00000, 0x0000000085bffff8, 0x0000000085c00000| 99%| O|  |TAMS 0x0000000085bffff8, 0x0000000085b00000| Untracked 
|  92|0x0000000085c00000, 0x0000000085d00000, 0x0000000085d00000|100%| O|  |TAMS 0x0000000085d00000, 0x0000000085c00000| Untracked 
|  93|0x0000000085d00000, 0x0000000085d00000, 0x0000000085e00000|  0%| F|  |TAMS 0x0000000085d00000, 0x0000000085d00000| Untracked 
|  94|0x0000000085e00000, 0x0000000085f00000, 0x0000000085f00000|100%| O|  |TAMS 0x0000000085f00000, 0x0000000085e00000| Untracked 
|  95|0x0000000085f00000, 0x0000000086000000, 0x0000000086000000|100%| O|  |TAMS 0x0000000086000000, 0x0000000085f00000| Untracked 
|  96|0x0000000086000000, 0x0000000086100000, 0x0000000086100000|100%| O|  |TAMS 0x0000000086100000, 0x0000000086000000| Untracked 
|  97|0x0000000086100000, 0x0000000086200000, 0x0000000086200000|100%| O|  |TAMS 0x0000000086200000, 0x0000000086100000| Untracked 
|  98|0x0000000086200000, 0x0000000086300000, 0x0000000086300000|100%| O|  |TAMS 0x0000000086300000, 0x0000000086200000| Untracked 
|  99|0x0000000086300000, 0x00000000863d0800, 0x0000000086400000| 81%| O|  |TAMS 0x00000000863d0800, 0x0000000086300000| Untracked 
| 100|0x0000000086400000, 0x0000000086400000, 0x0000000086500000|  0%| F|  |TAMS 0x0000000086400000, 0x0000000086400000| Untracked 
| 101|0x0000000086500000, 0x0000000086500000, 0x0000000086600000|  0%| F|  |TAMS 0x0000000086500000, 0x0000000086500000| Untracked 
| 102|0x0000000086600000, 0x0000000086600000, 0x0000000086700000|  0%| F|  |TAMS 0x0000000086600000, 0x0000000086600000| Untracked 
| 103|0x0000000086700000, 0x0000000086700000, 0x0000000086800000|  0%| F|  |TAMS 0x0000000086700000, 0x0000000086700000| Untracked 
| 104|0x0000000086800000, 0x0000000086800000, 0x0000000086900000|  0%| F|  |TAMS 0x0000000086800000, 0x0000000086800000| Untracked 
| 105|0x0000000086900000, 0x0000000086900000, 0x0000000086a00000|  0%| F|  |TAMS 0x0000000086900000, 0x0000000086900000| Untracked 
| 106|0x0000000086a00000, 0x0000000086a00000, 0x0000000086b00000|  0%| F|  |TAMS 0x0000000086a00000, 0x0000000086a00000| Untracked 
| 107|0x0000000086b00000, 0x0000000086b00000, 0x0000000086c00000|  0%| F|  |TAMS 0x0000000086b00000, 0x0000000086b00000| Untracked 
| 108|0x0000000086c00000, 0x0000000086d00000, 0x0000000086d00000|100%| O|  |TAMS 0x0000000086d00000, 0x0000000086c00000| Untracked 
| 109|0x0000000086d00000, 0x0000000086d00000, 0x0000000086e00000|  0%| F|  |TAMS 0x0000000086d00000, 0x0000000086d00000| Untracked 
| 110|0x0000000086e00000, 0x0000000086e00000, 0x0000000086f00000|  0%| F|  |TAMS 0x0000000086e00000, 0x0000000086e00000| Untracked 
| 111|0x0000000086f00000, 0x0000000087000000, 0x0000000087000000|100%| O|  |TAMS 0x0000000087000000, 0x0000000086f00000| Untracked 
| 112|0x0000000087000000, 0x0000000087100000, 0x0000000087100000|100%| O|  |TAMS 0x0000000087100000, 0x0000000087000000| Untracked 
| 113|0x0000000087100000, 0x0000000087100000, 0x0000000087200000|  0%| F|  |TAMS 0x0000000087100000, 0x0000000087100000| Untracked 
| 114|0x0000000087200000, 0x0000000087200000, 0x0000000087300000|  0%| F|  |TAMS 0x0000000087200000, 0x0000000087200000| Untracked 
| 115|0x0000000087300000, 0x0000000087300000, 0x0000000087400000|  0%| F|  |TAMS 0x0000000087300000, 0x0000000087300000| Untracked 
| 116|0x0000000087400000, 0x0000000087400000, 0x0000000087500000|  0%| F|  |TAMS 0x0000000087400000, 0x0000000087400000| Untracked 
| 117|0x0000000087500000, 0x0000000087600000, 0x0000000087600000|100%| O|  |TAMS 0x0000000087600000, 0x0000000087500000| Untracked 
| 118|0x0000000087600000, 0x0000000087700000, 0x0000000087700000|100%| O|  |TAMS 0x0000000087700000, 0x0000000087600000| Untracked 
| 119|0x0000000087700000, 0x0000000087800000, 0x0000000087800000|100%| O|  |TAMS 0x0000000087800000, 0x0000000087700000| Complete 
| 120|0x0000000087800000, 0x0000000087900000, 0x0000000087900000|100%| O|  |TAMS 0x0000000087900000, 0x0000000087800000| Complete 
| 121|0x0000000087900000, 0x0000000087900000, 0x0000000087a00000|  0%| F|  |TAMS 0x0000000087900000, 0x0000000087900000| Untracked 
| 122|0x0000000087a00000, 0x0000000087a00000, 0x0000000087b00000|  0%| F|  |TAMS 0x0000000087a00000, 0x0000000087a00000| Untracked 
| 123|0x0000000087b00000, 0x0000000087b00000, 0x0000000087c00000|  0%| F|  |TAMS 0x0000000087b00000, 0x0000000087b00000| Untracked 
| 124|0x0000000087c00000, 0x0000000087c00000, 0x0000000087d00000|  0%| F|  |TAMS 0x0000000087c00000, 0x0000000087c00000| Untracked 
| 125|0x0000000087d00000, 0x0000000087d00000, 0x0000000087e00000|  0%| F|  |TAMS 0x0000000087d00000, 0x0000000087d00000| Untracked 
| 126|0x0000000087e00000, 0x0000000087e00000, 0x0000000087f00000|  0%| F|  |TAMS 0x0000000087e00000, 0x0000000087e00000| Untracked 
| 127|0x0000000087f00000, 0x0000000087f00000, 0x0000000088000000|  0%| F|  |TAMS 0x0000000087f00000, 0x0000000087f00000| Untracked 
| 128|0x0000000088000000, 0x0000000088000000, 0x0000000088100000|  0%| F|  |TAMS 0x0000000088000000, 0x0000000088000000| Untracked 
| 129|0x0000000088100000, 0x0000000088100000, 0x0000000088200000|  0%| F|  |TAMS 0x0000000088100000, 0x0000000088100000| Untracked 
| 130|0x0000000088200000, 0x0000000088200000, 0x0000000088300000|  0%| F|  |TAMS 0x0000000088200000, 0x0000000088200000| Untracked 
| 131|0x0000000088300000, 0x0000000088300000, 0x0000000088400000|  0%| F|  |TAMS 0x0000000088300000, 0x0000000088300000| Untracked 
| 132|0x0000000088400000, 0x0000000088400000, 0x0000000088500000|  0%| F|  |TAMS 0x0000000088400000, 0x0000000088400000| Untracked 
| 133|0x0000000088500000, 0x0000000088500000, 0x0000000088600000|  0%| F|  |TAMS 0x0000000088500000, 0x0000000088500000| Untracked 
| 134|0x0000000088600000, 0x0000000088600000, 0x0000000088700000|  0%| F|  |TAMS 0x0000000088600000, 0x0000000088600000| Untracked 
| 135|0x0000000088700000, 0x0000000088800000, 0x0000000088800000|100%| O|  |TAMS 0x0000000088800000, 0x0000000088700000| Untracked 
| 136|0x0000000088800000, 0x0000000088800000, 0x0000000088900000|  0%| F|  |TAMS 0x0000000088800000, 0x0000000088800000| Untracked 
| 137|0x0000000088900000, 0x0000000088900000, 0x0000000088a00000|  0%| F|  |TAMS 0x0000000088900000, 0x0000000088900000| Untracked 
| 138|0x0000000088a00000, 0x0000000088a00000, 0x0000000088b00000|  0%| F|  |TAMS 0x0000000088a00000, 0x0000000088a00000| Untracked 
| 139|0x0000000088b00000, 0x0000000088b00000, 0x0000000088c00000|  0%| F|  |TAMS 0x0000000088b00000, 0x0000000088b00000| Untracked 
| 140|0x0000000088c00000, 0x0000000088c00000, 0x0000000088d00000|  0%| F|  |TAMS 0x0000000088c00000, 0x0000000088c00000| Untracked 
| 141|0x0000000088d00000, 0x0000000088d00000, 0x0000000088e00000|  0%| F|  |TAMS 0x0000000088d00000, 0x0000000088d00000| Untracked 
| 142|0x0000000088e00000, 0x0000000088e00000, 0x0000000088f00000|  0%| F|  |TAMS 0x0000000088e00000, 0x0000000088e00000| Untracked 
| 143|0x0000000088f00000, 0x0000000088f00000, 0x0000000089000000|  0%| F|  |TAMS 0x0000000088f00000, 0x0000000088f00000| Untracked 
| 144|0x0000000089000000, 0x0000000089000000, 0x0000000089100000|  0%| F|  |TAMS 0x0000000089000000, 0x0000000089000000| Untracked 
| 145|0x0000000089100000, 0x0000000089100000, 0x0000000089200000|  0%| F|  |TAMS 0x0000000089100000, 0x0000000089100000| Untracked 
| 146|0x0000000089200000, 0x0000000089200000, 0x0000000089300000|  0%| F|  |TAMS 0x0000000089200000, 0x0000000089200000| Untracked 
| 147|0x0000000089300000, 0x0000000089300000, 0x0000000089400000|  0%| F|  |TAMS 0x0000000089300000, 0x0000000089300000| Untracked 
| 148|0x0000000089400000, 0x0000000089400000, 0x0000000089500000|  0%| F|  |TAMS 0x0000000089400000, 0x0000000089400000| Untracked 
| 149|0x0000000089500000, 0x0000000089500000, 0x0000000089600000|  0%| F|  |TAMS 0x0000000089500000, 0x0000000089500000| Untracked 
| 150|0x0000000089600000, 0x0000000089600000, 0x0000000089700000|  0%| F|  |TAMS 0x0000000089600000, 0x0000000089600000| Untracked 
| 151|0x0000000089700000, 0x0000000089700000, 0x0000000089800000|  0%| F|  |TAMS 0x0000000089700000, 0x0000000089700000| Untracked 
| 152|0x0000000089800000, 0x0000000089800000, 0x0000000089900000|  0%| F|  |TAMS 0x0000000089800000, 0x0000000089800000| Untracked 
| 153|0x0000000089900000, 0x0000000089900000, 0x0000000089a00000|  0%| F|  |TAMS 0x0000000089900000, 0x0000000089900000| Untracked 
| 154|0x0000000089a00000, 0x0000000089a00000, 0x0000000089b00000|  0%| F|  |TAMS 0x0000000089a00000, 0x0000000089a00000| Untracked 
| 155|0x0000000089b00000, 0x0000000089b00000, 0x0000000089c00000|  0%| F|  |TAMS 0x0000000089b00000, 0x0000000089b00000| Untracked 
| 156|0x0000000089c00000, 0x0000000089c00000, 0x0000000089d00000|  0%| F|  |TAMS 0x0000000089c00000, 0x0000000089c00000| Untracked 
| 157|0x0000000089d00000, 0x0000000089d00000, 0x0000000089e00000|  0%| F|  |TAMS 0x0000000089d00000, 0x0000000089d00000| Untracked 
| 158|0x0000000089e00000, 0x0000000089e4c410, 0x0000000089f00000| 29%| S|CS|TAMS 0x0000000089e00000, 0x0000000089e00000| Complete 
| 159|0x0000000089f00000, 0x000000008a000000, 0x000000008a000000|100%| S|CS|TAMS 0x0000000089f00000, 0x0000000089f00000| Complete 
| 160|0x000000008a000000, 0x000000008a100000, 0x000000008a100000|100%| S|CS|TAMS 0x000000008a000000, 0x000000008a000000| Complete 
| 161|0x000000008a100000, 0x000000008a200000, 0x000000008a200000|100%| S|CS|TAMS 0x000000008a100000, 0x000000008a100000| Complete 
| 162|0x000000008a200000, 0x000000008a300000, 0x000000008a300000|100%| S|CS|TAMS 0x000000008a200000, 0x000000008a200000| Complete 
| 163|0x000000008a300000, 0x000000008a400000, 0x000000008a400000|100%| S|CS|TAMS 0x000000008a300000, 0x000000008a300000| Complete 
| 164|0x000000008a400000, 0x000000008a400000, 0x000000008a500000|  0%| F|  |TAMS 0x000000008a400000, 0x000000008a400000| Untracked 
| 165|0x000000008a500000, 0x000000008a500000, 0x000000008a600000|  0%| F|  |TAMS 0x000000008a500000, 0x000000008a500000| Untracked 
| 166|0x000000008a600000, 0x000000008a600000, 0x000000008a700000|  0%| F|  |TAMS 0x000000008a600000, 0x000000008a600000| Untracked 
| 167|0x000000008a700000, 0x000000008a700000, 0x000000008a800000|  0%| F|  |TAMS 0x000000008a700000, 0x000000008a700000| Untracked 
| 168|0x000000008a800000, 0x000000008a800000, 0x000000008a900000|  0%| F|  |TAMS 0x000000008a800000, 0x000000008a800000| Untracked 
| 169|0x000000008a900000, 0x000000008a900000, 0x000000008aa00000|  0%| F|  |TAMS 0x000000008a900000, 0x000000008a900000| Untracked 
| 170|0x000000008aa00000, 0x000000008aa00000, 0x000000008ab00000|  0%| F|  |TAMS 0x000000008aa00000, 0x000000008aa00000| Untracked 
| 171|0x000000008ab00000, 0x000000008ab00000, 0x000000008ac00000|  0%| F|  |TAMS 0x000000008ab00000, 0x000000008ab00000| Untracked 
| 172|0x000000008ac00000, 0x000000008ac00000, 0x000000008ad00000|  0%| F|  |TAMS 0x000000008ac00000, 0x000000008ac00000| Untracked 
| 173|0x000000008ad00000, 0x000000008ad00000, 0x000000008ae00000|  0%| F|  |TAMS 0x000000008ad00000, 0x000000008ad00000| Untracked 
| 174|0x000000008ae00000, 0x000000008ae00000, 0x000000008af00000|  0%| F|  |TAMS 0x000000008ae00000, 0x000000008ae00000| Untracked 
| 175|0x000000008af00000, 0x000000008af00000, 0x000000008b000000|  0%| F|  |TAMS 0x000000008af00000, 0x000000008af00000| Untracked 
| 176|0x000000008b000000, 0x000000008b000000, 0x000000008b100000|  0%| F|  |TAMS 0x000000008b000000, 0x000000008b000000| Untracked 
| 177|0x000000008b100000, 0x000000008b100000, 0x000000008b200000|  0%| F|  |TAMS 0x000000008b100000, 0x000000008b100000| Untracked 
| 178|0x000000008b200000, 0x000000008b200000, 0x000000008b300000|  0%| F|  |TAMS 0x000000008b200000, 0x000000008b200000| Untracked 
| 179|0x000000008b300000, 0x000000008b300000, 0x000000008b400000|  0%| F|  |TAMS 0x000000008b300000, 0x000000008b300000| Untracked 
| 180|0x000000008b400000, 0x000000008b400000, 0x000000008b500000|  0%| F|  |TAMS 0x000000008b400000, 0x000000008b400000| Untracked 
| 181|0x000000008b500000, 0x000000008b500000, 0x000000008b600000|  0%| F|  |TAMS 0x000000008b500000, 0x000000008b500000| Untracked 
| 182|0x000000008b600000, 0x000000008b600000, 0x000000008b700000|  0%| F|  |TAMS 0x000000008b600000, 0x000000008b600000| Untracked 
| 183|0x000000008b700000, 0x000000008b700000, 0x000000008b800000|  0%| F|  |TAMS 0x000000008b700000, 0x000000008b700000| Untracked 
| 184|0x000000008b800000, 0x000000008b800000, 0x000000008b900000|  0%| F|  |TAMS 0x000000008b800000, 0x000000008b800000| Untracked 
| 185|0x000000008b900000, 0x000000008b900000, 0x000000008ba00000|  0%| F|  |TAMS 0x000000008b900000, 0x000000008b900000| Untracked 
| 186|0x000000008ba00000, 0x000000008ba00000, 0x000000008bb00000|  0%| F|  |TAMS 0x000000008ba00000, 0x000000008ba00000| Untracked 
| 187|0x000000008bb00000, 0x000000008bb00000, 0x000000008bc00000|  0%| F|  |TAMS 0x000000008bb00000, 0x000000008bb00000| Untracked 
| 188|0x000000008bc00000, 0x000000008bc00000, 0x000000008bd00000|  0%| F|  |TAMS 0x000000008bc00000, 0x000000008bc00000| Untracked 
| 189|0x000000008bd00000, 0x000000008bd00000, 0x000000008be00000|  0%| F|  |TAMS 0x000000008bd00000, 0x000000008bd00000| Untracked 
| 190|0x000000008be00000, 0x000000008be00000, 0x000000008bf00000|  0%| F|  |TAMS 0x000000008be00000, 0x000000008be00000| Untracked 
| 191|0x000000008bf00000, 0x000000008bf00000, 0x000000008c000000|  0%| F|  |TAMS 0x000000008bf00000, 0x000000008bf00000| Untracked 
| 192|0x000000008c000000, 0x000000008c000000, 0x000000008c100000|  0%| F|  |TAMS 0x000000008c000000, 0x000000008c000000| Untracked 
| 193|0x000000008c100000, 0x000000008c100000, 0x000000008c200000|  0%| F|  |TAMS 0x000000008c100000, 0x000000008c100000| Untracked 
| 194|0x000000008c200000, 0x000000008c200000, 0x000000008c300000|  0%| F|  |TAMS 0x000000008c200000, 0x000000008c200000| Untracked 
| 195|0x000000008c300000, 0x000000008c300000, 0x000000008c400000|  0%| F|  |TAMS 0x000000008c300000, 0x000000008c300000| Untracked 
| 196|0x000000008c400000, 0x000000008c400000, 0x000000008c500000|  0%| F|  |TAMS 0x000000008c400000, 0x000000008c400000| Untracked 
| 197|0x000000008c500000, 0x000000008c500000, 0x000000008c600000|  0%| F|  |TAMS 0x000000008c500000, 0x000000008c500000| Untracked 
| 198|0x000000008c600000, 0x000000008c600000, 0x000000008c700000|  0%| F|  |TAMS 0x000000008c600000, 0x000000008c600000| Untracked 
| 199|0x000000008c700000, 0x000000008c700000, 0x000000008c800000|  0%| F|  |TAMS 0x000000008c700000, 0x000000008c700000| Untracked 
| 200|0x000000008c800000, 0x000000008c800000, 0x000000008c900000|  0%| F|  |TAMS 0x000000008c800000, 0x000000008c800000| Untracked 
| 201|0x000000008c900000, 0x000000008c900000, 0x000000008ca00000|  0%| F|  |TAMS 0x000000008c900000, 0x000000008c900000| Untracked 
| 202|0x000000008ca00000, 0x000000008ca00000, 0x000000008cb00000|  0%| F|  |TAMS 0x000000008ca00000, 0x000000008ca00000| Untracked 
| 203|0x000000008cb00000, 0x000000008cb00000, 0x000000008cc00000|  0%| F|  |TAMS 0x000000008cb00000, 0x000000008cb00000| Untracked 
| 204|0x000000008cc00000, 0x000000008cc00000, 0x000000008cd00000|  0%| F|  |TAMS 0x000000008cc00000, 0x000000008cc00000| Untracked 
| 205|0x000000008cd00000, 0x000000008cd00000, 0x000000008ce00000|  0%| F|  |TAMS 0x000000008cd00000, 0x000000008cd00000| Untracked 
| 206|0x000000008ce00000, 0x000000008ce00000, 0x000000008cf00000|  0%| F|  |TAMS 0x000000008ce00000, 0x000000008ce00000| Untracked 
| 207|0x000000008cf00000, 0x000000008cf00000, 0x000000008d000000|  0%| F|  |TAMS 0x000000008cf00000, 0x000000008cf00000| Untracked 
| 208|0x000000008d000000, 0x000000008d000000, 0x000000008d100000|  0%| F|  |TAMS 0x000000008d000000, 0x000000008d000000| Untracked 
| 209|0x000000008d100000, 0x000000008d100000, 0x000000008d200000|  0%| F|  |TAMS 0x000000008d100000, 0x000000008d100000| Untracked 
| 210|0x000000008d200000, 0x000000008d200000, 0x000000008d300000|  0%| F|  |TAMS 0x000000008d200000, 0x000000008d200000| Untracked 
| 211|0x000000008d300000, 0x000000008d300000, 0x000000008d400000|  0%| F|  |TAMS 0x000000008d300000, 0x000000008d300000| Untracked 
| 212|0x000000008d400000, 0x000000008d400000, 0x000000008d500000|  0%| F|  |TAMS 0x000000008d400000, 0x000000008d400000| Untracked 
| 213|0x000000008d500000, 0x000000008d500000, 0x000000008d600000|  0%| F|  |TAMS 0x000000008d500000, 0x000000008d500000| Untracked 
| 214|0x000000008d600000, 0x000000008d600000, 0x000000008d700000|  0%| F|  |TAMS 0x000000008d600000, 0x000000008d600000| Untracked 
| 215|0x000000008d700000, 0x000000008d700000, 0x000000008d800000|  0%| F|  |TAMS 0x000000008d700000, 0x000000008d700000| Untracked 
| 216|0x000000008d800000, 0x000000008d800000, 0x000000008d900000|  0%| F|  |TAMS 0x000000008d800000, 0x000000008d800000| Untracked 
| 217|0x000000008d900000, 0x000000008d900000, 0x000000008da00000|  0%| F|  |TAMS 0x000000008d900000, 0x000000008d900000| Untracked 
| 218|0x000000008da00000, 0x000000008da00000, 0x000000008db00000|  0%| F|  |TAMS 0x000000008da00000, 0x000000008da00000| Untracked 
| 219|0x000000008db00000, 0x000000008db00000, 0x000000008dc00000|  0%| F|  |TAMS 0x000000008db00000, 0x000000008db00000| Untracked 
| 220|0x000000008dc00000, 0x000000008dc00000, 0x000000008dd00000|  0%| F|  |TAMS 0x000000008dc00000, 0x000000008dc00000| Untracked 
| 221|0x000000008dd00000, 0x000000008dd00000, 0x000000008de00000|  0%| F|  |TAMS 0x000000008dd00000, 0x000000008dd00000| Untracked 
| 222|0x000000008de00000, 0x000000008de00000, 0x000000008df00000|  0%| F|  |TAMS 0x000000008de00000, 0x000000008de00000| Untracked 
| 223|0x000000008df00000, 0x000000008df00000, 0x000000008e000000|  0%| F|  |TAMS 0x000000008df00000, 0x000000008df00000| Untracked 
| 224|0x000000008e000000, 0x000000008e000000, 0x000000008e100000|  0%| F|  |TAMS 0x000000008e000000, 0x000000008e000000| Untracked 
| 225|0x000000008e100000, 0x000000008e100000, 0x000000008e200000|  0%| F|  |TAMS 0x000000008e100000, 0x000000008e100000| Untracked 
| 226|0x000000008e200000, 0x000000008e200000, 0x000000008e300000|  0%| F|  |TAMS 0x000000008e200000, 0x000000008e200000| Untracked 
| 227|0x000000008e300000, 0x000000008e300000, 0x000000008e400000|  0%| F|  |TAMS 0x000000008e300000, 0x000000008e300000| Untracked 
| 228|0x000000008e400000, 0x000000008e400000, 0x000000008e500000|  0%| F|  |TAMS 0x000000008e400000, 0x000000008e400000| Untracked 
| 229|0x000000008e500000, 0x000000008e526118, 0x000000008e600000| 14%| E|  |TAMS 0x000000008e500000, 0x000000008e500000| Complete 
| 230|0x000000008e600000, 0x000000008e700000, 0x000000008e700000|100%| E|CS|TAMS 0x000000008e600000, 0x000000008e600000| Complete 
| 231|0x000000008e700000, 0x000000008e800000, 0x000000008e800000|100%| E|CS|TAMS 0x000000008e700000, 0x000000008e700000| Complete 
| 232|0x000000008e800000, 0x000000008e900000, 0x000000008e900000|100%| E|CS|TAMS 0x000000008e800000, 0x000000008e800000| Complete 
| 233|0x000000008e900000, 0x000000008ea00000, 0x000000008ea00000|100%| E|  |TAMS 0x000000008e900000, 0x000000008e900000| Complete 
| 234|0x000000008ea00000, 0x000000008eb00000, 0x000000008eb00000|100%| E|CS|TAMS 0x000000008ea00000, 0x000000008ea00000| Complete 
| 235|0x000000008eb00000, 0x000000008ec00000, 0x000000008ec00000|100%| E|CS|TAMS 0x000000008eb00000, 0x000000008eb00000| Complete 
| 236|0x000000008ec00000, 0x000000008ed00000, 0x000000008ed00000|100%| E|CS|TAMS 0x000000008ec00000, 0x000000008ec00000| Complete 
| 237|0x000000008ed00000, 0x000000008ee00000, 0x000000008ee00000|100%| E|CS|TAMS 0x000000008ed00000, 0x000000008ed00000| Complete 
| 238|0x000000008ee00000, 0x000000008ef00000, 0x000000008ef00000|100%| E|CS|TAMS 0x000000008ee00000, 0x000000008ee00000| Complete 
| 239|0x000000008ef00000, 0x000000008f000000, 0x000000008f000000|100%| E|CS|TAMS 0x000000008ef00000, 0x000000008ef00000| Complete 
| 240|0x000000008f000000, 0x000000008f100000, 0x000000008f100000|100%| E|CS|TAMS 0x000000008f000000, 0x000000008f000000| Complete 
| 241|0x000000008f100000, 0x000000008f200000, 0x000000008f200000|100%| E|CS|TAMS 0x000000008f100000, 0x000000008f100000| Complete 
| 242|0x000000008f200000, 0x000000008f300000, 0x000000008f300000|100%| E|CS|TAMS 0x000000008f200000, 0x000000008f200000| Complete 
| 243|0x000000008f300000, 0x000000008f400000, 0x000000008f400000|100%| E|CS|TAMS 0x000000008f300000, 0x000000008f300000| Complete 
| 244|0x000000008f400000, 0x000000008f500000, 0x000000008f500000|100%| E|CS|TAMS 0x000000008f400000, 0x000000008f400000| Complete 
| 245|0x000000008f500000, 0x000000008f600000, 0x000000008f600000|100%| E|CS|TAMS 0x000000008f500000, 0x000000008f500000| Complete 
| 246|0x000000008f600000, 0x000000008f700000, 0x000000008f700000|100%| E|CS|TAMS 0x000000008f600000, 0x000000008f600000| Complete 
| 247|0x000000008f700000, 0x000000008f800000, 0x000000008f800000|100%| E|CS|TAMS 0x000000008f700000, 0x000000008f700000| Complete 
| 248|0x000000008f800000, 0x000000008f900000, 0x000000008f900000|100%| E|CS|TAMS 0x000000008f800000, 0x000000008f800000| Complete 
| 249|0x000000008f900000, 0x000000008fa00000, 0x000000008fa00000|100%| E|CS|TAMS 0x000000008f900000, 0x000000008f900000| Complete 
| 250|0x000000008fa00000, 0x000000008fb00000, 0x000000008fb00000|100%| E|CS|TAMS 0x000000008fa00000, 0x000000008fa00000| Complete 
| 251|0x000000008fb00000, 0x000000008fc00000, 0x000000008fc00000|100%| E|CS|TAMS 0x000000008fb00000, 0x000000008fb00000| Complete 
| 252|0x000000008fc00000, 0x000000008fd00000, 0x000000008fd00000|100%| E|CS|TAMS 0x000000008fc00000, 0x000000008fc00000| Complete 
| 253|0x000000008fd00000, 0x000000008fe00000, 0x000000008fe00000|100%| E|CS|TAMS 0x000000008fd00000, 0x000000008fd00000| Complete 
| 254|0x000000008fe00000, 0x000000008ff00000, 0x000000008ff00000|100%| E|CS|TAMS 0x000000008fe00000, 0x000000008fe00000| Complete 
| 255|0x000000008ff00000, 0x0000000090000000, 0x0000000090000000|100%| E|CS|TAMS 0x000000008ff00000, 0x000000008ff00000| Complete 
| 256|0x0000000090000000, 0x0000000090100000, 0x0000000090100000|100%| E|CS|TAMS 0x0000000090000000, 0x0000000090000000| Complete 
| 257|0x0000000090100000, 0x0000000090200000, 0x0000000090200000|100%| E|CS|TAMS 0x0000000090100000, 0x0000000090100000| Complete 
| 258|0x0000000090200000, 0x0000000090300000, 0x0000000090300000|100%| E|CS|TAMS 0x0000000090200000, 0x0000000090200000| Complete 
| 259|0x0000000090300000, 0x0000000090400000, 0x0000000090400000|100%| E|CS|TAMS 0x0000000090300000, 0x0000000090300000| Complete 
| 260|0x0000000090400000, 0x0000000090500000, 0x0000000090500000|100%| E|CS|TAMS 0x0000000090400000, 0x0000000090400000| Complete 
| 261|0x0000000090500000, 0x0000000090600000, 0x0000000090600000|100%| E|CS|TAMS 0x0000000090500000, 0x0000000090500000| Complete 
| 262|0x0000000090600000, 0x0000000090700000, 0x0000000090700000|100%| E|CS|TAMS 0x0000000090600000, 0x0000000090600000| Complete 
| 263|0x0000000090700000, 0x0000000090800000, 0x0000000090800000|100%| E|CS|TAMS 0x0000000090700000, 0x0000000090700000| Complete 
| 264|0x0000000090800000, 0x0000000090900000, 0x0000000090900000|100%| E|CS|TAMS 0x0000000090800000, 0x0000000090800000| Complete 
| 265|0x0000000090900000, 0x0000000090a00000, 0x0000000090a00000|100%| E|CS|TAMS 0x0000000090900000, 0x0000000090900000| Complete 
| 266|0x0000000090a00000, 0x0000000090b00000, 0x0000000090b00000|100%| E|CS|TAMS 0x0000000090a00000, 0x0000000090a00000| Complete 
| 267|0x0000000090b00000, 0x0000000090c00000, 0x0000000090c00000|100%| E|CS|TAMS 0x0000000090b00000, 0x0000000090b00000| Complete 
| 268|0x0000000090c00000, 0x0000000090d00000, 0x0000000090d00000|100%| E|CS|TAMS 0x0000000090c00000, 0x0000000090c00000| Complete 
| 269|0x0000000090d00000, 0x0000000090e00000, 0x0000000090e00000|100%| E|CS|TAMS 0x0000000090d00000, 0x0000000090d00000| Complete 
| 270|0x0000000090e00000, 0x0000000090f00000, 0x0000000090f00000|100%| E|CS|TAMS 0x0000000090e00000, 0x0000000090e00000| Complete 
| 271|0x0000000090f00000, 0x0000000091000000, 0x0000000091000000|100%| E|CS|TAMS 0x0000000090f00000, 0x0000000090f00000| Complete 
| 272|0x0000000091000000, 0x0000000091100000, 0x0000000091100000|100%| E|CS|TAMS 0x0000000091000000, 0x0000000091000000| Complete 
| 273|0x0000000091100000, 0x0000000091200000, 0x0000000091200000|100%| E|CS|TAMS 0x0000000091100000, 0x0000000091100000| Complete 
| 274|0x0000000091200000, 0x0000000091300000, 0x0000000091300000|100%| E|CS|TAMS 0x0000000091200000, 0x0000000091200000| Complete 
| 275|0x0000000091300000, 0x0000000091400000, 0x0000000091400000|100%| E|CS|TAMS 0x0000000091300000, 0x0000000091300000| Complete 
| 276|0x0000000091400000, 0x0000000091500000, 0x0000000091500000|100%| E|CS|TAMS 0x0000000091400000, 0x0000000091400000| Complete 
| 277|0x0000000091500000, 0x0000000091600000, 0x0000000091600000|100%| E|CS|TAMS 0x0000000091500000, 0x0000000091500000| Complete 
| 278|0x0000000091600000, 0x0000000091700000, 0x0000000091700000|100%| E|CS|TAMS 0x0000000091600000, 0x0000000091600000| Complete 
| 279|0x0000000091700000, 0x0000000091800000, 0x0000000091800000|100%| E|CS|TAMS 0x0000000091700000, 0x0000000091700000| Complete 
| 280|0x0000000091800000, 0x0000000091900000, 0x0000000091900000|100%| E|CS|TAMS 0x0000000091800000, 0x0000000091800000| Complete 
| 281|0x0000000091900000, 0x0000000091a00000, 0x0000000091a00000|100%| E|CS|TAMS 0x0000000091900000, 0x0000000091900000| Complete 
| 282|0x0000000091a00000, 0x0000000091b00000, 0x0000000091b00000|100%| E|CS|TAMS 0x0000000091a00000, 0x0000000091a00000| Complete 
| 283|0x0000000091b00000, 0x0000000091c00000, 0x0000000091c00000|100%| E|CS|TAMS 0x0000000091b00000, 0x0000000091b00000| Complete 
| 284|0x0000000091c00000, 0x0000000091d00000, 0x0000000091d00000|100%| E|CS|TAMS 0x0000000091c00000, 0x0000000091c00000| Complete 
| 285|0x0000000091d00000, 0x0000000091e00000, 0x0000000091e00000|100%| E|CS|TAMS 0x0000000091d00000, 0x0000000091d00000| Complete 
| 286|0x0000000091e00000, 0x0000000091f00000, 0x0000000091f00000|100%| E|CS|TAMS 0x0000000091e00000, 0x0000000091e00000| Complete 
| 287|0x0000000091f00000, 0x0000000092000000, 0x0000000092000000|100%| E|CS|TAMS 0x0000000091f00000, 0x0000000091f00000| Complete 
| 288|0x0000000092000000, 0x0000000092100000, 0x0000000092100000|100%| E|CS|TAMS 0x0000000092000000, 0x0000000092000000| Complete 
| 289|0x0000000092100000, 0x0000000092200000, 0x0000000092200000|100%| E|CS|TAMS 0x0000000092100000, 0x0000000092100000| Complete 
| 290|0x0000000092200000, 0x0000000092300000, 0x0000000092300000|100%| E|CS|TAMS 0x0000000092200000, 0x0000000092200000| Complete 
| 291|0x0000000092300000, 0x0000000092400000, 0x0000000092400000|100%| E|CS|TAMS 0x0000000092300000, 0x0000000092300000| Complete 
| 292|0x0000000092400000, 0x0000000092500000, 0x0000000092500000|100%| E|CS|TAMS 0x0000000092400000, 0x0000000092400000| Complete 
| 293|0x0000000092500000, 0x0000000092600000, 0x0000000092600000|100%| E|CS|TAMS 0x0000000092500000, 0x0000000092500000| Complete 
| 294|0x0000000092600000, 0x0000000092700000, 0x0000000092700000|100%| E|CS|TAMS 0x0000000092600000, 0x0000000092600000| Complete 
| 295|0x0000000092700000, 0x0000000092800000, 0x0000000092800000|100%| E|CS|TAMS 0x0000000092700000, 0x0000000092700000| Complete 
| 296|0x0000000092800000, 0x0000000092900000, 0x0000000092900000|100%| E|CS|TAMS 0x0000000092800000, 0x0000000092800000| Complete 
| 297|0x0000000092900000, 0x0000000092a00000, 0x0000000092a00000|100%| E|CS|TAMS 0x0000000092900000, 0x0000000092900000| Complete 
| 298|0x0000000092a00000, 0x0000000092b00000, 0x0000000092b00000|100%| E|CS|TAMS 0x0000000092a00000, 0x0000000092a00000| Complete 
| 299|0x0000000092b00000, 0x0000000092c00000, 0x0000000092c00000|100%| E|CS|TAMS 0x0000000092b00000, 0x0000000092b00000| Complete 
| 300|0x0000000092c00000, 0x0000000092d00000, 0x0000000092d00000|100%| E|CS|TAMS 0x0000000092c00000, 0x0000000092c00000| Complete 
| 301|0x0000000092d00000, 0x0000000092e00000, 0x0000000092e00000|100%| E|CS|TAMS 0x0000000092d00000, 0x0000000092d00000| Complete 
| 302|0x0000000092e00000, 0x0000000092f00000, 0x0000000092f00000|100%| E|CS|TAMS 0x0000000092e00000, 0x0000000092e00000| Complete 

Card table byte_map: [0x00000275f8380000,0x00000275f8780000] _byte_map_base: 0x00000275f7f80000

Marking Bits (Prev, Next): (CMBitMap*) 0x00000275f4296860, (CMBitMap*) 0x00000275f42968a0
 Prev Bits: [0x00000275f8b80000, 0x00000275fab80000)
 Next Bits: [0x00000275fab80000, 0x00000275fcb80000)

Polling page: 0x00000275f3a00000

Metaspace:

Usage:
  Non-class:     94.95 MB used.
      Class:     14.46 MB used.
       Both:    109.41 MB used.

Virtual space:
  Non-class space:       96.00 MB reserved,      95.38 MB (>99%) committed,  12 nodes.
      Class space:        1.00 GB reserved,      14.88 MB (  1%) committed,  1 nodes.
             Both:        1.09 GB reserved,     110.25 MB ( 10%) committed. 

Chunk freelists:
   Non-Class:  288.00 KB
       Class:  1.09 MB
        Both:  1.37 MB

MaxMetaspaceSize: unlimited
CompressedClassSpaceSize: 1.00 GB
Initial GC threshold: 21.00 MB
Current GC threshold: 173.88 MB
CDS: off
MetaspaceReclaimPolicy: balanced
 - commit_granule_bytes: 65536.
 - commit_granule_words: 8192.
 - virtual_space_node_default_size: 1048576.
 - enlarge_chunks_in_place: 1.
 - new_chunks_are_fully_committed: 0.
 - uncommit_free_chunks: 1.
 - use_allocation_guard: 0.
 - handle_deallocations: 1.


Internal statistics:

num_allocs_failed_limit: 9.
num_arena_births: 1352.
num_arena_deaths: 28.
num_vsnodes_births: 13.
num_vsnodes_deaths: 0.
num_space_committed: 1762.
num_space_uncommitted: 0.
num_chunks_returned_to_freelist: 48.
num_chunks_taken_from_freelist: 5603.
num_chunk_merges: 26.
num_chunk_splits: 3678.
num_chunks_enlarged: 2426.
num_purges: 2.
num_inconsistent_stats: 0.

CodeHeap 'non-profiled nmethods': size=119168Kb used=11573Kb max_used=11573Kb free=107595Kb
 bounds [0x0000027587ba0000, 0x00000275886f0000, 0x000002758f000000]
CodeHeap 'profiled nmethods': size=119104Kb used=31256Kb max_used=31256Kb free=87847Kb
 bounds [0x0000027580000000, 0x0000027581e90000, 0x0000027587450000]
CodeHeap 'non-nmethods': size=7488Kb used=4103Kb max_used=4212Kb free=3384Kb
 bounds [0x0000027587450000, 0x0000027587870000, 0x0000027587ba0000]
 total_blobs=16680 nmethods=15726 adapters=863
 compilation: enabled
              stopped_count=0, restarted_count=0
 full_count=0

Compilation events (20 events):
Event: 823.091 Thread 0x0000027594f90e40 18836       4       java.nio.file.attribute.FileTime::toMillis (98 bytes)
Event: 823.092 Thread 0x0000027594f90e40 nmethod 18836 0x00000275886dc010 code [0x00000275886dc180, 0x00000275886dc2b8]
Event: 823.093 Thread 0x000002759b7f6880 18837       3       com.sun.tools.javac.file.CacheFSInfo::getAttributes (18 bytes)
Event: 823.093 Thread 0x000002758f8a1280 18838       3       com.sun.tools.javac.file.CacheFSInfo$$Lambda$1627/0x0000000100e731c8::<init> (10 bytes)
Event: 823.093 Thread 0x000002758f8a1280 nmethod 18838 0x0000027581e74890 code [0x0000027581e74a20, 0x0000027581e74bd8]
Event: 823.093 Thread 0x000002759b7f6880 nmethod 18837 0x0000027581e74c90 code [0x0000027581e74ea0, 0x0000027581e75578]
Event: 823.112 Thread 0x000002759b7f9100 18839       4       sun.nio.fs.WindowsPath::isEmpty (8 bytes)
Event: 823.113 Thread 0x000002759b7f9100 nmethod 18839 0x00000275886dc410 code [0x00000275886dc580, 0x00000275886dc638]
Event: 823.115 Thread 0x000002759b7f77b0 nmethod 18832% 0x00000275886dc710 code [0x00000275886dca40, 0x00000275886dff90]
Event: 823.117 Thread 0x000002759b7f6370 18840       4       sun.nio.fs.WindowsPath::hashCode (52 bytes)
Event: 823.118 Thread 0x000002759b7fa030 18841       4       java.util.zip.ZipFile$Source::initCEN (591 bytes)
Event: 823.126 Thread 0x000002759b7f6370 nmethod 18840 0x00000275886e1f90 code [0x00000275886e2140, 0x00000275886e2718]
Event: 823.170 Thread 0x000002758f8a1280 18847   !   3       jdk.internal.jimage.decompressor.Decompressor::decompressResource (260 bytes)
Event: 823.173 Thread 0x000002758f8a1280 nmethod 18847 0x0000027581e75810 code [0x0000027581e75d40, 0x0000027581e787f8]
Event: 823.194 Thread 0x000002759b7fbe90 18848       3       jdk.internal.jimage.ImageLocation::verify (38 bytes)
Event: 823.195 Thread 0x000002759b7fbe90 nmethod 18848 0x0000027581e79a10 code [0x0000027581e79c20, 0x0000027581e7a1c8]
Event: 823.287 Thread 0x000002759b7f77b0 18849   !   4       java.nio.ByteBuffer::wrap (21 bytes)
Event: 823.289 Thread 0x000002759b7f77b0 nmethod 18849 0x00000275886e3810 code [0x00000275886e39a0, 0x00000275886e3c38]
Event: 823.298 Thread 0x000002759b7fa030 nmethod 18841 0x00000275886e3f10 code [0x00000275886e4280, 0x00000275886e8ac0]
Event: 823.303 Thread 0x000002758f897da0 18850       4       jdk.internal.jimage.ImageStringsReader::hashCode (33 bytes)

GC Heap History (20 events):
Event: 818.076 GC heap before
{Heap before GC invocations=47 (full 0):
 garbage-first heap   total 178176K, used 114098K [0x0000000080000000, 0x0000000100000000)
  region size 1024K, 4 young (4096K), 1 survivors (1024K)
 Metaspace       used 98527K, committed 99328K, reserved 1138688K
  class space    used 13275K, committed 13696K, reserved 1048576K
}
Event: 818.079 GC heap after
{Heap after GC invocations=48 (full 0):
 garbage-first heap   total 214016K, used 114550K [0x0000000080000000, 0x0000000100000000)
  region size 1024K, 3 young (3072K), 3 survivors (3072K)
 Metaspace       used 98527K, committed 99328K, reserved 1138688K
  class space    used 13275K, committed 13696K, reserved 1048576K
}
Event: 818.378 GC heap before
{Heap before GC invocations=49 (full 0):
 garbage-first heap   total 214016K, used 157558K [0x0000000080000000, 0x0000000100000000)
  region size 1024K, 37 young (37888K), 3 survivors (3072K)
 Metaspace       used 98676K, committed 99456K, reserved 1138688K
  class space    used 13294K, committed 13696K, reserved 1048576K
}
Event: 818.384 GC heap after
{Heap after GC invocations=50 (full 0):
 garbage-first heap   total 214016K, used 116726K [0x0000000080000000, 0x0000000100000000)
  region size 1024K, 5 young (5120K), 5 survivors (5120K)
 Metaspace       used 98676K, committed 99456K, reserved 1138688K
  class space    used 13294K, committed 13696K, reserved 1048576K
}
Event: 818.482 GC heap before
{Heap before GC invocations=50 (full 0):
 garbage-first heap   total 214016K, used 121846K [0x0000000080000000, 0x0000000100000000)
  region size 1024K, 10 young (10240K), 5 survivors (5120K)
 Metaspace       used 98700K, committed 99456K, reserved 1138688K
  class space    used 13294K, committed 13696K, reserved 1048576K
}
Event: 818.490 GC heap after
{Heap after GC invocations=51 (full 0):
 garbage-first heap   total 214016K, used 118684K [0x0000000080000000, 0x0000000100000000)
  region size 1024K, 2 young (2048K), 2 survivors (2048K)
 Metaspace       used 98700K, committed 99456K, reserved 1138688K
  class space    used 13294K, committed 13696K, reserved 1048576K
}
Event: 818.533 GC heap before
{Heap before GC invocations=51 (full 0):
 garbage-first heap   total 214016K, used 121756K [0x0000000080000000, 0x0000000100000000)
  region size 1024K, 6 young (6144K), 2 survivors (2048K)
 Metaspace       used 98705K, committed 99456K, reserved 1138688K
  class space    used 13294K, committed 13696K, reserved 1048576K
}
Event: 818.539 GC heap after
{Heap after GC invocations=52 (full 0):
 garbage-first heap   total 214016K, used 121546K [0x0000000080000000, 0x0000000100000000)
  region size 1024K, 5 young (5120K), 5 survivors (5120K)
 Metaspace       used 98705K, committed 99456K, reserved 1138688K
  class space    used 13294K, committed 13696K, reserved 1048576K
}
Event: 819.109 GC heap before
{Heap before GC invocations=53 (full 0):
 garbage-first heap   total 219136K, used 164554K [0x0000000080000000, 0x0000000100000000)
  region size 1024K, 31 young (31744K), 5 survivors (5120K)
 Metaspace       used 100878K, committed 101632K, reserved 1138688K
  class space    used 13500K, committed 13888K, reserved 1048576K
}
Event: 819.115 GC heap after
{Heap after GC invocations=54 (full 0):
 garbage-first heap   total 219136K, used 123725K [0x0000000080000000, 0x0000000100000000)
  region size 1024K, 3 young (3072K), 3 survivors (3072K)
 Metaspace       used 100878K, committed 101632K, reserved 1138688K
  class space    used 13500K, committed 13888K, reserved 1048576K
}
Event: 819.185 GC heap before
{Heap before GC invocations=54 (full 0):
 garbage-first heap   total 219136K, used 129869K [0x0000000080000000, 0x0000000100000000)
  region size 1024K, 10 young (10240K), 3 survivors (3072K)
 Metaspace       used 101243K, committed 101952K, reserved 1138688K
  class space    used 13536K, committed 13888K, reserved 1048576K
}
Event: 819.190 GC heap after
{Heap after GC invocations=55 (full 0):
 garbage-first heap   total 219136K, used 123455K [0x0000000080000000, 0x0000000100000000)
  region size 1024K, 2 young (2048K), 2 survivors (2048K)
 Metaspace       used 101243K, committed 101952K, reserved 1138688K
  class space    used 13536K, committed 13888K, reserved 1048576K
}
Event: 819.502 GC heap before
{Heap before GC invocations=55 (full 0):
 garbage-first heap   total 219136K, used 155199K [0x0000000080000000, 0x0000000100000000)
  region size 1024K, 33 young (33792K), 2 survivors (2048K)
 Metaspace       used 102181K, committed 102976K, reserved 1138688K
  class space    used 13634K, committed 14016K, reserved 1048576K
}
Event: 819.506 GC heap after
{Heap after GC invocations=56 (full 0):
 garbage-first heap   total 219136K, used 127624K [0x0000000080000000, 0x0000000100000000)
  region size 1024K, 5 young (5120K), 5 survivors (5120K)
 Metaspace       used 102181K, committed 102976K, reserved 1138688K
  class space    used 13634K, committed 14016K, reserved 1048576K
}
Event: 820.035 GC heap before
{Heap before GC invocations=57 (full 0):
 garbage-first heap   total 219136K, used 146056K [0x0000000080000000, 0x0000000100000000)
  region size 1024K, 38 young (38912K), 5 survivors (5120K)
 Metaspace       used 104569K, committed 105344K, reserved 1146880K
  class space    used 13836K, committed 14208K, reserved 1048576K
}
Event: 820.040 GC heap after
{Heap after GC invocations=58 (full 0):
 garbage-first heap   total 219136K, used 114772K [0x0000000080000000, 0x0000000100000000)
  region size 1024K, 2 young (2048K), 2 survivors (2048K)
 Metaspace       used 104569K, committed 105344K, reserved 1146880K
  class space    used 13836K, committed 14208K, reserved 1048576K
}
Event: 820.197 GC heap before
{Heap before GC invocations=58 (full 0):
 garbage-first heap   total 219136K, used 122964K [0x0000000080000000, 0x0000000100000000)
  region size 1024K, 10 young (10240K), 2 survivors (2048K)
 Metaspace       used 104958K, committed 105728K, reserved 1146880K
  class space    used 13879K, committed 14272K, reserved 1048576K
}
Event: 820.200 GC heap after
{Heap after GC invocations=59 (full 0):
 garbage-first heap   total 219136K, used 106302K [0x0000000080000000, 0x0000000100000000)
  region size 1024K, 2 young (2048K), 2 survivors (2048K)
 Metaspace       used 104958K, committed 105728K, reserved 1146880K
  class space    used 13879K, committed 14272K, reserved 1048576K
}
Event: 822.004 GC heap before
{Heap before GC invocations=59 (full 0):
 garbage-first heap   total 219136K, used 155454K [0x0000000080000000, 0x0000000100000000)
  region size 1024K, 50 young (51200K), 2 survivors (2048K)
 Metaspace       used 105969K, committed 106752K, reserved 1146880K
  class space    used 13999K, committed 14400K, reserved 1048576K
}
Event: 822.010 GC heap after
{Heap after GC invocations=60 (full 0):
 garbage-first heap   total 310272K, used 109680K [0x0000000080000000, 0x0000000100000000)
  region size 1024K, 6 young (6144K), 6 survivors (6144K)
 Metaspace       used 105969K, committed 106752K, reserved 1146880K
  class space    used 13999K, committed 14400K, reserved 1048576K
}

Dll operation events (2 events):
Event: 0.009 Loaded shared library D:\Android\Android Studio\jbr\bin\java.dll
Event: 0.324 Loaded shared library D:\Android\Android Studio\jbr\bin\verify.dll

Deoptimization events (20 events):
Event: 822.877 Thread 0x000002759310ac70 Uncommon trap: trap_request=0xffffffbe fr.pc=0x0000027588133690 relative=0x00000000000004f0
Event: 822.877 Thread 0x000002759310ac70 Uncommon trap: reason=profile_predicate action=maybe_recompile pc=0x0000027588133690 method=jdk.internal.jimage.ImageStringsReader.stringFromByteBufferMatches(Ljava/nio/ByteBuffer;ILjava/lang/String;I)I @ 19 c2
Event: 822.877 Thread 0x000002759310ac70 DEOPT PACKING pc=0x0000027588133690 sp=0x000000faf59f4dd0
Event: 822.877 Thread 0x000002759310ac70 DEOPT UNPACKING pc=0x00000275874a69a3 sp=0x000000faf59f4d48 mode 2
Event: 822.877 Thread 0x000002759310ac70 Uncommon trap: trap_request=0xffffffbe fr.pc=0x0000027588133690 relative=0x00000000000004f0
Event: 822.877 Thread 0x000002759310ac70 Uncommon trap: reason=profile_predicate action=maybe_recompile pc=0x0000027588133690 method=jdk.internal.jimage.ImageStringsReader.stringFromByteBufferMatches(Ljava/nio/ByteBuffer;ILjava/lang/String;I)I @ 19 c2
Event: 822.877 Thread 0x000002759310ac70 DEOPT PACKING pc=0x0000027588133690 sp=0x000000faf59f4dd0
Event: 822.877 Thread 0x000002759310ac70 DEOPT UNPACKING pc=0x00000275874a69a3 sp=0x000000faf59f4d48 mode 2
Event: 822.944 Thread 0x000002759310ac70 Uncommon trap: trap_request=0xffffff45 fr.pc=0x00000275883d953c relative=0x0000000000002a1c
Event: 822.944 Thread 0x000002759310ac70 Uncommon trap: reason=unstable_if action=reinterpret pc=0x00000275883d953c method=java.util.regex.Pattern.split(Ljava/lang/CharSequence;I)[Ljava/lang/String; @ 230 c2
Event: 822.944 Thread 0x000002759310ac70 DEOPT PACKING pc=0x00000275883d953c sp=0x000000faf59f8f80
Event: 822.944 Thread 0x000002759310ac70 DEOPT UNPACKING pc=0x00000275874a69a3 sp=0x000000faf59f8f88 mode 2
Event: 823.148 Thread 0x000002759310ac70 Uncommon trap: trap_request=0xffffffc6 fr.pc=0x0000027587e30bb8 relative=0x00000000000052f8
Event: 823.148 Thread 0x000002759310ac70 Uncommon trap: reason=bimorphic_or_optimized_type_check action=maybe_recompile pc=0x0000027587e30bb8 method=jdk.internal.loader.BuiltinClassLoader.loadClassOrNull(Ljava/lang/String;)Ljava/lang/Class; @ 3 c2
Event: 823.148 Thread 0x000002759310ac70 DEOPT PACKING pc=0x0000027587e30bb8 sp=0x000000faf59f56b0
Event: 823.148 Thread 0x000002759310ac70 DEOPT UNPACKING pc=0x00000275874a69a3 sp=0x000000faf59f55c0 mode 2
Event: 823.149 Thread 0x000002759310ac70 Uncommon trap: trap_request=0xffffffc6 fr.pc=0x0000027587e30bb8 relative=0x00000000000052f8
Event: 823.149 Thread 0x000002759310ac70 Uncommon trap: reason=bimorphic_or_optimized_type_check action=maybe_recompile pc=0x0000027587e30bb8 method=jdk.internal.loader.BuiltinClassLoader.loadClassOrNull(Ljava/lang/String;)Ljava/lang/Class; @ 3 c2
Event: 823.149 Thread 0x000002759310ac70 DEOPT PACKING pc=0x0000027587e30bb8 sp=0x000000faf59f8550
Event: 823.149 Thread 0x000002759310ac70 DEOPT UNPACKING pc=0x00000275874a69a3 sp=0x000000faf59f8460 mode 2

Classes unloaded (14 events):
Event: 10.302 Thread 0x00000275ffc08820 Unloading class 0x0000000100c9f800 'java/lang/invoke/LambdaForm$DMH+0x0000000100c9f800'
Event: 10.302 Thread 0x00000275ffc08820 Unloading class 0x0000000100c9f400 'java/lang/invoke/LambdaForm$DMH+0x0000000100c9f400'
Event: 10.302 Thread 0x00000275ffc08820 Unloading class 0x0000000100c9f000 'java/lang/invoke/LambdaForm$DMH+0x0000000100c9f000'
Event: 10.302 Thread 0x00000275ffc08820 Unloading class 0x0000000100c9e800 'java/lang/invoke/LambdaForm$DMH+0x0000000100c9e800'
Event: 10.302 Thread 0x00000275ffc08820 Unloading class 0x0000000100c9dc00 'java/lang/invoke/LambdaForm$DMH+0x0000000100c9dc00'
Event: 10.302 Thread 0x00000275ffc08820 Unloading class 0x0000000100c9ec00 'java/lang/invoke/LambdaForm$DMH+0x0000000100c9ec00'
Event: 10.302 Thread 0x00000275ffc08820 Unloading class 0x0000000100c9d800 'java/lang/invoke/LambdaForm$DMH+0x0000000100c9d800'
Event: 10.302 Thread 0x00000275ffc08820 Unloading class 0x0000000100c9d400 'java/lang/invoke/LambdaForm$DMH+0x0000000100c9d400'
Event: 10.302 Thread 0x00000275ffc08820 Unloading class 0x0000000100c9e000 'java/lang/invoke/LambdaForm$DMH+0x0000000100c9e000'
Event: 10.302 Thread 0x00000275ffc08820 Unloading class 0x0000000100c9cc00 'java/lang/invoke/LambdaForm$DMH+0x0000000100c9cc00'
Event: 10.302 Thread 0x00000275ffc08820 Unloading class 0x0000000100c9c800 'java/lang/invoke/LambdaForm$DMH+0x0000000100c9c800'
Event: 10.302 Thread 0x00000275ffc08820 Unloading class 0x0000000100c9d000 'java/lang/invoke/LambdaForm$DMH+0x0000000100c9d000'
Event: 10.302 Thread 0x00000275ffc08820 Unloading class 0x0000000100c9e400 'java/lang/invoke/LambdaForm$DMH+0x0000000100c9e400'
Event: 10.302 Thread 0x00000275ffc08820 Unloading class 0x0000000100c9c000 'java/lang/invoke/LambdaForm$DMH+0x0000000100c9c000'

Classes redefined (0 events):
No events

Internal exceptions (20 events):
Event: 820.297 Thread 0x0000027590290300 Exception <a 'java/lang/NoSuchMethodError'{0x000000008d32e528}: 'java.lang.Object java.lang.invoke.DirectMethodHandle$Holder.invokeStaticInit(java.lang.Object, java.lang.Object, long, java.lang.Object)'> (0x000000008d32e528) 
thrown [s\src\hotspot\share\interpreter\linkResolver.cpp, line 771]
Event: 820.547 Thread 0x0000027590290300 Exception <a 'java/lang/NoSuchMethodError'{0x000000008d27b870}: 'int java.lang.invoke.DirectMethodHandle$Holder.invokeSpecialIFC(java.lang.Object, java.lang.Object, java.lang.Object)'> (0x000000008d27b870) 
thrown [s\src\hotspot\share\interpreter\linkResolver.cpp, line 771]
Event: 821.813 Thread 0x0000027590290300 Exception <a 'sun/nio/fs/WindowsException'{0x000000008b7e3b10}> (0x000000008b7e3b10) 
thrown [s\src\hotspot\share\prims\jni.cpp, line 517]
Event: 821.813 Thread 0x0000027590290300 Exception <a 'sun/nio/fs/WindowsException'{0x000000008b7e3f00}> (0x000000008b7e3f00) 
thrown [s\src\hotspot\share\prims\jni.cpp, line 517]
Event: 821.854 Thread 0x0000027590290300 Implicit null exception at 0x00000275883611da to 0x0000027588361360
Event: 821.854 Thread 0x0000027590290300 Implicit null exception at 0x00000275884c3e3e to 0x00000275884c3f90
Event: 821.991 Thread 0x000002759310ac70 Implicit null exception at 0x0000027587bfd3dc to 0x0000027587bfd465
Event: 822.669 Thread 0x000002759310ac70 Exception <a 'sun/nio/fs/WindowsException'{0x000000008fd42b60}> (0x000000008fd42b60) 
thrown [s\src\hotspot\share\prims\jni.cpp, line 517]
Event: 822.674 Thread 0x000002759310ac70 Exception <a 'sun/nio/fs/WindowsException'{0x000000008fd59ef8}> (0x000000008fd59ef8) 
thrown [s\src\hotspot\share\prims\jni.cpp, line 517]
Event: 822.675 Thread 0x000002759310ac70 Exception <a 'java/lang/IncompatibleClassChangeError'{0x000000008fd5bc98}: Found class java.lang.Object, but interface was expected> (0x000000008fd5bc98) 
thrown [s\src\hotspot\share\interpreter\linkResolver.cpp, line 838]
Event: 822.684 Thread 0x000002759310ac70 Exception <a 'sun/nio/fs/WindowsException'{0x000000008fd7d610}> (0x000000008fd7d610) 
thrown [s\src\hotspot\share\prims\jni.cpp, line 517]
Event: 822.693 Thread 0x000002759310ac70 Exception <a 'sun/nio/fs/WindowsException'{0x000000008fd848e8}> (0x000000008fd848e8) 
thrown [s\src\hotspot\share\prims\jni.cpp, line 517]
Event: 822.694 Thread 0x000002759310ac70 Exception <a 'sun/nio/fs/WindowsException'{0x000000008fd855e0}> (0x000000008fd855e0) 
thrown [s\src\hotspot\share\prims\jni.cpp, line 517]
Event: 822.696 Thread 0x000002759310ac70 Exception <a 'sun/nio/fs/WindowsException'{0x000000008fd86228}> (0x000000008fd86228) 
thrown [s\src\hotspot\share\prims\jni.cpp, line 517]
Event: 822.700 Thread 0x000002759310ac70 Exception <a 'sun/nio/fs/WindowsException'{0x000000008fd86e90}> (0x000000008fd86e90) 
thrown [s\src\hotspot\share\prims\jni.cpp, line 517]
Event: 822.703 Thread 0x000002759310ac70 Exception <a 'sun/nio/fs/WindowsException'{0x000000008fd87ae0}> (0x000000008fd87ae0) 
thrown [s\src\hotspot\share\prims\jni.cpp, line 517]
Event: 822.705 Thread 0x000002759310ac70 Exception <a 'sun/nio/fs/WindowsException'{0x000000008fd88710}> (0x000000008fd88710) 
thrown [s\src\hotspot\share\prims\jni.cpp, line 517]
Event: 822.707 Thread 0x000002759310ac70 Exception <a 'sun/nio/fs/WindowsException'{0x000000008fd89400}> (0x000000008fd89400) 
thrown [s\src\hotspot\share\prims\jni.cpp, line 517]
Event: 822.708 Thread 0x000002759310ac70 Exception <a 'sun/nio/fs/WindowsException'{0x000000008fd8a108}> (0x000000008fd8a108) 
thrown [s\src\hotspot\share\prims\jni.cpp, line 517]
Event: 823.147 Thread 0x000002759310ac70 Exception <a 'java/lang/NoSuchMethodError'{0x000000008f4525b0}: 'void java.lang.invoke.DirectMethodHandle$Holder.invokeVirtual(java.lang.Object, java.lang.Object, java.lang.Object, java.lang.Object)'> (0x000000008f4525b0) 
thrown [s\src\hotspot\share\interpreter\linkResolver.cpp, line 771]

VM Operations (20 events):
Event: 822.004 Executing VM operation: G1CollectForAllocation
Event: 822.010 Executing VM operation: G1CollectForAllocation done
Event: 822.076 Executing VM operation: G1Concurrent
Event: 822.083 Executing VM operation: G1Concurrent done
Event: 822.108 Executing VM operation: G1Concurrent
Event: 822.108 Executing VM operation: G1Concurrent done
Event: 822.248 Executing VM operation: HandshakeAllThreads
Event: 822.249 Executing VM operation: HandshakeAllThreads done
Event: 822.256 Executing VM operation: HandshakeAllThreads
Event: 822.256 Executing VM operation: HandshakeAllThreads done
Event: 822.571 Executing VM operation: HandshakeAllThreads
Event: 822.572 Executing VM operation: HandshakeAllThreads done
Event: 822.817 Executing VM operation: HandshakeAllThreads
Event: 822.818 Executing VM operation: HandshakeAllThreads done
Event: 822.818 Executing VM operation: HandshakeAllThreads
Event: 822.818 Executing VM operation: HandshakeAllThreads done
Event: 822.916 Executing VM operation: HandshakeAllThreads
Event: 822.916 Executing VM operation: HandshakeAllThreads done
Event: 822.989 Executing VM operation: ICBufferFull
Event: 822.989 Executing VM operation: ICBufferFull done

Events (20 events):
Event: 822.815 loading class java/util/JumboEnumSet done
Event: 822.821 Thread 0x000002758f8a91a0 flushing nmethod 0x0000027588116890
Event: 822.821 Thread 0x000002758f8a91a0 flushing nmethod 0x0000027588132a90
Event: 822.823 Thread 0x000002758f8a91a0 flushing nmethod 0x0000027588442310
Event: 822.833 loading class java/util/JumboEnumSet$EnumSetIterator
Event: 822.833 loading class java/util/JumboEnumSet$EnumSetIterator done
Event: 822.846 loading class java/util/ResourceBundle$KeyElementReference
Event: 822.846 loading class java/util/ResourceBundle$CacheKeyReference
Event: 822.846 loading class java/util/ResourceBundle$CacheKeyReference done
Event: 822.846 loading class java/util/ResourceBundle$KeyElementReference done
Event: 822.846 loading class java/util/ResourceBundle$3
Event: 822.847 loading class java/util/ResourceBundle$3 done
Event: 822.848 Thread 0x000002758f8a91a0 flushing nmethod 0x00000275817cb890
Event: 822.850 Thread 0x000002758f8a91a0 flushing nmethod 0x0000027581a45f90
Event: 822.852 Thread 0x000002758f8a91a0 flushing nmethod 0x0000027581b8d410
Event: 822.856 loading class java/util/ResourceBundle$BundleReference
Event: 822.856 loading class java/util/ResourceBundle$BundleReference done
Event: 822.931 loading class java/util/ServiceLoader$ProviderSpliterator
Event: 822.931 loading class java/util/ServiceLoader$ProviderSpliterator done
Event: 823.170 Thread 0x000002759b7f4a20 Thread exited: 0x000002759b7f4a20


Dynamic libraries:
0x00007ff678c40000 - 0x00007ff678c4a000 	D:\Android\Android Studio\jbr\bin\java.exe
0x00007ffa93f90000 - 0x00007ffa941a7000 	C:\WINDOWS\SYSTEM32\ntdll.dll
0x00007ffa92e30000 - 0x00007ffa92ef4000 	C:\WINDOWS\System32\KERNEL32.DLL
0x00007ffa91680000 - 0x00007ffa91a26000 	C:\WINDOWS\System32\KERNELBASE.dll
0x00007ffa91440000 - 0x00007ffa91551000 	C:\WINDOWS\System32\ucrtbase.dll
0x00007ffa304a0000 - 0x00007ffa304b7000 	D:\Android\Android Studio\jbr\bin\jli.dll
0x00007ffa829f0000 - 0x00007ffa82a0b000 	D:\Android\Android Studio\jbr\bin\VCRUNTIME140.dll
0x00007ffa93d40000 - 0x00007ffa93eed000 	C:\WINDOWS\System32\USER32.dll
0x00007ffa913a0000 - 0x00007ffa913c6000 	C:\WINDOWS\System32\win32u.dll
0x00007ffa92170000 - 0x00007ffa92199000 	C:\WINDOWS\System32\GDI32.dll
0x00007ffa7f730000 - 0x00007ffa7f9c3000 	C:\WINDOWS\WinSxS\amd64_microsoft.windows.common-controls_6595b64144ccf1df_6.0.22621.2361_none_2712ced57382f843\COMCTL32.dll
0x00007ffa91ba0000 - 0x00007ffa91cb8000 	C:\WINDOWS\System32\gdi32full.dll
0x00007ffa915e0000 - 0x00007ffa9167a000 	C:\WINDOWS\System32\msvcp_win.dll
0x00007ffa91de0000 - 0x00007ffa91e87000 	C:\WINDOWS\System32\msvcrt.dll
0x00007ffa91f90000 - 0x00007ffa91fc1000 	C:\WINDOWS\System32\IMM32.DLL
0x00007ffa829e0000 - 0x00007ffa829ec000 	D:\Android\Android Studio\jbr\bin\vcruntime140_1.dll
0x00007ffa62ee0000 - 0x00007ffa62f6d000 	D:\Android\Android Studio\jbr\bin\msvcp140.dll
0x00007ffa10c80000 - 0x00007ffa118ee000 	D:\Android\Android Studio\jbr\bin\server\jvm.dll
0x00007ffa931b0000 - 0x00007ffa93260000 	C:\WINDOWS\System32\ADVAPI32.dll
0x00007ffa920c0000 - 0x00007ffa92166000 	C:\WINDOWS\System32\sechost.dll
0x00007ffa91cc0000 - 0x00007ffa91dd7000 	C:\WINDOWS\System32\RPCRT4.dll
0x00007ffa80670000 - 0x00007ffa80679000 	C:\WINDOWS\SYSTEM32\WSOCK32.dll
0x00007ffa86cd0000 - 0x00007ffa86d04000 	C:\WINDOWS\SYSTEM32\WINMM.dll
0x00007ffa89b90000 - 0x00007ffa89b9a000 	C:\WINDOWS\SYSTEM32\VERSION.dll
0x00007ffa93370000 - 0x00007ffa933e1000 	C:\WINDOWS\System32\WS2_32.dll
0x00007ffa90320000 - 0x00007ffa90338000 	C:\WINDOWS\SYSTEM32\kernel.appcore.dll
0x00007ffa801c0000 - 0x00007ffa801ca000 	D:\Android\Android Studio\jbr\bin\jimage.dll
0x00007ffa8e820000 - 0x00007ffa8ea4e000 	C:\WINDOWS\SYSTEM32\DBGHELP.DLL
0x00007ffa92690000 - 0x00007ffa92a1a000 	C:\WINDOWS\System32\combase.dll
0x00007ffa933f0000 - 0x00007ffa934c7000 	C:\WINDOWS\System32\OLEAUT32.dll
0x00007ffa32530000 - 0x00007ffa32562000 	C:\WINDOWS\SYSTEM32\dbgcore.DLL
0x00007ffa91560000 - 0x00007ffa915da000 	C:\WINDOWS\System32\bcryptPrimitives.dll
0x00007ffa80190000 - 0x00007ffa801b5000 	D:\Android\Android Studio\jbr\bin\java.dll
0x00007ffa703b0000 - 0x00007ffa703c8000 	D:\Android\Android Studio\jbr\bin\zip.dll
0x00007ffa934e0000 - 0x00007ffa93d38000 	C:\WINDOWS\System32\SHELL32.dll
0x00007ffa8f240000 - 0x00007ffa8fb32000 	C:\WINDOWS\SYSTEM32\windows.storage.dll
0x00007ffa8f100000 - 0x00007ffa8f23e000 	C:\WINDOWS\SYSTEM32\wintypes.dll
0x00007ffa91e90000 - 0x00007ffa91f83000 	C:\WINDOWS\System32\SHCORE.dll
0x00007ffa93310000 - 0x00007ffa9336e000 	C:\WINDOWS\System32\shlwapi.dll
0x00007ffa91210000 - 0x00007ffa91236000 	C:\WINDOWS\SYSTEM32\profapi.dll
0x00007ffa6d490000 - 0x00007ffa6d4a9000 	D:\Android\Android Studio\jbr\bin\net.dll
0x00007ffa8afe0000 - 0x00007ffa8b117000 	C:\WINDOWS\SYSTEM32\WINHTTP.dll
0x00007ffa907a0000 - 0x00007ffa90809000 	C:\WINDOWS\system32\mswsock.dll
0x00007ffa6bd80000 - 0x00007ffa6bd96000 	D:\Android\Android Studio\jbr\bin\nio.dll
0x00007ffa703a0000 - 0x00007ffa703b0000 	D:\Android\Android Studio\jbr\bin\verify.dll
0x00007ffa274f0000 - 0x00007ffa27517000 	C:\Users\ASUS\.gradle\native\68d5fa5c4cc2d200863cafc0d521ce42e7d3e7ee720ec0a83991735586a16f82\windows-amd64\native-platform.dll
0x00007ffa61a50000 - 0x00007ffa61b94000 	C:\Users\ASUS\.gradle\native\e376f236ea51e6404a007f0833ffe2c6e607c4080706a723a18a27aeea778392\windows-amd64\native-platform-file-events.dll
0x00007ffa65990000 - 0x00007ffa65999000 	D:\Android\Android Studio\jbr\bin\management.dll
0x00007ffa62b90000 - 0x00007ffa62b9b000 	D:\Android\Android Studio\jbr\bin\management_ext.dll
0x00007ffa93f10000 - 0x00007ffa93f18000 	C:\WINDOWS\System32\PSAPI.DLL
0x00007ffa909f0000 - 0x00007ffa90a0b000 	C:\WINDOWS\SYSTEM32\CRYPTSP.dll
0x00007ffa90280000 - 0x00007ffa902b5000 	C:\WINDOWS\system32\rsaenh.dll
0x00007ffa90890000 - 0x00007ffa908bc000 	C:\WINDOWS\SYSTEM32\USERENV.dll
0x00007ffa90c00000 - 0x00007ffa90c28000 	C:\WINDOWS\SYSTEM32\bcrypt.dll
0x00007ffa90a10000 - 0x00007ffa90a1c000 	C:\WINDOWS\SYSTEM32\CRYPTBASE.dll
0x00007ffa8fda0000 - 0x00007ffa8fdcd000 	C:\WINDOWS\SYSTEM32\IPHLPAPI.DLL
0x00007ffa92fe0000 - 0x00007ffa92fe9000 	C:\WINDOWS\System32\NSI.dll
0x00007ffa8acf0000 - 0x00007ffa8ad09000 	C:\WINDOWS\SYSTEM32\dhcpcsvc6.DLL
0x00007ffa8acc0000 - 0x00007ffa8acdf000 	C:\WINDOWS\SYSTEM32\dhcpcsvc.DLL
0x00007ffa8fdd0000 - 0x00007ffa8fec9000 	C:\WINDOWS\SYSTEM32\DNSAPI.dll
0x00007ffa6c600000 - 0x00007ffa6c608000 	C:\WINDOWS\system32\wshunix.dll
0x00007ffa90340000 - 0x00007ffa90374000 	C:\WINDOWS\SYSTEM32\ntmarta.dll

dbghelp: loaded successfully - version: 4.0.5 - missing functions: none
symbol engine: initialized successfully - sym options: 0x614 - pdb path: .;D:\Android\Android Studio\jbr\bin;C:\WINDOWS\SYSTEM32;C:\WINDOWS\WinSxS\amd64_microsoft.windows.common-controls_6595b64144ccf1df_6.0.22621.2361_none_2712ced57382f843;D:\Android\Android Studio\jbr\bin\server;C:\Users\ASUS\.gradle\native\68d5fa5c4cc2d200863cafc0d521ce42e7d3e7ee720ec0a83991735586a16f82\windows-amd64;C:\Users\ASUS\.gradle\native\e376f236ea51e6404a007f0833ffe2c6e607c4080706a723a18a27aeea778392\windows-amd64

VM Arguments:
jvm_args: --add-opens=java.base/java.util=ALL-UNNAMED --add-opens=java.base/java.lang=ALL-UNNAMED --add-opens=java.base/java.lang.invoke=ALL-UNNAMED --add-opens=java.prefs/java.util.prefs=ALL-UNNAMED --add-opens=java.base/java.nio.charset=ALL-UNNAMED --add-opens=java.base/java.net=ALL-UNNAMED --add-opens=java.base/java.util.concurrent.atomic=ALL-UNNAMED -Xmx2048m -Dfile.encoding=UTF-8 -Duser.country=US -Duser.language=en -Duser.variant 
java_command: org.gradle.launcher.daemon.bootstrap.GradleDaemon 8.0
java_class_path (initial): C:\Users\ASUS\.gradle\wrapper\dists\gradle-8.0-bin\ca5e32bp14vu59qr306oxotwh\gradle-8.0\lib\gradle-launcher-8.0.jar
Launcher Type: SUN_STANDARD

[Global flags]
     intx CICompilerCount                          = 12                                        {product} {ergonomic}
     uint ConcGCThreads                            = 3                                         {product} {ergonomic}
     uint G1ConcRefinementThreads                  = 13                                        {product} {ergonomic}
   size_t G1HeapRegionSize                         = 1048576                                   {product} {ergonomic}
    uintx GCDrainStackTargetSize                   = 64                                        {product} {ergonomic}
   size_t InitialHeapSize                          = 260046848                                 {product} {ergonomic}
   size_t MarkStackSize                            = 4194304                                   {product} {ergonomic}
   size_t MaxHeapSize                              = 2147483648                                {product} {command line}
   size_t MaxNewSize                               = 1287651328                                {product} {ergonomic}
   size_t MinHeapDeltaBytes                        = 1048576                                   {product} {ergonomic}
   size_t MinHeapSize                              = 8388608                                   {product} {ergonomic}
    uintx NonNMethodCodeHeapSize                   = 7602480                                {pd product} {ergonomic}
    uintx NonProfiledCodeHeapSize                  = 122027880                              {pd product} {ergonomic}
    uintx ProfiledCodeHeapSize                     = 122027880                              {pd product} {ergonomic}
    uintx ReservedCodeCacheSize                    = 251658240                              {pd product} {ergonomic}
     bool SegmentedCodeCache                       = true                                      {product} {ergonomic}
   size_t SoftMaxHeapSize                          = 2147483648                             {manageable} {ergonomic}
     bool UseCompressedClassPointers               = true                           {product lp64_product} {ergonomic}
     bool UseCompressedOops                        = true                           {product lp64_product} {ergonomic}
     bool UseG1GC                                  = true                                      {product} {ergonomic}
     bool UseLargePagesIndividualAllocation        = false                                  {pd product} {ergonomic}

Logging:
Log output configuration:
 #0: stdout all=warning uptime,level,tags
 #1: stderr all=off uptime,level,tags

Environment Variables:
PATH=C:\Program Files\Common Files\Oracle\Java\javapath;C:\Program Files (x86)\Common Files\Oracle\Java\javapath;C:\Program Files\ImageMagick-7.1.1-Q16-HDRI;C:\Windows\system32;C:\Windows;C:\Windows\System32\Wbem;C:\Windows\System32\WindowsPowerShell\v1.0\;C:\Windows\System32\OpenSSH\;C:\Program Files (x86)\NVIDIA Corporation\PhysX\Common;C:\msys64\mingw64\bin;C:\Program Files\dotnet\;C:\Program Files\NVIDIA Corporation\NVIDIA NvDLISR;C:\WINDOWS\system32;C:\WINDOWS;C:\WINDOWS\System32\Wbem;C:\WINDOWS\System32\WindowsPowerShell\v1.0\;C:\WINDOWS\System32\OpenSSH\;C:\Program Files (x86)\dotnet\;C:\Program Files\nodejs\;C:\Program Files\Java\jdk-20\bin;C:\Program Files (x86)\Java\jre-1.8\bin;C:\Program Files (x86)\Microsoft SQL Server\160\DTS\Binn\;C:\Program Files\Azure Data Studio\bin;C:\Program Files\Microsoft SQL Server\150\Tools\Binn\;C:\Program Files\Microsoft SQL Server\MSSQL16.MSSQLSGVT\MSSQL\Binn;C:\Program Files (x86)\Microsoft SQL Server\160\Tools\Binn\;C:\Program Files\Microsoft SQL Server\160\Tools\Binn\;C:\Program Files\Microsoft SQL Server\Client SDK\ODBC\170\Tools\Binn\;C:\Program Files\Microsoft SQL Server\160\DTS\Binn\;C:\Program Files\Microsoft SQL Server\130\Tools\Binn\;C:\Program Files\Git\cmd;C:\Users\ASUS\AppData\Local\Microsoft\WindowsApps;C:\Users\ASUS\AppData\Local\Programs\Microsoft VS Code\bin;C:\Program Files\Azure Data Studio\bin;C:\Users\ASUS\AppData\Roaming\npm;C:\Users\ASUS\AppData\Local\GitHubDesktop\bin;C:\Users\ASUS\AppData\Local\Programs\oh-my-posh\bin;C:\Program Files\Azure Data Studio\bin
USERNAME=ASUS
OS=Windows_NT
PROCESSOR_IDENTIFIER=AMD64 Family 23 Model 96 Stepping 1, AuthenticAMD
TMP=C:\Users\ASUS\AppData\Local\Temp
TEMP=C:\Users\ASUS\AppData\Local\Temp


JNI global refs:
JNI global refs: 33, weak refs: 0

JNI global refs memory usage: 843, weak refs: 209


---------------  S Y S T E M  ---------------

OS:
 Windows 11 , 64 bit Build 22621 (10.0.22621.2428)
OS uptime: 0 days 7:53 hours

CPU: total 16 (initial active 16) (16 cores per cpu, 2 threads per core) family 23 model 96 stepping 1 microcode 0x0, cx8, cmov, fxsr, ht, mmx, 3dnowpref, sse, sse2, sse3, ssse3, sse4a, sse4.1, sse4.2, popcnt, lzcnt, tsc, tscinvbit, avx, avx2, aes, clmul, bmi1, bmi2, adx, sha, fma, vzeroupper, clflush, clflushopt

Memory: 4k page, system-wide physical 15791M (3233M free)
TotalPageFile size 18660M (AvailPageFile size 9M)
current process WorkingSet (physical memory assigned to process): 606M, peak: 606M
current process commit charge ("private bytes"): 724M, peak: 752M

vm_info: OpenJDK 64-Bit Server VM (17.0.6+0-b2043.56-10027231) for windows-amd64 JRE (17.0.6+0-b2043.56-10027231), built on Apr 28 2023 00:43:19 by "androidbuild" with MS VC++ 16.10 / 16.11 (VS2019)

END.
