#
# There is insufficient memory for the Java Runtime Environment to continue.
# Native memory allocation (malloc) failed to allocate 1669776 bytes for Chunk::new
# Possible reasons:
#   The system is out of physical RAM or swap space
#   The process is running with CompressedOops enabled, and the Java Heap may be blocking the growth of the native heap
# Possible solutions:
#   Reduce memory load on the system
#   Increase physical memory or swap space
#   Check if swap backing store is full
#   Decrease Java heap size (-Xmx/-Xms)
#   Decrease number of Java threads
#   Decrease Java thread stack sizes (-Xss)
#   Set larger code cache with -XX:ReservedCodeCacheSize=
#   JVM is running with Unscaled Compressed Oops mode in which the Java heap is
#     placed in the first 4GB address space. The Java Heap base address is the
#     maximum limit for the native heap growth. Please use -XX:HeapBaseMinAddress
#     to set the Java Heap base and to place the Java Heap above 4GB virtual address.
# This output file may be truncated or incomplete.
#
#  Out of Memory Error (arena.cpp:189), pid=17664, tid=20460
#
# JRE version: OpenJDK Runtime Environment (17.0.6) (build 17.0.6+0-b2043.56-10027231)
# Java VM: OpenJDK 64-Bit Server VM (17.0.6+0-b2043.56-10027231, mixed mode, tiered, compressed oops, compressed class ptrs, g1 gc, windows-amd64)
# No core dump will be written. Minidumps are not enabled by default on client versions of Windows
#

---------------  S U M M A R Y ------------

Command Line: --add-opens=java.base/java.util=ALL-UNNAMED --add-opens=java.base/java.lang=ALL-UNNAMED --add-opens=java.base/java.lang.invoke=ALL-UNNAMED --add-opens=java.prefs/java.util.prefs=ALL-UNNAMED --add-opens=java.base/java.nio.charset=ALL-UNNAMED --add-opens=java.base/java.net=ALL-UNNAMED --add-opens=java.base/java.util.concurrent.atomic=ALL-UNNAMED -Xmx2048m -Dfile.encoding=UTF-8 -Duser.country=US -Duser.language=en -Duser.variant org.gradle.launcher.daemon.bootstrap.GradleDaemon 8.0

Host: AMD Ryzen 7 4800H with Radeon Graphics         , 16 cores, 15G,  Windows 11 , 64 bit Build 22621 (10.0.22621.2428)
Time: Wed Nov 22 22:34:51 2023 SE Asia Standard Time elapsed time: 1048.977031 seconds (0d 0h 17m 28s)

---------------  T H R E A D  ---------------

Current thread (0x00000173e6c9cd20):  JavaThread "C2 CompilerThread0" daemon [_thread_in_native, id=20460, stack(0x00000055b1100000,0x00000055b1200000)]


Current CompileTask:
C2:1048977 24977   !   4       org.gradle.api.internal.artifacts.ivyservice.ivyresolve.ErrorHandlingModuleComponentRepository$ErrorHandlingModuleComponentRepositoryAccess::tryResolveAndMaybeBlacklist (229 bytes)

Stack: [0x00000055b1100000,0x00000055b1200000]
Native frames: (J=compiled Java code, j=interpreted, Vv=VM code, C=native code)
V  [jvm.dll+0x683c9a]
V  [jvm.dll+0x8427a4]
V  [jvm.dll+0x843f9e]
V  [jvm.dll+0x844603]
V  [jvm.dll+0x249b75]
V  [jvm.dll+0xabcac]
V  [jvm.dll+0xac27c]
V  [jvm.dll+0x368802]
V  [jvm.dll+0x332f31]
V  [jvm.dll+0x3323da]
V  [jvm.dll+0x21c201]
V  [jvm.dll+0x21b621]
V  [jvm.dll+0x1a4fdd]
V  [jvm.dll+0x22b098]
V  [jvm.dll+0x229159]
V  [jvm.dll+0x7f81ec]
V  [jvm.dll+0x7f274a]
V  [jvm.dll+0x682ad5]
C  [ucrtbase.dll+0x29363]
C  [KERNEL32.DLL+0x1257d]
C  [ntdll.dll+0x5aa78]


---------------  P R O C E S S  ---------------

Threads class SMR info:
_java_thread_list=0x00000173f5a93150, length=116, elements={
0x00000173cb6597b0, 0x00000173e6c4c5a0, 0x00000173e6c4da20, 0x00000173e6c83a10,
0x00000173e6c98e10, 0x00000173e6c995d0, 0x00000173e6c9bf90, 0x00000173e6c9cd20,
0x00000173e6ca57d0, 0x00000173e6cab6d0, 0x00000173e6e1b990, 0x00000173e6e17db0,
0x00000173e845f100, 0x00000173ea271b60, 0x00000173e84d0770, 0x00000173e93dd7a0,
0x00000173e93e02f0, 0x00000173e93e0c90, 0x00000173e93deae0, 0x00000173e93df480,
0x00000173e93ddc70, 0x00000173eab0f9d0, 0x00000173eab0fea0, 0x00000173eab14200,
0x00000173eab129f0, 0x00000173eab10d10, 0x00000173eab10370, 0x00000173eab111e0,
0x00000173ed699680, 0x00000173ed698ce0, 0x00000173ed6927d0, 0x00000173ed695cc0,
0x00000173ed692ca0, 0x00000173ed694e50, 0x00000173ed6979a0, 0x00000173ed696190,
0x00000173ed693170, 0x00000173ed6944b0, 0x00000173ed698340, 0x00000173ed693b10,
0x00000173f2931330, 0x00000173eab993c0, 0x00000173f4980bd0, 0x00000173f331c550,
0x00000173f711aca0, 0x00000173ec7f8530, 0x00000173f49823e0, 0x00000173f331f570,
0x00000173f267a1d0, 0x00000173f2b51b10, 0x00000173f331d890, 0x00000173f66f1650,
0x00000173f42a3ef0, 0x00000173f66efe40, 0x00000173f66f07e0, 0x00000173f4940040,
0x00000173f95ca4f0, 0x00000173f95c91b0, 0x00000173f04133f0, 0x00000173f95ca020,
0x00000173f95cae90, 0x00000173f95c8810, 0x00000173eddff3b0, 0x00000173eddffd50,
0x00000173eddff880, 0x00000173eddfea10, 0x00000173ede00220, 0x00000173f0947660,
0x00000173f0947b30, 0x00000173f09454b0, 0x00000173f0944b10, 0x00000173f0946320,
0x00000173f0944fe0, 0x00000173f0944640, 0x00000173f09467f0, 0x00000173f0946cc0,
0x00000173f0944170, 0x00000173e8692e60, 0x00000173e8693cd0, 0x00000173e8694b40,
0x00000173e8695010, 0x00000173e8692990, 0x00000173e86959b0, 0x00000173e8693330,
0x00000173e86954e0, 0x00000173e8694670, 0x00000173e8695e80, 0x00000173e8696350,
0x00000173e8693800, 0x00000173e86941a0, 0x00000173edc52fc0, 0x00000173edc52150,
0x00000173edc4ffa0, 0x00000173edc50470, 0x00000173edc52af0, 0x00000173edc51c80,
0x00000173edc52620, 0x00000173edc50e10, 0x00000173edc4f600, 0x00000173edc4fad0,
0x00000173edc512e0, 0x00000173edc517b0, 0x00000173edc50940, 0x00000173f9a25340,
0x00000173f9a25810, 0x00000173f9a25ce0, 0x00000173f9a27020, 0x00000173f9a244d0,
0x00000173f9a261b0, 0x00000173f9a26680, 0x00000173f9a26b50, 0x00000173f9a274f0,
0x00000173f9a279c0, 0x00000173ed7d4f90, 0x00000173f5375480, 0x00000173ed7d1cf0
}

Java Threads: ( => current thread )
  0x00000173cb6597b0 JavaThread "main" [_thread_blocked, id=12596, stack(0x00000055b0400000,0x00000055b0500000)]
  0x00000173e6c4c5a0 JavaThread "Reference Handler" daemon [_thread_blocked, id=11704, stack(0x00000055b0b00000,0x00000055b0c00000)]
  0x00000173e6c4da20 JavaThread "Finalizer" daemon [_thread_blocked, id=3208, stack(0x00000055b0c00000,0x00000055b0d00000)]
  0x00000173e6c83a10 JavaThread "Signal Dispatcher" daemon [_thread_blocked, id=22008, stack(0x00000055b0d00000,0x00000055b0e00000)]
  0x00000173e6c98e10 JavaThread "Attach Listener" daemon [_thread_blocked, id=5320, stack(0x00000055b0e00000,0x00000055b0f00000)]
  0x00000173e6c995d0 JavaThread "Service Thread" daemon [_thread_blocked, id=13480, stack(0x00000055b0f00000,0x00000055b1000000)]
  0x00000173e6c9bf90 JavaThread "Monitor Deflation Thread" daemon [_thread_blocked, id=18800, stack(0x00000055b1000000,0x00000055b1100000)]
=>0x00000173e6c9cd20 JavaThread "C2 CompilerThread0" daemon [_thread_in_native, id=20460, stack(0x00000055b1100000,0x00000055b1200000)]
  0x00000173e6ca57d0 JavaThread "C1 CompilerThread0" daemon [_thread_blocked, id=21216, stack(0x00000055b1200000,0x00000055b1300000)]
  0x00000173e6cab6d0 JavaThread "Sweeper thread" daemon [_thread_blocked, id=7640, stack(0x00000055b1300000,0x00000055b1400000)]
  0x00000173e6e1b990 JavaThread "Common-Cleaner" daemon [_thread_blocked, id=16768, stack(0x00000055b1500000,0x00000055b1600000)]
  0x00000173e6e17db0 JavaThread "Notification Thread" daemon [_thread_blocked, id=14520, stack(0x00000055b1600000,0x00000055b1700000)]
  0x00000173e845f100 JavaThread "Daemon health stats" [_thread_blocked, id=21180, stack(0x00000055b2000000,0x00000055b2100000)]
  0x00000173ea271b60 JavaThread "Incoming local TCP Connector on port 60663" [_thread_in_native, id=13864, stack(0x00000055b2100000,0x00000055b2200000)]
  0x00000173e84d0770 JavaThread "Daemon periodic checks" [_thread_blocked, id=10888, stack(0x00000055b1800000,0x00000055b1900000)]
  0x00000173e93dd7a0 JavaThread "Cache worker for journal cache (C:\Users\ASUS\.gradle\caches\journal-1)" [_thread_blocked, id=15024, stack(0x00000055b3300000,0x00000055b3400000)]
  0x00000173e93e02f0 JavaThread "File lock request listener" [_thread_in_native, id=20640, stack(0x00000055b3400000,0x00000055b3500000)]
  0x00000173e93e0c90 JavaThread "Cache worker for file hash cache (C:\Users\ASUS\.gradle\caches\8.0\fileHashes)" [_thread_blocked, id=20692, stack(0x00000055b3500000,0x00000055b3600000)]
  0x00000173e93deae0 JavaThread "File watcher server" daemon [_thread_in_native, id=16440, stack(0x00000055b3700000,0x00000055b3800000)]
  0x00000173e93df480 JavaThread "File watcher consumer" daemon [_thread_blocked, id=18228, stack(0x00000055b3800000,0x00000055b3900000)]
  0x00000173e93ddc70 JavaThread "Cache worker for file content cache (C:\Users\ASUS\.gradle\caches\8.0\fileContent)" [_thread_blocked, id=5060, stack(0x00000055b3b00000,0x00000055b3c00000)]
  0x00000173eab0f9d0 JavaThread "Cache worker for execution history cache (C:\Users\ASUS\.gradle\caches\8.0\executionHistory)" [_thread_blocked, id=14924, stack(0x00000055b3e00000,0x00000055b3f00000)]
  0x00000173eab0fea0 JavaThread "jar transforms" [_thread_blocked, id=20932, stack(0x00000055b3f00000,0x00000055b4000000)]
  0x00000173eab14200 JavaThread "jar transforms Thread 2" [_thread_blocked, id=22712, stack(0x00000055b4000000,0x00000055b4100000)]
  0x00000173eab129f0 JavaThread "Cache worker for kotlin-dsl (C:\Users\ASUS\.gradle\caches\8.0\kotlin-dsl)" [_thread_blocked, id=14168, stack(0x00000055b4200000,0x00000055b4300000)]
  0x00000173eab10d10 JavaThread "jar transforms Thread 3" [_thread_blocked, id=10824, stack(0x00000055b4300000,0x00000055b4400000)]
  0x00000173eab10370 JavaThread "jar transforms Thread 4" [_thread_blocked, id=12392, stack(0x00000055b4400000,0x00000055b4500000)]
  0x00000173eab111e0 JavaThread "jar transforms Thread 5" [_thread_blocked, id=9552, stack(0x00000055b4600000,0x00000055b4700000)]
  0x00000173ed699680 JavaThread "jar transforms Thread 6" [_thread_blocked, id=16180, stack(0x00000055bc600000,0x00000055bc700000)]
  0x00000173ed698ce0 JavaThread "jar transforms Thread 7" [_thread_blocked, id=19716, stack(0x00000055bc700000,0x00000055bc800000)]
  0x00000173ed6927d0 JavaThread "jar transforms Thread 8" [_thread_blocked, id=11580, stack(0x00000055bc800000,0x00000055bc900000)]
  0x00000173ed695cc0 JavaThread "jar transforms Thread 9" [_thread_blocked, id=20600, stack(0x00000055bc900000,0x00000055bca00000)]
  0x00000173ed692ca0 JavaThread "jar transforms Thread 10" [_thread_blocked, id=2088, stack(0x00000055bca00000,0x00000055bcb00000)]
  0x00000173ed694e50 JavaThread "jar transforms Thread 11" [_thread_blocked, id=16352, stack(0x00000055bcb00000,0x00000055bcc00000)]
  0x00000173ed6979a0 JavaThread "jar transforms Thread 12" [_thread_blocked, id=7160, stack(0x00000055bcc00000,0x00000055bcd00000)]
  0x00000173ed696190 JavaThread "jar transforms Thread 13" [_thread_blocked, id=14904, stack(0x00000055bcd00000,0x00000055bce00000)]
  0x00000173ed693170 JavaThread "jar transforms Thread 14" [_thread_blocked, id=10600, stack(0x00000055bce00000,0x00000055bcf00000)]
  0x00000173ed6944b0 JavaThread "jar transforms Thread 15" [_thread_blocked, id=1712, stack(0x00000055bcf00000,0x00000055bd000000)]
  0x00000173ed698340 JavaThread "jar transforms Thread 16" [_thread_blocked, id=8204, stack(0x00000055bd000000,0x00000055bd100000)]
  0x00000173ed693b10 JavaThread "Memory manager" [_thread_blocked, id=22648, stack(0x00000055bd100000,0x00000055bd200000)]
  0x00000173f2931330 JavaThread "ForkJoinPool.commonPool-worker-9" daemon [_thread_blocked, id=13784, stack(0x00000055c2700000,0x00000055c2800000)]
  0x00000173eab993c0 JavaThread "Cache worker for Java compile cache (C:\Users\ASUS\.gradle\caches\8.0\javaCompile)" [_thread_blocked, id=18888, stack(0x00000055c0800000,0x00000055c0900000)]
  0x00000173f4980bd0 JavaThread "ForkJoinPool.commonPool-worker-16" daemon [_thread_blocked, id=16208, stack(0x00000055c3100000,0x00000055c3200000)]
  0x00000173f331c550 JavaThread "ForkJoinPool.commonPool-worker-18" daemon [_thread_blocked, id=7300, stack(0x00000055c3300000,0x00000055c3400000)]
  0x00000173f711aca0 JavaThread "ForkJoinPool.commonPool-worker-19" daemon [_thread_blocked, id=21348, stack(0x00000055c3400000,0x00000055c3500000)]
  0x00000173ec7f8530 JavaThread "ForkJoinPool.commonPool-worker-20" daemon [_thread_blocked, id=15084, stack(0x00000055c3500000,0x00000055c3600000)]
  0x00000173f49823e0 JavaThread "ForkJoinPool.commonPool-worker-22" daemon [_thread_blocked, id=19604, stack(0x00000055c2c00000,0x00000055c2d00000)]
  0x00000173f331f570 JavaThread "ForkJoinPool.commonPool-worker-23" daemon [_thread_blocked, id=20724, stack(0x00000055c2d00000,0x00000055c2e00000)]
  0x00000173f267a1d0 JavaThread "ForkJoinPool.commonPool-worker-24" daemon [_thread_blocked, id=7016, stack(0x00000055c2e00000,0x00000055c2f00000)]
  0x00000173f2b51b10 JavaThread "ForkJoinPool.commonPool-worker-25" daemon [_thread_blocked, id=21396, stack(0x00000055c2f00000,0x00000055c3000000)]
  0x00000173f331d890 JavaThread "Daemon Thread 5" [_thread_blocked, id=8532, stack(0x00000055b0100000,0x00000055b0200000)]
  0x00000173f66f1650 JavaThread "Daemon worker Thread 5" [_thread_blocked, id=3332, stack(0x00000055b1400000,0x00000055b1500000)]
  0x00000173f42a3ef0 JavaThread "included builds" [_thread_blocked, id=22928, stack(0x00000055bc400000,0x00000055bc500000)]
  0x00000173f66efe40 JavaThread "Handler for socket connection from /127.0.0.1:60663 to /127.0.0.1:61324" [_thread_in_native, id=12740, stack(0x00000055b0200000,0x00000055b0300000)]
  0x00000173f66f07e0 JavaThread "Cancel handler" [_thread_blocked, id=23484, stack(0x00000055b0300000,0x00000055b0400000)]
  0x00000173f4940040 JavaThread "Asynchronous log dispatcher for DefaultDaemonConnection: socket connection from /127.0.0.1:60663 to /127.0.0.1:61324" [_thread_blocked, id=8844, stack(0x00000055b1900000,0x00000055b1a00000)]
  0x00000173f95ca4f0 JavaThread "Stdin handler" [_thread_blocked, id=10320, stack(0x00000055b1a00000,0x00000055b1b00000)]
  0x00000173f95c91b0 JavaThread "Daemon client event forwarder" [_thread_blocked, id=17620, stack(0x00000055b1b00000,0x00000055b1c00000)]
  0x00000173f04133f0 JavaThread "C2 CompilerThread1" daemon [_thread_in_native, id=12188, stack(0x00000055b2700000,0x00000055b2800000)]
  0x00000173f95ca020 JavaThread "Unconstrained build operations" [_thread_blocked, id=11748, stack(0x00000055b3600000,0x00000055b3700000)]
  0x00000173f95cae90 JavaThread "Unconstrained build operations Thread 2" [_thread_blocked, id=10992, stack(0x00000055b3900000,0x00000055b3a00000)]
  0x00000173f95c8810 JavaThread "Unconstrained build operations Thread 3" [_thread_blocked, id=20336, stack(0x00000055b3a00000,0x00000055b3b00000)]
  0x00000173eddff3b0 JavaThread "Unconstrained build operations Thread 4" [_thread_blocked, id=9676, stack(0x00000055b3c00000,0x00000055b3d00000)]
  0x00000173eddffd50 JavaThread "Unconstrained build operations Thread 5" [_thread_blocked, id=14040, stack(0x00000055b3d00000,0x00000055b3e00000)]
  0x00000173eddff880 JavaThread "Unconstrained build operations Thread 6" [_thread_blocked, id=10376, stack(0x00000055b4100000,0x00000055b4200000)]
  0x00000173eddfea10 JavaThread "Unconstrained build operations Thread 7" [_thread_blocked, id=23396, stack(0x00000055b4500000,0x00000055b4600000)]
  0x00000173ede00220 JavaThread "Unconstrained build operations Thread 8" [_thread_blocked, id=6624, stack(0x00000055b4700000,0x00000055b4800000)]
  0x00000173f0947660 JavaThread "Unconstrained build operations Thread 9" [_thread_blocked, id=5580, stack(0x00000055b4800000,0x00000055b4900000)]
  0x00000173f0947b30 JavaThread "Unconstrained build operations Thread 10" [_thread_blocked, id=6720, stack(0x00000055b4900000,0x00000055b4a00000)]
  0x00000173f09454b0 JavaThread "Unconstrained build operations Thread 11" [_thread_blocked, id=11764, stack(0x00000055b4a00000,0x00000055b4b00000)]
  0x00000173f0944b10 JavaThread "Unconstrained build operations Thread 12" [_thread_blocked, id=2328, stack(0x00000055b4b00000,0x00000055b4c00000)]
  0x00000173f0946320 JavaThread "Unconstrained build operations Thread 13" [_thread_blocked, id=3104, stack(0x00000055b4c00000,0x00000055b4d00000)]
  0x00000173f0944fe0 JavaThread "Unconstrained build operations Thread 14" [_thread_blocked, id=10700, stack(0x00000055b4d00000,0x00000055b4e00000)]
  0x00000173f0944640 JavaThread "Unconstrained build operations Thread 15" [_thread_blocked, id=2792, stack(0x00000055b4e00000,0x00000055b4f00000)]
  0x00000173f09467f0 JavaThread "Unconstrained build operations Thread 16" [_thread_blocked, id=21200, stack(0x00000055b4f00000,0x00000055b5000000)]
  0x00000173f0946cc0 JavaThread "Unconstrained build operations Thread 17" [_thread_blocked, id=12304, stack(0x00000055b5000000,0x00000055b5100000)]
  0x00000173f0944170 JavaThread "Unconstrained build operations Thread 18" [_thread_blocked, id=10028, stack(0x00000055b5100000,0x00000055b5200000)]
  0x00000173e8692e60 JavaThread "Unconstrained build operations Thread 19" [_thread_blocked, id=7040, stack(0x00000055b5200000,0x00000055b5300000)]
  0x00000173e8693cd0 JavaThread "Unconstrained build operations Thread 20" [_thread_blocked, id=12456, stack(0x00000055b5300000,0x00000055b5400000)]
  0x00000173e8694b40 JavaThread "Unconstrained build operations Thread 21" [_thread_blocked, id=5740, stack(0x00000055b5400000,0x00000055b5500000)]
  0x00000173e8695010 JavaThread "Unconstrained build operations Thread 22" [_thread_blocked, id=22584, stack(0x00000055b5500000,0x00000055b5600000)]
  0x00000173e8692990 JavaThread "Unconstrained build operations Thread 23" [_thread_blocked, id=4772, stack(0x00000055b5600000,0x00000055b5700000)]
  0x00000173e86959b0 JavaThread "Unconstrained build operations Thread 24" [_thread_blocked, id=14700, stack(0x00000055b5700000,0x00000055b5800000)]
  0x00000173e8693330 JavaThread "Unconstrained build operations Thread 25" [_thread_blocked, id=13076, stack(0x00000055b5800000,0x00000055b5900000)]
  0x00000173e86954e0 JavaThread "Unconstrained build operations Thread 26" [_thread_blocked, id=15876, stack(0x00000055b5900000,0x00000055b5a00000)]
  0x00000173e8694670 JavaThread "Unconstrained build operations Thread 27" [_thread_blocked, id=17192, stack(0x00000055b5a00000,0x00000055b5b00000)]
  0x00000173e8695e80 JavaThread "Unconstrained build operations Thread 28" [_thread_blocked, id=3352, stack(0x00000055b5b00000,0x00000055b5c00000)]
  0x00000173e8696350 JavaThread "Unconstrained build operations Thread 29" [_thread_blocked, id=5408, stack(0x00000055b5c00000,0x00000055b5d00000)]
  0x00000173e8693800 JavaThread "Unconstrained build operations Thread 30" [_thread_blocked, id=5416, stack(0x00000055b5d00000,0x00000055b5e00000)]
  0x00000173e86941a0 JavaThread "Unconstrained build operations Thread 31" [_thread_blocked, id=2464, stack(0x00000055b5e00000,0x00000055b5f00000)]
  0x00000173edc52fc0 JavaThread "Unconstrained build operations Thread 32" [_thread_blocked, id=8060, stack(0x00000055b5f00000,0x00000055b6000000)]
  0x00000173edc52150 JavaThread "Unconstrained build operations Thread 33" [_thread_blocked, id=23036, stack(0x00000055b6000000,0x00000055b6100000)]
  0x00000173edc4ffa0 JavaThread "Unconstrained build operations Thread 34" [_thread_blocked, id=14092, stack(0x00000055b6100000,0x00000055b6200000)]
  0x00000173edc50470 JavaThread "Unconstrained build operations Thread 35" [_thread_blocked, id=22880, stack(0x00000055b6200000,0x00000055b6300000)]
  0x00000173edc52af0 JavaThread "Unconstrained build operations Thread 36" [_thread_blocked, id=12076, stack(0x00000055b6300000,0x00000055b6400000)]
  0x00000173edc51c80 JavaThread "Unconstrained build operations Thread 37" [_thread_blocked, id=21800, stack(0x00000055b6400000,0x00000055b6500000)]
  0x00000173edc52620 JavaThread "Unconstrained build operations Thread 38" [_thread_blocked, id=23388, stack(0x00000055b6500000,0x00000055b6600000)]
  0x00000173edc50e10 JavaThread "Unconstrained build operations Thread 39" [_thread_blocked, id=10760, stack(0x00000055b6600000,0x00000055b6700000)]
  0x00000173edc4f600 JavaThread "Unconstrained build operations Thread 40" [_thread_blocked, id=3288, stack(0x00000055b6700000,0x00000055b6800000)]
  0x00000173edc4fad0 JavaThread "Unconstrained build operations Thread 41" [_thread_blocked, id=21368, stack(0x00000055b6800000,0x00000055b6900000)]
  0x00000173edc512e0 JavaThread "Unconstrained build operations Thread 42" [_thread_blocked, id=5212, stack(0x00000055b6900000,0x00000055b6a00000)]
  0x00000173edc517b0 JavaThread "Unconstrained build operations Thread 43" [_thread_blocked, id=4824, stack(0x00000055b6a00000,0x00000055b6b00000)]
  0x00000173edc50940 JavaThread "Unconstrained build operations Thread 44" [_thread_blocked, id=4600, stack(0x00000055b6b00000,0x00000055b6c00000)]
  0x00000173f9a25340 JavaThread "Unconstrained build operations Thread 45" [_thread_blocked, id=6828, stack(0x00000055b6c00000,0x00000055b6d00000)]
  0x00000173f9a25810 JavaThread "Unconstrained build operations Thread 46" [_thread_blocked, id=6632, stack(0x00000055b6d00000,0x00000055b6e00000)]
  0x00000173f9a25ce0 JavaThread "Unconstrained build operations Thread 47" [_thread_blocked, id=16420, stack(0x00000055b6e00000,0x00000055b6f00000)]
  0x00000173f9a27020 JavaThread "Unconstrained build operations Thread 48" [_thread_blocked, id=5824, stack(0x00000055b6f00000,0x00000055b7000000)]
  0x00000173f9a244d0 JavaThread "Unconstrained build operations Thread 49" [_thread_blocked, id=10524, stack(0x00000055b7000000,0x00000055b7100000)]
  0x00000173f9a261b0 JavaThread "Unconstrained build operations Thread 50" [_thread_blocked, id=9040, stack(0x00000055b7100000,0x00000055b7200000)]
  0x00000173f9a26680 JavaThread "Unconstrained build operations Thread 51" [_thread_blocked, id=2104, stack(0x00000055b7200000,0x00000055b7300000)]
  0x00000173f9a26b50 JavaThread "Unconstrained build operations Thread 52" [_thread_blocked, id=5536, stack(0x00000055b7300000,0x00000055b7400000)]
  0x00000173f9a274f0 JavaThread "Unconstrained build operations Thread 53" [_thread_blocked, id=9952, stack(0x00000055b7400000,0x00000055b7500000)]
  0x00000173f9a279c0 JavaThread "Unconstrained build operations Thread 54" [_thread_blocked, id=12700, stack(0x00000055b7500000,0x00000055b7600000)]
  0x00000173ed7d4f90 JavaThread "C1 CompilerThread1" daemon [_thread_blocked, id=21912, stack(0x00000055b7600000,0x00000055b7700000)]
  0x00000173f5375480 JavaThread "C2 CompilerThread2" daemon [_thread_in_native, id=10832, stack(0x00000055b2300000,0x00000055b2400000)]
  0x00000173ed7d1cf0 JavaThread "C1 CompilerThread2" daemon [_thread_blocked, id=14544, stack(0x00000055b2500000,0x00000055b2600000)]

Other Threads:
  0x00000173e605ec50 VMThread "VM Thread" [stack: 0x00000055b0a00000,0x00000055b0b00000] [id=20696]
  0x00000173e6e192a0 WatcherThread [stack: 0x00000055b1700000,0x00000055b1800000] [id=14200]
  0x00000173cb6b46b0 GCTaskThread "GC Thread#0" [stack: 0x00000055b0500000,0x00000055b0600000] [id=23296]
  0x00000173e7db3a60 GCTaskThread "GC Thread#1" [stack: 0x00000055b1c00000,0x00000055b1d00000] [id=22908]
  0x00000173e79d4030 GCTaskThread "GC Thread#2" [stack: 0x00000055b1d00000,0x00000055b1e00000] [id=3356]
  0x00000173e7cf8f80 GCTaskThread "GC Thread#3" [stack: 0x00000055b1e00000,0x00000055b1f00000] [id=6464]
  0x00000173e7cf9230 GCTaskThread "GC Thread#4" [stack: 0x00000055b1f00000,0x00000055b2000000] [id=16576]
  0x00000173e915cb80 GCTaskThread "GC Thread#5" [stack: 0x00000055b2900000,0x00000055b2a00000] [id=6760]
  0x00000173e915ce30 GCTaskThread "GC Thread#6" [stack: 0x00000055b2a00000,0x00000055b2b00000] [id=18132]
  0x00000173e7aa7be0 GCTaskThread "GC Thread#7" [stack: 0x00000055b2b00000,0x00000055b2c00000] [id=10592]
  0x00000173e7aa7e90 GCTaskThread "GC Thread#8" [stack: 0x00000055b2c00000,0x00000055b2d00000] [id=9744]
  0x00000173e7aa73d0 GCTaskThread "GC Thread#9" [stack: 0x00000055b2d00000,0x00000055b2e00000] [id=16644]
  0x00000173e7aa6e70 GCTaskThread "GC Thread#10" [stack: 0x00000055b2e00000,0x00000055b2f00000] [id=15912]
  0x00000173e7aa83f0 GCTaskThread "GC Thread#11" [stack: 0x00000055b2f00000,0x00000055b3000000] [id=21940]
  0x00000173e7aa8140 GCTaskThread "GC Thread#12" [stack: 0x00000055b3000000,0x00000055b3100000] [id=15124]
  0x00000173cb6c55f0 ConcurrentGCThread "G1 Main Marker" [stack: 0x00000055b0600000,0x00000055b0700000] [id=21444]
  0x00000173cb6c6000 ConcurrentGCThread "G1 Conc#0" [stack: 0x00000055b0700000,0x00000055b0800000] [id=12744]
  0x00000173e7aa6910 ConcurrentGCThread "G1 Conc#1" [stack: 0x00000055b3100000,0x00000055b3200000] [id=19220]
  0x00000173e7aa6bc0 ConcurrentGCThread "G1 Conc#2" [stack: 0x00000055b3200000,0x00000055b3300000] [id=20484]
  0x00000173cb71e9e0 ConcurrentGCThread "G1 Refine#0" [stack: 0x00000055b0800000,0x00000055b0900000] [id=17740]
  0x00000173e5eff740 ConcurrentGCThread "G1 Service" [stack: 0x00000055b0900000,0x00000055b0a00000] [id=18216]

Threads with active compile tasks:
C2 CompilerThread0  1049016 24977   !   4       org.gradle.api.internal.artifacts.ivyservice.ivyresolve.ErrorHandlingModuleComponentRepository$ErrorHandlingModuleComponentRepositoryAccess::tryResolveAndMaybeBlacklist (229 bytes)
C2 CompilerThread1  1049016 25021       4       org.gradle.internal.logging.sink.OutputEventRenderer$LazyListener::onOutput (95 bytes)
C2 CompilerThread2  1049016 25051       4       java.io.ObjectOutputStream::writeClassDesc (60 bytes)

VM state: not at safepoint (normal execution)

VM Mutex/Monitor currently owned by a thread: None

OutOfMemory and StackOverflow Exception counts:
OutOfMemoryError java_heap_errors=1
LinkageErrors=309

Heap address: 0x0000000080000000, size: 2048 MB, Compressed Oops mode: 32-bit

CDS archive(s) not mapped
Compressed class space mapped at: 0x0000000100000000-0x0000000140000000, reserved size: 1073741824
Narrow klass base: 0x0000000000000000, Narrow klass shift: 3, Narrow klass range: 0x140000000

GC Precious Log:
 CPUs: 16 total, 16 available
 Memory: 15791M
 Large Page Support: Disabled
 NUMA Support: Disabled
 Compressed Oops: Enabled (32-bit)
 Heap Region Size: 1M
 Heap Min Capacity: 8M
 Heap Initial Capacity: 248M
 Heap Max Capacity: 2G
 Pre-touch: Disabled
 Parallel Workers: 13
 Concurrent Workers: 3
 Concurrent Refinement Workers: 13
 Periodic GC: Disabled

Heap:
 garbage-first heap   total 305152K, used 180763K [0x0000000080000000, 0x0000000100000000)
  region size 1024K, 78 young (79872K), 6 survivors (6144K)
 Metaspace       used 134619K, committed 135744K, reserved 1171456K
  class space    used 18760K, committed 19328K, reserved 1048576K

Heap Regions: E=young(eden), S=young(survivor), O=old, HS=humongous(starts), HC=humongous(continues), CS=collection set, F=free, OA=open archive, CA=closed archive, TAMS=top-at-mark-start (previous, next)
|   0|0x0000000080000000, 0x0000000080100000, 0x0000000080100000|100%|HS|  |TAMS 0x0000000080100000, 0x0000000080000000| Complete 
|   1|0x0000000080100000, 0x0000000080200000, 0x0000000080200000|100%|HC|  |TAMS 0x0000000080200000, 0x0000000080100000| Complete 
|   2|0x0000000080200000, 0x0000000080300000, 0x0000000080300000|100%|HC|  |TAMS 0x0000000080300000, 0x0000000080200000| Complete 
|   3|0x0000000080300000, 0x0000000080400000, 0x0000000080400000|100%|HC|  |TAMS 0x0000000080400000, 0x0000000080300000| Complete 
|   4|0x0000000080400000, 0x0000000080500000, 0x0000000080500000|100%| O|  |TAMS 0x0000000080500000, 0x0000000080400000| Untracked 
|   5|0x0000000080500000, 0x0000000080600000, 0x0000000080600000|100%| O|  |TAMS 0x0000000080600000, 0x0000000080500000| Untracked 
|   6|0x0000000080600000, 0x0000000080700000, 0x0000000080700000|100%| O|  |TAMS 0x0000000080700000, 0x0000000080600000| Untracked 
|   7|0x0000000080700000, 0x0000000080800000, 0x0000000080800000|100%| O|  |TAMS 0x0000000080800000, 0x0000000080700000| Untracked 
|   8|0x0000000080800000, 0x0000000080900000, 0x0000000080900000|100%| O|  |TAMS 0x0000000080900000, 0x0000000080800000| Untracked 
|   9|0x0000000080900000, 0x0000000080a00000, 0x0000000080a00000|100%| O|  |TAMS 0x0000000080a00000, 0x0000000080900000| Untracked 
|  10|0x0000000080a00000, 0x0000000080afd600, 0x0000000080b00000| 98%| O|  |TAMS 0x0000000080afd600, 0x0000000080a00000| Untracked 
|  11|0x0000000080b00000, 0x0000000080c00000, 0x0000000080c00000|100%| O|  |TAMS 0x0000000080c00000, 0x0000000080b00000| Untracked 
|  12|0x0000000080c00000, 0x0000000080d00000, 0x0000000080d00000|100%| O|  |TAMS 0x0000000080d00000, 0x0000000080c00000| Untracked 
|  13|0x0000000080d00000, 0x0000000080e00000, 0x0000000080e00000|100%| O|  |TAMS 0x0000000080e00000, 0x0000000080d00000| Untracked 
|  14|0x0000000080e00000, 0x0000000080f00000, 0x0000000080f00000|100%| O|  |TAMS 0x0000000080f00000, 0x0000000080e00000| Untracked 
|  15|0x0000000080f00000, 0x0000000081000000, 0x0000000081000000|100%| O|  |TAMS 0x0000000081000000, 0x0000000080f00000| Untracked 
|  16|0x0000000081000000, 0x0000000081100000, 0x0000000081100000|100%| O|  |TAMS 0x0000000081100000, 0x0000000081000000| Untracked 
|  17|0x0000000081100000, 0x0000000081200000, 0x0000000081200000|100%| O|  |TAMS 0x0000000081200000, 0x0000000081100000| Untracked 
|  18|0x0000000081200000, 0x0000000081300000, 0x0000000081300000|100%| O|  |TAMS 0x0000000081300000, 0x0000000081200000| Untracked 
|  19|0x0000000081300000, 0x0000000081400000, 0x0000000081400000|100%| O|  |TAMS 0x0000000081400000, 0x0000000081300000| Untracked 
|  20|0x0000000081400000, 0x0000000081500000, 0x0000000081500000|100%| O|  |TAMS 0x0000000081500000, 0x0000000081400000| Untracked 
|  21|0x0000000081500000, 0x0000000081600000, 0x0000000081600000|100%| O|  |TAMS 0x0000000081600000, 0x0000000081500000| Untracked 
|  22|0x0000000081600000, 0x0000000081700000, 0x0000000081700000|100%|HS|  |TAMS 0x0000000081700000, 0x0000000081600000| Complete 
|  23|0x0000000081700000, 0x0000000081800000, 0x0000000081800000|100%| O|  |TAMS 0x0000000081800000, 0x0000000081700000| Untracked 
|  24|0x0000000081800000, 0x0000000081900000, 0x0000000081900000|100%| O|  |TAMS 0x0000000081900000, 0x0000000081800000| Untracked 
|  25|0x0000000081900000, 0x0000000081a00000, 0x0000000081a00000|100%| O|  |TAMS 0x0000000081a00000, 0x0000000081900000| Untracked 
|  26|0x0000000081a00000, 0x0000000081b00000, 0x0000000081b00000|100%| O|  |TAMS 0x0000000081b00000, 0x0000000081a00000| Untracked 
|  27|0x0000000081b00000, 0x0000000081c00000, 0x0000000081c00000|100%| O|  |TAMS 0x0000000081c00000, 0x0000000081b00000| Untracked 
|  28|0x0000000081c00000, 0x0000000081d00000, 0x0000000081d00000|100%| O|  |TAMS 0x0000000081d00000, 0x0000000081c00000| Untracked 
|  29|0x0000000081d00000, 0x0000000081e00000, 0x0000000081e00000|100%| O|  |TAMS 0x0000000081e00000, 0x0000000081d00000| Untracked 
|  30|0x0000000081e00000, 0x0000000081f00000, 0x0000000081f00000|100%| O|  |TAMS 0x0000000081f00000, 0x0000000081e00000| Untracked 
|  31|0x0000000081f00000, 0x0000000082000000, 0x0000000082000000|100%|HS|  |TAMS 0x0000000082000000, 0x0000000081f00000| Complete 
|  32|0x0000000082000000, 0x0000000082100000, 0x0000000082100000|100%|HS|  |TAMS 0x0000000082100000, 0x0000000082000000| Complete 
|  33|0x0000000082100000, 0x0000000082200000, 0x0000000082200000|100%| O|  |TAMS 0x0000000082200000, 0x0000000082100000| Untracked 
|  34|0x0000000082200000, 0x0000000082300000, 0x0000000082300000|100%| O|  |TAMS 0x0000000082300000, 0x0000000082200000| Untracked 
|  35|0x0000000082300000, 0x0000000082400000, 0x0000000082400000|100%| O|  |TAMS 0x0000000082400000, 0x0000000082300000| Untracked 
|  36|0x0000000082400000, 0x0000000082500000, 0x0000000082500000|100%| O|  |TAMS 0x0000000082500000, 0x0000000082400000| Untracked 
|  37|0x0000000082500000, 0x0000000082600000, 0x0000000082600000|100%| O|  |TAMS 0x0000000082600000, 0x0000000082500000| Untracked 
|  38|0x0000000082600000, 0x0000000082700000, 0x0000000082700000|100%| O|  |TAMS 0x0000000082700000, 0x0000000082600000| Untracked 
|  39|0x0000000082700000, 0x0000000082800000, 0x0000000082800000|100%| O|  |TAMS 0x0000000082800000, 0x0000000082700000| Untracked 
|  40|0x0000000082800000, 0x0000000082900000, 0x0000000082900000|100%| O|  |TAMS 0x0000000082900000, 0x0000000082800000| Untracked 
|  41|0x0000000082900000, 0x0000000082a00000, 0x0000000082a00000|100%| O|  |TAMS 0x0000000082a00000, 0x0000000082900000| Untracked 
|  42|0x0000000082a00000, 0x0000000082b00000, 0x0000000082b00000|100%| O|  |TAMS 0x0000000082b00000, 0x0000000082a00000| Untracked 
|  43|0x0000000082b00000, 0x0000000082c00000, 0x0000000082c00000|100%| O|  |TAMS 0x0000000082b00000, 0x0000000082b00000| Untracked 
|  44|0x0000000082c00000, 0x0000000082d00000, 0x0000000082d00000|100%| O|  |TAMS 0x0000000082d00000, 0x0000000082c00000| Untracked 
|  45|0x0000000082d00000, 0x0000000082e00000, 0x0000000082e00000|100%| O|  |TAMS 0x0000000082e00000, 0x0000000082d00000| Untracked 
|  46|0x0000000082e00000, 0x0000000082f00000, 0x0000000082f00000|100%| O|  |TAMS 0x0000000082f00000, 0x0000000082e00000| Untracked 
|  47|0x0000000082f00000, 0x0000000083000000, 0x0000000083000000|100%| O|  |TAMS 0x0000000083000000, 0x0000000082f00000| Untracked 
|  48|0x0000000083000000, 0x0000000083100000, 0x0000000083100000|100%| O|  |TAMS 0x0000000083100000, 0x0000000083000000| Untracked 
|  49|0x0000000083100000, 0x0000000083200000, 0x0000000083200000|100%| O|  |TAMS 0x0000000083200000, 0x0000000083100000| Untracked 
|  50|0x0000000083200000, 0x0000000083300000, 0x0000000083300000|100%| O|  |TAMS 0x0000000083300000, 0x0000000083200000| Untracked 
|  51|0x0000000083300000, 0x0000000083400000, 0x0000000083400000|100%| O|  |TAMS 0x0000000083400000, 0x0000000083300000| Untracked 
|  52|0x0000000083400000, 0x0000000083500000, 0x0000000083500000|100%| O|  |TAMS 0x0000000083500000, 0x0000000083400000| Untracked 
|  53|0x0000000083500000, 0x0000000083600000, 0x0000000083600000|100%| O|  |TAMS 0x0000000083600000, 0x0000000083500000| Untracked 
|  54|0x0000000083600000, 0x0000000083700000, 0x0000000083700000|100%| O|  |TAMS 0x0000000083700000, 0x0000000083600000| Untracked 
|  55|0x0000000083700000, 0x0000000083800000, 0x0000000083800000|100%| O|  |TAMS 0x0000000083800000, 0x0000000083700000| Untracked 
|  56|0x0000000083800000, 0x0000000083900000, 0x0000000083900000|100%| O|  |TAMS 0x0000000083900000, 0x0000000083800000| Untracked 
|  57|0x0000000083900000, 0x0000000083a00000, 0x0000000083a00000|100%| O|  |TAMS 0x0000000083a00000, 0x0000000083900000| Untracked 
|  58|0x0000000083a00000, 0x0000000083b00000, 0x0000000083b00000|100%| O|  |TAMS 0x0000000083b00000, 0x0000000083a00000| Untracked 
|  59|0x0000000083b00000, 0x0000000083c00000, 0x0000000083c00000|100%| O|  |TAMS 0x0000000083c00000, 0x0000000083b00000| Untracked 
|  60|0x0000000083c00000, 0x0000000083d00000, 0x0000000083d00000|100%| O|  |TAMS 0x0000000083d00000, 0x0000000083c00000| Untracked 
|  61|0x0000000083d00000, 0x0000000083e00000, 0x0000000083e00000|100%| O|  |TAMS 0x0000000083e00000, 0x0000000083d00000| Untracked 
|  62|0x0000000083e00000, 0x0000000083f00000, 0x0000000083f00000|100%| O|  |TAMS 0x0000000083f00000, 0x0000000083e00000| Untracked 
|  63|0x0000000083f00000, 0x0000000084000000, 0x0000000084000000|100%| O|  |TAMS 0x0000000083f00000, 0x0000000083f00000| Untracked 
|  64|0x0000000084000000, 0x0000000084100000, 0x0000000084100000|100%| O|  |TAMS 0x0000000084100000, 0x0000000084000000| Untracked 
|  65|0x0000000084100000, 0x0000000084200000, 0x0000000084200000|100%| O|  |TAMS 0x0000000084200000, 0x0000000084100000| Untracked 
|  66|0x0000000084200000, 0x0000000084300000, 0x0000000084300000|100%| O|  |TAMS 0x0000000084300000, 0x0000000084200000| Untracked 
|  67|0x0000000084300000, 0x0000000084400000, 0x0000000084400000|100%| O|  |TAMS 0x0000000084400000, 0x0000000084300000| Untracked 
|  68|0x0000000084400000, 0x0000000084500000, 0x0000000084500000|100%| O|  |TAMS 0x0000000084500000, 0x0000000084400000| Untracked 
|  69|0x0000000084500000, 0x0000000084600000, 0x0000000084600000|100%| O|  |TAMS 0x0000000084600000, 0x0000000084500000| Untracked 
|  70|0x0000000084600000, 0x0000000084700000, 0x0000000084700000|100%| O|  |TAMS 0x0000000084700000, 0x0000000084600000| Untracked 
|  71|0x0000000084700000, 0x0000000084800000, 0x0000000084800000|100%| O|  |TAMS 0x0000000084800000, 0x0000000084700000| Untracked 
|  72|0x0000000084800000, 0x0000000084900000, 0x0000000084900000|100%| O|  |TAMS 0x00000000848cbe00, 0x0000000084800000| Untracked 
|  73|0x0000000084900000, 0x0000000084a00000, 0x0000000084a00000|100%| O|  |TAMS 0x0000000084900000, 0x0000000084900000| Untracked 
|  74|0x0000000084a00000, 0x0000000084b00000, 0x0000000084b00000|100%| O|  |TAMS 0x0000000084a00000, 0x0000000084a00000| Untracked 
|  75|0x0000000084b00000, 0x0000000084c00000, 0x0000000084c00000|100%| O|  |TAMS 0x0000000084b00000, 0x0000000084b00000| Untracked 
|  76|0x0000000084c00000, 0x0000000084d00000, 0x0000000084d00000|100%| O|  |TAMS 0x0000000084c00000, 0x0000000084c00000| Untracked 
|  77|0x0000000084d00000, 0x0000000084e00000, 0x0000000084e00000|100%| O|  |TAMS 0x0000000084d00000, 0x0000000084d00000| Untracked 
|  78|0x0000000084e00000, 0x0000000084f00000, 0x0000000084f00000|100%| O|  |TAMS 0x0000000084e00000, 0x0000000084e00000| Untracked 
|  79|0x0000000084f00000, 0x0000000085000000, 0x0000000085000000|100%| O|  |TAMS 0x0000000084f00000, 0x0000000084f00000| Untracked 
|  80|0x0000000085000000, 0x0000000085100000, 0x0000000085100000|100%| O|  |TAMS 0x0000000085000000, 0x0000000085000000| Untracked 
|  81|0x0000000085100000, 0x0000000085200000, 0x0000000085200000|100%| O|  |TAMS 0x0000000085100000, 0x0000000085100000| Untracked 
|  82|0x0000000085200000, 0x0000000085300000, 0x0000000085300000|100%| O|  |TAMS 0x0000000085200000, 0x0000000085200000| Untracked 
|  83|0x0000000085300000, 0x0000000085400000, 0x0000000085400000|100%| O|  |TAMS 0x0000000085300000, 0x0000000085300000| Untracked 
|  84|0x0000000085400000, 0x0000000085500000, 0x0000000085500000|100%| O|  |TAMS 0x0000000085400000, 0x0000000085400000| Untracked 
|  85|0x0000000085500000, 0x0000000085600000, 0x0000000085600000|100%| O|  |TAMS 0x0000000085500000, 0x0000000085500000| Untracked 
|  86|0x0000000085600000, 0x0000000085700000, 0x0000000085700000|100%| O|  |TAMS 0x0000000085600000, 0x0000000085600000| Untracked 
|  87|0x0000000085700000, 0x0000000085800000, 0x0000000085800000|100%| O|  |TAMS 0x0000000085700000, 0x0000000085700000| Untracked 
|  88|0x0000000085800000, 0x0000000085900000, 0x0000000085900000|100%| O|  |TAMS 0x0000000085800000, 0x0000000085800000| Untracked 
|  89|0x0000000085900000, 0x0000000085a00000, 0x0000000085a00000|100%| O|  |TAMS 0x0000000085900000, 0x0000000085900000| Untracked 
|  90|0x0000000085a00000, 0x0000000085b00000, 0x0000000085b00000|100%| O|  |TAMS 0x0000000085a00000, 0x0000000085a00000| Untracked 
|  91|0x0000000085b00000, 0x0000000085c00000, 0x0000000085c00000|100%| O|  |TAMS 0x0000000085b00000, 0x0000000085b00000| Untracked 
|  92|0x0000000085c00000, 0x0000000085d00000, 0x0000000085d00000|100%|HS|  |TAMS 0x0000000085c00000, 0x0000000085c00000| Complete 
|  93|0x0000000085d00000, 0x0000000085e00000, 0x0000000085e00000|100%|HC|  |TAMS 0x0000000085d00000, 0x0000000085d00000| Complete 
|  94|0x0000000085e00000, 0x0000000085e00000, 0x0000000085f00000|  0%| F|  |TAMS 0x0000000085e00000, 0x0000000085e00000| Untracked 
|  95|0x0000000085f00000, 0x0000000085f00000, 0x0000000086000000|  0%| F|  |TAMS 0x0000000085f00000, 0x0000000085f00000| Untracked 
|  96|0x0000000086000000, 0x0000000086000000, 0x0000000086100000|  0%| F|  |TAMS 0x0000000086000000, 0x0000000086000000| Untracked 
|  97|0x0000000086100000, 0x0000000086100000, 0x0000000086200000|  0%| F|  |TAMS 0x0000000086100000, 0x0000000086100000| Untracked 
|  98|0x0000000086200000, 0x0000000086200000, 0x0000000086300000|  0%| F|  |TAMS 0x0000000086200000, 0x0000000086200000| Untracked 
|  99|0x0000000086300000, 0x0000000086300000, 0x0000000086400000|  0%| F|  |TAMS 0x0000000086300000, 0x0000000086300000| Untracked 
| 100|0x0000000086400000, 0x0000000086400000, 0x0000000086500000|  0%| F|  |TAMS 0x0000000086400000, 0x0000000086400000| Untracked 
| 101|0x0000000086500000, 0x0000000086500000, 0x0000000086600000|  0%| F|  |TAMS 0x0000000086500000, 0x0000000086500000| Untracked 
| 102|0x0000000086600000, 0x0000000086600000, 0x0000000086700000|  0%| F|  |TAMS 0x0000000086600000, 0x0000000086600000| Untracked 
| 103|0x0000000086700000, 0x0000000086700000, 0x0000000086800000|  0%| F|  |TAMS 0x0000000086700000, 0x0000000086700000| Untracked 
| 104|0x0000000086800000, 0x0000000086800000, 0x0000000086900000|  0%| F|  |TAMS 0x0000000086800000, 0x0000000086800000| Untracked 
| 105|0x0000000086900000, 0x0000000086900000, 0x0000000086a00000|  0%| F|  |TAMS 0x0000000086900000, 0x0000000086900000| Untracked 
| 106|0x0000000086a00000, 0x0000000086a00000, 0x0000000086b00000|  0%| F|  |TAMS 0x0000000086a00000, 0x0000000086a00000| Untracked 
| 107|0x0000000086b00000, 0x0000000086b00000, 0x0000000086c00000|  0%| F|  |TAMS 0x0000000086b00000, 0x0000000086b00000| Untracked 
| 108|0x0000000086c00000, 0x0000000086c00000, 0x0000000086d00000|  0%| F|  |TAMS 0x0000000086c00000, 0x0000000086c00000| Untracked 
| 109|0x0000000086d00000, 0x0000000086d00000, 0x0000000086e00000|  0%| F|  |TAMS 0x0000000086d00000, 0x0000000086d00000| Untracked 
| 110|0x0000000086e00000, 0x0000000086e00000, 0x0000000086f00000|  0%| F|  |TAMS 0x0000000086e00000, 0x0000000086e00000| Untracked 
| 111|0x0000000086f00000, 0x0000000086f00000, 0x0000000087000000|  0%| F|  |TAMS 0x0000000086f00000, 0x0000000086f00000| Untracked 
| 112|0x0000000087000000, 0x0000000087100000, 0x0000000087100000|100%| O|  |TAMS 0x0000000087000000, 0x0000000087000000| Untracked 
| 113|0x0000000087100000, 0x0000000087200000, 0x0000000087200000|100%| O|  |TAMS 0x0000000087100000, 0x0000000087100000| Untracked 
| 114|0x0000000087200000, 0x0000000087300000, 0x0000000087300000|100%| O|  |TAMS 0x0000000087200000, 0x0000000087200000| Untracked 
| 115|0x0000000087300000, 0x0000000087400000, 0x0000000087400000|100%| O|  |TAMS 0x0000000087300000, 0x0000000087300000| Untracked 
| 116|0x0000000087400000, 0x0000000087500000, 0x0000000087500000|100%| O|  |TAMS 0x0000000087400000, 0x0000000087400000| Untracked 
| 117|0x0000000087500000, 0x0000000087600000, 0x0000000087600000|100%| O|  |TAMS 0x0000000087500000, 0x0000000087500000| Untracked 
| 118|0x0000000087600000, 0x00000000876b2600, 0x0000000087700000| 69%| O|  |TAMS 0x0000000087600000, 0x0000000087600000| Untracked 
| 119|0x0000000087700000, 0x0000000087700000, 0x0000000087800000|  0%| F|  |TAMS 0x0000000087700000, 0x0000000087700000| Untracked 
| 120|0x0000000087800000, 0x0000000087800000, 0x0000000087900000|  0%| F|  |TAMS 0x0000000087800000, 0x0000000087800000| Untracked 
| 121|0x0000000087900000, 0x0000000087900000, 0x0000000087a00000|  0%| F|  |TAMS 0x0000000087900000, 0x0000000087900000| Untracked 
| 122|0x0000000087a00000, 0x0000000087a00000, 0x0000000087b00000|  0%| F|  |TAMS 0x0000000087a00000, 0x0000000087a00000| Untracked 
| 123|0x0000000087b00000, 0x0000000087b00000, 0x0000000087c00000|  0%| F|  |TAMS 0x0000000087b00000, 0x0000000087b00000| Untracked 
| 124|0x0000000087c00000, 0x0000000087c00000, 0x0000000087d00000|  0%| F|  |TAMS 0x0000000087c00000, 0x0000000087c00000| Untracked 
| 125|0x0000000087d00000, 0x0000000087d00000, 0x0000000087e00000|  0%| F|  |TAMS 0x0000000087d00000, 0x0000000087d00000| Untracked 
| 126|0x0000000087e00000, 0x0000000087e00000, 0x0000000087f00000|  0%| F|  |TAMS 0x0000000087e00000, 0x0000000087e00000| Untracked 
| 127|0x0000000087f00000, 0x0000000087f00000, 0x0000000088000000|  0%| F|  |TAMS 0x0000000087f00000, 0x0000000087f00000| Untracked 
| 128|0x0000000088000000, 0x0000000088000000, 0x0000000088100000|  0%| F|  |TAMS 0x0000000088000000, 0x0000000088000000| Untracked 
| 129|0x0000000088100000, 0x0000000088100000, 0x0000000088200000|  0%| F|  |TAMS 0x0000000088100000, 0x0000000088100000| Untracked 
| 130|0x0000000088200000, 0x0000000088200000, 0x0000000088300000|  0%| F|  |TAMS 0x0000000088200000, 0x0000000088200000| Untracked 
| 131|0x0000000088300000, 0x0000000088300000, 0x0000000088400000|  0%| F|  |TAMS 0x0000000088300000, 0x0000000088300000| Untracked 
| 132|0x0000000088400000, 0x0000000088400000, 0x0000000088500000|  0%| F|  |TAMS 0x0000000088400000, 0x0000000088400000| Untracked 
| 133|0x0000000088500000, 0x0000000088500000, 0x0000000088600000|  0%| F|  |TAMS 0x0000000088500000, 0x0000000088500000| Untracked 
| 134|0x0000000088600000, 0x0000000088600000, 0x0000000088700000|  0%| F|  |TAMS 0x0000000088600000, 0x0000000088600000| Untracked 
| 135|0x0000000088700000, 0x0000000088700000, 0x0000000088800000|  0%| F|  |TAMS 0x0000000088700000, 0x0000000088700000| Untracked 
| 136|0x0000000088800000, 0x0000000088800000, 0x0000000088900000|  0%| F|  |TAMS 0x0000000088800000, 0x0000000088800000| Untracked 
| 137|0x0000000088900000, 0x0000000088900000, 0x0000000088a00000|  0%| F|  |TAMS 0x0000000088900000, 0x0000000088900000| Untracked 
| 138|0x0000000088a00000, 0x0000000088a00000, 0x0000000088b00000|  0%| F|  |TAMS 0x0000000088a00000, 0x0000000088a00000| Untracked 
| 139|0x0000000088b00000, 0x0000000088b00000, 0x0000000088c00000|  0%| F|  |TAMS 0x0000000088b00000, 0x0000000088b00000| Untracked 
| 140|0x0000000088c00000, 0x0000000088c00000, 0x0000000088d00000|  0%| F|  |TAMS 0x0000000088c00000, 0x0000000088c00000| Untracked 
| 141|0x0000000088d00000, 0x0000000088d00000, 0x0000000088e00000|  0%| F|  |TAMS 0x0000000088d00000, 0x0000000088d00000| Untracked 
| 142|0x0000000088e00000, 0x0000000088e00000, 0x0000000088f00000|  0%| F|  |TAMS 0x0000000088e00000, 0x0000000088e00000| Untracked 
| 143|0x0000000088f00000, 0x0000000088f00000, 0x0000000089000000|  0%| F|  |TAMS 0x0000000088f00000, 0x0000000088f00000| Untracked 
| 144|0x0000000089000000, 0x0000000089000000, 0x0000000089100000|  0%| F|  |TAMS 0x0000000089000000, 0x0000000089000000| Untracked 
| 145|0x0000000089100000, 0x0000000089100000, 0x0000000089200000|  0%| F|  |TAMS 0x0000000089100000, 0x0000000089100000| Untracked 
| 146|0x0000000089200000, 0x0000000089200000, 0x0000000089300000|  0%| F|  |TAMS 0x0000000089200000, 0x0000000089200000| Untracked 
| 147|0x0000000089300000, 0x0000000089300000, 0x0000000089400000|  0%| F|  |TAMS 0x0000000089300000, 0x0000000089300000| Untracked 
| 148|0x0000000089400000, 0x0000000089400000, 0x0000000089500000|  0%| F|  |TAMS 0x0000000089400000, 0x0000000089400000| Untracked 
| 149|0x0000000089500000, 0x0000000089500000, 0x0000000089600000|  0%| F|  |TAMS 0x0000000089500000, 0x0000000089500000| Untracked 
| 150|0x0000000089600000, 0x0000000089600000, 0x0000000089700000|  0%| F|  |TAMS 0x0000000089600000, 0x0000000089600000| Untracked 
| 151|0x0000000089700000, 0x0000000089700000, 0x0000000089800000|  0%| F|  |TAMS 0x0000000089700000, 0x0000000089700000| Untracked 
| 152|0x0000000089800000, 0x0000000089800000, 0x0000000089900000|  0%| F|  |TAMS 0x0000000089800000, 0x0000000089800000| Untracked 
| 153|0x0000000089900000, 0x0000000089900000, 0x0000000089a00000|  0%| F|  |TAMS 0x0000000089900000, 0x0000000089900000| Untracked 
| 154|0x0000000089a00000, 0x0000000089a00000, 0x0000000089b00000|  0%| F|  |TAMS 0x0000000089a00000, 0x0000000089a00000| Untracked 
| 155|0x0000000089b00000, 0x0000000089b00000, 0x0000000089c00000|  0%| F|  |TAMS 0x0000000089b00000, 0x0000000089b00000| Untracked 
| 156|0x0000000089c00000, 0x0000000089cd72d0, 0x0000000089d00000| 84%| S|CS|TAMS 0x0000000089c00000, 0x0000000089c00000| Complete 
| 157|0x0000000089d00000, 0x0000000089e00000, 0x0000000089e00000|100%| S|CS|TAMS 0x0000000089d00000, 0x0000000089d00000| Complete 
| 158|0x0000000089e00000, 0x0000000089f00000, 0x0000000089f00000|100%| S|CS|TAMS 0x0000000089e00000, 0x0000000089e00000| Complete 
| 159|0x0000000089f00000, 0x000000008a000000, 0x000000008a000000|100%| S|CS|TAMS 0x0000000089f00000, 0x0000000089f00000| Complete 
| 160|0x000000008a000000, 0x000000008a100000, 0x000000008a100000|100%| S|CS|TAMS 0x000000008a000000, 0x000000008a000000| Complete 
| 161|0x000000008a100000, 0x000000008a200000, 0x000000008a200000|100%| S|CS|TAMS 0x000000008a100000, 0x000000008a100000| Complete 
| 162|0x000000008a200000, 0x000000008a200000, 0x000000008a300000|  0%| F|  |TAMS 0x000000008a200000, 0x000000008a200000| Untracked 
| 163|0x000000008a300000, 0x000000008a300000, 0x000000008a400000|  0%| F|  |TAMS 0x000000008a300000, 0x000000008a300000| Untracked 
| 164|0x000000008a400000, 0x000000008a400000, 0x000000008a500000|  0%| F|  |TAMS 0x000000008a400000, 0x000000008a400000| Untracked 
| 165|0x000000008a500000, 0x000000008a500000, 0x000000008a600000|  0%| F|  |TAMS 0x000000008a500000, 0x000000008a500000| Untracked 
| 166|0x000000008a600000, 0x000000008a600000, 0x000000008a700000|  0%| F|  |TAMS 0x000000008a600000, 0x000000008a600000| Untracked 
| 167|0x000000008a700000, 0x000000008a700000, 0x000000008a800000|  0%| F|  |TAMS 0x000000008a700000, 0x000000008a700000| Untracked 
| 168|0x000000008a800000, 0x000000008a800000, 0x000000008a900000|  0%| F|  |TAMS 0x000000008a800000, 0x000000008a800000| Untracked 
| 169|0x000000008a900000, 0x000000008a900000, 0x000000008aa00000|  0%| F|  |TAMS 0x000000008a900000, 0x000000008a900000| Untracked 
| 170|0x000000008aa00000, 0x000000008aa00000, 0x000000008ab00000|  0%| F|  |TAMS 0x000000008aa00000, 0x000000008aa00000| Untracked 
| 171|0x000000008ab00000, 0x000000008ab00000, 0x000000008ac00000|  0%| F|  |TAMS 0x000000008ab00000, 0x000000008ab00000| Untracked 
| 172|0x000000008ac00000, 0x000000008ac00000, 0x000000008ad00000|  0%| F|  |TAMS 0x000000008ac00000, 0x000000008ac00000| Untracked 
| 173|0x000000008ad00000, 0x000000008ad00000, 0x000000008ae00000|  0%| F|  |TAMS 0x000000008ad00000, 0x000000008ad00000| Untracked 
| 174|0x000000008ae00000, 0x000000008ae00000, 0x000000008af00000|  0%| F|  |TAMS 0x000000008ae00000, 0x000000008ae00000| Untracked 
| 175|0x000000008af00000, 0x000000008af00000, 0x000000008b000000|  0%| F|  |TAMS 0x000000008af00000, 0x000000008af00000| Untracked 
| 176|0x000000008b000000, 0x000000008b000000, 0x000000008b100000|  0%| F|  |TAMS 0x000000008b000000, 0x000000008b000000| Untracked 
| 177|0x000000008b100000, 0x000000008b100000, 0x000000008b200000|  0%| F|  |TAMS 0x000000008b100000, 0x000000008b100000| Untracked 
| 178|0x000000008b200000, 0x000000008b200000, 0x000000008b300000|  0%| F|  |TAMS 0x000000008b200000, 0x000000008b200000| Untracked 
| 179|0x000000008b300000, 0x000000008b300000, 0x000000008b400000|  0%| F|  |TAMS 0x000000008b300000, 0x000000008b300000| Untracked 
| 180|0x000000008b400000, 0x000000008b400000, 0x000000008b500000|  0%| F|  |TAMS 0x000000008b400000, 0x000000008b400000| Untracked 
| 181|0x000000008b500000, 0x000000008b500000, 0x000000008b600000|  0%| F|  |TAMS 0x000000008b500000, 0x000000008b500000| Untracked 
| 182|0x000000008b600000, 0x000000008b600000, 0x000000008b700000|  0%| F|  |TAMS 0x000000008b600000, 0x000000008b600000| Untracked 
| 183|0x000000008b700000, 0x000000008b700000, 0x000000008b800000|  0%| F|  |TAMS 0x000000008b700000, 0x000000008b700000| Untracked 
| 184|0x000000008b800000, 0x000000008b800000, 0x000000008b900000|  0%| F|  |TAMS 0x000000008b800000, 0x000000008b800000| Untracked 
| 185|0x000000008b900000, 0x000000008b900000, 0x000000008ba00000|  0%| F|  |TAMS 0x000000008b900000, 0x000000008b900000| Untracked 
| 186|0x000000008ba00000, 0x000000008ba00000, 0x000000008bb00000|  0%| F|  |TAMS 0x000000008ba00000, 0x000000008ba00000| Untracked 
| 187|0x000000008bb00000, 0x000000008bb00000, 0x000000008bc00000|  0%| F|  |TAMS 0x000000008bb00000, 0x000000008bb00000| Untracked 
| 188|0x000000008bc00000, 0x000000008bc00000, 0x000000008bd00000|  0%| F|  |TAMS 0x000000008bc00000, 0x000000008bc00000| Untracked 
| 189|0x000000008bd00000, 0x000000008bd00000, 0x000000008be00000|  0%| F|  |TAMS 0x000000008bd00000, 0x000000008bd00000| Untracked 
| 190|0x000000008be00000, 0x000000008be00000, 0x000000008bf00000|  0%| F|  |TAMS 0x000000008be00000, 0x000000008be00000| Untracked 
| 191|0x000000008bf00000, 0x000000008bf00000, 0x000000008c000000|  0%| F|  |TAMS 0x000000008bf00000, 0x000000008bf00000| Untracked 
| 192|0x000000008c000000, 0x000000008c000000, 0x000000008c100000|  0%| F|  |TAMS 0x000000008c000000, 0x000000008c000000| Untracked 
| 193|0x000000008c100000, 0x000000008c100000, 0x000000008c200000|  0%| F|  |TAMS 0x000000008c100000, 0x000000008c100000| Untracked 
| 194|0x000000008c200000, 0x000000008c200000, 0x000000008c300000|  0%| F|  |TAMS 0x000000008c200000, 0x000000008c200000| Untracked 
| 195|0x000000008c300000, 0x000000008c300000, 0x000000008c400000|  0%| F|  |TAMS 0x000000008c300000, 0x000000008c300000| Untracked 
| 196|0x000000008c400000, 0x000000008c400000, 0x000000008c500000|  0%| F|  |TAMS 0x000000008c400000, 0x000000008c400000| Untracked 
| 197|0x000000008c500000, 0x000000008c500000, 0x000000008c600000|  0%| F|  |TAMS 0x000000008c500000, 0x000000008c500000| Untracked 
| 198|0x000000008c600000, 0x000000008c600000, 0x000000008c700000|  0%| F|  |TAMS 0x000000008c600000, 0x000000008c600000| Untracked 
| 199|0x000000008c700000, 0x000000008c700000, 0x000000008c800000|  0%| F|  |TAMS 0x000000008c700000, 0x000000008c700000| Untracked 
| 200|0x000000008c800000, 0x000000008c800000, 0x000000008c900000|  0%| F|  |TAMS 0x000000008c800000, 0x000000008c800000| Untracked 
| 201|0x000000008c900000, 0x000000008c900000, 0x000000008ca00000|  0%| F|  |TAMS 0x000000008c900000, 0x000000008c900000| Untracked 
| 202|0x000000008ca00000, 0x000000008ca00000, 0x000000008cb00000|  0%| F|  |TAMS 0x000000008ca00000, 0x000000008ca00000| Untracked 
| 203|0x000000008cb00000, 0x000000008cb00000, 0x000000008cc00000|  0%| F|  |TAMS 0x000000008cb00000, 0x000000008cb00000| Untracked 
| 204|0x000000008cc00000, 0x000000008cc00000, 0x000000008cd00000|  0%| F|  |TAMS 0x000000008cc00000, 0x000000008cc00000| Untracked 
| 205|0x000000008cd00000, 0x000000008cd00000, 0x000000008ce00000|  0%| F|  |TAMS 0x000000008cd00000, 0x000000008cd00000| Untracked 
| 206|0x000000008ce00000, 0x000000008ce00000, 0x000000008cf00000|  0%| F|  |TAMS 0x000000008ce00000, 0x000000008ce00000| Untracked 
| 207|0x000000008cf00000, 0x000000008cf00000, 0x000000008d000000|  0%| F|  |TAMS 0x000000008cf00000, 0x000000008cf00000| Untracked 
| 208|0x000000008d000000, 0x000000008d000000, 0x000000008d100000|  0%| F|  |TAMS 0x000000008d000000, 0x000000008d000000| Untracked 
| 209|0x000000008d100000, 0x000000008d100000, 0x000000008d200000|  0%| F|  |TAMS 0x000000008d100000, 0x000000008d100000| Untracked 
| 210|0x000000008d200000, 0x000000008d200000, 0x000000008d300000|  0%| F|  |TAMS 0x000000008d200000, 0x000000008d200000| Untracked 
| 211|0x000000008d300000, 0x000000008d300000, 0x000000008d400000|  0%| F|  |TAMS 0x000000008d300000, 0x000000008d300000| Untracked 
| 212|0x000000008d400000, 0x000000008d400000, 0x000000008d500000|  0%| F|  |TAMS 0x000000008d400000, 0x000000008d400000| Untracked 
| 213|0x000000008d500000, 0x000000008d500000, 0x000000008d600000|  0%| F|  |TAMS 0x000000008d500000, 0x000000008d500000| Untracked 
| 214|0x000000008d600000, 0x000000008d600000, 0x000000008d700000|  0%| F|  |TAMS 0x000000008d600000, 0x000000008d600000| Untracked 
| 215|0x000000008d700000, 0x000000008d700000, 0x000000008d800000|  0%| F|  |TAMS 0x000000008d700000, 0x000000008d700000| Untracked 
| 216|0x000000008d800000, 0x000000008d800000, 0x000000008d900000|  0%| F|  |TAMS 0x000000008d800000, 0x000000008d800000| Untracked 
| 217|0x000000008d900000, 0x000000008d900000, 0x000000008da00000|  0%| F|  |TAMS 0x000000008d900000, 0x000000008d900000| Untracked 
| 218|0x000000008da00000, 0x000000008da00000, 0x000000008db00000|  0%| F|  |TAMS 0x000000008da00000, 0x000000008da00000| Untracked 
| 219|0x000000008db00000, 0x000000008db00000, 0x000000008dc00000|  0%| F|  |TAMS 0x000000008db00000, 0x000000008db00000| Untracked 
| 220|0x000000008dc00000, 0x000000008dc00000, 0x000000008dd00000|  0%| F|  |TAMS 0x000000008dc00000, 0x000000008dc00000| Untracked 
| 221|0x000000008dd00000, 0x000000008dd00000, 0x000000008de00000|  0%| F|  |TAMS 0x000000008dd00000, 0x000000008dd00000| Untracked 
| 222|0x000000008de00000, 0x000000008de00000, 0x000000008df00000|  0%| F|  |TAMS 0x000000008de00000, 0x000000008de00000| Untracked 
| 223|0x000000008df00000, 0x000000008df00000, 0x000000008e000000|  0%| F|  |TAMS 0x000000008df00000, 0x000000008df00000| Untracked 
| 224|0x000000008e000000, 0x000000008e000000, 0x000000008e100000|  0%| F|  |TAMS 0x000000008e000000, 0x000000008e000000| Untracked 
| 225|0x000000008e100000, 0x000000008e100000, 0x000000008e200000|  0%| F|  |TAMS 0x000000008e100000, 0x000000008e100000| Untracked 
| 226|0x000000008e200000, 0x000000008e200800, 0x000000008e300000|  0%| E|  |TAMS 0x000000008e200000, 0x000000008e200000| Complete 
| 227|0x000000008e300000, 0x000000008e400000, 0x000000008e400000|100%| E|CS|TAMS 0x000000008e300000, 0x000000008e300000| Complete 
| 228|0x000000008e400000, 0x000000008e500000, 0x000000008e500000|100%| E|CS|TAMS 0x000000008e400000, 0x000000008e400000| Complete 
| 229|0x000000008e500000, 0x000000008e600000, 0x000000008e600000|100%| E|CS|TAMS 0x000000008e500000, 0x000000008e500000| Complete 
| 230|0x000000008e600000, 0x000000008e700000, 0x000000008e700000|100%| E|CS|TAMS 0x000000008e600000, 0x000000008e600000| Complete 
| 231|0x000000008e700000, 0x000000008e800000, 0x000000008e800000|100%| E|CS|TAMS 0x000000008e700000, 0x000000008e700000| Complete 
| 232|0x000000008e800000, 0x000000008e900000, 0x000000008e900000|100%| E|CS|TAMS 0x000000008e800000, 0x000000008e800000| Complete 
| 233|0x000000008e900000, 0x000000008ea00000, 0x000000008ea00000|100%| E|CS|TAMS 0x000000008e900000, 0x000000008e900000| Complete 
| 234|0x000000008ea00000, 0x000000008eb00000, 0x000000008eb00000|100%| E|CS|TAMS 0x000000008ea00000, 0x000000008ea00000| Complete 
| 235|0x000000008eb00000, 0x000000008ec00000, 0x000000008ec00000|100%| E|CS|TAMS 0x000000008eb00000, 0x000000008eb00000| Complete 
| 236|0x000000008ec00000, 0x000000008ed00000, 0x000000008ed00000|100%| E|CS|TAMS 0x000000008ec00000, 0x000000008ec00000| Complete 
| 237|0x000000008ed00000, 0x000000008ee00000, 0x000000008ee00000|100%| E|CS|TAMS 0x000000008ed00000, 0x000000008ed00000| Complete 
| 238|0x000000008ee00000, 0x000000008ef00000, 0x000000008ef00000|100%| E|CS|TAMS 0x000000008ee00000, 0x000000008ee00000| Complete 
| 239|0x000000008ef00000, 0x000000008f000000, 0x000000008f000000|100%| E|CS|TAMS 0x000000008ef00000, 0x000000008ef00000| Complete 
| 240|0x000000008f000000, 0x000000008f100000, 0x000000008f100000|100%| E|CS|TAMS 0x000000008f000000, 0x000000008f000000| Complete 
| 241|0x000000008f100000, 0x000000008f200000, 0x000000008f200000|100%| E|CS|TAMS 0x000000008f100000, 0x000000008f100000| Complete 
| 242|0x000000008f200000, 0x000000008f300000, 0x000000008f300000|100%| E|CS|TAMS 0x000000008f200000, 0x000000008f200000| Complete 
| 243|0x000000008f300000, 0x000000008f400000, 0x000000008f400000|100%| E|CS|TAMS 0x000000008f300000, 0x000000008f300000| Complete 
| 244|0x000000008f400000, 0x000000008f500000, 0x000000008f500000|100%| E|CS|TAMS 0x000000008f400000, 0x000000008f400000| Complete 
| 245|0x000000008f500000, 0x000000008f600000, 0x000000008f600000|100%| E|CS|TAMS 0x000000008f500000, 0x000000008f500000| Complete 
| 246|0x000000008f600000, 0x000000008f700000, 0x000000008f700000|100%| E|CS|TAMS 0x000000008f600000, 0x000000008f600000| Complete 
| 247|0x000000008f700000, 0x000000008f800000, 0x000000008f800000|100%| E|CS|TAMS 0x000000008f700000, 0x000000008f700000| Complete 
| 248|0x000000008f800000, 0x000000008f900000, 0x000000008f900000|100%| E|CS|TAMS 0x000000008f800000, 0x000000008f800000| Complete 
| 249|0x000000008f900000, 0x000000008fa00000, 0x000000008fa00000|100%| E|CS|TAMS 0x000000008f900000, 0x000000008f900000| Complete 
| 250|0x000000008fa00000, 0x000000008fb00000, 0x000000008fb00000|100%| E|CS|TAMS 0x000000008fa00000, 0x000000008fa00000| Complete 
| 251|0x000000008fb00000, 0x000000008fc00000, 0x000000008fc00000|100%| E|CS|TAMS 0x000000008fb00000, 0x000000008fb00000| Complete 
| 252|0x000000008fc00000, 0x000000008fd00000, 0x000000008fd00000|100%| E|  |TAMS 0x000000008fc00000, 0x000000008fc00000| Complete 
| 253|0x000000008fd00000, 0x000000008fe00000, 0x000000008fe00000|100%| E|CS|TAMS 0x000000008fd00000, 0x000000008fd00000| Complete 
| 254|0x000000008fe00000, 0x000000008ff00000, 0x000000008ff00000|100%| E|CS|TAMS 0x000000008fe00000, 0x000000008fe00000| Complete 
| 255|0x000000008ff00000, 0x0000000090000000, 0x0000000090000000|100%| E|CS|TAMS 0x000000008ff00000, 0x000000008ff00000| Complete 
| 256|0x0000000090000000, 0x0000000090100000, 0x0000000090100000|100%| E|CS|TAMS 0x0000000090000000, 0x0000000090000000| Complete 
| 257|0x0000000090100000, 0x0000000090200000, 0x0000000090200000|100%| E|CS|TAMS 0x0000000090100000, 0x0000000090100000| Complete 
| 258|0x0000000090200000, 0x0000000090300000, 0x0000000090300000|100%| E|CS|TAMS 0x0000000090200000, 0x0000000090200000| Complete 
| 259|0x0000000090300000, 0x0000000090400000, 0x0000000090400000|100%| E|CS|TAMS 0x0000000090300000, 0x0000000090300000| Complete 
| 260|0x0000000090400000, 0x0000000090500000, 0x0000000090500000|100%| E|CS|TAMS 0x0000000090400000, 0x0000000090400000| Complete 
| 261|0x0000000090500000, 0x0000000090600000, 0x0000000090600000|100%| E|CS|TAMS 0x0000000090500000, 0x0000000090500000| Complete 
| 262|0x0000000090600000, 0x0000000090700000, 0x0000000090700000|100%| E|CS|TAMS 0x0000000090600000, 0x0000000090600000| Complete 
| 263|0x0000000090700000, 0x0000000090800000, 0x0000000090800000|100%| E|CS|TAMS 0x0000000090700000, 0x0000000090700000| Complete 
| 264|0x0000000090800000, 0x0000000090900000, 0x0000000090900000|100%| E|CS|TAMS 0x0000000090800000, 0x0000000090800000| Complete 
| 265|0x0000000090900000, 0x0000000090a00000, 0x0000000090a00000|100%| E|CS|TAMS 0x0000000090900000, 0x0000000090900000| Complete 
| 266|0x0000000090a00000, 0x0000000090b00000, 0x0000000090b00000|100%| E|CS|TAMS 0x0000000090a00000, 0x0000000090a00000| Complete 
| 267|0x0000000090b00000, 0x0000000090c00000, 0x0000000090c00000|100%| E|CS|TAMS 0x0000000090b00000, 0x0000000090b00000| Complete 
| 268|0x0000000090c00000, 0x0000000090d00000, 0x0000000090d00000|100%| E|CS|TAMS 0x0000000090c00000, 0x0000000090c00000| Complete 
| 269|0x0000000090d00000, 0x0000000090e00000, 0x0000000090e00000|100%| E|CS|TAMS 0x0000000090d00000, 0x0000000090d00000| Complete 
| 270|0x0000000090e00000, 0x0000000090f00000, 0x0000000090f00000|100%| E|CS|TAMS 0x0000000090e00000, 0x0000000090e00000| Complete 
| 271|0x0000000090f00000, 0x0000000091000000, 0x0000000091000000|100%| E|CS|TAMS 0x0000000090f00000, 0x0000000090f00000| Complete 
| 272|0x0000000091000000, 0x0000000091100000, 0x0000000091100000|100%| E|CS|TAMS 0x0000000091000000, 0x0000000091000000| Complete 
| 273|0x0000000091100000, 0x0000000091200000, 0x0000000091200000|100%| E|CS|TAMS 0x0000000091100000, 0x0000000091100000| Complete 
| 274|0x0000000091200000, 0x0000000091300000, 0x0000000091300000|100%| E|CS|TAMS 0x0000000091200000, 0x0000000091200000| Complete 
| 275|0x0000000091300000, 0x0000000091400000, 0x0000000091400000|100%| E|CS|TAMS 0x0000000091300000, 0x0000000091300000| Complete 
| 276|0x0000000091400000, 0x0000000091500000, 0x0000000091500000|100%| E|CS|TAMS 0x0000000091400000, 0x0000000091400000| Complete 
| 277|0x0000000091500000, 0x0000000091600000, 0x0000000091600000|100%| E|CS|TAMS 0x0000000091500000, 0x0000000091500000| Complete 
| 278|0x0000000091600000, 0x0000000091700000, 0x0000000091700000|100%| E|CS|TAMS 0x0000000091600000, 0x0000000091600000| Complete 
| 279|0x0000000091700000, 0x0000000091800000, 0x0000000091800000|100%| E|CS|TAMS 0x0000000091700000, 0x0000000091700000| Complete 
| 280|0x0000000091800000, 0x0000000091900000, 0x0000000091900000|100%| E|CS|TAMS 0x0000000091800000, 0x0000000091800000| Complete 
| 281|0x0000000091900000, 0x0000000091a00000, 0x0000000091a00000|100%| E|CS|TAMS 0x0000000091900000, 0x0000000091900000| Complete 
| 282|0x0000000091a00000, 0x0000000091b00000, 0x0000000091b00000|100%| E|CS|TAMS 0x0000000091a00000, 0x0000000091a00000| Complete 
| 283|0x0000000091b00000, 0x0000000091c00000, 0x0000000091c00000|100%| E|CS|TAMS 0x0000000091b00000, 0x0000000091b00000| Complete 
| 284|0x0000000091c00000, 0x0000000091d00000, 0x0000000091d00000|100%| E|CS|TAMS 0x0000000091c00000, 0x0000000091c00000| Complete 
| 285|0x0000000091d00000, 0x0000000091e00000, 0x0000000091e00000|100%| E|CS|TAMS 0x0000000091d00000, 0x0000000091d00000| Complete 
| 286|0x0000000091e00000, 0x0000000091f00000, 0x0000000091f00000|100%| E|CS|TAMS 0x0000000091e00000, 0x0000000091e00000| Complete 
| 287|0x0000000091f00000, 0x0000000092000000, 0x0000000092000000|100%| E|CS|TAMS 0x0000000091f00000, 0x0000000091f00000| Complete 
| 288|0x0000000092000000, 0x0000000092100000, 0x0000000092100000|100%| E|CS|TAMS 0x0000000092000000, 0x0000000092000000| Complete 
| 289|0x0000000092100000, 0x0000000092200000, 0x0000000092200000|100%| E|CS|TAMS 0x0000000092100000, 0x0000000092100000| Complete 
| 290|0x0000000092200000, 0x0000000092300000, 0x0000000092300000|100%| E|CS|TAMS 0x0000000092200000, 0x0000000092200000| Complete 
| 291|0x0000000092300000, 0x0000000092400000, 0x0000000092400000|100%| E|CS|TAMS 0x0000000092300000, 0x0000000092300000| Complete 
| 292|0x0000000092400000, 0x0000000092500000, 0x0000000092500000|100%| E|CS|TAMS 0x0000000092400000, 0x0000000092400000| Complete 
| 293|0x0000000092500000, 0x0000000092600000, 0x0000000092600000|100%| E|CS|TAMS 0x0000000092500000, 0x0000000092500000| Complete 
| 294|0x0000000092600000, 0x0000000092700000, 0x0000000092700000|100%| E|CS|TAMS 0x0000000092600000, 0x0000000092600000| Complete 
| 295|0x0000000092700000, 0x0000000092800000, 0x0000000092800000|100%| E|CS|TAMS 0x0000000092700000, 0x0000000092700000| Complete 
| 296|0x0000000092800000, 0x0000000092900000, 0x0000000092900000|100%| E|CS|TAMS 0x0000000092800000, 0x0000000092800000| Complete 
| 297|0x0000000092900000, 0x0000000092a00000, 0x0000000092a00000|100%| E|CS|TAMS 0x0000000092900000, 0x0000000092900000| Complete 

Card table byte_map: [0x00000173de7a0000,0x00000173deba0000] _byte_map_base: 0x00000173de3a0000

Marking Bits (Prev, Next): (CMBitMap*) 0x00000173cb6b4cc0, (CMBitMap*) 0x00000173cb6b4d00
 Prev Bits: [0x00000173defa0000, 0x00000173e0fa0000)
 Next Bits: [0x00000173e0fa0000, 0x00000173e2fa0000)

Polling page: 0x00000173c95c0000

Metaspace:

Usage:
  Non-class:    113.14 MB used.
      Class:     18.32 MB used.
       Both:    131.46 MB used.

Virtual space:
  Non-class space:      120.00 MB reserved,     113.69 MB ( 95%) committed,  15 nodes.
      Class space:        1.00 GB reserved,      18.88 MB (  2%) committed,  1 nodes.
             Both:        1.12 GB reserved,     132.56 MB ( 12%) committed. 

Chunk freelists:
   Non-Class:  1.48 MB
       Class:  1.16 MB
        Both:  2.64 MB

MaxMetaspaceSize: unlimited
CompressedClassSpaceSize: 1.00 GB
Initial GC threshold: 21.00 MB
Current GC threshold: 149.38 MB
CDS: off
MetaspaceReclaimPolicy: balanced
 - commit_granule_bytes: 65536.
 - commit_granule_words: 8192.
 - virtual_space_node_default_size: 1048576.
 - enlarge_chunks_in_place: 1.
 - new_chunks_are_fully_committed: 0.
 - uncommit_free_chunks: 1.
 - use_allocation_guard: 0.
 - handle_deallocations: 1.


Internal statistics:

num_allocs_failed_limit: 6.
num_arena_births: 1858.
num_arena_deaths: 2.
num_vsnodes_births: 16.
num_vsnodes_deaths: 0.
num_space_committed: 2120.
num_space_uncommitted: 0.
num_chunks_returned_to_freelist: 8.
num_chunks_taken_from_freelist: 7118.
num_chunk_merges: 6.
num_chunk_splits: 4679.
num_chunks_enlarged: 3048.
num_purges: 2.
num_inconsistent_stats: 0.

CodeHeap 'non-profiled nmethods': size=119168Kb used=15924Kb max_used=16229Kb free=103243Kb
 bounds [0x00000173d66c0000, 0x00000173d76a0000, 0x00000173ddb20000]
CodeHeap 'profiled nmethods': size=119104Kb used=40223Kb max_used=41507Kb free=78880Kb
 bounds [0x00000173ceb20000, 0x00000173d13c0000, 0x00000173d5f70000]
CodeHeap 'non-nmethods': size=7488Kb used=3574Kb max_used=4232Kb free=3913Kb
 bounds [0x00000173d5f70000, 0x00000173d63a0000, 0x00000173d66c0000]
 total_blobs=21092 nmethods=20102 adapters=896
 compilation: enabled
              stopped_count=0, restarted_count=0
 full_count=0

Compilation events (20 events):
Event: 1048.967 Thread 0x00000173ed7d4f90 nmethod 25053 0x00000173d6f40790 code [0x00000173d6f40920, 0x00000173d6f409f8]
Event: 1048.967 Thread 0x00000173e6ca57d0 25054       1       java.lang.StackTraceElement::getModuleVersion (5 bytes)
Event: 1048.967 Thread 0x00000173ed7d4f90 25055       1       java.lang.StackTraceElement::getMethodName (5 bytes)
Event: 1048.968 Thread 0x00000173e6ca57d0 nmethod 25054 0x00000173d6d7c710 code [0x00000173d6d7c8a0, 0x00000173d6d7c978]
Event: 1048.968 Thread 0x00000173ed7d4f90 nmethod 25055 0x00000173d6c9fc10 code [0x00000173d6c9fda0, 0x00000173d6c9fe78]
Event: 1048.968 Thread 0x00000173e6ca57d0 25056       3       org.gradle.api.JavaVersion::current (21 bytes)
Event: 1048.968 Thread 0x00000173ed7d4f90 25064       3       java.util.Collections$EmptyList::listIterator (4 bytes)
Event: 1048.968 Thread 0x00000173ed7d1cf0 nmethod 25061 0x00000173cfec3d90 code [0x00000173cfec3fa0, 0x00000173cfec4678]
Event: 1048.968 Thread 0x00000173ed7d4f90 nmethod 25064 0x00000173cf784b90 code [0x00000173cf784d20, 0x00000173cf784e98]
Event: 1048.968 Thread 0x00000173ed7d1cf0 25065       3       java.util.Collections::emptyListIterator (4 bytes)
Event: 1048.968 Thread 0x00000173ed7d1cf0 nmethod 25065 0x00000173cf04d110 code [0x00000173cf04d2a0, 0x00000173cf04d398]
Event: 1048.968 Thread 0x00000173e6ca57d0 nmethod 25056 0x00000173cf56ee10 code [0x00000173cf56f020, 0x00000173cf56f558]
Event: 1048.968 Thread 0x00000173e6ca57d0 25066       1       java.lang.reflect.Constructor::getSlot (5 bytes)
Event: 1048.968 Thread 0x00000173e6ca57d0 nmethod 25066 0x00000173d6c9f710 code [0x00000173d6c9f8a0, 0x00000173d6c9f978]
Event: 1048.969 Thread 0x00000173e6ca57d0 25067   !   3       org.gradle.internal.serialize.ExceptionReplacingObjectOutputStream$1::transform (15 bytes)
Event: 1048.969 Thread 0x00000173ed7d4f90 25068       3       org.gradle.internal.serialize.ExceptionReplacingObjectOutputStream::doReplaceObject (25 bytes)
Event: 1048.969 Thread 0x00000173ed7d4f90 nmethod 25068 0x00000173cf573610 code [0x00000173cf5737e0, 0x00000173cf573da8]
Event: 1048.969 Thread 0x00000173e6ca57d0 nmethod 25067 0x00000173cebb7390 code [0x00000173cebb75a0, 0x00000173cebb7d18]
Event: 1048.972 Thread 0x00000173ed7d4f90 25069       1       org.gradle.cache.internal.DefaultCacheFactory::access$400 (5 bytes)
Event: 1048.972 Thread 0x00000173ed7d4f90 nmethod 25069 0x00000173d6dd3110 code [0x00000173d6dd32a0, 0x00000173d6dd3358]

GC Heap History (20 events):
Event: 30.242 GC heap before
{Heap before GC invocations=49 (full 0):
 garbage-first heap   total 143360K, used 116685K [0x0000000080000000, 0x0000000100000000)
  region size 1024K, 40 young (40960K), 3 survivors (3072K)
 Metaspace       used 91981K, committed 92736K, reserved 1130496K
  class space    used 12574K, committed 12928K, reserved 1048576K
}
Event: 30.246 GC heap after
{Heap after GC invocations=50 (full 0):
 garbage-first heap   total 143360K, used 82568K [0x0000000080000000, 0x0000000100000000)
  region size 1024K, 5 young (5120K), 5 survivors (5120K)
 Metaspace       used 91981K, committed 92736K, reserved 1130496K
  class space    used 12574K, committed 12928K, reserved 1048576K
}
Event: 30.558 GC heap before
{Heap before GC invocations=50 (full 0):
 garbage-first heap   total 143360K, used 119431K [0x0000000080000000, 0x0000000100000000)
  region size 1024K, 41 young (41984K), 5 survivors (5120K)
 Metaspace       used 93618K, committed 94272K, reserved 1130496K
  class space    used 12734K, committed 13056K, reserved 1048576K
}
Event: 30.564 GC heap after
{Heap after GC invocations=51 (full 0):
 garbage-first heap   total 143360K, used 85888K [0x0000000080000000, 0x0000000100000000)
  region size 1024K, 6 young (6144K), 6 survivors (6144K)
 Metaspace       used 93618K, committed 94272K, reserved 1130496K
  class space    used 12734K, committed 13056K, reserved 1048576K
}
Event: 30.918 GC heap before
{Heap before GC invocations=51 (full 0):
 garbage-first heap   total 143360K, used 119680K [0x0000000080000000, 0x0000000100000000)
  region size 1024K, 40 young (40960K), 6 survivors (6144K)
 Metaspace       used 94237K, committed 94848K, reserved 1138688K
  class space    used 12808K, committed 13120K, reserved 1048576K
}
Event: 30.924 GC heap after
{Heap after GC invocations=52 (full 0):
 garbage-first heap   total 305152K, used 88964K [0x0000000080000000, 0x0000000100000000)
  region size 1024K, 4 young (4096K), 4 survivors (4096K)
 Metaspace       used 94237K, committed 94848K, reserved 1138688K
  class space    used 12808K, committed 13120K, reserved 1048576K
}
Event: 33.110 GC heap before
{Heap before GC invocations=52 (full 0):
 garbage-first heap   total 305152K, used 232324K [0x0000000080000000, 0x0000000100000000)
  region size 1024K, 143 young (146432K), 4 survivors (4096K)
 Metaspace       used 99909K, committed 100608K, reserved 1138688K
  class space    used 13636K, committed 14016K, reserved 1048576K
}
Event: 33.117 GC heap after
{Heap after GC invocations=53 (full 0):
 garbage-first heap   total 305152K, used 96344K [0x0000000080000000, 0x0000000100000000)
  region size 1024K, 11 young (11264K), 11 survivors (11264K)
 Metaspace       used 99909K, committed 100608K, reserved 1138688K
  class space    used 13636K, committed 14016K, reserved 1048576K
}
Event: 34.540 GC heap before
{Heap before GC invocations=53 (full 0):
 garbage-first heap   total 305152K, used 240728K [0x0000000080000000, 0x0000000100000000)
  region size 1024K, 152 young (155648K), 11 survivors (11264K)
 Metaspace       used 114883K, committed 115712K, reserved 1155072K
  class space    used 16289K, committed 16704K, reserved 1048576K
}
Event: 34.547 GC heap after
{Heap after GC invocations=54 (full 0):
 garbage-first heap   total 305152K, used 97394K [0x0000000080000000, 0x0000000100000000)
  region size 1024K, 9 young (9216K), 9 survivors (9216K)
 Metaspace       used 114883K, committed 115712K, reserved 1155072K
  class space    used 16289K, committed 16704K, reserved 1048576K
}
Event: 40.634 GC heap before
{Heap before GC invocations=54 (full 0):
 garbage-first heap   total 305152K, used 271474K [0x0000000080000000, 0x0000000100000000)
  region size 1024K, 157 young (160768K), 9 survivors (9216K)
 Metaspace       used 120461K, committed 121344K, reserved 1155072K
  class space    used 17155K, committed 17600K, reserved 1048576K
}
Event: 40.644 GC heap after
{Heap after GC invocations=55 (full 0):
 garbage-first heap   total 305152K, used 103692K [0x0000000080000000, 0x0000000100000000)
  region size 1024K, 15 young (15360K), 15 survivors (15360K)
 Metaspace       used 120461K, committed 121344K, reserved 1155072K
  class space    used 17155K, committed 17600K, reserved 1048576K
}
Event: 657.582 GC heap before
{Heap before GC invocations=55 (full 0):
 garbage-first heap   total 305152K, used 248076K [0x0000000080000000, 0x0000000100000000)
  region size 1024K, 157 young (160768K), 15 survivors (15360K)
 Metaspace       used 126333K, committed 127232K, reserved 1163264K
  class space    used 17908K, committed 18368K, reserved 1048576K
}
Event: 657.592 GC heap after
{Heap after GC invocations=56 (full 0):
 garbage-first heap   total 305152K, used 110264K [0x0000000080000000, 0x0000000100000000)
  region size 1024K, 17 young (17408K), 17 survivors (17408K)
 Metaspace       used 126333K, committed 127232K, reserved 1163264K
  class space    used 17908K, committed 18368K, reserved 1048576K
}
Event: 758.354 GC heap before
{Heap before GC invocations=56 (full 0):
 garbage-first heap   total 305152K, used 263864K [0x0000000080000000, 0x0000000100000000)
  region size 1024K, 148 young (151552K), 17 survivors (17408K)
 Metaspace       used 132973K, committed 133952K, reserved 1171456K
  class space    used 18643K, committed 19136K, reserved 1048576K
}
Event: 758.359 GC heap after
{Heap after GC invocations=57 (full 0):
 garbage-first heap   total 305152K, used 107027K [0x0000000080000000, 0x0000000100000000)
  region size 1024K, 4 young (4096K), 4 survivors (4096K)
 Metaspace       used 132973K, committed 133952K, reserved 1171456K
  class space    used 18643K, committed 19136K, reserved 1048576K
}
Event: 961.382 GC heap before
{Heap before GC invocations=57 (full 0):
 garbage-first heap   total 305152K, used 247315K [0x0000000080000000, 0x0000000100000000)
  region size 1024K, 142 young (145408K), 4 survivors (4096K)
 Metaspace       used 133476K, committed 134528K, reserved 1171456K
  class space    used 18682K, committed 19200K, reserved 1048576K
}
Event: 961.388 GC heap after
{Heap after GC invocations=58 (full 0):
 garbage-first heap   total 305152K, used 109837K [0x0000000080000000, 0x0000000100000000)
  region size 1024K, 9 young (9216K), 9 survivors (9216K)
 Metaspace       used 133476K, committed 134528K, reserved 1171456K
  class space    used 18682K, committed 19200K, reserved 1048576K
}
Event: 1031.060 GC heap before
{Heap before GC invocations=58 (full 0):
 garbage-first heap   total 305152K, used 268557K [0x0000000080000000, 0x0000000100000000)
  region size 1024K, 145 young (148480K), 9 survivors (9216K)
 Metaspace       used 134257K, committed 135296K, reserved 1171456K
  class space    used 18723K, committed 19264K, reserved 1048576K
}
Event: 1031.064 GC heap after
{Heap after GC invocations=59 (full 0):
 garbage-first heap   total 305152K, used 109083K [0x0000000080000000, 0x0000000100000000)
  region size 1024K, 6 young (6144K), 6 survivors (6144K)
 Metaspace       used 134257K, committed 135296K, reserved 1171456K
  class space    used 18723K, committed 19264K, reserved 1048576K
}

Dll operation events (2 events):
Event: 0.013 Loaded shared library D:\Android\Android Studio\jbr\bin\java.dll
Event: 4.250 Loaded shared library D:\Android\Android Studio\jbr\bin\verify.dll

Deoptimization events (20 events):
Event: 1048.963 Thread 0x00000173f66f1650 Uncommon trap: trap_request=0xffffff45 fr.pc=0x00000173d722fcb4 relative=0x0000000000000eb4
Event: 1048.963 Thread 0x00000173f66f1650 Uncommon trap: reason=unstable_if action=reinterpret pc=0x00000173d722fcb4 method=java.io.ObjectStreamClass$FieldReflector.getPrimFieldValues(Ljava/lang/Object;[B)V @ 44 c2
Event: 1048.963 Thread 0x00000173f66f1650 DEOPT PACKING pc=0x00000173d722fcb4 sp=0x00000055b14fcb50
Event: 1048.963 Thread 0x00000173f66f1650 DEOPT UNPACKING pc=0x00000173d5fc69a3 sp=0x00000055b14fc9f8 mode 2
Event: 1048.963 Thread 0x00000173f66f1650 Uncommon trap: trap_request=0xffffffde fr.pc=0x00000173d67a3888 relative=0x0000000000000188
Event: 1048.963 Thread 0x00000173f66f1650 Uncommon trap: reason=class_check action=maybe_recompile pc=0x00000173d67a3888 method=java.lang.String.equals(Ljava/lang/Object;)Z @ 8 c2
Event: 1048.963 Thread 0x00000173f66f1650 DEOPT PACKING pc=0x00000173d67a3888 sp=0x00000055b14fc8f0
Event: 1048.963 Thread 0x00000173f66f1650 DEOPT UNPACKING pc=0x00000173d5fc69a3 sp=0x00000055b14fc888 mode 2
Event: 1048.963 Thread 0x00000173f66f1650 Uncommon trap: trap_request=0xffffffde fr.pc=0x00000173d67a3888 relative=0x0000000000000188
Event: 1048.963 Thread 0x00000173f66f1650 Uncommon trap: reason=class_check action=maybe_recompile pc=0x00000173d67a3888 method=java.lang.String.equals(Ljava/lang/Object;)Z @ 8 c2
Event: 1048.963 Thread 0x00000173f66f1650 DEOPT PACKING pc=0x00000173d67a3888 sp=0x00000055b14fc8f0
Event: 1048.963 Thread 0x00000173f66f1650 DEOPT UNPACKING pc=0x00000173d5fc69a3 sp=0x00000055b14fc888 mode 2
Event: 1048.963 Thread 0x00000173f66f1650 Uncommon trap: trap_request=0xffffffde fr.pc=0x00000173d67a3888 relative=0x0000000000000188
Event: 1048.963 Thread 0x00000173f66f1650 Uncommon trap: reason=class_check action=maybe_recompile pc=0x00000173d67a3888 method=java.lang.String.equals(Ljava/lang/Object;)Z @ 8 c2
Event: 1048.963 Thread 0x00000173f66f1650 DEOPT PACKING pc=0x00000173d67a3888 sp=0x00000055b14fc8f0
Event: 1048.963 Thread 0x00000173f66f1650 DEOPT UNPACKING pc=0x00000173d5fc69a3 sp=0x00000055b14fc888 mode 2
Event: 1048.963 Thread 0x00000173f66f1650 Uncommon trap: trap_request=0xffffffde fr.pc=0x00000173d67a3888 relative=0x0000000000000188
Event: 1048.963 Thread 0x00000173f66f1650 Uncommon trap: reason=class_check action=maybe_recompile pc=0x00000173d67a3888 method=java.lang.String.equals(Ljava/lang/Object;)Z @ 8 c2
Event: 1048.963 Thread 0x00000173f66f1650 DEOPT PACKING pc=0x00000173d67a3888 sp=0x00000055b14fc8f0
Event: 1048.963 Thread 0x00000173f66f1650 DEOPT UNPACKING pc=0x00000173d5fc69a3 sp=0x00000055b14fc888 mode 2

Classes unloaded (1 events):
Event: 29.197 Thread 0x00000173e605ec50 Unloading class 0x0000000100c81800 'java/lang/invoke/LambdaForm$DMH+0x0000000100c81800'

Classes redefined (0 events):
No events

Internal exceptions (20 events):
Event: 963.112 Thread 0x00000173f2b54190 Exception <a 'sun/nio/fs/WindowsException'{0x000000008cbf1530}> (0x000000008cbf1530) 
thrown [s\src\hotspot\share\prims\jni.cpp, line 517]
Event: 963.113 Thread 0x00000173f2b54190 Exception <a 'sun/nio/fs/WindowsException'{0x000000008cbf3390}> (0x000000008cbf3390) 
thrown [s\src\hotspot\share\prims\jni.cpp, line 517]
Event: 1031.031 Thread 0x00000173f66f1650 Exception <a 'sun/nio/fs/WindowsException'{0x000000008a591590}> (0x000000008a591590) 
thrown [s\src\hotspot\share\prims\jni.cpp, line 517]
Event: 1031.075 Thread 0x00000173f66f1650 Exception <a 'java/lang/NoClassDefFoundError'{0x0000000092897ca0}: org/jetbrains/kotlin/gradle/plugin/KotlinBasePluginWrapper> (0x0000000092897ca0) 
thrown [s\src\hotspot\share\oops\constantPool.cpp, line 835]
Event: 1031.102 Thread 0x00000173f66f1650 Exception <a 'sun/nio/fs/WindowsException'{0x00000000925e8330}> (0x00000000925e8330) 
thrown [s\src\hotspot\share\prims\jni.cpp, line 517]
Event: 1031.110 Thread 0x00000173f66f1650 Exception <a 'sun/nio/fs/WindowsException'{0x0000000092485368}> (0x0000000092485368) 
thrown [s\src\hotspot\share\prims\jni.cpp, line 517]
Event: 1031.110 Thread 0x00000173f66f1650 Exception <a 'sun/nio/fs/WindowsException'{0x00000000924866e0}> (0x00000000924866e0) 
thrown [s\src\hotspot\share\prims\jni.cpp, line 517]
Event: 1031.111 Thread 0x00000173f66f1650 Exception <a 'sun/nio/fs/WindowsException'{0x0000000092487aa8}> (0x0000000092487aa8) 
thrown [s\src\hotspot\share\prims\jni.cpp, line 517]
Event: 1031.111 Thread 0x00000173f66f1650 Exception <a 'sun/nio/fs/WindowsException'{0x00000000924890c0}> (0x00000000924890c0) 
thrown [s\src\hotspot\share\prims\jni.cpp, line 517]
Event: 1031.158 Thread 0x00000173f3ecf830 Exception <a 'sun/nio/fs/WindowsException'{0x0000000092072c00}> (0x0000000092072c00) 
thrown [s\src\hotspot\share\prims\jni.cpp, line 517]
Event: 1031.383 Thread 0x00000173eddff880 Exception <a 'sun/nio/fs/WindowsException'{0x000000009083fd30}> (0x000000009083fd30) 
thrown [s\src\hotspot\share\prims\jni.cpp, line 517]
Event: 1031.390 Thread 0x00000173eddff880 Exception <a 'sun/nio/fs/WindowsException'{0x0000000090740a88}> (0x0000000090740a88) 
thrown [s\src\hotspot\share\prims\jni.cpp, line 517]
Event: 1031.423 Thread 0x00000173eddff880 Exception <a 'sun/nio/fs/WindowsException'{0x0000000090042c28}> (0x0000000090042c28) 
thrown [s\src\hotspot\share\prims\jni.cpp, line 517]
Event: 1031.427 Thread 0x00000173eddff880 Exception <a 'sun/nio/fs/WindowsException'{0x000000008ff3f7f8}> (0x000000008ff3f7f8) 
thrown [s\src\hotspot\share\prims\jni.cpp, line 517]
Event: 1031.445 Thread 0x00000173f66f1650 Exception <a 'sun/nio/fs/WindowsException'{0x000000009217a320}> (0x000000009217a320) 
thrown [s\src\hotspot\share\prims\jni.cpp, line 517]
Event: 1031.445 Thread 0x00000173f66f1650 Exception <a 'sun/nio/fs/WindowsException'{0x000000009217a6a8}> (0x000000009217a6a8) 
thrown [s\src\hotspot\share\prims\jni.cpp, line 517]
Event: 1031.446 Thread 0x00000173f66f1650 Exception <a 'sun/nio/fs/WindowsException'{0x000000009217c508}> (0x000000009217c508) 
thrown [s\src\hotspot\share\prims\jni.cpp, line 517]
Event: 1048.913 Thread 0x00000173f66f1650 Exception <a 'java/lang/OutOfMemoryError'{0x000000008e840ee0}: unable to create native thread: possibly out of memory or process/resource limits reached> (0x000000008e840ee0) 
thrown [s\src\hotspot\share\prims\jvm.cpp, line 2926]
Event: 1048.917 Thread 0x00000173f95c91b0 Exception <a 'java/lang/NoSuchMethodError'{0x000000008e7e3b08}: static Lorg/gradle/internal/build/event/types/DefaultProjectConfigurationFailureResult;.<clinit>()V> (0x000000008e7e3b08) 
thrown [s\src\hotspot\share\prims\jni.cpp, line 1108]
Event: 1048.920 Thread 0x00000173f95c91b0 Exception <a 'java/lang/NoSuchMethodError'{0x000000008e7f6ad8}: static Lorg/gradle/internal/build/event/types/DefaultFailure;.<clinit>()V> (0x000000008e7f6ad8) 
thrown [s\src\hotspot\share\prims\jni.cpp, line 1108]

VM Operations (20 events):
Event: 1011.624 Executing VM operation: Cleanup
Event: 1011.624 Executing VM operation: Cleanup done
Event: 1030.819 Executing VM operation: Cleanup
Event: 1030.819 Executing VM operation: Cleanup done
Event: 1031.060 Executing VM operation: G1CollectForAllocation
Event: 1031.064 Executing VM operation: G1CollectForAllocation done
Event: 1032.067 Executing VM operation: Cleanup
Event: 1032.067 Executing VM operation: Cleanup done
Event: 1048.221 Executing VM operation: Cleanup
Event: 1048.221 Executing VM operation: Cleanup done
Event: 1048.913 Executing VM operation: HandshakeAllThreads
Event: 1048.913 Executing VM operation: HandshakeAllThreads done
Event: 1048.919 Executing VM operation: HandshakeAllThreads
Event: 1048.919 Executing VM operation: HandshakeAllThreads done
Event: 1048.947 Executing VM operation: HandshakeAllThreads
Event: 1048.947 Executing VM operation: HandshakeAllThreads done
Event: 1048.959 Executing VM operation: HandshakeAllThreads
Event: 1048.959 Executing VM operation: HandshakeAllThreads done
Event: 1048.959 Executing VM operation: HandshakeAllThreads
Event: 1048.959 Executing VM operation: HandshakeAllThreads done

Events (20 events):
Event: 1048.974 Thread 0x00000173e6cab6d0 flushing nmethod 0x00000173cf589b90
Event: 1048.974 Thread 0x00000173e6cab6d0 flushing nmethod 0x00000173cf592b10
Event: 1048.975 Thread 0x00000173e6cab6d0 flushing nmethod 0x00000173cf5a5890
Event: 1048.975 Thread 0x00000173e6cab6d0 flushing nmethod 0x00000173cf5b3b10
Event: 1048.975 Thread 0x00000173e6cab6d0 flushing nmethod 0x00000173cf5dea90
Event: 1048.975 Thread 0x00000173e6cab6d0 flushing nmethod 0x00000173cf5e0690
Event: 1048.975 Thread 0x00000173e6cab6d0 flushing nmethod 0x00000173cf5e3110
Event: 1048.975 Thread 0x00000173e6cab6d0 flushing nmethod 0x00000173cf5f5110
Event: 1048.975 Thread 0x00000173e6cab6d0 flushing nmethod 0x00000173cf612390
Event: 1048.975 Thread 0x00000173e6cab6d0 flushing nmethod 0x00000173cf617590
Event: 1048.975 Thread 0x00000173e6cab6d0 flushing nmethod 0x00000173cf61e390
Event: 1048.975 Thread 0x00000173e6cab6d0 flushing nmethod 0x00000173cf625e10
Event: 1048.975 Thread 0x00000173e6cab6d0 flushing nmethod 0x00000173cf626a10
Event: 1048.975 Thread 0x00000173e6cab6d0 flushing nmethod 0x00000173cf627c90
Event: 1048.975 Thread 0x00000173e6cab6d0 flushing nmethod 0x00000173cf629f90
Event: 1048.975 Thread 0x00000173e6cab6d0 flushing nmethod 0x00000173cf62be10
Event: 1048.975 Thread 0x00000173e6cab6d0 flushing nmethod 0x00000173cf65e010
Event: 1048.975 Thread 0x00000173e6cab6d0 flushing nmethod 0x00000173cf676e10
Event: 1048.975 Thread 0x00000173e6cab6d0 flushing nmethod 0x00000173cf679710
Event: 1048.975 Thread 0x00000173e6cab6d0 flushing nmethod 0x00000173cf695710


Dynamic libraries:
0x00007ff678c40000 - 0x00007ff678c4a000 	D:\Android\Android Studio\jbr\bin\java.exe
0x00007ffa93f90000 - 0x00007ffa941a7000 	C:\WINDOWS\SYSTEM32\ntdll.dll
0x00007ffa92e30000 - 0x00007ffa92ef4000 	C:\WINDOWS\System32\KERNEL32.DLL
0x00007ffa91680000 - 0x00007ffa91a26000 	C:\WINDOWS\System32\KERNELBASE.dll
0x00007ffa91440000 - 0x00007ffa91551000 	C:\WINDOWS\System32\ucrtbase.dll
0x00007ffa829f0000 - 0x00007ffa82a0b000 	D:\Android\Android Studio\jbr\bin\VCRUNTIME140.dll
0x00007ffa304a0000 - 0x00007ffa304b7000 	D:\Android\Android Studio\jbr\bin\jli.dll
0x00007ffa93d40000 - 0x00007ffa93eed000 	C:\WINDOWS\System32\USER32.dll
0x00007ffa913a0000 - 0x00007ffa913c6000 	C:\WINDOWS\System32\win32u.dll
0x00007ffa92170000 - 0x00007ffa92199000 	C:\WINDOWS\System32\GDI32.dll
0x00007ffa91ba0000 - 0x00007ffa91cb8000 	C:\WINDOWS\System32\gdi32full.dll
0x00007ffa7f730000 - 0x00007ffa7f9c3000 	C:\WINDOWS\WinSxS\amd64_microsoft.windows.common-controls_6595b64144ccf1df_6.0.22621.2361_none_2712ced57382f843\COMCTL32.dll
0x00007ffa915e0000 - 0x00007ffa9167a000 	C:\WINDOWS\System32\msvcp_win.dll
0x00007ffa91de0000 - 0x00007ffa91e87000 	C:\WINDOWS\System32\msvcrt.dll
0x00007ffa91f90000 - 0x00007ffa91fc1000 	C:\WINDOWS\System32\IMM32.DLL
0x00007ffa829e0000 - 0x00007ffa829ec000 	D:\Android\Android Studio\jbr\bin\vcruntime140_1.dll
0x00007ffa62ee0000 - 0x00007ffa62f6d000 	D:\Android\Android Studio\jbr\bin\msvcp140.dll
0x00007ffa10c80000 - 0x00007ffa118ee000 	D:\Android\Android Studio\jbr\bin\server\jvm.dll
0x00007ffa931b0000 - 0x00007ffa93260000 	C:\WINDOWS\System32\ADVAPI32.dll
0x00007ffa920c0000 - 0x00007ffa92166000 	C:\WINDOWS\System32\sechost.dll
0x00007ffa91cc0000 - 0x00007ffa91dd7000 	C:\WINDOWS\System32\RPCRT4.dll
0x00007ffa86cd0000 - 0x00007ffa86d04000 	C:\WINDOWS\SYSTEM32\WINMM.dll
0x00007ffa89b90000 - 0x00007ffa89b9a000 	C:\WINDOWS\SYSTEM32\VERSION.dll
0x00007ffa80670000 - 0x00007ffa80679000 	C:\WINDOWS\SYSTEM32\WSOCK32.dll
0x00007ffa93370000 - 0x00007ffa933e1000 	C:\WINDOWS\System32\WS2_32.dll
0x00007ffa90320000 - 0x00007ffa90338000 	C:\WINDOWS\SYSTEM32\kernel.appcore.dll
0x00007ffa801c0000 - 0x00007ffa801ca000 	D:\Android\Android Studio\jbr\bin\jimage.dll
0x00007ffa8e820000 - 0x00007ffa8ea4e000 	C:\WINDOWS\SYSTEM32\DBGHELP.DLL
0x00007ffa92690000 - 0x00007ffa92a1a000 	C:\WINDOWS\System32\combase.dll
0x00007ffa933f0000 - 0x00007ffa934c7000 	C:\WINDOWS\System32\OLEAUT32.dll
0x00007ffa32530000 - 0x00007ffa32562000 	C:\WINDOWS\SYSTEM32\dbgcore.DLL
0x00007ffa91560000 - 0x00007ffa915da000 	C:\WINDOWS\System32\bcryptPrimitives.dll
0x00007ffa80190000 - 0x00007ffa801b5000 	D:\Android\Android Studio\jbr\bin\java.dll
0x00007ffa703b0000 - 0x00007ffa703c8000 	D:\Android\Android Studio\jbr\bin\zip.dll
0x00007ffa934e0000 - 0x00007ffa93d38000 	C:\WINDOWS\System32\SHELL32.dll
0x00007ffa8f240000 - 0x00007ffa8fb32000 	C:\WINDOWS\SYSTEM32\windows.storage.dll
0x00007ffa8f100000 - 0x00007ffa8f23e000 	C:\WINDOWS\SYSTEM32\wintypes.dll
0x00007ffa91e90000 - 0x00007ffa91f83000 	C:\WINDOWS\System32\SHCORE.dll
0x00007ffa93310000 - 0x00007ffa9336e000 	C:\WINDOWS\System32\shlwapi.dll
0x00007ffa91210000 - 0x00007ffa91236000 	C:\WINDOWS\SYSTEM32\profapi.dll
0x00007ffa6d490000 - 0x00007ffa6d4a9000 	D:\Android\Android Studio\jbr\bin\net.dll
0x00007ffa8afe0000 - 0x00007ffa8b117000 	C:\WINDOWS\SYSTEM32\WINHTTP.dll
0x00007ffa907a0000 - 0x00007ffa90809000 	C:\WINDOWS\system32\mswsock.dll
0x00007ffa6bd80000 - 0x00007ffa6bd96000 	D:\Android\Android Studio\jbr\bin\nio.dll
0x00007ffa703a0000 - 0x00007ffa703b0000 	D:\Android\Android Studio\jbr\bin\verify.dll
0x00007ffa274f0000 - 0x00007ffa27517000 	C:\Users\ASUS\.gradle\native\68d5fa5c4cc2d200863cafc0d521ce42e7d3e7ee720ec0a83991735586a16f82\windows-amd64\native-platform.dll
0x00007ffa61a50000 - 0x00007ffa61b94000 	C:\Users\ASUS\.gradle\native\e376f236ea51e6404a007f0833ffe2c6e607c4080706a723a18a27aeea778392\windows-amd64\native-platform-file-events.dll
0x00007ffa65990000 - 0x00007ffa65999000 	D:\Android\Android Studio\jbr\bin\management.dll
0x00007ffa62b90000 - 0x00007ffa62b9b000 	D:\Android\Android Studio\jbr\bin\management_ext.dll
0x00007ffa93f10000 - 0x00007ffa93f18000 	C:\WINDOWS\System32\PSAPI.DLL
0x00007ffa909f0000 - 0x00007ffa90a0b000 	C:\WINDOWS\SYSTEM32\CRYPTSP.dll
0x00007ffa90280000 - 0x00007ffa902b5000 	C:\WINDOWS\system32\rsaenh.dll
0x00007ffa90890000 - 0x00007ffa908bc000 	C:\WINDOWS\SYSTEM32\USERENV.dll
0x00007ffa90c00000 - 0x00007ffa90c28000 	C:\WINDOWS\SYSTEM32\bcrypt.dll
0x00007ffa90a10000 - 0x00007ffa90a1c000 	C:\WINDOWS\SYSTEM32\CRYPTBASE.dll
0x00007ffa8fda0000 - 0x00007ffa8fdcd000 	C:\WINDOWS\SYSTEM32\IPHLPAPI.DLL
0x00007ffa92fe0000 - 0x00007ffa92fe9000 	C:\WINDOWS\System32\NSI.dll
0x00007ffa8acf0000 - 0x00007ffa8ad09000 	C:\WINDOWS\SYSTEM32\dhcpcsvc6.DLL
0x00007ffa8acc0000 - 0x00007ffa8acdf000 	C:\WINDOWS\SYSTEM32\dhcpcsvc.DLL
0x00007ffa8fdd0000 - 0x00007ffa8fec9000 	C:\WINDOWS\SYSTEM32\DNSAPI.dll
0x00007ffa6c600000 - 0x00007ffa6c608000 	C:\WINDOWS\system32\wshunix.dll

dbghelp: loaded successfully - version: 4.0.5 - missing functions: none
symbol engine: initialized successfully - sym options: 0x614 - pdb path: .;D:\Android\Android Studio\jbr\bin;C:\WINDOWS\SYSTEM32;C:\WINDOWS\WinSxS\amd64_microsoft.windows.common-controls_6595b64144ccf1df_6.0.22621.2361_none_2712ced57382f843;D:\Android\Android Studio\jbr\bin\server;C:\Users\ASUS\.gradle\native\68d5fa5c4cc2d200863cafc0d521ce42e7d3e7ee720ec0a83991735586a16f82\windows-amd64;C:\Users\ASUS\.gradle\native\e376f236ea51e6404a007f0833ffe2c6e607c4080706a723a18a27aeea778392\windows-amd64

VM Arguments:
jvm_args: --add-opens=java.base/java.util=ALL-UNNAMED --add-opens=java.base/java.lang=ALL-UNNAMED --add-opens=java.base/java.lang.invoke=ALL-UNNAMED --add-opens=java.prefs/java.util.prefs=ALL-UNNAMED --add-opens=java.base/java.nio.charset=ALL-UNNAMED --add-opens=java.base/java.net=ALL-UNNAMED --add-opens=java.base/java.util.concurrent.atomic=ALL-UNNAMED -Xmx2048m -Dfile.encoding=UTF-8 -Duser.country=US -Duser.language=en -Duser.variant 
java_command: org.gradle.launcher.daemon.bootstrap.GradleDaemon 8.0
java_class_path (initial): C:\Users\ASUS\.gradle\wrapper\dists\gradle-8.0-bin\ca5e32bp14vu59qr306oxotwh\gradle-8.0\lib\gradle-launcher-8.0.jar
Launcher Type: SUN_STANDARD

[Global flags]
     intx CICompilerCount                          = 12                                        {product} {ergonomic}
     uint ConcGCThreads                            = 3                                         {product} {ergonomic}
     uint G1ConcRefinementThreads                  = 13                                        {product} {ergonomic}
   size_t G1HeapRegionSize                         = 1048576                                   {product} {ergonomic}
    uintx GCDrainStackTargetSize                   = 64                                        {product} {ergonomic}
   size_t InitialHeapSize                          = 260046848                                 {product} {ergonomic}
   size_t MarkStackSize                            = 4194304                                   {product} {ergonomic}
   size_t MaxHeapSize                              = 2147483648                                {product} {command line}
   size_t MaxNewSize                               = 1287651328                                {product} {ergonomic}
   size_t MinHeapDeltaBytes                        = 1048576                                   {product} {ergonomic}
   size_t MinHeapSize                              = 8388608                                   {product} {ergonomic}
    uintx NonNMethodCodeHeapSize                   = 7602480                                {pd product} {ergonomic}
    uintx NonProfiledCodeHeapSize                  = 122027880                              {pd product} {ergonomic}
    uintx ProfiledCodeHeapSize                     = 122027880                              {pd product} {ergonomic}
    uintx ReservedCodeCacheSize                    = 251658240                              {pd product} {ergonomic}
     bool SegmentedCodeCache                       = true                                      {product} {ergonomic}
   size_t SoftMaxHeapSize                          = 2147483648                             {manageable} {ergonomic}
     bool UseCompressedClassPointers               = true                           {product lp64_product} {ergonomic}
     bool UseCompressedOops                        = true                           {product lp64_product} {ergonomic}
     bool UseG1GC                                  = true                                      {product} {ergonomic}
     bool UseLargePagesIndividualAllocation        = false                                  {pd product} {ergonomic}

Logging:
Log output configuration:
 #0: stdout all=warning uptime,level,tags
 #1: stderr all=off uptime,level,tags

Environment Variables:
PATH=C:\Program Files\Common Files\Oracle\Java\javapath;C:\Program Files (x86)\Common Files\Oracle\Java\javapath;C:\Program Files\ImageMagick-7.1.1-Q16-HDRI;C:\Windows\system32;C:\Windows;C:\Windows\System32\Wbem;C:\Windows\System32\WindowsPowerShell\v1.0\;C:\Windows\System32\OpenSSH\;C:\Program Files (x86)\NVIDIA Corporation\PhysX\Common;C:\msys64\mingw64\bin;C:\Program Files\dotnet\;C:\Program Files\NVIDIA Corporation\NVIDIA NvDLISR;C:\WINDOWS\system32;C:\WINDOWS;C:\WINDOWS\System32\Wbem;C:\WINDOWS\System32\WindowsPowerShell\v1.0\;C:\WINDOWS\System32\OpenSSH\;C:\Program Files (x86)\dotnet\;C:\Program Files\nodejs\;C:\Program Files\Java\jdk-20\bin;C:\Program Files (x86)\Java\jre-1.8\bin;C:\Program Files (x86)\Microsoft SQL Server\160\DTS\Binn\;C:\Program Files\Azure Data Studio\bin;C:\Program Files\Microsoft SQL Server\150\Tools\Binn\;C:\Program Files\Microsoft SQL Server\MSSQL16.MSSQLSGVT\MSSQL\Binn;C:\Program Files (x86)\Microsoft SQL Server\160\Tools\Binn\;C:\Program Files\Microsoft SQL Server\160\Tools\Binn\;C:\Program Files\Microsoft SQL Server\Client SDK\ODBC\170\Tools\Binn\;C:\Program Files\Microsoft SQL Server\160\DTS\Binn\;C:\Program Files\Microsoft SQL Server\130\Tools\Binn\;C:\Program Files\Git\cmd;C:\Users\ASUS\AppData\Local\Microsoft\WindowsApps;C:\Users\ASUS\AppData\Local\Programs\Microsoft VS Code\bin;C:\Program Files\Azure Data Studio\bin;C:\Users\ASUS\AppData\Roaming\npm;C:\Users\ASUS\AppData\Local\GitHubDesktop\bin;C:\Users\ASUS\AppData\Local\Programs\oh-my-posh\bin;C:\Program Files\Azure Data Studio\bin
USERNAME=ASUS
OS=Windows_NT
PROCESSOR_IDENTIFIER=AMD64 Family 23 Model 96 Stepping 1, AuthenticAMD
TMP=C:\Users\ASUS\AppData\Local\Temp
TEMP=C:\Users\ASUS\AppData\Local\Temp


JNI global refs:
JNI global refs: 35, weak refs: 2

JNI global refs memory usage: 843, weak refs: 841


---------------  S Y S T E M  ---------------

OS:
 Windows 11 , 64 bit Build 22621 (10.0.22621.2428)
OS uptime: 0 days 7:39 hours

CPU: total 16 (initial active 16) (16 cores per cpu, 2 threads per core) family 23 model 96 stepping 1 microcode 0x0, cx8, cmov, fxsr, ht, mmx, 3dnowpref, sse, sse2, sse3, ssse3, sse4a, sse4.1, sse4.2, popcnt, lzcnt, tsc, tscinvbit, avx, avx2, aes, clmul, bmi1, bmi2, adx, sha, fma, vzeroupper, clflush, clflushopt

Memory: 4k page, system-wide physical 15791M (3071M free)
TotalPageFile size 18660M (AvailPageFile size 4M)
current process WorkingSet (physical memory assigned to process): 703M, peak: 731M
current process commit charge ("private bytes"): 753M, peak: 785M

vm_info: OpenJDK 64-Bit Server VM (17.0.6+0-b2043.56-10027231) for windows-amd64 JRE (17.0.6+0-b2043.56-10027231), built on Apr 28 2023 00:43:19 by "androidbuild" with MS VC++ 16.10 / 16.11 (VS2019)

END.
